生成启动时间为 2017/11/30 11:04:55。
     1>项目“E:\R3\MyProject\LscApplication\LscApplication\LscApplication.vcxproj”在节点 2 上(rebuild 个目标)。
     1>_PrepareForClean:
         正在删除文件“Debug\LscApplication.lastbuildstate”。
       InitializeBuildStatus:
         正在创建“Debug\LscApplication.unsuccessfulbuild”，因为已指定“AlwaysCreate”。
       ClCompile:
         C:\Program Files (x86)\Microsoft Visual Studio 10.0\VC\bin\CL.exe /c /I..\..\..\Include /ZI /nologo /W3 /WX- /Od /Oy- /D WIN32 /D _WINDOWS /D NDEBUG /D _USRDLL /D _WINDLL /D _UNICODE /D UNICODE /D _AFXDLL /Gm /EHsc /RTC1 /MDd /GS /fp:precise /Zc:wchar_t /Zc:forScope /Yc"StdAfx.h" /Fp"Debug\LscApplication.pch" /Fo"Debug\\" /Fd"Debug\vc100.pdb" /Gd /TP /analyze- /errorReport:prompt stdafx.cpp
         stdafx.cpp
         C:\Program Files (x86)\Microsoft Visual Studio 10.0\VC\bin\CL.exe /c /I..\..\..\Include /ZI /nologo /W3 /WX- /Od /Oy- /D WIN32 /D _WINDOWS /D NDEBUG /D _USRDLL /D _WINDLL /D _UNICODE /D UNICODE /D _AFXDLL /Gm /EHsc /RTC1 /MDd /GS /fp:precise /Zc:wchar_t /Zc:forScope /Yu"StdAfx.h" /Fp"Debug\LscApplication.pch" /Fo"Debug\\" /Fd"Debug\vc100.pdb" /Gd /TP /analyze- /errorReport:prompt LscApplication.cpp LscApplication_TestItem.cpp OptionDlg.cpp
         OptionDlg.cpp
         LscApplication_TestItem.cpp
     1>e:\r3\myproject\lscapplication\lscapplication\lscapplication_testitem.cpp(895): warning C4996: 'fopen': This function or variable may be unsafe. Consider using fopen_s instead. To disable deprecation, use _CRT_SECURE_NO_WARNINGS. See online help for details.
                 c:\program files (x86)\microsoft visual studio 10.0\vc\include\stdio.h(234) : 参见“fopen”的声明
     1>e:\r3\myproject\lscapplication\lscapplication\lscapplication_testitem.cpp(1015): warning C4996: 'freopen': This function or variable may be unsafe. Consider using freopen_s instead. To disable deprecation, use _CRT_SECURE_NO_WARNINGS. See online help for details.
                 c:\program files (x86)\microsoft visual studio 10.0\vc\include\stdio.h(249) : 参见“freopen”的声明
     1>e:\r3\myproject\lscapplication\lscapplication\lscapplication_testitem.cpp(1050): warning C4244: “初始化”: 从“float”转换到“int”，可能丢失数据
     1>e:\r3\myproject\lscapplication\lscapplication\lscapplication_testitem.cpp(1060): warning C4244: “=”: 从“float”转换到“int”，可能丢失数据
     1>e:\r3\myproject\lscapplication\lscapplication\lscapplication_testitem.cpp(1171): warning C4800: “BOOL”: 将值强制为布尔值“true”或“false”(性能警告)
     1>e:\r3\myproject\lscapplication\lscapplication\lscapplication_testitem.cpp(1238): warning C4244: “参数”: 从“USHORT”转换到“const BYTE”，可能丢失数据
     1>e:\r3\myproject\lscapplication\lscapplication\lscapplication_testitem.cpp(1355): warning C4244: “=”: 从“double”转换到“float”，可能丢失数据
     1>e:\r3\myproject\lscapplication\lscapplication\lscapplication_testitem.cpp(1377): warning C4244: “=”: 从“double”转换到“float”，可能丢失数据
     1>e:\r3\myproject\lscapplication\lscapplication\lscapplication_testitem.cpp(1399): warning C4244: “=”: 从“double”转换到“float”，可能丢失数据
     1>e:\r3\myproject\lscapplication\lscapplication\lscapplication_testitem.cpp(1421): warning C4244: “=”: 从“double”转换到“float”，可能丢失数据
     1>e:\r3\myproject\lscapplication\lscapplication\lscapplication_testitem.cpp(1453): warning C4244: “初始化”: 从“double”转换到“float”，可能丢失数据
         LscApplication.cpp
         正在生成代码...
       ResourceCompile:
         C:\Program Files (x86)\Microsoft SDKs\Windows\v7.0A\bin\rc.exe /D _DEBUG /D _UNICODE /D UNICODE /D _AFXDLL /l"0x0804" /IDebug\ /nologo /fo"Debug\LscApplication.res" LscApplication.rc 
       ManifestResourceCompile:
         C:\Program Files (x86)\Microsoft SDKs\Windows\v7.0A\bin\rc.exe /nologo /fo"Debug\LscApplication.dll.embed.manifest.res" Debug\LscApplication_manifest.rc 
       Link:
         C:\Program Files (x86)\Microsoft Visual Studio 10.0\VC\bin\link.exe /ERRORREPORT:PROMPT /OUT:"E:\R3\MyProject\LscApplication\Debug\LscApplication.dll" /INCREMENTAL /NOLOGO /LIBPATH:..\..\..\Lib\Debug TestItemInterface_d.lib ImageProc_d.lib /MANIFEST /ManifestFile:"Debug\LscApplication.dll.intermediate.manifest" /MANIFESTUAC:"level='asInvoker' uiAccess='false'" /DEBUG /PDB:"E:\R3\MyProject\LscApplication\Debug\LscApplication.pdb" /SUBSYSTEM:WINDOWS /TLBID:1 /DYNAMICBASE /NXCOMPAT /IMPLIB:"E:\R3\MyProject\LscApplication\Debug\LscApplication.lib" /MACHINE:X86 /DLL Debug\LscApplication.res
         Debug\LscApplication.dll.embed.manifest.res
         Debug\LscApplication.obj
         Debug\LscApplication_TestItem.obj
         Debug\OptionDlg.obj
         Debug\stdafx.obj
            正在创建库 E:\R3\MyProject\LscApplication\Debug\LscApplication.lib 和对象 E:\R3\MyProject\LscApplication\Debug\LscApplication.exp
     1>TestItemInterface_d.lib(TestItemInterface.obj) : warning LNK4099: 未找到 PDB“vc100.pdb”(使用“TestItemInterface_d.lib(TestItemInterface.obj)”或在“E:\R3\MyProject\LscApplication\Debug\vc100.pdb”中寻找)；正在链接对象，如同没有调试信息一样
       Manifest:
         正在删除文件“Debug\LscApplication.dll.embed.manifest”。
         C:\Program Files (x86)\Microsoft SDKs\Windows\v7.0A\bin\mt.exe /nologo /verbose /out:"Debug\LscApplication.dll.embed.manifest" /manifest Debug\LscApplication.dll.intermediate.manifest "C:\Program Files (x86)\Microsoft Visual Studio 10.0\VC\Include\Manifest\dpiaware.manifest"
         C:\Program Files (x86)\Microsoft SDKs\Windows\v7.0A\bin\rc.exe /nologo /fo"Debug\LscApplication.dll.embed.manifest.res" Debug\LscApplication_manifest.rc 
       LinkEmbedManifest:
         C:\Program Files (x86)\Microsoft Visual Studio 10.0\VC\bin\link.exe /ERRORREPORT:PROMPT /OUT:"E:\R3\MyProject\LscApplication\Debug\LscApplication.dll" /INCREMENTAL /NOLOGO /LIBPATH:..\..\..\Lib\Debug TestItemInterface_d.lib ImageProc_d.lib /MANIFEST /ManifestFile:"Debug\LscApplication.dll.intermediate.manifest" /MANIFESTUAC:"level='asInvoker' uiAccess='false'" /DEBUG /PDB:"E:\R3\MyProject\LscApplication\Debug\LscApplication.pdb" /SUBSYSTEM:WINDOWS /TLBID:1 /DYNAMICBASE /NXCOMPAT /IMPLIB:"E:\R3\MyProject\LscApplication\Debug\LscApplication.lib" /MACHINE:X86 /DLL Debug\LscApplication.res
         Debug\LscApplication.dll.embed.manifest.res
         Debug\LscApplication.obj
         Debug\LscApplication_TestItem.obj
         Debug\OptionDlg.obj
         Debug\stdafx.obj
         LscApplication.vcxproj -> E:\R3\MyProject\LscApplication\Debug\LscApplication.dll
       PostBuildEvent:
         copy "E:\R3\MyProject\LscApplication\Debug\LscApplication.dll" ..\..\..\Execute\Debug\TestItem
         :VCEnd
         已复制         1 个文件。
       FinalizeBuildStatus:
         正在删除文件“Debug\LscApplication.unsuccessfulbuild”。
         正在对“Debug\LscApplication.lastbuildstate”执行 Touch 任务。
     1>已完成生成项目“E:\R3\MyProject\LscApplication\LscApplication\LscApplication.vcxproj”(rebuild 个目标)的操作。

生成成功。

已用时间 00:00:09.37
