2015-12-03 14:09:13:013   Spec_bSaveImage=1
2015-12-03 14:09:13:013   Spec_MedianA=25
2015-12-03 14:09:13:013   Spec_MedianB=5
2015-12-03 14:09:13:013   Spec_Threshold=15
2015-12-03 14:09:13:013   Spec_NormalPixelLimit=20
2015-12-03 14:09:13:013   Spec_AXStart=0
2015-12-03 14:09:13:013   Spec_AXEnd=400
2015-12-03 14:09:13:013   Spec_AYStart=0
2015-12-03 14:09:13:013   Spec_AYEnd =300
2015-12-03 14:09:13:013   Spec_offset=7
2015-12-03 14:09:13:013   IntensityCntSpc=7
2015-12-03 14:09:13:013   CornerDiff = 70
2015-12-03 14:09:13:013   RangeSpc = 70
2015-12-03 14:18:28:784   Spec_bSaveImage=1
2015-12-03 14:18:28:784   Spec_MedianA=25
2015-12-03 14:18:28:784   Spec_MedianB=5
2015-12-03 14:18:28:800   Spec_Threshold=15
2015-12-03 14:18:28:800   Spec_NormalPixelLimit=20
2015-12-03 14:18:28:800   Spec_AXStart=0
2015-12-03 14:18:28:800   Spec_AXEnd=400
2015-12-03 14:18:28:800   Spec_AYStart=0
2015-12-03 14:18:28:800   Spec_AYEnd =300
2015-12-03 14:18:28:800   Spec_offset=7
2015-12-03 14:18:28:800   IntensityCntSpc=7
2015-12-03 14:18:28:800   CornerDiff = 70
2015-12-03 14:18:28:800   RangeSpc = 70
2015-12-03 14:19:01:794   Spec_bSaveImage=1
2015-12-03 14:19:01:794   Spec_MedianA=25
2015-12-03 14:19:01:794   Spec_MedianB=5
2015-12-03 14:19:01:794   Spec_Threshold=15
2015-12-03 14:19:01:794   Spec_NormalPixelLimit=20
2015-12-03 14:19:01:794   Spec_AXStart=0
2015-12-03 14:19:01:794   Spec_AXEnd=400
2015-12-03 14:19:01:794   Spec_AYStart=0
2015-12-03 14:19:01:794   Spec_AYEnd =300
2015-12-03 14:19:01:794   Spec_offset=7
2015-12-03 14:19:01:794   IntensityCntSpc=7
2015-12-03 14:19:01:794   CornerDiff = 70
2015-12-03 14:19:01:794   RangeSpc = 70
