2016-08-12 21:21:621   Output LSCData----->0=0xFF
2016-08-12 21:21:622   Output LSCData----->1=0x00
2016-08-12 21:21:623   Output LSCData----->2=0x02
2016-08-12 21:21:722   Output LSCData----->3=0x01
2016-08-12 21:21:724   Output LSCData----->4=0x08
2016-08-12 21:21:727   Output LSCData----->5=0x05
2016-08-12 21:21:729   Output LSCData----->6=0xC4
2016-08-12 21:21:731   Output LSCData----->7=0x03
2016-08-12 21:21:733   Output LSCData----->8=0x0C
2016-08-12 21:21:734   Output LSCData----->9=0x00
2016-08-12 21:21:736   Output LSCData----->10=0x0C
2016-08-12 21:21:737   Output LSCData----->11=0x00
2016-08-12 21:21:740   Output LSCData----->12=0x8C
2016-08-12 21:21:742   Output LSCData----->13=0x04
2016-08-12 21:21:744   Output LSCData----->14=0x6A
2016-08-12 21:21:745   Output LSCData----->15=0x03
2016-08-12 21:21:747   Output LSCData----->16=0x0A
2016-08-12 21:21:749   Output LSCData----->17=0x00
2016-08-12 21:21:751   Output LSCData----->18=0x0A
2016-08-12 21:21:752   Output LSCData----->19=0x00
2016-08-12 21:21:754   Output LSCData----->20=0x00
2016-08-12 21:21:756   Output LSCData----->21=0x00
2016-08-12 21:21:758   Output LSCData----->22=0x00
2016-08-12 21:21:759   Output LSCData----->23=0x00
2016-08-12 21:21:760   Output LSCData----->24=0xC2
2016-08-12 21:21:761   Output LSCData----->25=0x01
2016-08-12 21:21:762   Output LSCData----->26=0x00
2016-08-12 21:21:763   Output LSCData----->27=0x00
2016-08-12 21:21:764   Output LSCData----->28=0x00
2016-08-12 21:21:764   Output LSCData----->29=0x00
2016-08-12 21:21:765   Output LSCData----->30=0x00
2016-08-12 21:21:765   Output LSCData----->31=0x30
2016-08-12 21:21:766   Output LSCData----->32=0x78
2016-08-12 21:21:767   Output LSCData----->33=0x30
2016-08-12 21:21:768   Output LSCData----->34=0x80
2016-08-12 21:21:769   Output LSCData----->35=0x40
2016-08-12 21:21:769   Output LSCData----->36=0x00
2016-08-12 21:21:770   Output LSCData----->37=0x00
2016-08-12 21:21:771   Output LSCData----->38=0x00
2016-08-12 21:21:772   Output LSCData----->39=0x40
2016-08-12 21:21:772   Output LSCData----->40=0x7A
2016-08-12 21:21:773   Output LSCData----->41=0x00
2016-08-12 21:21:774   Output LSCData----->42=0x84
2016-08-12 21:21:774   Output LSCData----->43=0x00
2016-08-12 21:21:775   Output LSCData----->44=0x20
2016-08-12 21:21:776   Output LSCData----->45=0x20
2016-08-12 21:21:777   Output LSCData----->46=0x20
2016-08-12 21:21:777   Output LSCData----->47=0x20
2016-08-12 21:21:778   Output LSCData----->48=0x00
2016-08-12 21:21:779   Output LSCData----->49=0x00
2016-08-12 21:21:779   Output LSCData----->50=0x00
2016-08-12 21:21:780   Output LSCData----->51=0x30
2016-08-12 21:21:781   Output LSCData----->52=0x1F
2016-08-12 21:21:781   Output LSCData----->53=0xD0
2016-08-12 21:21:782   Output LSCData----->54=0x29
2016-08-12 21:21:783   Output LSCData----->55=0xD0
2016-08-12 21:21:783   Output LSCData----->56=0x00
2016-08-12 21:21:784   Output LSCData----->57=0x00
2016-08-12 21:21:785   Output LSCData----->58=0x00
2016-08-12 21:21:786   Output LSCData----->59=0x40
2016-08-12 21:21:786   Output LSCData----->60=0x22
2016-08-12 21:21:787   Output LSCData----->61=0x00
2016-08-12 21:21:788   Output LSCData----->62=0x31
2016-08-12 21:21:788   Output LSCData----->63=0x00
2016-08-12 21:21:789   Output LSCData----->64=0x20
2016-08-12 21:21:790   Output LSCData----->65=0x20
2016-08-12 21:21:790   Output LSCData----->66=0x20
2016-08-12 21:21:791   Output LSCData----->67=0x20
2016-08-12 21:21:792   Output LSCData----->68=0xA5
2016-08-12 21:21:793   Output LSCData----->69=0x4B
2016-08-12 21:21:793   Output LSCData----->70=0x77
2016-08-12 21:21:794   Output LSCData----->71=0x40
2016-08-12 21:21:794   Output LSCData----->72=0x9B
2016-08-12 21:21:795   Output LSCData----->73=0x40
2016-08-12 21:21:796   Output LSCData----->74=0xFB
2016-08-12 21:21:798   Output LSCData----->75=0x3F
2016-08-12 21:21:799   Output LSCData----->76=0x30
2016-08-12 21:21:799   Output LSCData----->77=0x57
2016-08-12 21:21:800   Output LSCData----->78=0xD3
2016-08-12 21:21:801   Output LSCData----->79=0x4A
2016-08-12 21:21:802   Output LSCData----->80=0xF3
2016-08-12 21:21:803   Output LSCData----->81=0x4A
2016-08-12 21:21:803   Output LSCData----->82=0xCE
2016-08-12 21:21:804   Output LSCData----->83=0x49
2016-08-12 21:21:805   Output LSCData----->84=0x2A
2016-08-12 21:21:805   Output LSCData----->85=0x51
2016-08-12 21:21:806   Output LSCData----->86=0x26
2016-08-12 21:21:807   Output LSCData----->87=0x47
2016-08-12 21:21:807   Output LSCData----->88=0x1A
2016-08-12 21:21:808   Output LSCData----->89=0x47
2016-08-12 21:21:809   Output LSCData----->90=0x13
2016-08-12 21:21:809   Output LSCData----->91=0x46
2016-08-12 21:21:810   Output LSCData----->92=0xDE
2016-08-12 21:21:811   Output LSCData----->93=0x4A
2016-08-12 21:21:811   Output LSCData----->94=0x39
2016-08-12 21:21:812   Output LSCData----->95=0x42
2016-08-12 21:21:813   Output LSCData----->96=0x0E
2016-08-12 21:21:815   Output LSCData----->97=0x42
2016-08-12 21:21:816   Output LSCData----->98=0x59
2016-08-12 21:21:816   Output LSCData----->99=0x41
2016-08-12 21:21:817   Output LSCData----->100=0xE0
2016-08-12 21:21:817   Output LSCData----->101=0x45
2016-08-12 21:21:818   Output LSCData----->102=0x3A
2016-08-12 21:21:819   Output LSCData----->103=0x3E
2016-08-12 21:21:820   Output LSCData----->104=0xE8
2016-08-12 21:21:820   Output LSCData----->105=0x3D
2016-08-12 21:21:821   Output LSCData----->106=0xFD
2016-08-12 21:21:822   Output LSCData----->107=0x3C
2016-08-12 21:21:823   Output LSCData----->108=0x61
2016-08-12 21:21:824   Output LSCData----->109=0x41
2016-08-12 21:21:824   Output LSCData----->110=0xED
2016-08-12 21:21:825   Output LSCData----->111=0x3A
2016-08-12 21:21:826   Output LSCData----->112=0x99
2016-08-12 21:21:826   Output LSCData----->113=0x3A
2016-08-12 21:21:828   Output LSCData----->114=0x95
2016-08-12 21:21:829   Output LSCData----->115=0x39
2016-08-12 21:21:830   Output LSCData----->116=0xEC
2016-08-12 21:21:830   Output LSCData----->117=0x3E
2016-08-12 21:21:831   Output LSCData----->118=0x1E
2016-08-12 21:21:832   Output LSCData----->119=0x39
2016-08-12 21:21:833   Output LSCData----->120=0xB6
2016-08-12 21:21:833   Output LSCData----->121=0x38
2016-08-12 21:21:834   Output LSCData----->122=0xD2
2016-08-12 21:21:835   Output LSCData----->123=0x37
2016-08-12 21:21:835   Output LSCData----->124=0xE9
2016-08-12 21:21:836   Output LSCData----->125=0x3D
2016-08-12 21:21:837   Output LSCData----->126=0x71
2016-08-12 21:21:837   Output LSCData----->127=0x38
2016-08-12 21:21:838   Output LSCData----->128=0x32
2016-08-12 21:21:839   Output LSCData----->129=0x38
2016-08-12 21:21:839   Output LSCData----->130=0xFA
2016-08-12 21:21:840   Output LSCData----->131=0x36
2016-08-12 21:21:842   Output LSCData----->132=0x22
2016-08-12 21:21:843   Output LSCData----->133=0x3F
2016-08-12 21:21:844   Output LSCData----->134=0x5B
2016-08-12 21:21:845   Output LSCData----->135=0x39
2016-08-12 21:21:845   Output LSCData----->136=0x00
2016-08-12 21:21:846   Output LSCData----->137=0x39
2016-08-12 21:21:847   Output LSCData----->138=0x8A
2016-08-12 21:21:848   Output LSCData----->139=0x37
2016-08-12 21:21:848   Output LSCData----->140=0x67
2016-08-12 21:21:849   Output LSCData----->141=0x42
2016-08-12 21:21:850   Output LSCData----->142=0x30
2016-08-12 21:21:851   Output LSCData----->143=0x3C
2016-08-12 21:21:851   Output LSCData----->144=0xBB
2016-08-12 21:21:852   Output LSCData----->145=0x3B
2016-08-12 21:21:853   Output LSCData----->146=0x90
2016-08-12 21:21:853   Output LSCData----->147=0x3A
2016-08-12 21:21:854   Output LSCData----->148=0x80
2016-08-12 21:21:855   Output LSCData----->149=0x47
2016-08-12 21:21:855   Output LSCData----->150=0x87
2016-08-12 21:21:856   Output LSCData----->151=0x40
2016-08-12 21:21:857   Output LSCData----->152=0x0A
2016-08-12 21:21:858   Output LSCData----->153=0x40
2016-08-12 21:21:858   Output LSCData----->154=0x86
2016-08-12 21:21:859   Output LSCData----->155=0x3E
2016-08-12 21:21:860   Output LSCData----->156=0x2D
2016-08-12 21:21:860   Output LSCData----->157=0x4E
2016-08-12 21:21:861   Output LSCData----->158=0xBF
2016-08-12 21:21:861   Output LSCData----->159=0x45
2016-08-12 21:21:862   Output LSCData----->160=0x49
2016-08-12 21:21:863   Output LSCData----->161=0x45
2016-08-12 21:21:864   Output LSCData----->162=0xAF
2016-08-12 21:21:864   Output LSCData----->163=0x43
2016-08-12 21:21:865   Output LSCData----->164=0xA6
2016-08-12 21:21:866   Output LSCData----->165=0x57
2016-08-12 21:21:866   Output LSCData----->166=0xE6
2016-08-12 21:21:867   Output LSCData----->167=0x4C
2016-08-12 21:21:868   Output LSCData----->168=0x90
2016-08-12 21:21:869   Output LSCData----->169=0x4C
2016-08-12 21:21:869   Output LSCData----->170=0xB6
2016-08-12 21:21:870   Output LSCData----->171=0x4A
2016-08-12 21:21:872   Output LSCData----->172=0x87
2016-08-12 21:21:873   Output LSCData----->173=0x61
2016-08-12 21:21:873   Output LSCData----->174=0x62
2016-08-12 21:21:874   Output LSCData----->175=0x54
2016-08-12 21:21:875   Output LSCData----->176=0x8B
2016-08-12 21:21:875   Output LSCData----->177=0x54
2016-08-12 21:21:876   Output LSCData----->178=0xE8
2016-08-12 21:21:876   Output LSCData----->179=0x51
2016-08-12 21:21:877   Output LSCData----->180=0x9C
2016-08-12 21:21:878   Output LSCData----->181=0x58
2016-08-12 21:21:878   Output LSCData----->182=0xDF
2016-08-12 21:21:879   Output LSCData----->183=0x4A
2016-08-12 21:21:880   Output LSCData----->184=0xA0
2016-08-12 21:21:881   Output LSCData----->185=0x4A
2016-08-12 21:21:881   Output LSCData----->186=0x89
2016-08-12 21:21:882   Output LSCData----->187=0x48
2016-08-12 21:21:883   Output LSCData----->188=0x4A
2016-08-12 21:21:883   Output LSCData----->189=0x54
2016-08-12 21:21:884   Output LSCData----->190=0xE0
2016-08-12 21:21:884   Output LSCData----->191=0x47
2016-08-12 21:21:886   Output LSCData----->192=0x33
2016-08-12 21:21:886   Output LSCData----->193=0x48
2016-08-12 21:21:887   Output LSCData----->194=0x31
2016-08-12 21:21:888   Output LSCData----->195=0x47
2016-08-12 21:21:889   Output LSCData----->196=0x7A
2016-08-12 21:21:890   Output LSCData----->197=0x55
2016-08-12 21:21:891   Output LSCData----->198=0xBE
2016-08-12 21:21:892   Output LSCData----->199=0x49
2016-08-12 21:21:892   Output LSCData----->200=0xE9
2016-08-12 21:21:893   Output LSCData----->201=0x49
2016-08-12 21:21:893   Output LSCData----->202=0x26
2016-08-12 21:21:894   Output LSCData----->203=0x49
2016-08-12 21:21:895   Output LSCData----->204=0x69
2016-08-12 21:21:897   Output LSCData----->205=0x4C
2016-08-12 21:21:897   Output LSCData----->206=0xE8
2016-08-12 21:21:898   Output LSCData----->207=0x42
2016-08-12 21:21:899   Output LSCData----->208=0xF9
2016-08-12 21:21:899   Output LSCData----->209=0x42
2016-08-12 21:21:900   Output LSCData----->210=0x3D
2016-08-12 21:21:901   Output LSCData----->211=0x42
2016-08-12 21:21:901   Output LSCData----->212=0xFA
2016-08-12 21:21:902   Output LSCData----->213=0x45
2016-08-12 21:21:903   Output LSCData----->214=0x04
2016-08-12 21:21:904   Output LSCData----->215=0x3E
2016-08-12 21:21:905   Output LSCData----->216=0xF2
2016-08-12 21:21:905   Output LSCData----->217=0x3D
2016-08-12 21:21:906   Output LSCData----->218=0x40
2016-08-12 21:21:907   Output LSCData----->219=0x3D
2016-08-12 21:21:908   Output LSCData----->220=0xE9
2016-08-12 21:21:908   Output LSCData----->221=0x3F
2016-08-12 21:21:909   Output LSCData----->222=0x90
2016-08-12 21:21:910   Output LSCData----->223=0x39
2016-08-12 21:21:910   Output LSCData----->224=0x58
2016-08-12 21:21:911   Output LSCData----->225=0x39
2016-08-12 21:21:912   Output LSCData----->226=0xE6
2016-08-12 21:21:912   Output LSCData----->227=0x38
2016-08-12 21:21:913   Output LSCData----->228=0x1E
2016-08-12 21:21:914   Output LSCData----->229=0x3B
2016-08-12 21:21:914   Output LSCData----->230=0xA8
2016-08-12 21:21:915   Output LSCData----->231=0x35
2016-08-12 21:21:916   Output LSCData----->232=0xA2
2016-08-12 21:21:916   Output LSCData----->233=0x35
2016-08-12 21:21:917   Output LSCData----->234=0x08
2016-08-12 21:21:918   Output LSCData----->235=0x35
2016-08-12 21:21:919   Output LSCData----->236=0x43
2016-08-12 21:21:920   Output LSCData----->237=0x38
2016-08-12 21:21:920   Output LSCData----->238=0xC7
2016-08-12 21:21:921   Output LSCData----->239=0x33
2016-08-12 21:21:922   Output LSCData----->240=0x69
2016-08-12 21:21:922   Output LSCData----->241=0x33
2016-08-12 21:21:923   Output LSCData----->242=0xC7
2016-08-12 21:21:924   Output LSCData----->243=0x32
2016-08-12 21:21:926   Output LSCData----->244=0x95
2016-08-12 21:21:927   Output LSCData----->245=0x37
2016-08-12 21:21:927   Output LSCData----->246=0x3F
2016-08-12 21:21:928   Output LSCData----->247=0x33
2016-08-12 21:21:929   Output LSCData----->248=0x00
2016-08-12 21:21:930   Output LSCData----->249=0x33
2016-08-12 21:21:930   Output LSCData----->250=0x52
2016-08-12 21:21:931   Output LSCData----->251=0x32
2016-08-12 21:21:932   Output LSCData----->252=0x75
2016-08-12 21:21:932   Output LSCData----->253=0x38
2016-08-12 21:21:933   Output LSCData----->254=0x05
2016-08-12 21:21:934   Output LSCData----->255=0x34
2016-08-12 21:21:935   Output LSCData----->256=0xB9
2016-08-12 21:21:936   Output LSCData----->257=0x33
2016-08-12 21:21:936   Output LSCData----->258=0xEA
2016-08-12 21:21:937   Output LSCData----->259=0x32
2016-08-12 21:21:937   Output LSCData----->260=0xB4
2016-08-12 21:21:938   Output LSCData----->261=0x3B
2016-08-12 21:21:939   Output LSCData----->262=0xC5
2016-08-12 21:21:939   Output LSCData----->263=0x36
2016-08-12 21:21:940   Output LSCData----->264=0x5C
2016-08-12 21:21:941   Output LSCData----->265=0x36
2016-08-12 21:21:943   Output LSCData----->266=0x84
2016-08-12 21:21:944   Output LSCData----->267=0x35
2016-08-12 21:21:944   Output LSCData----->268=0x0C
2016-08-12 21:21:945   Output LSCData----->269=0x41
2016-08-12 21:21:946   Output LSCData----->270=0x30
2016-08-12 21:21:947   Output LSCData----->271=0x3B
2016-08-12 21:21:947   Output LSCData----->272=0xCF
2016-08-12 21:21:948   Output LSCData----->273=0x3A
2016-08-12 21:21:950   Output LSCData----->274=0xB6
2016-08-12 21:21:951   Output LSCData----->275=0x39
2016-08-12 21:21:951   Output LSCData----->276=0xBC
2016-08-12 21:21:952   Output LSCData----->277=0x48
2016-08-12 21:21:953   Output LSCData----->278=0x2D
2016-08-12 21:21:954   Output LSCData----->279=0x41
2016-08-12 21:21:954   Output LSCData----->280=0x06
2016-08-12 21:21:955   Output LSCData----->281=0x41
2016-08-12 21:21:956   Output LSCData----->282=0x8D
2016-08-12 21:21:956   Output LSCData----->283=0x3F
2016-08-12 21:21:957   Output LSCData----->284=0xBC
2016-08-12 21:21:958   Output LSCData----->285=0x51
2016-08-12 21:21:959   Output LSCData----->286=0x56
2016-08-12 21:21:959   Output LSCData----->287=0x48
2016-08-12 21:21:960   Output LSCData----->288=0xFF
2016-08-12 21:21:961   Output LSCData----->289=0x47
2016-08-12 21:21:961   Output LSCData----->290=0x80
2016-08-12 21:21:962   Output LSCData----->291=0x46
2016-08-12 21:21:963   Output LSCData----->292=0xB7
2016-08-12 21:21:964   Output LSCData----->293=0x5D
2016-08-12 21:21:964   Output LSCData----->294=0xBE
2016-08-12 21:21:965   Output LSCData----->295=0x51
2016-08-12 21:21:966   Output LSCData----->296=0xAB
2016-08-12 21:21:967   Output LSCData----->297=0x51
2016-08-12 21:21:967   Output LSCData----->298=0x68
2016-08-12 21:21:968   Output LSCData----->299=0x4F
2016-08-12 21:21:969   Output LSCData----->300=0x1B
2016-08-12 21:21:969   Output LSCData----->301=0x61
2016-08-12 21:21:970   Output LSCData----->302=0x66
2016-08-12 21:21:971   Output LSCData----->303=0x52
2016-08-12 21:21:971   Output LSCData----->304=0x30
2016-08-12 21:21:972   Output LSCData----->305=0x52
2016-08-12 21:21:973   Output LSCData----->306=0x0A
2016-08-12 21:21:973   Output LSCData----->307=0x50
2016-08-12 21:21:974   Output LSCData----->308=0xE6
2016-08-12 21:21:975   Output LSCData----->309=0x54
2016-08-12 21:21:976   Output LSCData----->310=0x86
2016-08-12 21:21:976   Output LSCData----->311=0x48
2016-08-12 21:21:977   Output LSCData----->312=0x01
2016-08-12 21:21:978   Output LSCData----->313=0x49
2016-08-12 21:21:979   Output LSCData----->314=0xEB
2016-08-12 21:21:979   Output LSCData----->315=0x47
2016-08-12 21:21:980   Output LSCData----->316=0xE2
2016-08-12 21:21:981   Output LSCData----->317=0x4F
2016-08-12 21:21:982   Output LSCData----->318=0x0B
2016-08-12 21:21:982   Output LSCData----->319=0x45
2016-08-12 21:21:983   Output LSCData----->320=0x46
2016-08-12 21:21:984   Output LSCData----->321=0x45
2016-08-12 21:21:985   Output LSCData----->322=0x43
2016-08-12 21:21:985   Output LSCData----->323=0x44
2016-08-12 21:21:986   Output LSCData----->324=0xB3
2016-08-12 21:21:987   Output LSCData----->325=0x46
2016-08-12 21:21:987   Output LSCData----->326=0x05
2016-08-12 21:21:988   Output LSCData----->327=0x3E
2016-08-12 21:21:988   Output LSCData----->328=0x36
2016-08-12 21:21:989   Output LSCData----->329=0x3E
2016-08-12 21:21:989   Output LSCData----->330=0x54
2016-08-12 21:21:990   Output LSCData----->331=0x3D
2016-08-12 21:21:990   Output LSCData----->332=0xA3
2016-08-12 21:21:991   Output LSCData----->333=0x3F
2016-08-12 21:21:991   Output LSCData----->334=0xD6
2016-08-12 21:21:991   Output LSCData----->335=0x38
2016-08-12 21:21:992   Output LSCData----->336=0xD6
2016-08-12 21:21:992   Output LSCData----->337=0x38
2016-08-12 21:21:993   Output LSCData----->338=0x48
2016-08-12 21:21:993   Output LSCData----->339=0x38
2016-08-12 21:21:993   Output LSCData----->340=0x0A
2016-08-12 21:21:994   Output LSCData----->341=0x39
2016-08-12 21:21:994   Output LSCData----->342=0xEC
2016-08-12 21:21:995   Output LSCData----->343=0x33
2016-08-12 21:21:995   Output LSCData----->344=0xE8
2016-08-12 21:21:996   Output LSCData----->345=0x33
2016-08-12 21:21:996   Output LSCData----->346=0x8C
2016-08-12 21:21:997   Output LSCData----->347=0x33
2016-08-12 21:21:997   Output LSCData----->348=0x0E
2016-08-12 21:21:998   Output LSCData----->349=0x34
2016-08-12 21:21:998   Output LSCData----->350=0x58
2016-08-12 21:21:999   Output LSCData----->351=0x30
2016-08-12 21:21:999   Output LSCData----->352=0x2F
2016-08-12 21:21:999   Output LSCData----->353=0x30
2016-08-12 21:21:000   Output LSCData----->354=0xF8
2016-08-12 21:21:000   Output LSCData----->355=0x2F
2016-08-12 21:21:001   Output LSCData----->356=0x45
2016-08-12 21:21:001   Output LSCData----->357=0x31
2016-08-12 21:21:002   Output LSCData----->358=0x36
2016-08-12 21:21:002   Output LSCData----->359=0x2E
2016-08-12 21:21:003   Output LSCData----->360=0xFF
2016-08-12 21:21:003   Output LSCData----->361=0x2D
2016-08-12 21:21:004   Output LSCData----->362=0xB9
2016-08-12 21:21:004   Output LSCData----->363=0x2D
2016-08-12 21:21:005   Output LSCData----->364=0x66
2016-08-12 21:21:005   Output LSCData----->365=0x30
2016-08-12 21:21:006   Output LSCData----->366=0x93
2016-08-12 21:21:006   Output LSCData----->367=0x2D
2016-08-12 21:21:007   Output LSCData----->368=0x5C
2016-08-12 21:21:007   Output LSCData----->369=0x2D
2016-08-12 21:21:008   Output LSCData----->370=0x2B
2016-08-12 21:21:008   Output LSCData----->371=0x2D
2016-08-12 21:21:008   Output LSCData----->372=0x5E
2016-08-12 21:21:009   Output LSCData----->373=0x31
2016-08-12 21:21:009   Output LSCData----->374=0x7D
2016-08-12 21:21:010   Output LSCData----->375=0x2E
2016-08-12 21:21:010   Output LSCData----->376=0x46
2016-08-12 21:21:011   Output LSCData----->377=0x2E
2016-08-12 21:21:011   Output LSCData----->378=0xF1
2016-08-12 21:21:012   Output LSCData----->379=0x2D
2016-08-12 21:21:012   Output LSCData----->380=0x2E
2016-08-12 21:21:013   Output LSCData----->381=0x34
2016-08-12 21:21:013   Output LSCData----->382=0xD6
2016-08-12 21:21:014   Output LSCData----->383=0x30
2016-08-12 21:21:014   Output LSCData----->384=0xB2
2016-08-12 21:21:015   Output LSCData----->385=0x30
2016-08-12 21:21:015   Output LSCData----->386=0x2C
2016-08-12 21:21:016   Output LSCData----->387=0x30
2016-08-12 21:21:016   Output LSCData----->388=0xED
2016-08-12 21:21:016   Output LSCData----->389=0x39
2016-08-12 21:21:017   Output LSCData----->390=0x3C
2016-08-12 21:21:017   Output LSCData----->391=0x35
2016-08-12 21:21:018   Output LSCData----->392=0x13
2016-08-12 21:21:018   Output LSCData----->393=0x35
2016-08-12 21:21:019   Output LSCData----->394=0x58
2016-08-12 21:21:019   Output LSCData----->395=0x34
2016-08-12 21:21:020   Output LSCData----->396=0xA4
2016-08-12 21:21:021   Output LSCData----->397=0x41
2016-08-12 21:21:021   Output LSCData----->398=0x7D
2016-08-12 21:21:022   Output LSCData----->399=0x3B
2016-08-12 21:21:022   Output LSCData----->400=0x4C
2016-08-12 21:21:023   Output LSCData----->401=0x3B
2016-08-12 21:21:023   Output LSCData----->402=0x56
2016-08-12 21:21:024   Output LSCData----->403=0x3A
2016-08-12 21:21:024   Output LSCData----->404=0x53
2016-08-12 21:21:025   Output LSCData----->405=0x4B
2016-08-12 21:21:025   Output LSCData----->406=0xF8
2016-08-12 21:21:026   Output LSCData----->407=0x42
2016-08-12 21:21:026   Output LSCData----->408=0xEE
2016-08-12 21:21:027   Output LSCData----->409=0x42
2016-08-12 21:21:027   Output LSCData----->410=0xAA
2016-08-12 21:21:027   Output LSCData----->411=0x41
2016-08-12 21:21:028   Output LSCData----->412=0x4A
2016-08-12 21:21:028   Output LSCData----->413=0x56
2016-08-12 21:21:029   Output LSCData----->414=0xB6
2016-08-12 21:21:029   Output LSCData----->415=0x4B
2016-08-12 21:21:030   Output LSCData----->416=0x9E
2016-08-12 21:21:030   Output LSCData----->417=0x4B
2016-08-12 21:21:031   Output LSCData----->418=0xCD
2016-08-12 21:21:031   Output LSCData----->419=0x49
2016-08-12 21:21:032   Output LSCData----->420=0x67
2016-08-12 21:21:032   Output LSCData----->421=0x60
2016-08-12 21:21:033   Output LSCData----->422=0x92
2016-08-12 21:21:033   Output LSCData----->423=0x52
2016-08-12 21:21:034   Output LSCData----->424=0x7B
2016-08-12 21:21:034   Output LSCData----->425=0x52
2016-08-12 21:21:035   Output LSCData----->426=0x84
2016-08-12 21:21:035   Output LSCData----->427=0x50
2016-08-12 21:21:036   Output LSCData----->428=0x77
2016-08-12 21:21:036   Output LSCData----->429=0x51
2016-08-12 21:21:037   Output LSCData----->430=0x56
2016-08-12 21:21:037   Output LSCData----->431=0x46
2016-08-12 21:21:038   Output LSCData----->432=0x14
2016-08-12 21:21:038   Output LSCData----->433=0x47
2016-08-12 21:21:039   Output LSCData----->434=0xDD
2016-08-12 21:21:039   Output LSCData----->435=0x45
2016-08-12 21:21:040   Output LSCData----->436=0x82
2016-08-12 21:21:040   Output LSCData----->437=0x4A
2016-08-12 21:21:041   Output LSCData----->438=0xF2
2016-08-12 21:21:041   Output LSCData----->439=0x40
2016-08-12 21:21:041   Output LSCData----->440=0x2A
2016-08-12 21:21:042   Output LSCData----->441=0x41
2016-08-12 21:21:042   Output LSCData----->442=0x8A
2016-08-12 21:21:043   Output LSCData----->443=0x40
2016-08-12 21:21:043   Output LSCData----->444=0x1A
2016-08-12 21:21:044   Output LSCData----->445=0x42
2016-08-12 21:21:044   Output LSCData----->446=0x36
2016-08-12 21:21:045   Output LSCData----->447=0x3A
2016-08-12 21:21:045   Output LSCData----->448=0x40
2016-08-12 21:21:046   Output LSCData----->449=0x3A
2016-08-12 21:21:046   Output LSCData----->450=0xA5
2016-08-12 21:21:047   Output LSCData----->451=0x39
2016-08-12 21:21:047   Output LSCData----->452=0x43
2016-08-12 21:21:048   Output LSCData----->453=0x3A
2016-08-12 21:21:048   Output LSCData----->454=0x36
2016-08-12 21:21:049   Output LSCData----->455=0x34
2016-08-12 21:21:049   Output LSCData----->456=0x68
2016-08-12 21:21:050   Output LSCData----->457=0x34
2016-08-12 21:21:050   Output LSCData----->458=0xEB
2016-08-12 21:21:051   Output LSCData----->459=0x33
2016-08-12 21:21:051   Output LSCData----->460=0x59
2016-08-12 21:21:052   Output LSCData----->461=0x33
2016-08-12 21:21:052   Output LSCData----->462=0x24
2016-08-12 21:21:053   Output LSCData----->463=0x2F
2016-08-12 21:21:053   Output LSCData----->464=0x4E
2016-08-12 21:21:054   Output LSCData----->465=0x2F
2016-08-12 21:21:054   Output LSCData----->466=0xF4
2016-08-12 21:21:055   Output LSCData----->467=0x2E
2016-08-12 21:21:055   Output LSCData----->468=0x48
2016-08-12 21:21:056   Output LSCData----->469=0x2E
2016-08-12 21:21:056   Output LSCData----->470=0xBE
2016-08-12 21:21:056   Output LSCData----->471=0x2B
2016-08-12 21:21:057   Output LSCData----->472=0xA8
2016-08-12 21:21:057   Output LSCData----->473=0x2B
2016-08-12 21:21:058   Output LSCData----->474=0x6E
2016-08-12 21:21:058   Output LSCData----->475=0x2B
2016-08-12 21:21:059   Output LSCData----->476=0x9C
2016-08-12 21:21:059   Output LSCData----->477=0x2B
2016-08-12 21:21:060   Output LSCData----->478=0xBE
2016-08-12 21:21:060   Output LSCData----->479=0x29
2016-08-12 21:21:061   Output LSCData----->480=0x80
2016-08-12 21:21:061   Output LSCData----->481=0x29
2016-08-12 21:21:062   Output LSCData----->482=0x72
2016-08-12 21:21:062   Output LSCData----->483=0x29
2016-08-12 21:21:063   Output LSCData----->484=0xB2
2016-08-12 21:21:063   Output LSCData----->485=0x2A
2016-08-12 21:21:064   Output LSCData----->486=0x1C
2016-08-12 21:21:064   Output LSCData----->487=0x29
2016-08-12 21:21:065   Output LSCData----->488=0xFB
2016-08-12 21:21:065   Output LSCData----->489=0x28
2016-08-12 21:21:065   Output LSCData----->490=0xFA
2016-08-12 21:21:066   Output LSCData----->491=0x28
2016-08-12 21:21:066   Output LSCData----->492=0x9D
2016-08-12 21:21:067   Output LSCData----->493=0x2B
2016-08-12 21:21:067   Output LSCData----->494=0xEE
2016-08-12 21:21:068   Output LSCData----->495=0x29
2016-08-12 21:21:069   Output LSCData----->496=0xEA
2016-08-12 21:21:069   Output LSCData----->497=0x29
2016-08-12 21:21:070   Output LSCData----->498=0xB9
2016-08-12 21:21:070   Output LSCData----->499=0x29
2016-08-12 21:21:070   Output LSCData----->500=0xAF
2016-08-12 21:21:071   Output LSCData----->501=0x2E
2016-08-12 21:21:071   Output LSCData----->502=0x85
2016-08-12 21:21:072   Output LSCData----->503=0x2C
2016-08-12 21:21:072   Output LSCData----->504=0x55
2016-08-12 21:21:073   Output LSCData----->505=0x2C
2016-08-12 21:21:073   Output LSCData----->506=0x21
2016-08-12 21:21:074   Output LSCData----->507=0x2C
2016-08-12 21:21:074   Output LSCData----->508=0xF0
2016-08-12 21:21:075   Output LSCData----->509=0x33
2016-08-12 21:21:075   Output LSCData----->510=0xB2
2016-08-12 21:21:076   Output LSCData----->511=0x30
2016-08-12 21:21:076   Output LSCData----->512=0x8A
2016-08-12 21:21:077   Output LSCData----->513=0x30
2016-08-12 21:21:077   Output LSCData----->514=0xF6
2016-08-12 21:21:078   Output LSCData----->515=0x2F
2016-08-12 21:21:078   Output LSCData----->516=0xAE
2016-08-12 21:21:078   Output LSCData----->517=0x3B
2016-08-12 21:21:079   Output LSCData----->518=0x8D
2016-08-12 21:21:079   Output LSCData----->519=0x36
2016-08-12 21:21:080   Output LSCData----->520=0x88
2016-08-12 21:21:080   Output LSCData----->521=0x36
2016-08-12 21:21:081   Output LSCData----->522=0xAF
2016-08-12 21:21:081   Output LSCData----->523=0x35
2016-08-12 21:21:082   Output LSCData----->524=0xFD
2016-08-12 21:21:082   Output LSCData----->525=0x45
2016-08-12 21:21:083   Output LSCData----->526=0xAA
2016-08-12 21:21:083   Output LSCData----->527=0x3E
2016-08-12 21:21:084   Output LSCData----->528=0x5F
2016-08-12 21:21:084   Output LSCData----->529=0x3E
2016-08-12 21:21:084   Output LSCData----->530=0x25
2016-08-12 21:21:085   Output LSCData----->531=0x3D
2016-08-12 21:21:085   Output LSCData----->532=0xEE
2016-08-12 21:21:086   Output LSCData----->533=0x50
2016-08-12 21:21:086   Output LSCData----->534=0xFE
2016-08-12 21:21:087   Output LSCData----->535=0x46
2016-08-12 21:21:087   Output LSCData----->536=0xFB
2016-08-12 21:21:088   Output LSCData----->537=0x46
2016-08-12 21:21:088   Output LSCData----->538=0x73
2016-08-12 21:21:089   Output LSCData----->539=0x45
2016-08-12 21:21:089   Output LSCData----->540=0xA4
2016-08-12 21:21:090   Output LSCData----->541=0x5C
2016-08-12 21:21:090   Output LSCData----->542=0xB8
2016-08-12 21:21:091   Output LSCData----->543=0x4F
2016-08-12 21:21:091   Output LSCData----->544=0xCF
2016-08-12 21:21:092   Output LSCData----->545=0x4F
2016-08-12 21:21:092   Output LSCData----->546=0xC9
2016-08-12 21:21:092   Output LSCData----->547=0x4D
2016-08-12 21:21:093   Output LSCData----->548=0x00
2016-08-12 21:21:093   Output LSCData----->549=0x4E
2016-08-12 21:21:094   Output LSCData----->550=0x8C
2016-08-12 21:21:094   Output LSCData----->551=0x43
2016-08-12 21:21:095   Output LSCData----->552=0x38
2016-08-12 21:21:095   Output LSCData----->553=0x44
2016-08-12 21:21:096   Output LSCData----->554=0x1A
2016-08-12 21:21:096   Output LSCData----->555=0x43
2016-08-12 21:21:097   Output LSCData----->556=0xF3
2016-08-12 21:21:097   Output LSCData----->557=0x46
2016-08-12 21:21:097   Output LSCData----->558=0xF2
2016-08-12 21:21:098   Output LSCData----->559=0x3D
2016-08-12 21:21:098   Output LSCData----->560=0x61
2016-08-12 21:21:099   Output LSCData----->561=0x3E
2016-08-12 21:21:099   Output LSCData----->562=0x5B
2016-08-12 21:21:100   Output LSCData----->563=0x3D
2016-08-12 21:21:100   Output LSCData----->564=0x17
2016-08-12 21:21:101   Output LSCData----->565=0x3E
2016-08-12 21:21:101   Output LSCData----->566=0xEF
2016-08-12 21:21:101   Output LSCData----->567=0x36
2016-08-12 21:21:102   Output LSCData----->568=0x2D
2016-08-12 21:21:102   Output LSCData----->569=0x37
2016-08-12 21:21:103   Output LSCData----->570=0x89
2016-08-12 21:21:103   Output LSCData----->571=0x36
2016-08-12 21:21:104   Output LSCData----->572=0xFD
2016-08-12 21:21:104   Output LSCData----->573=0x35
2016-08-12 21:21:105   Output LSCData----->574=0xBE
2016-08-12 21:21:105   Output LSCData----->575=0x30
2016-08-12 21:21:106   Output LSCData----->576=0xF7
2016-08-12 21:21:106   Output LSCData----->577=0x30
2016-08-12 21:21:107   Output LSCData----->578=0x83
2016-08-12 21:21:107   Output LSCData----->579=0x30
2016-08-12 21:21:108   Output LSCData----->580=0xD3
2016-08-12 21:21:108   Output LSCData----->581=0x2E
2016-08-12 21:21:109   Output LSCData----->582=0xA3
2016-08-12 21:21:109   Output LSCData----->583=0x2B
2016-08-12 21:21:110   Output LSCData----->584=0xC0
2016-08-12 21:21:110   Output LSCData----->585=0x2B
2016-08-12 21:21:111   Output LSCData----->586=0x9A
2016-08-12 21:21:111   Output LSCData----->587=0x2B
2016-08-12 21:21:112   Output LSCData----->588=0x09
2016-08-12 21:21:112   Output LSCData----->589=0x2A
2016-08-12 21:21:113   Output LSCData----->590=0x20
2016-08-12 21:21:113   Output LSCData----->591=0x28
2016-08-12 21:21:114   Output LSCData----->592=0x34
2016-08-12 21:21:114   Output LSCData----->593=0x28
2016-08-12 21:21:114   Output LSCData----->594=0x17
2016-08-12 21:21:115   Output LSCData----->595=0x28
2016-08-12 21:21:115   Output LSCData----->596=0x25
2016-08-12 21:21:116   Output LSCData----->597=0x27
2016-08-12 21:21:116   Output LSCData----->598=0x18
2016-08-12 21:21:117   Output LSCData----->599=0x26
2016-08-12 21:21:117   Output LSCData----->600=0x09
2016-08-12 21:21:118   Output LSCData----->601=0x26
2016-08-12 21:21:118   Output LSCData----->602=0xFA
2016-08-12 21:21:119   Output LSCData----->603=0x25
2016-08-12 21:21:119   Output LSCData----->604=0x47
2016-08-12 21:21:120   Output LSCData----->605=0x26
2016-08-12 21:21:120   Output LSCData----->606=0x6E
2016-08-12 21:21:121   Output LSCData----->607=0x25
2016-08-12 21:21:121   Output LSCData----->608=0x65
2016-08-12 21:21:122   Output LSCData----->609=0x25
2016-08-12 21:21:122   Output LSCData----->610=0x5F
2016-08-12 21:21:123   Output LSCData----->611=0x25
2016-08-12 21:21:123   Output LSCData----->612=0x1A
2016-08-12 21:21:124   Output LSCData----->613=0x27
2016-08-12 21:21:124   Output LSCData----->614=0x57
2016-08-12 21:21:125   Output LSCData----->615=0x26
2016-08-12 21:21:125   Output LSCData----->616=0x42
2016-08-12 21:21:126   Output LSCData----->617=0x26
2016-08-12 21:21:126   Output LSCData----->618=0x3C
2016-08-12 21:21:127   Output LSCData----->619=0x26
2016-08-12 21:21:127   Output LSCData----->620=0x58
2016-08-12 21:21:128   Output LSCData----->621=0x2A
2016-08-12 21:21:128   Output LSCData----->622=0xFC
2016-08-12 21:21:129   Output LSCData----->623=0x28
2016-08-12 21:21:129   Output LSCData----->624=0xEF
2016-08-12 21:21:130   Output LSCData----->625=0x28
2016-08-12 21:21:130   Output LSCData----->626=0xD2
2016-08-12 21:21:131   Output LSCData----->627=0x28
2016-08-12 21:21:131   Output LSCData----->628=0x92
2016-08-12 21:21:132   Output LSCData----->629=0x2F
2016-08-12 21:21:132   Output LSCData----->630=0xFC
2016-08-12 21:21:133   Output LSCData----->631=0x2C
2016-08-12 21:21:133   Output LSCData----->632=0x14
2016-08-12 21:21:134   Output LSCData----->633=0x2D
2016-08-12 21:21:134   Output LSCData----->634=0x93
2016-08-12 21:21:135   Output LSCData----->635=0x2C
2016-08-12 21:21:135   Output LSCData----->636=0x39
2016-08-12 21:21:136   Output LSCData----->637=0x37
2016-08-12 21:21:136   Output LSCData----->638=0xDE
2016-08-12 21:21:137   Output LSCData----->639=0x32
2016-08-12 21:21:137   Output LSCData----->640=0xD6
2016-08-12 21:21:138   Output LSCData----->641=0x32
2016-08-12 21:21:138   Output LSCData----->642=0x29
2016-08-12 21:21:139   Output LSCData----->643=0x32
2016-08-12 21:21:139   Output LSCData----->644=0x10
2016-08-12 21:21:140   Output LSCData----->645=0x41
2016-08-12 21:21:140   Output LSCData----->646=0xB4
2016-08-12 21:21:141   Output LSCData----->647=0x3A
2016-08-12 21:21:141   Output LSCData----->648=0xC4
2016-08-12 21:21:142   Output LSCData----->649=0x3A
2016-08-12 21:21:142   Output LSCData----->650=0x7B
2016-08-12 21:21:143   Output LSCData----->651=0x39
2016-08-12 21:21:143   Output LSCData----->652=0x44
2016-08-12 21:21:144   Output LSCData----->653=0x4C
2016-08-12 21:21:144   Output LSCData----->654=0xA4
2016-08-12 21:21:145   Output LSCData----->655=0x43
2016-08-12 21:21:145   Output LSCData----->656=0x85
2016-08-12 21:21:146   Output LSCData----->657=0x43
2016-08-12 21:21:146   Output LSCData----->658=0xCA
2016-08-12 21:21:147   Output LSCData----->659=0x41
2016-08-12 21:21:147   Output LSCData----->660=0x22
2016-08-12 21:21:148   Output LSCData----->661=0x58
2016-08-12 21:21:148   Output LSCData----->662=0x86
2016-08-12 21:21:149   Output LSCData----->663=0x4C
2016-08-12 21:21:149   Output LSCData----->664=0x5D
2016-08-12 21:21:150   Output LSCData----->665=0x4C
2016-08-12 21:21:150   Output LSCData----->666=0x5B
2016-08-12 21:21:151   Output LSCData----->667=0x4A
2016-08-12 21:21:151   Output LSCData----->668=0x77
2016-08-12 21:21:152   Output LSCData----->669=0x4B
2016-08-12 21:21:152   Output LSCData----->670=0x88
2016-08-12 21:21:153   Output LSCData----->671=0x41
2016-08-12 21:21:153   Output LSCData----->672=0x23
2016-08-12 21:21:154   Output LSCData----->673=0x42
2016-08-12 21:21:154   Output LSCData----->674=0xCE
2016-08-12 21:21:155   Output LSCData----->675=0x40
2016-08-12 21:21:155   Output LSCData----->676=0x3F
2016-08-12 21:21:156   Output LSCData----->677=0x44
2016-08-12 21:21:156   Output LSCData----->678=0xB6
2016-08-12 21:21:157   Output LSCData----->679=0x3B
2016-08-12 21:21:157   Output LSCData----->680=0x0D
2016-08-12 21:21:158   Output LSCData----->681=0x3C
2016-08-12 21:21:158   Output LSCData----->682=0x37
2016-08-12 21:21:159   Output LSCData----->683=0x3B
2016-08-12 21:21:159   Output LSCData----->684=0x3F
2016-08-12 21:21:160   Output LSCData----->685=0x3B
2016-08-12 21:21:160   Output LSCData----->686=0x66
2016-08-12 21:21:161   Output LSCData----->687=0x34
2016-08-12 21:21:161   Output LSCData----->688=0xE6
2016-08-12 21:21:162   Output LSCData----->689=0x34
2016-08-12 21:21:162   Output LSCData----->690=0xE9
2016-08-12 21:21:162   Output LSCData----->691=0x33
2016-08-12 21:21:163   Output LSCData----->692=0xD2
2016-08-12 21:21:163   Output LSCData----->693=0x32
2016-08-12 21:21:164   Output LSCData----->694=0x3C
2016-08-12 21:21:164   Output LSCData----->695=0x2E
2016-08-12 21:21:164   Output LSCData----->696=0x74
2016-08-12 21:21:165   Output LSCData----->697=0x2E
2016-08-12 21:21:165   Output LSCData----->698=0x0C
2016-08-12 21:21:166   Output LSCData----->699=0x2E
2016-08-12 21:21:166   Output LSCData----->700=0xE5
2016-08-12 21:21:166   Output LSCData----->701=0x2B
2016-08-12 21:21:167   Output LSCData----->702=0x45
2016-08-12 21:21:167   Output LSCData----->703=0x29
2016-08-12 21:21:168   Output LSCData----->704=0x7F
2016-08-12 21:21:168   Output LSCData----->705=0x29
2016-08-12 21:21:168   Output LSCData----->706=0x6E
2016-08-12 21:21:169   Output LSCData----->707=0x29
2016-08-12 21:21:169   Output LSCData----->708=0x16
2016-08-12 21:21:169   Output LSCData----->709=0x27
2016-08-12 21:21:170   Output LSCData----->710=0xC6
2016-08-12 21:21:170   Output LSCData----->711=0x25
2016-08-12 21:21:171   Output LSCData----->712=0xC8
2016-08-12 21:21:171   Output LSCData----->713=0x25
2016-08-12 21:21:171   Output LSCData----->714=0xCA
2016-08-12 21:21:172   Output LSCData----->715=0x25
2016-08-12 21:21:172   Output LSCData----->716=0xEC
2016-08-12 21:21:173   Output LSCData----->717=0x23
2016-08-12 21:21:173   Output LSCData----->718=0x65
2016-08-12 21:21:173   Output LSCData----->719=0x23
2016-08-12 21:21:174   Output LSCData----->720=0x6B
2016-08-12 21:21:174   Output LSCData----->721=0x23
2016-08-12 21:21:175   Output LSCData----->722=0x4C
2016-08-12 21:21:175   Output LSCData----->723=0x23
2016-08-12 21:21:175   Output LSCData----->724=0xC8
2016-08-12 21:21:176   Output LSCData----->725=0x22
2016-08-12 21:21:176   Output LSCData----->726=0x71
2016-08-12 21:21:176   Output LSCData----->727=0x22
2016-08-12 21:21:177   Output LSCData----->728=0x7F
2016-08-12 21:21:177   Output LSCData----->729=0x22
2016-08-12 21:21:178   Output LSCData----->730=0x57
2016-08-12 21:21:178   Output LSCData----->731=0x22
2016-08-12 21:21:178   Output LSCData----->732=0xAC
2016-08-12 21:21:179   Output LSCData----->733=0x23
2016-08-12 21:21:179   Output LSCData----->734=0x5C
2016-08-12 21:21:180   Output LSCData----->735=0x23
2016-08-12 21:21:180   Output LSCData----->736=0x62
2016-08-12 21:21:180   Output LSCData----->737=0x23
2016-08-12 21:21:181   Output LSCData----->738=0x31
2016-08-12 21:21:181   Output LSCData----->739=0x23
2016-08-12 21:21:181   Output LSCData----->740=0x27
2016-08-12 21:21:182   Output LSCData----->741=0x27
2016-08-12 21:21:182   Output LSCData----->742=0x4D
2016-08-12 21:21:183   Output LSCData----->743=0x26
2016-08-12 21:21:183   Output LSCData----->744=0x4B
2016-08-12 21:21:183   Output LSCData----->745=0x26
2016-08-12 21:21:184   Output LSCData----->746=0x2E
2016-08-12 21:21:184   Output LSCData----->747=0x26
2016-08-12 21:21:185   Output LSCData----->748=0x75
2016-08-12 21:21:185   Output LSCData----->749=0x2C
2016-08-12 21:21:185   Output LSCData----->750=0xA5
2016-08-12 21:21:186   Output LSCData----->751=0x2A
2016-08-12 21:21:186   Output LSCData----->752=0xA4
2016-08-12 21:21:186   Output LSCData----->753=0x2A
2016-08-12 21:21:187   Output LSCData----->754=0x4B
2016-08-12 21:21:187   Output LSCData----->755=0x2A
2016-08-12 21:21:188   Output LSCData----->756=0xCE
2016-08-12 21:21:188   Output LSCData----->757=0x33
2016-08-12 21:21:188   Output LSCData----->758=0x4C
2016-08-12 21:21:189   Output LSCData----->759=0x30
2016-08-12 21:21:189   Output LSCData----->760=0x52
2016-08-12 21:21:190   Output LSCData----->761=0x30
2016-08-12 21:21:190   Output LSCData----->762=0x89
2016-08-12 21:21:190   Output LSCData----->763=0x2F
2016-08-12 21:21:191   Output LSCData----->764=0x09
2016-08-12 21:21:191   Output LSCData----->765=0x3E
2016-08-12 21:21:192   Output LSCData----->766=0x11
2016-08-12 21:21:192   Output LSCData----->767=0x38
2016-08-12 21:21:192   Output LSCData----->768=0x0B
2016-08-12 21:21:193   Output LSCData----->769=0x38
2016-08-12 21:21:193   Output LSCData----->770=0xFC
2016-08-12 21:21:193   Output LSCData----->771=0x36
2016-08-12 21:21:194   Output LSCData----->772=0x54
2016-08-12 21:21:194   Output LSCData----->773=0x49
2016-08-12 21:21:195   Output LSCData----->774=0x3E
2016-08-12 21:21:195   Output LSCData----->775=0x41
2016-08-12 21:21:195   Output LSCData----->776=0x1E
2016-08-12 21:21:196   Output LSCData----->777=0x41
2016-08-12 21:21:196   Output LSCData----->778=0x70
2016-08-12 21:21:197   Output LSCData----->779=0x3F
2016-08-12 21:21:197   Output LSCData----->780=0x52
2016-08-12 21:21:197   Output LSCData----->781=0x54
2016-08-12 21:21:198   Output LSCData----->782=0x93
2016-08-12 21:21:198   Output LSCData----->783=0x49
2016-08-12 21:21:198   Output LSCData----->784=0x5D
2016-08-12 21:21:199   Output LSCData----->785=0x49
2016-08-12 21:21:199   Output LSCData----->786=0x99
2016-08-12 21:21:200   Output LSCData----->787=0x47
2016-08-12 21:21:200   Output LSCData----->788=0x44
2016-08-12 21:21:200   Output LSCData----->789=0x49
2016-08-12 21:21:201   Output LSCData----->790=0x1F
2016-08-12 21:21:201   Output LSCData----->791=0x40
2016-08-12 21:21:202   Output LSCData----->792=0xAD
2016-08-12 21:21:202   Output LSCData----->793=0x40
2016-08-12 21:21:202   Output LSCData----->794=0x45
2016-08-12 21:21:203   Output LSCData----->795=0x3F
2016-08-12 21:21:203   Output LSCData----->796=0x7C
2016-08-12 21:21:204   Output LSCData----->797=0x42
2016-08-12 21:21:204   Output LSCData----->798=0x52
2016-08-12 21:21:204   Output LSCData----->799=0x3A
2016-08-12 21:21:205   Output LSCData----->800=0xB9
2016-08-12 21:21:205   Output LSCData----->801=0x3A
2016-08-12 21:21:205   Output LSCData----->802=0xC8
2016-08-12 21:21:206   Output LSCData----->803=0x39
2016-08-12 21:21:206   Output LSCData----->804=0x85
2016-08-12 21:21:207   Output LSCData----->805=0x39
2016-08-12 21:21:207   Output LSCData----->806=0x22
2016-08-12 21:21:207   Output LSCData----->807=0x33
2016-08-12 21:21:208   Output LSCData----->808=0x5C
2016-08-12 21:21:208   Output LSCData----->809=0x33
2016-08-12 21:21:209   Output LSCData----->810=0xBB
2016-08-12 21:21:209   Output LSCData----->811=0x32
2016-08-12 21:21:209   Output LSCData----->812=0x08
2016-08-12 21:21:210   Output LSCData----->813=0x31
2016-08-12 21:21:210   Output LSCData----->814=0xE6
2016-08-12 21:21:211   Output LSCData----->815=0x2C
2016-08-12 21:21:211   Output LSCData----->816=0x11
2016-08-12 21:21:211   Output LSCData----->817=0x2D
2016-08-12 21:21:212   Output LSCData----->818=0xBD
2016-08-12 21:21:212   Output LSCData----->819=0x2C
2016-08-12 21:21:212   Output LSCData----->820=0x29
2016-08-12 21:21:213   Output LSCData----->821=0x2A
2016-08-12 21:21:213   Output LSCData----->822=0xDE
2016-08-12 21:21:214   Output LSCData----->823=0x27
2016-08-12 21:21:214   Output LSCData----->824=0xFE
2016-08-12 21:21:214   Output LSCData----->825=0x27
2016-08-12 21:21:215   Output LSCData----->826=0xE6
2016-08-12 21:21:215   Output LSCData----->827=0x27
2016-08-12 21:21:216   Output LSCData----->828=0x56
2016-08-12 21:21:216   Output LSCData----->829=0x25
2016-08-12 21:21:216   Output LSCData----->830=0x4D
2016-08-12 21:21:217   Output LSCData----->831=0x24
2016-08-12 21:21:217   Output LSCData----->832=0x58
2016-08-12 21:21:217   Output LSCData----->833=0x24
2016-08-12 21:21:218   Output LSCData----->834=0x58
2016-08-12 21:21:218   Output LSCData----->835=0x24
2016-08-12 21:21:219   Output LSCData----->836=0xED
2016-08-12 21:21:219   Output LSCData----->837=0x21
2016-08-12 21:21:219   Output LSCData----->838=0xAF
2016-08-12 21:21:220   Output LSCData----->839=0x21
2016-08-12 21:21:220   Output LSCData----->840=0xA4
2016-08-12 21:21:221   Output LSCData----->841=0x21
2016-08-12 21:21:222   Output LSCData----->842=0xA7
2016-08-12 21:21:222   Output LSCData----->843=0x21
2016-08-12 21:21:223   Output LSCData----->844=0xB0
2016-08-12 21:21:223   Output LSCData----->845=0x20
2016-08-12 21:21:224   Output LSCData----->846=0x98
2016-08-12 21:21:225   Output LSCData----->847=0x20
2016-08-12 21:21:225   Output LSCData----->848=0x98
2016-08-12 21:21:225   Output LSCData----->849=0x20
2016-08-12 21:21:226   Output LSCData----->850=0x7E
2016-08-12 21:21:226   Output LSCData----->851=0x20
2016-08-12 21:21:227   Output LSCData----->852=0xA6
2016-08-12 21:21:227   Output LSCData----->853=0x21
2016-08-12 21:21:227   Output LSCData----->854=0x94
2016-08-12 21:21:228   Output LSCData----->855=0x21
2016-08-12 21:21:228   Output LSCData----->856=0x93
2016-08-12 21:21:229   Output LSCData----->857=0x21
2016-08-12 21:21:229   Output LSCData----->858=0x77
2016-08-12 21:21:230   Output LSCData----->859=0x21
2016-08-12 21:21:230   Output LSCData----->860=0x3B
2016-08-12 21:21:230   Output LSCData----->861=0x25
2016-08-12 21:21:231   Output LSCData----->862=0xA4
2016-08-12 21:21:231   Output LSCData----->863=0x24
2016-08-12 21:21:232   Output LSCData----->864=0xB0
2016-08-12 21:21:232   Output LSCData----->865=0x24
2016-08-12 21:21:232   Output LSCData----->866=0x98
2016-08-12 21:21:233   Output LSCData----->867=0x24
2016-08-12 21:21:233   Output LSCData----->868=0xCB
2016-08-12 21:21:234   Output LSCData----->869=0x2A
2016-08-12 21:21:234   Output LSCData----->870=0x1F
2016-08-12 21:21:234   Output LSCData----->871=0x29
2016-08-12 21:21:235   Output LSCData----->872=0x24
2016-08-12 21:21:235   Output LSCData----->873=0x29
2016-08-12 21:21:236   Output LSCData----->874=0xEE
2016-08-12 21:21:236   Output LSCData----->875=0x28
2016-08-12 21:21:236   Output LSCData----->876=0xEA
2016-08-12 21:21:237   Output LSCData----->877=0x31
2016-08-12 21:21:237   Output LSCData----->878=0xB1
2016-08-12 21:21:238   Output LSCData----->879=0x2E
2016-08-12 21:21:238   Output LSCData----->880=0x95
2016-08-12 21:21:238   Output LSCData----->881=0x2E
2016-08-12 21:21:239   Output LSCData----->882=0x0A
2016-08-12 21:21:239   Output LSCData----->883=0x2E
2016-08-12 21:21:240   Output LSCData----->884=0xFF
2016-08-12 21:21:240   Output LSCData----->885=0x3B
2016-08-12 21:21:240   Output LSCData----->886=0x68
2016-08-12 21:21:241   Output LSCData----->887=0x36
2016-08-12 21:21:241   Output LSCData----->888=0x63
2016-08-12 21:21:242   Output LSCData----->889=0x36
2016-08-12 21:21:242   Output LSCData----->890=0x61
2016-08-12 21:21:242   Output LSCData----->891=0x35
2016-08-12 21:21:243   Output LSCData----->892=0x57
2016-08-12 21:21:243   Output LSCData----->893=0x47
2016-08-12 21:21:244   Output LSCData----->894=0xA9
2016-08-12 21:21:244   Output LSCData----->895=0x3F
2016-08-12 21:21:244   Output LSCData----->896=0x8A
2016-08-12 21:21:245   Output LSCData----->897=0x3F
2016-08-12 21:21:245   Output LSCData----->898=0x18
2016-08-12 21:21:246   Output LSCData----->899=0x3E
2016-08-12 21:21:246   Output LSCData----->900=0x51
2016-08-12 21:21:247   Output LSCData----->901=0x52
2016-08-12 21:21:247   Output LSCData----->902=0x0A
2016-08-12 21:21:247   Output LSCData----->903=0x48
2016-08-12 21:21:248   Output LSCData----->904=0xDC
2016-08-12 21:21:248   Output LSCData----->905=0x47
2016-08-12 21:21:249   Output LSCData----->906=0x40
2016-08-12 21:21:249   Output LSCData----->907=0x46
2016-08-12 21:21:249   Output LSCData----->908=0xA6
2016-08-12 21:21:250   Output LSCData----->909=0x48
2016-08-12 21:21:250   Output LSCData----->910=0x88
2016-08-12 21:21:251   Output LSCData----->911=0x3F
2016-08-12 21:21:251   Output LSCData----->912=0xF4
2016-08-12 21:21:252   Output LSCData----->913=0x3F
2016-08-12 21:21:252   Output LSCData----->914=0xDA
2016-08-12 21:21:253   Output LSCData----->915=0x3E
2016-08-12 21:21:253   Output LSCData----->916=0x6D
2016-08-12 21:21:253   Output LSCData----->917=0x41
2016-08-12 21:21:254   Output LSCData----->918=0x96
2016-08-12 21:21:254   Output LSCData----->919=0x39
2016-08-12 21:21:255   Output LSCData----->920=0xEC
2016-08-12 21:21:255   Output LSCData----->921=0x39
2016-08-12 21:21:256   Output LSCData----->922=0x04
2016-08-12 21:21:256   Output LSCData----->923=0x39
2016-08-12 21:21:256   Output LSCData----->924=0x94
2016-08-12 21:21:257   Output LSCData----->925=0x38
2016-08-12 21:21:257   Output LSCData----->926=0x70
2016-08-12 21:21:258   Output LSCData----->927=0x32
2016-08-12 21:21:258   Output LSCData----->928=0xE1
2016-08-12 21:21:258   Output LSCData----->929=0x32
2016-08-12 21:21:259   Output LSCData----->930=0x0C
2016-08-12 21:21:259   Output LSCData----->931=0x32
2016-08-12 21:21:260   Output LSCData----->932=0x32
2016-08-12 21:21:260   Output LSCData----->933=0x30
2016-08-12 21:21:260   Output LSCData----->934=0x3F
2016-08-12 21:21:261   Output LSCData----->935=0x2C
2016-08-12 21:21:261   Output LSCData----->936=0x81
2016-08-12 21:21:262   Output LSCData----->937=0x2C
2016-08-12 21:21:262   Output LSCData----->938=0x31
2016-08-12 21:21:262   Output LSCData----->939=0x2C
2016-08-12 21:21:263   Output LSCData----->940=0x82
2016-08-12 21:21:263   Output LSCData----->941=0x29
2016-08-12 21:21:263   Output LSCData----->942=0x5B
2016-08-12 21:21:264   Output LSCData----->943=0x27
2016-08-12 21:21:264   Output LSCData----->944=0x81
2016-08-12 21:21:265   Output LSCData----->945=0x27
2016-08-12 21:21:265   Output LSCData----->946=0x66
2016-08-12 21:21:265   Output LSCData----->947=0x27
2016-08-12 21:21:266   Output LSCData----->948=0x9C
2016-08-12 21:21:266   Output LSCData----->949=0x24
2016-08-12 21:21:267   Output LSCData----->950=0xBB
2016-08-12 21:21:267   Output LSCData----->951=0x23
2016-08-12 21:21:267   Output LSCData----->952=0xD4
2016-08-12 21:21:268   Output LSCData----->953=0x23
2016-08-12 21:21:268   Output LSCData----->954=0xDD
2016-08-12 21:21:269   Output LSCData----->955=0x23
2016-08-12 21:21:269   Output LSCData----->956=0x32
2016-08-12 21:21:269   Output LSCData----->957=0x21
2016-08-12 21:21:270   Output LSCData----->958=0x04
2016-08-12 21:21:270   Output LSCData----->959=0x21
2016-08-12 21:21:271   Output LSCData----->960=0x04
2016-08-12 21:21:271   Output LSCData----->961=0x21
2016-08-12 21:21:271   Output LSCData----->962=0x01
2016-08-12 21:21:272   Output LSCData----->963=0x21
2016-08-12 21:21:272   Output LSCData----->964=0x06
2016-08-12 21:21:273   Output LSCData----->965=0x20
2016-08-12 21:21:273   Output LSCData----->966=0x00
2016-08-12 21:21:273   Output LSCData----->967=0x20
2016-08-12 21:21:274   Output LSCData----->968=0x03
2016-08-12 21:21:274   Output LSCData----->969=0x20
2016-08-12 21:21:275   Output LSCData----->970=0x00
2016-08-12 21:21:275   Output LSCData----->971=0x20
2016-08-12 21:21:275   Output LSCData----->972=0x16
2016-08-12 21:21:276   Output LSCData----->973=0x21
2016-08-12 21:21:276   Output LSCData----->974=0x16
2016-08-12 21:21:277   Output LSCData----->975=0x21
2016-08-12 21:21:277   Output LSCData----->976=0x0C
2016-08-12 21:21:277   Output LSCData----->977=0x21
2016-08-12 21:21:278   Output LSCData----->978=0xF7
2016-08-12 21:21:278   Output LSCData----->979=0x20
2016-08-12 21:21:278   Output LSCData----->980=0x9A
2016-08-12 21:21:279   Output LSCData----->981=0x24
2016-08-12 21:21:279   Output LSCData----->982=0x24
2016-08-12 21:21:280   Output LSCData----->983=0x24
2016-08-12 21:21:280   Output LSCData----->984=0x25
2016-08-12 21:21:280   Output LSCData----->985=0x24
2016-08-12 21:21:281   Output LSCData----->986=0x00
2016-08-12 21:21:281   Output LSCData----->987=0x24
2016-08-12 21:21:282   Output LSCData----->988=0xC9
2016-08-12 21:21:282   Output LSCData----->989=0x29
2016-08-12 21:21:282   Output LSCData----->990=0x5A
2016-08-12 21:21:283   Output LSCData----->991=0x28
2016-08-12 21:21:283   Output LSCData----->992=0x59
2016-08-12 21:21:284   Output LSCData----->993=0x28
2016-08-12 21:21:284   Output LSCData----->994=0x22
2016-08-12 21:21:285   Output LSCData----->995=0x28
2016-08-12 21:21:285   Output LSCData----->996=0x49
2016-08-12 21:21:285   Output LSCData----->997=0x31
2016-08-12 21:21:286   Output LSCData----->998=0x2B
2016-08-12 21:21:286   Output LSCData----->999=0x2E
2016-08-12 21:21:286   Output LSCData----->1000=0x19
2016-08-12 21:21:287   Output LSCData----->1001=0x2E
2016-08-12 21:21:287   Output LSCData----->1002=0xAB
2016-08-12 21:21:288   Output LSCData----->1003=0x2D
2016-08-12 21:21:288   Output LSCData----->1004=0xE3
2016-08-12 21:21:288   Output LSCData----->1005=0x3A
2016-08-12 21:21:289   Output LSCData----->1006=0xB8
2016-08-12 21:21:289   Output LSCData----->1007=0x35
2016-08-12 21:21:290   Output LSCData----->1008=0x81
2016-08-12 21:21:290   Output LSCData----->1009=0x35
2016-08-12 21:21:290   Output LSCData----->1010=0xB8
2016-08-12 21:21:291   Output LSCData----->1011=0x34
2016-08-12 21:21:291   Output LSCData----->1012=0x04
2016-08-12 21:21:292   Output LSCData----->1013=0x46
2016-08-12 21:21:292   Output LSCData----->1014=0xB1
2016-08-12 21:21:292   Output LSCData----->1015=0x3E
2016-08-12 21:21:293   Output LSCData----->1016=0xA0
2016-08-12 21:21:293   Output LSCData----->1017=0x3E
2016-08-12 21:21:294   Output LSCData----->1018=0x3E
2016-08-12 21:21:294   Output LSCData----->1019=0x3D
2016-08-12 21:21:294   Output LSCData----->1020=0x06
2016-08-12 21:21:295   Output LSCData----->1021=0x51
2016-08-12 21:21:295   Output LSCData----->1022=0x33
2016-08-12 21:21:296   Output LSCData----->1023=0x47
2016-08-12 21:21:296   Output LSCData----->1024=0x04
2016-08-12 21:21:296   Output LSCData----->1025=0x47
2016-08-12 21:21:297   Output LSCData----->1026=0x76
2016-08-12 21:21:297   Output LSCData----->1027=0x45
2016-08-12 21:21:298   Output LSCData----->1028=0x59
2016-08-12 21:21:298   Output LSCData----->1029=0x48
2016-08-12 21:21:298   Output LSCData----->1030=0x84
2016-08-12 21:21:299   Output LSCData----->1031=0x3F
2016-08-12 21:21:299   Output LSCData----->1032=0x1B
2016-08-12 21:21:300   Output LSCData----->1033=0x40
2016-08-12 21:21:300   Output LSCData----->1034=0xDA
2016-08-12 21:21:300   Output LSCData----->1035=0x3E
2016-08-12 21:21:301   Output LSCData----->1036=0xBA
2016-08-12 21:21:301   Output LSCData----->1037=0x41
2016-08-12 21:21:302   Output LSCData----->1038=0xC3
2016-08-12 21:21:302   Output LSCData----->1039=0x39
2016-08-12 21:21:302   Output LSCData----->1040=0x17
2016-08-12 21:21:303   Output LSCData----->1041=0x3A
2016-08-12 21:21:303   Output LSCData----->1042=0x5B
2016-08-12 21:21:304   Output LSCData----->1043=0x39
2016-08-12 21:21:304   Output LSCData----->1044=0xC0
2016-08-12 21:21:304   Output LSCData----->1045=0x38
2016-08-12 21:21:305   Output LSCData----->1046=0xA9
2016-08-12 21:21:305   Output LSCData----->1047=0x32
2016-08-12 21:21:306   Output LSCData----->1048=0xFB
2016-08-12 21:21:306   Output LSCData----->1049=0x32
2016-08-12 21:21:306   Output LSCData----->1050=0x77
2016-08-12 21:21:307   Output LSCData----->1051=0x32
2016-08-12 21:21:307   Output LSCData----->1052=0x74
2016-08-12 21:21:308   Output LSCData----->1053=0x30
2016-08-12 21:21:308   Output LSCData----->1054=0x63
2016-08-12 21:21:308   Output LSCData----->1055=0x2C
2016-08-12 21:21:309   Output LSCData----->1056=0x9B
2016-08-12 21:21:309   Output LSCData----->1057=0x2C
2016-08-12 21:21:309   Output LSCData----->1058=0x9D
2016-08-12 21:21:310   Output LSCData----->1059=0x2C
2016-08-12 21:21:310   Output LSCData----->1060=0xE3
2016-08-12 21:21:311   Output LSCData----->1061=0x29
2016-08-12 21:21:311   Output LSCData----->1062=0xAE
2016-08-12 21:21:311   Output LSCData----->1063=0x27
2016-08-12 21:21:312   Output LSCData----->1064=0xDE
2016-08-12 21:21:312   Output LSCData----->1065=0x27
2016-08-12 21:21:313   Output LSCData----->1066=0xCA
2016-08-12 21:21:313   Output LSCData----->1067=0x27
2016-08-12 21:21:313   Output LSCData----->1068=0x15
2016-08-12 21:21:314   Output LSCData----->1069=0x25
2016-08-12 21:21:314   Output LSCData----->1070=0x42
2016-08-12 21:21:314   Output LSCData----->1071=0x24
2016-08-12 21:21:315   Output LSCData----->1072=0x38
2016-08-12 21:21:315   Output LSCData----->1073=0x24
2016-08-12 21:21:316   Output LSCData----->1074=0x6E
2016-08-12 21:21:316   Output LSCData----->1075=0x24
2016-08-12 21:21:316   Output LSCData----->1076=0xDE
2016-08-12 21:21:317   Output LSCData----->1077=0x21
2016-08-12 21:21:317   Output LSCData----->1078=0x9A
2016-08-12 21:21:318   Output LSCData----->1079=0x21
2016-08-12 21:21:318   Output LSCData----->1080=0xAA
2016-08-12 21:21:318   Output LSCData----->1081=0x21
2016-08-12 21:21:319   Output LSCData----->1082=0xC4
2016-08-12 21:21:319   Output LSCData----->1083=0x21
2016-08-12 21:21:320   Output LSCData----->1084=0x98
2016-08-12 21:21:320   Output LSCData----->1085=0x20
2016-08-12 21:21:320   Output LSCData----->1086=0x8A
2016-08-12 21:21:321   Output LSCData----->1087=0x20
2016-08-12 21:21:321   Output LSCData----->1088=0x99
2016-08-12 21:21:322   Output LSCData----->1089=0x20
2016-08-12 21:21:322   Output LSCData----->1090=0x96
2016-08-12 21:21:322   Output LSCData----->1091=0x20
2016-08-12 21:21:323   Output LSCData----->1092=0xB0
2016-08-12 21:21:323   Output LSCData----->1093=0x21
2016-08-12 21:21:323   Output LSCData----->1094=0xA5
2016-08-12 21:21:324   Output LSCData----->1095=0x21
2016-08-12 21:21:324   Output LSCData----->1096=0x92
2016-08-12 21:21:325   Output LSCData----->1097=0x21
2016-08-12 21:21:325   Output LSCData----->1098=0x9C
2016-08-12 21:21:325   Output LSCData----->1099=0x21
2016-08-12 21:21:326   Output LSCData----->1100=0x05
2016-08-12 21:21:326   Output LSCData----->1101=0x25
2016-08-12 21:21:326   Output LSCData----->1102=0x91
2016-08-12 21:21:327   Output LSCData----->1103=0x24
2016-08-12 21:21:327   Output LSCData----->1104=0x8A
2016-08-12 21:21:328   Output LSCData----->1105=0x24
2016-08-12 21:21:328   Output LSCData----->1106=0x84
2016-08-12 21:21:328   Output LSCData----->1107=0x24
2016-08-12 21:21:329   Output LSCData----->1108=0x60
2016-08-12 21:21:329   Output LSCData----->1109=0x2A
2016-08-12 21:21:330   Output LSCData----->1110=0xC7
2016-08-12 21:21:330   Output LSCData----->1111=0x28
2016-08-12 21:21:330   Output LSCData----->1112=0xAA
2016-08-12 21:21:331   Output LSCData----->1113=0x28
2016-08-12 21:21:331   Output LSCData----->1114=0x8A
2016-08-12 21:21:332   Output LSCData----->1115=0x28
2016-08-12 21:21:332   Output LSCData----->1116=0x8C
2016-08-12 21:21:332   Output LSCData----->1117=0x31
2016-08-12 21:21:333   Output LSCData----->1118=0x52
2016-08-12 21:21:333   Output LSCData----->1119=0x2E
2016-08-12 21:21:334   Output LSCData----->1120=0x2F
2016-08-12 21:21:334   Output LSCData----->1121=0x2E
2016-08-12 21:21:334   Output LSCData----->1122=0xD8
2016-08-12 21:21:335   Output LSCData----->1123=0x2D
2016-08-12 21:21:335   Output LSCData----->1124=0x57
2016-08-12 21:21:336   Output LSCData----->1125=0x3B
2016-08-12 21:21:336   Output LSCData----->1126=0xEB
2016-08-12 21:21:337   Output LSCData----->1127=0x35
2016-08-12 21:21:337   Output LSCData----->1128=0xA9
2016-08-12 21:21:337   Output LSCData----->1129=0x35
2016-08-12 21:21:338   Output LSCData----->1130=0x0D
2016-08-12 21:21:338   Output LSCData----->1131=0x35
2016-08-12 21:21:339   Output LSCData----->1132=0x4B
2016-08-12 21:21:339   Output LSCData----->1133=0x46
2016-08-12 21:21:339   Output LSCData----->1134=0xBD
2016-08-12 21:21:340   Output LSCData----->1135=0x3E
2016-08-12 21:21:340   Output LSCData----->1136=0x79
2016-08-12 21:21:341   Output LSCData----->1137=0x3E
2016-08-12 21:21:341   Output LSCData----->1138=0x85
2016-08-12 21:21:341   Output LSCData----->1139=0x3D
2016-08-12 21:21:342   Output LSCData----->1140=0x50
2016-08-12 21:21:342   Output LSCData----->1141=0x51
2016-08-12 21:21:342   Output LSCData----->1142=0x5F
2016-08-12 21:21:343   Output LSCData----->1143=0x47
2016-08-12 21:21:343   Output LSCData----->1144=0x42
2016-08-12 21:21:344   Output LSCData----->1145=0x47
2016-08-12 21:21:344   Output LSCData----->1146=0x14
2016-08-12 21:21:344   Output LSCData----->1147=0x46
2016-08-12 21:21:345   Output LSCData----->1148=0x5D
2016-08-12 21:21:345   Output LSCData----->1149=0x49
2016-08-12 21:21:346   Output LSCData----->1150=0x58
2016-08-12 21:21:346   Output LSCData----->1151=0x40
2016-08-12 21:21:346   Output LSCData----->1152=0xC3
2016-08-12 21:21:347   Output LSCData----->1153=0x40
2016-08-12 21:21:347   Output LSCData----->1154=0xEE
2016-08-12 21:21:348   Output LSCData----->1155=0x3F
2016-08-12 21:21:348   Output LSCData----->1156=0xA4
2016-08-12 21:21:348   Output LSCData----->1157=0x42
2016-08-12 21:21:349   Output LSCData----->1158=0x7D
2016-08-12 21:21:349   Output LSCData----->1159=0x3A
2016-08-12 21:21:350   Output LSCData----->1160=0xEE
2016-08-12 21:21:350   Output LSCData----->1161=0x3A
2016-08-12 21:21:350   Output LSCData----->1162=0x7A
2016-08-12 21:21:351   Output LSCData----->1163=0x3A
2016-08-12 21:21:351   Output LSCData----->1164=0xEE
2016-08-12 21:21:352   Output LSCData----->1165=0x39
2016-08-12 21:21:352   Output LSCData----->1166=0xAC
2016-08-12 21:21:352   Output LSCData----->1167=0x33
2016-08-12 21:21:353   Output LSCData----->1168=0x12
2016-08-12 21:21:353   Output LSCData----->1169=0x34
2016-08-12 21:21:354   Output LSCData----->1170=0xA7
2016-08-12 21:21:354   Output LSCData----->1171=0x33
2016-08-12 21:21:354   Output LSCData----->1172=0xE5
2016-08-12 21:21:355   Output LSCData----->1173=0x31
2016-08-12 21:21:355   Output LSCData----->1174=0x9E
2016-08-12 21:21:356   Output LSCData----->1175=0x2D
2016-08-12 21:21:356   Output LSCData----->1176=0xC0
2016-08-12 21:21:356   Output LSCData----->1177=0x2D
2016-08-12 21:21:357   Output LSCData----->1178=0xC3
2016-08-12 21:21:357   Output LSCData----->1179=0x2D
2016-08-12 21:21:357   Output LSCData----->1180=0x53
2016-08-12 21:21:358   Output LSCData----->1181=0x2B
2016-08-12 21:21:358   Output LSCData----->1182=0xB0
2016-08-12 21:21:359   Output LSCData----->1183=0x28
2016-08-12 21:21:359   Output LSCData----->1184=0xD4
2016-08-12 21:21:359   Output LSCData----->1185=0x28
2016-08-12 21:21:360   Output LSCData----->1186=0x25
2016-08-12 21:21:360   Output LSCData----->1187=0x29
2016-08-12 21:21:361   Output LSCData----->1188=0xAD
2016-08-12 21:21:361   Output LSCData----->1189=0x26
2016-08-12 21:21:362   Output LSCData----->1190=0x72
2016-08-12 21:21:362   Output LSCData----->1191=0x25
2016-08-12 21:21:363   Output LSCData----->1192=0x79
2016-08-12 21:21:363   Output LSCData----->1193=0x25
2016-08-12 21:21:364   Output LSCData----->1194=0xD1
2016-08-12 21:21:366   Output LSCData----->1195=0x25
2016-08-12 21:21:366   Output LSCData----->1196=0xCF
2016-08-12 21:21:367   Output LSCData----->1197=0x23
2016-08-12 21:21:367   Output LSCData----->1198=0x3D
2016-08-12 21:21:368   Output LSCData----->1199=0x23
2016-08-12 21:21:368   Output LSCData----->1200=0x48
2016-08-12 21:21:369   Output LSCData----->1201=0x23
2016-08-12 21:21:370   Output LSCData----->1202=0x87
2016-08-12 21:21:370   Output LSCData----->1203=0x23
2016-08-12 21:21:371   Output LSCData----->1204=0x8C
2016-08-12 21:21:371   Output LSCData----->1205=0x22
2016-08-12 21:21:372   Output LSCData----->1206=0x57
2016-08-12 21:21:372   Output LSCData----->1207=0x22
2016-08-12 21:21:373   Output LSCData----->1208=0x4E
2016-08-12 21:21:373   Output LSCData----->1209=0x22
2016-08-12 21:21:374   Output LSCData----->1210=0x82
2016-08-12 21:21:374   Output LSCData----->1211=0x22
2016-08-12 21:21:375   Output LSCData----->1212=0x87
2016-08-12 21:21:376   Output LSCData----->1213=0x23
2016-08-12 21:21:376   Output LSCData----->1214=0x36
2016-08-12 21:21:377   Output LSCData----->1215=0x23
2016-08-12 21:21:377   Output LSCData----->1216=0x25
2016-08-12 21:21:378   Output LSCData----->1217=0x23
2016-08-12 21:21:379   Output LSCData----->1218=0x77
2016-08-12 21:21:379   Output LSCData----->1219=0x23
2016-08-12 21:21:380   Output LSCData----->1220=0xB2
2016-08-12 21:21:380   Output LSCData----->1221=0x26
2016-08-12 21:21:381   Output LSCData----->1222=0xDC
2016-08-12 21:21:381   Output LSCData----->1223=0x25
2016-08-12 21:21:381   Output LSCData----->1224=0xCB
2016-08-12 21:21:382   Output LSCData----->1225=0x25
2016-08-12 21:21:382   Output LSCData----->1226=0xF4
2016-08-12 21:21:383   Output LSCData----->1227=0x25
2016-08-12 21:21:383   Output LSCData----->1228=0xD2
2016-08-12 21:21:383   Output LSCData----->1229=0x2B
2016-08-12 21:21:384   Output LSCData----->1230=0xC4
2016-08-12 21:21:384   Output LSCData----->1231=0x29
2016-08-12 21:21:385   Output LSCData----->1232=0xC6
2016-08-12 21:21:385   Output LSCData----->1233=0x29
2016-08-12 21:21:385   Output LSCData----->1234=0xA2
2016-08-12 21:21:386   Output LSCData----->1235=0x29
2016-08-12 21:21:386   Output LSCData----->1236=0x05
2016-08-12 21:21:387   Output LSCData----->1237=0x33
2016-08-12 21:21:387   Output LSCData----->1238=0x70
2016-08-12 21:21:387   Output LSCData----->1239=0x2F
2016-08-12 21:21:388   Output LSCData----->1240=0x56
2016-08-12 21:21:388   Output LSCData----->1241=0x2F
2016-08-12 21:21:389   Output LSCData----->1242=0xFD
2016-08-12 21:21:390   Output LSCData----->1243=0x2E
2016-08-12 21:21:390   Output LSCData----->1244=0x93
2016-08-12 21:21:391   Output LSCData----->1245=0x3C
2016-08-12 21:21:391   Output LSCData----->1246=0xD6
2016-08-12 21:21:392   Output LSCData----->1247=0x36
2016-08-12 21:21:392   Output LSCData----->1248=0xA6
2016-08-12 21:21:393   Output LSCData----->1249=0x36
2016-08-12 21:21:393   Output LSCData----->1250=0xDB
2016-08-12 21:21:394   Output LSCData----->1251=0x35
2016-08-12 21:21:394   Output LSCData----->1252=0x34
2016-08-12 21:21:394   Output LSCData----->1253=0x47
2016-08-12 21:21:395   Output LSCData----->1254=0x9C
2016-08-12 21:21:395   Output LSCData----->1255=0x3F
2016-08-12 21:21:396   Output LSCData----->1256=0x5E
2016-08-12 21:21:396   Output LSCData----->1257=0x3F
2016-08-12 21:21:397   Output LSCData----->1258=0x47
2016-08-12 21:21:397   Output LSCData----->1259=0x3E
2016-08-12 21:21:398   Output LSCData----->1260=0x26
2016-08-12 21:21:398   Output LSCData----->1261=0x52
2016-08-12 21:21:398   Output LSCData----->1262=0x63
2016-08-12 21:21:399   Output LSCData----->1263=0x48
2016-08-12 21:21:399   Output LSCData----->1264=0x2A
2016-08-12 21:21:400   Output LSCData----->1265=0x48
2016-08-12 21:21:400   Output LSCData----->1266=0x4A
2016-08-12 21:21:400   Output LSCData----->1267=0x47
2016-08-12 21:21:401   Output LSCData----->1268=0xFD
2016-08-12 21:21:401   Output LSCData----->1269=0x4A
2016-08-12 21:21:402   Output LSCData----->1270=0x7D
2016-08-12 21:21:402   Output LSCData----->1271=0x41
2016-08-12 21:21:402   Output LSCData----->1272=0x03
2016-08-12 21:21:403   Output LSCData----->1273=0x42
2016-08-12 21:21:403   Output LSCData----->1274=0x95
2016-08-12 21:21:404   Output LSCData----->1275=0x41
2016-08-12 21:21:404   Output LSCData----->1276=0x2C
2016-08-12 21:21:404   Output LSCData----->1277=0x44
2016-08-12 21:21:405   Output LSCData----->1278=0x15
2016-08-12 21:21:405   Output LSCData----->1279=0x3C
2016-08-12 21:21:406   Output LSCData----->1280=0x37
2016-08-12 21:21:406   Output LSCData----->1281=0x3C
2016-08-12 21:21:407   Output LSCData----->1282=0x22
2016-08-12 21:21:407   Output LSCData----->1283=0x3C
2016-08-12 21:21:408   Output LSCData----->1284=0x1E
2016-08-12 21:21:408   Output LSCData----->1285=0x3C
2016-08-12 21:21:409   Output LSCData----->1286=0x57
2016-08-12 21:21:409   Output LSCData----->1287=0x35
2016-08-12 21:21:410   Output LSCData----->1288=0xA7
2016-08-12 21:21:410   Output LSCData----->1289=0x35
2016-08-12 21:21:410   Output LSCData----->1290=0x61
2016-08-12 21:21:411   Output LSCData----->1291=0x35
2016-08-12 21:21:411   Output LSCData----->1292=0x53
2016-08-12 21:21:412   Output LSCData----->1293=0x34
2016-08-12 21:21:412   Output LSCData----->1294=0x71
2016-08-12 21:21:412   Output LSCData----->1295=0x2F
2016-08-12 21:21:413   Output LSCData----->1296=0x92
2016-08-12 21:21:413   Output LSCData----->1297=0x2F
2016-08-12 21:21:414   Output LSCData----->1298=0xBE
2016-08-12 21:21:414   Output LSCData----->1299=0x2F
2016-08-12 21:21:415   Output LSCData----->1300=0xC5
2016-08-12 21:21:415   Output LSCData----->1301=0x2D
2016-08-12 21:21:415   Output LSCData----->1302=0xA9
2016-08-12 21:21:416   Output LSCData----->1303=0x2A
2016-08-12 21:21:416   Output LSCData----->1304=0xA7
2016-08-12 21:21:417   Output LSCData----->1305=0x2A
2016-08-12 21:21:417   Output LSCData----->1306=0x15
2016-08-12 21:21:417   Output LSCData----->1307=0x2B
2016-08-12 21:21:418   Output LSCData----->1308=0x3B
2016-08-12 21:21:418   Output LSCData----->1309=0x29
2016-08-12 21:21:419   Output LSCData----->1310=0x75
2016-08-12 21:21:419   Output LSCData----->1311=0x27
2016-08-12 21:21:420   Output LSCData----->1312=0x5E
2016-08-12 21:21:420   Output LSCData----->1313=0x27
2016-08-12 21:21:421   Output LSCData----->1314=0xDD
2016-08-12 21:21:421   Output LSCData----->1315=0x27
2016-08-12 21:21:422   Output LSCData----->1316=0x6E
2016-08-12 21:21:422   Output LSCData----->1317=0x26
2016-08-12 21:21:422   Output LSCData----->1318=0x5A
2016-08-12 21:21:423   Output LSCData----->1319=0x25
2016-08-12 21:21:423   Output LSCData----->1320=0x48
2016-08-12 21:21:424   Output LSCData----->1321=0x25
2016-08-12 21:21:425   Output LSCData----->1322=0xB4
2016-08-12 21:21:425   Output LSCData----->1323=0x25
2016-08-12 21:21:426   Output LSCData----->1324=0x76
2016-08-12 21:21:427   Output LSCData----->1325=0x25
2016-08-12 21:21:427   Output LSCData----->1326=0x9F
2016-08-12 21:21:428   Output LSCData----->1327=0x24
2016-08-12 21:21:428   Output LSCData----->1328=0x7E
2016-08-12 21:21:429   Output LSCData----->1329=0x24
2016-08-12 21:21:429   Output LSCData----->1330=0xDC
2016-08-12 21:21:430   Output LSCData----->1331=0x24
2016-08-12 21:21:431   Output LSCData----->1332=0x63
2016-08-12 21:21:431   Output LSCData----->1333=0x26
2016-08-12 21:21:432   Output LSCData----->1334=0x6B
2016-08-12 21:21:433   Output LSCData----->1335=0x25
2016-08-12 21:21:433   Output LSCData----->1336=0x56
2016-08-12 21:21:433   Output LSCData----->1337=0x25
2016-08-12 21:21:434   Output LSCData----->1338=0xB6
2016-08-12 21:21:434   Output LSCData----->1339=0x25
2016-08-12 21:21:435   Output LSCData----->1340=0x8D
2016-08-12 21:21:435   Output LSCData----->1341=0x29
2016-08-12 21:21:436   Output LSCData----->1342=0xDD
2016-08-12 21:21:436   Output LSCData----->1343=0x27
2016-08-12 21:21:437   Output LSCData----->1344=0xCE
2016-08-12 21:21:437   Output LSCData----->1345=0x27
2016-08-12 21:21:437   Output LSCData----->1346=0x0F
2016-08-12 21:21:438   Output LSCData----->1347=0x28
2016-08-12 21:21:438   Output LSCData----->1348=0x3E
2016-08-12 21:21:439   Output LSCData----->1349=0x2E
2016-08-12 21:21:439   Output LSCData----->1350=0xA4
2016-08-12 21:21:439   Output LSCData----->1351=0x2B
2016-08-12 21:21:440   Output LSCData----->1352=0x74
2016-08-12 21:21:440   Output LSCData----->1353=0x2B
2016-08-12 21:21:441   Output LSCData----->1354=0x92
2016-08-12 21:21:441   Output LSCData----->1355=0x2B
2016-08-12 21:21:442   Output LSCData----->1356=0x87
2016-08-12 21:21:442   Output LSCData----->1357=0x35
2016-08-12 21:21:442   Output LSCData----->1358=0x3D
2016-08-12 21:21:443   Output LSCData----->1359=0x31
2016-08-12 21:21:443   Output LSCData----->1360=0x24
2016-08-12 21:21:444   Output LSCData----->1361=0x31
2016-08-12 21:21:444   Output LSCData----->1362=0xD9
2016-08-12 21:21:445   Output LSCData----->1363=0x30
2016-08-12 21:21:445   Output LSCData----->1364=0xD9
2016-08-12 21:21:446   Output LSCData----->1365=0x3E
2016-08-12 21:21:446   Output LSCData----->1366=0xC0
2016-08-12 21:21:447   Output LSCData----->1367=0x38
2016-08-12 21:21:447   Output LSCData----->1368=0x67
2016-08-12 21:21:448   Output LSCData----->1369=0x38
2016-08-12 21:21:448   Output LSCData----->1370=0xB0
2016-08-12 21:21:449   Output LSCData----->1371=0x37
2016-08-12 21:21:449   Output LSCData----->1372=0x03
2016-08-12 21:21:449   Output LSCData----->1373=0x49
2016-08-12 21:21:450   Output LSCData----->1374=0xFA
2016-08-12 21:21:450   Output LSCData----->1375=0x40
2016-08-12 21:21:451   Output LSCData----->1376=0xD0
2016-08-12 21:21:452   Output LSCData----->1377=0x40
2016-08-12 21:21:452   Output LSCData----->1378=0xB3
2016-08-12 21:21:452   Output LSCData----->1379=0x3F
2016-08-12 21:21:453   Output LSCData----->1380=0x49
2016-08-12 21:21:453   Output LSCData----->1381=0x54
2016-08-12 21:21:454   Output LSCData----->1382=0xD0
2016-08-12 21:21:455   Output LSCData----->1383=0x49
2016-08-12 21:21:455   Output LSCData----->1384=0x9A
2016-08-12 21:21:455   Output LSCData----->1385=0x49
2016-08-12 21:21:456   Output LSCData----->1386=0xA6
2016-08-12 21:21:456   Output LSCData----->1387=0x48
2016-08-12 21:21:457   Output LSCData----->1388=0x80
2016-08-12 21:21:457   Output LSCData----->1389=0x4C
2016-08-12 21:21:458   Output LSCData----->1390=0xDD
2016-08-12 21:21:458   Output LSCData----->1391=0x42
2016-08-12 21:21:458   Output LSCData----->1392=0x66
2016-08-12 21:21:459   Output LSCData----->1393=0x43
2016-08-12 21:21:459   Output LSCData----->1394=0x35
2016-08-12 21:21:460   Output LSCData----->1395=0x43
2016-08-12 21:21:460   Output LSCData----->1396=0x25
2016-08-12 21:21:461   Output LSCData----->1397=0x46
2016-08-12 21:21:461   Output LSCData----->1398=0xC5
2016-08-12 21:21:461   Output LSCData----->1399=0x3D
2016-08-12 21:21:462   Output LSCData----->1400=0xF7
2016-08-12 21:21:462   Output LSCData----->1401=0x3D
2016-08-12 21:21:463   Output LSCData----->1402=0x2D
2016-08-12 21:21:463   Output LSCData----->1403=0x3E
2016-08-12 21:21:463   Output LSCData----->1404=0x74
2016-08-12 21:21:464   Output LSCData----->1405=0x3E
2016-08-12 21:21:464   Output LSCData----->1406=0x6A
2016-08-12 21:21:465   Output LSCData----->1407=0x37
2016-08-12 21:21:465   Output LSCData----->1408=0xB0
2016-08-12 21:21:466   Output LSCData----->1409=0x37
2016-08-12 21:21:466   Output LSCData----->1410=0xC9
2016-08-12 21:21:467   Output LSCData----->1411=0x37
2016-08-12 21:21:467   Output LSCData----->1412=0x71
2016-08-12 21:21:467   Output LSCData----->1413=0x37
2016-08-12 21:21:468   Output LSCData----->1414=0xE3
2016-08-12 21:21:468   Output LSCData----->1415=0x31
2016-08-12 21:21:469   Output LSCData----->1416=0xF9
2016-08-12 21:21:469   Output LSCData----->1417=0x31
2016-08-12 21:21:469   Output LSCData----->1418=0x3B
2016-08-12 21:21:470   Output LSCData----->1419=0x32
2016-08-12 21:21:470   Output LSCData----->1420=0x1A
2016-08-12 21:21:471   Output LSCData----->1421=0x31
2016-08-12 21:21:471   Output LSCData----->1422=0x31
2016-08-12 21:21:472   Output LSCData----->1423=0x2D
2016-08-12 21:21:472   Output LSCData----->1424=0x32
2016-08-12 21:21:472   Output LSCData----->1425=0x2D
2016-08-12 21:21:473   Output LSCData----->1426=0xA9
2016-08-12 21:21:473   Output LSCData----->1427=0x2D
2016-08-12 21:21:474   Output LSCData----->1428=0xBA
2016-08-12 21:21:474   Output LSCData----->1429=0x2C
2016-08-12 21:21:474   Output LSCData----->1430=0xFF
2016-08-12 21:21:475   Output LSCData----->1431=0x29
2016-08-12 21:21:475   Output LSCData----->1432=0xD9
2016-08-12 21:21:476   Output LSCData----->1433=0x29
2016-08-12 21:21:476   Output LSCData----->1434=0x83
2016-08-12 21:21:476   Output LSCData----->1435=0x2A
2016-08-12 21:21:477   Output LSCData----->1436=0x0B
2016-08-12 21:21:477   Output LSCData----->1437=0x2A
2016-08-12 21:21:478   Output LSCData----->1438=0x17
2016-08-12 21:21:478   Output LSCData----->1439=0x28
2016-08-12 21:21:479   Output LSCData----->1440=0xEB
2016-08-12 21:21:479   Output LSCData----->1441=0x27
2016-08-12 21:21:479   Output LSCData----->1442=0x88
2016-08-12 21:21:480   Output LSCData----->1443=0x28
2016-08-12 21:21:480   Output LSCData----->1444=0x26
2016-08-12 21:21:481   Output LSCData----->1445=0x29
2016-08-12 21:21:481   Output LSCData----->1446=0x7C
2016-08-12 21:21:481   Output LSCData----->1447=0x27
2016-08-12 21:21:482   Output LSCData----->1448=0x4C
2016-08-12 21:21:482   Output LSCData----->1449=0x27
2016-08-12 21:21:483   Output LSCData----->1450=0xC6
2016-08-12 21:21:483   Output LSCData----->1451=0x27
2016-08-12 21:21:484   Output LSCData----->1452=0x09
2016-08-12 21:21:484   Output LSCData----->1453=0x2A
2016-08-12 21:21:484   Output LSCData----->1454=0x2F
2016-08-12 21:21:485   Output LSCData----->1455=0x28
2016-08-12 21:21:485   Output LSCData----->1456=0x0F
2016-08-12 21:21:486   Output LSCData----->1457=0x28
2016-08-12 21:21:486   Output LSCData----->1458=0x73
2016-08-12 21:21:486   Output LSCData----->1459=0x28
2016-08-12 21:21:487   Output LSCData----->1460=0xE9
2016-08-12 21:21:487   Output LSCData----->1461=0x2C
2016-08-12 21:21:488   Output LSCData----->1462=0x7F
2016-08-12 21:21:488   Output LSCData----->1463=0x2A
2016-08-12 21:21:488   Output LSCData----->1464=0x4E
2016-08-12 21:21:489   Output LSCData----->1465=0x2A
2016-08-12 21:21:489   Output LSCData----->1466=0xA5
2016-08-12 21:21:490   Output LSCData----->1467=0x2A
2016-08-12 21:21:490   Output LSCData----->1468=0xD1
2016-08-12 21:21:491   Output LSCData----->1469=0x31
2016-08-12 21:21:491   Output LSCData----->1470=0x4D
2016-08-12 21:21:491   Output LSCData----->1471=0x2E
2016-08-12 21:21:492   Output LSCData----->1472=0x22
2016-08-12 21:21:492   Output LSCData----->1473=0x2E
2016-08-12 21:21:493   Output LSCData----->1474=0x2D
2016-08-12 21:21:493   Output LSCData----->1475=0x2E
2016-08-12 21:21:493   Output LSCData----->1476=0xFC
2016-08-12 21:21:494   Output LSCData----->1477=0x38
2016-08-12 21:21:494   Output LSCData----->1478=0xFE
2016-08-12 21:21:495   Output LSCData----->1479=0x33
2016-08-12 21:21:495   Output LSCData----->1480=0xB1
2016-08-12 21:21:495   Output LSCData----->1481=0x33
2016-08-12 21:21:496   Output LSCData----->1482=0x79
2016-08-12 21:21:496   Output LSCData----->1483=0x33
2016-08-12 21:21:497   Output LSCData----->1484=0xF0
2016-08-12 21:21:497   Output LSCData----->1485=0x41
2016-08-12 21:21:497   Output LSCData----->1486=0x21
2016-08-12 21:21:498   Output LSCData----->1487=0x3B
2016-08-12 21:21:498   Output LSCData----->1488=0xCE
2016-08-12 21:21:499   Output LSCData----->1489=0x3A
2016-08-12 21:21:499   Output LSCData----->1490=0x62
2016-08-12 21:21:500   Output LSCData----->1491=0x3A
2016-08-12 21:21:500   Output LSCData----->1492=0x66
2016-08-12 21:21:500   Output LSCData----->1493=0x4B
2016-08-12 21:21:501   Output LSCData----->1494=0x28
2016-08-12 21:21:501   Output LSCData----->1495=0x43
2016-08-12 21:21:502   Output LSCData----->1496=0xC1
2016-08-12 21:21:502   Output LSCData----->1497=0x42
2016-08-12 21:21:503   Output LSCData----->1498=0x1C
2016-08-12 21:21:503   Output LSCData----->1499=0x42
2016-08-12 21:21:503   Output LSCData----->1500=0x21
2016-08-12 21:21:504   Output LSCData----->1501=0x57
2016-08-12 21:21:504   Output LSCData----->1502=0xB6
2016-08-12 21:21:505   Output LSCData----->1503=0x4B
2016-08-12 21:21:505   Output LSCData----->1504=0xC1
2016-08-12 21:21:505   Output LSCData----->1505=0x4B
2016-08-12 21:21:506   Output LSCData----->1506=0x14
2016-08-12 21:21:506   Output LSCData----->1507=0x4B
2016-08-12 21:21:507   Output LSCData----->1508=0x1B
2016-08-12 21:21:507   Output LSCData----->1509=0x4E
2016-08-12 21:21:507   Output LSCData----->1510=0x51
2016-08-12 21:21:508   Output LSCData----->1511=0x44
2016-08-12 21:21:508   Output LSCData----->1512=0x95
2016-08-12 21:21:509   Output LSCData----->1513=0x44
2016-08-12 21:21:509   Output LSCData----->1514=0xC7
2016-08-12 21:21:510   Output LSCData----->1515=0x44
2016-08-12 21:21:510   Output LSCData----->1516=0x8D
2016-08-12 21:21:510   Output LSCData----->1517=0x49
2016-08-12 21:21:511   Output LSCData----->1518=0xCB
2016-08-12 21:21:511   Output LSCData----->1519=0x40
2016-08-12 21:21:512   Output LSCData----->1520=0x01
2016-08-12 21:21:512   Output LSCData----->1521=0x41
2016-08-12 21:21:512   Output LSCData----->1522=0x5C
2016-08-12 21:21:513   Output LSCData----->1523=0x41
2016-08-12 21:21:513   Output LSCData----->1524=0x82
2016-08-12 21:21:514   Output LSCData----->1525=0x41
2016-08-12 21:21:514   Output LSCData----->1526=0x05
2016-08-12 21:21:514   Output LSCData----->1527=0x3A
2016-08-12 21:21:515   Output LSCData----->1528=0x1F
2016-08-12 21:21:515   Output LSCData----->1529=0x3A
2016-08-12 21:21:516   Output LSCData----->1530=0x4F
2016-08-12 21:21:516   Output LSCData----->1531=0x3A
2016-08-12 21:21:516   Output LSCData----->1532=0x68
2016-08-12 21:21:517   Output LSCData----->1533=0x3B
2016-08-12 21:21:517   Output LSCData----->1534=0x25
2016-08-12 21:21:518   Output LSCData----->1535=0x35
2016-08-12 21:21:518   Output LSCData----->1536=0x21
2016-08-12 21:21:519   Output LSCData----->1537=0x35
2016-08-12 21:21:519   Output LSCData----->1538=0xB0
2016-08-12 21:21:519   Output LSCData----->1539=0x35
2016-08-12 21:21:520   Output LSCData----->1540=0x7D
2016-08-12 21:21:520   Output LSCData----->1541=0x35
2016-08-12 21:21:521   Output LSCData----->1542=0xAE
2016-08-12 21:21:521   Output LSCData----->1543=0x30
2016-08-12 21:21:521   Output LSCData----->1544=0xA0
2016-08-12 21:21:522   Output LSCData----->1545=0x30
2016-08-12 21:21:522   Output LSCData----->1546=0x13
2016-08-12 21:21:523   Output LSCData----->1547=0x31
2016-08-12 21:21:523   Output LSCData----->1548=0x36
2016-08-12 21:21:524   Output LSCData----->1549=0x31
2016-08-12 21:21:524   Output LSCData----->1550=0x86
2016-08-12 21:21:524   Output LSCData----->1551=0x2D
2016-08-12 21:21:525   Output LSCData----->1552=0x62
2016-08-12 21:21:525   Output LSCData----->1553=0x2D
2016-08-12 21:21:526   Output LSCData----->1554=0xFC
2016-08-12 21:21:526   Output LSCData----->1555=0x2D
2016-08-12 21:21:526   Output LSCData----->1556=0xC8
2016-08-12 21:21:527   Output LSCData----->1557=0x2E
2016-08-12 21:21:527   Output LSCData----->1558=0xA7
2016-08-12 21:21:528   Output LSCData----->1559=0x2B
2016-08-12 21:21:528   Output LSCData----->1560=0x78
2016-08-12 21:21:528   Output LSCData----->1561=0x2B
2016-08-12 21:21:529   Output LSCData----->1562=0xFB
2016-08-12 21:21:529   Output LSCData----->1563=0x2B
2016-08-12 21:21:530   Output LSCData----->1564=0xE6
2016-08-12 21:21:530   Output LSCData----->1565=0x2D
2016-08-12 21:21:530   Output LSCData----->1566=0xF2
2016-08-12 21:21:531   Output LSCData----->1567=0x2A
2016-08-12 21:21:531   Output LSCData----->1568=0xC4
2016-08-12 21:21:532   Output LSCData----->1569=0x2A
2016-08-12 21:21:532   Output LSCData----->1570=0x3F
2016-08-12 21:21:532   Output LSCData----->1571=0x2B
2016-08-12 21:21:533   Output LSCData----->1572=0xA4
2016-08-12 21:21:533   Output LSCData----->1573=0x2E
2016-08-12 21:21:534   Output LSCData----->1574=0xC8
2016-08-12 21:21:534   Output LSCData----->1575=0x2B
2016-08-12 21:21:534   Output LSCData----->1576=0x84
2016-08-12 21:21:535   Output LSCData----->1577=0x2B
2016-08-12 21:21:535   Output LSCData----->1578=0xD4
2016-08-12 21:21:536   Output LSCData----->1579=0x2B
2016-08-12 21:21:536   Output LSCData----->1580=0x83
2016-08-12 21:21:537   Output LSCData----->1581=0x31
2016-08-12 21:21:537   Output LSCData----->1582=0x00
2016-08-12 21:21:537   Output LSCData----->1583=0x2E
2016-08-12 21:21:538   Output LSCData----->1584=0xD4
2016-08-12 21:21:538   Output LSCData----->1585=0x2D
2016-08-12 21:21:539   Output LSCData----->1586=0x00
2016-08-12 21:21:539   Output LSCData----->1587=0x2E
2016-08-12 21:21:539   Output LSCData----->1588=0x70
2016-08-12 21:21:540   Output LSCData----->1589=0x36
2016-08-12 21:21:540   Output LSCData----->1590=0xC1
2016-08-12 21:21:541   Output LSCData----->1591=0x31
2016-08-12 21:21:541   Output LSCData----->1592=0x9B
2016-08-12 21:21:541   Output LSCData----->1593=0x31
2016-08-12 21:21:542   Output LSCData----->1594=0x9E
2016-08-12 21:21:542   Output LSCData----->1595=0x31
2016-08-12 21:21:543   Output LSCData----->1596=0x30
2016-08-12 21:21:543   Output LSCData----->1597=0x3D
2016-08-12 21:21:544   Output LSCData----->1598=0x36
2016-08-12 21:21:544   Output LSCData----->1599=0x37
2016-08-12 21:21:544   Output LSCData----->1600=0x03
2016-08-12 21:21:545   Output LSCData----->1601=0x37
2016-08-12 21:21:545   Output LSCData----->1602=0xC8
2016-08-12 21:21:546   Output LSCData----->1603=0x36
2016-08-12 21:21:546   Output LSCData----->1604=0x63
2016-08-12 21:21:547   Output LSCData----->1605=0x45
2016-08-12 21:21:547   Output LSCData----->1606=0x16
2016-08-12 21:21:547   Output LSCData----->1607=0x3E
2016-08-12 21:21:548   Output LSCData----->1608=0xB4
2016-08-12 21:21:548   Output LSCData----->1609=0x3D
2016-08-12 21:21:549   Output LSCData----->1610=0x64
2016-08-12 21:21:549   Output LSCData----->1611=0x3D
2016-08-12 21:21:550   Output LSCData----->1612=0x32
2016-08-12 21:21:550   Output LSCData----->1613=0x4F
2016-08-12 21:21:550   Output LSCData----->1614=0x53
2016-08-12 21:21:551   Output LSCData----->1615=0x46
2016-08-12 21:21:551   Output LSCData----->1616=0x36
2016-08-12 21:21:552   Output LSCData----->1617=0x46
2016-08-12 21:21:552   Output LSCData----->1618=0x7B
2016-08-12 21:21:552   Output LSCData----->1619=0x45
2016-08-12 21:21:553   Output LSCData----->1620=0x40
2016-08-12 21:21:554   Output LSCData----->1621=0x59
2016-08-12 21:21:554   Output LSCData----->1622=0xF4
2016-08-12 21:21:554   Output LSCData----->1623=0x4C
2016-08-12 21:21:555   Output LSCData----->1624=0xCD
2016-08-12 21:21:555   Output LSCData----->1625=0x4C
2016-08-12 21:21:556   Output LSCData----->1626=0x66
2016-08-12 21:21:556   Output LSCData----->1627=0x4C
2016-08-12 21:21:557   Output LSCData----->1628=0x66
2016-08-12 21:21:557   Output LSCData----->1629=0x4C
2016-08-12 21:21:557   Output LSCData----->1630=0xC4
2016-08-12 21:21:558   Output LSCData----->1631=0x42
2016-08-12 21:21:558   Output LSCData----->1632=0x02
2016-08-12 21:21:559   Output LSCData----->1633=0x43
2016-08-12 21:21:559   Output LSCData----->1634=0x16
2016-08-12 21:21:559   Output LSCData----->1635=0x43
2016-08-12 21:21:560   Output LSCData----->1636=0xC8
2016-08-12 21:21:560   Output LSCData----->1637=0x4D
2016-08-12 21:21:561   Output LSCData----->1638=0x4B
2016-08-12 21:21:561   Output LSCData----->1639=0x44
2016-08-12 21:21:561   Output LSCData----->1640=0x60
2016-08-12 21:21:562   Output LSCData----->1641=0x44
2016-08-12 21:21:562   Output LSCData----->1642=0x56
2016-08-12 21:21:563   Output LSCData----->1643=0x45
2016-08-12 21:21:563   Output LSCData----->1644=0xA4
2016-08-12 21:21:564   Output LSCData----->1645=0x45
2016-08-12 21:21:564   Output LSCData----->1646=0xAC
2016-08-12 21:21:564   Output LSCData----->1647=0x3D
2016-08-12 21:21:565   Output LSCData----->1648=0x8E
2016-08-12 21:21:565   Output LSCData----->1649=0x3D
2016-08-12 21:21:566   Output LSCData----->1650=0x57
2016-08-12 21:21:566   Output LSCData----->1651=0x3E
2016-08-12 21:21:566   Output LSCData----->1652=0xB5
2016-08-12 21:21:567   Output LSCData----->1653=0x3F
2016-08-12 21:21:567   Output LSCData----->1654=0xE6
2016-08-12 21:21:568   Output LSCData----->1655=0x38
2016-08-12 21:21:568   Output LSCData----->1656=0xBB
2016-08-12 21:21:569   Output LSCData----->1657=0x38
2016-08-12 21:21:569   Output LSCData----->1658=0x69
2016-08-12 21:21:569   Output LSCData----->1659=0x39
2016-08-12 21:21:570   Output LSCData----->1660=0x04
2016-08-12 21:21:570   Output LSCData----->1661=0x3B
2016-08-12 21:21:571   Output LSCData----->1662=0xFE
2016-08-12 21:21:571   Output LSCData----->1663=0x34
2016-08-12 21:21:572   Output LSCData----->1664=0xC8
2016-08-12 21:21:572   Output LSCData----->1665=0x34
2016-08-12 21:21:573   Output LSCData----->1666=0x88
2016-08-12 21:21:573   Output LSCData----->1667=0x35
2016-08-12 21:21:573   Output LSCData----->1668=0x0D
2016-08-12 21:21:574   Output LSCData----->1669=0x37
2016-08-12 21:21:574   Output LSCData----->1670=0xEA
2016-08-12 21:21:575   Output LSCData----->1671=0x31
2016-08-12 21:21:575   Output LSCData----->1672=0xCD
2016-08-12 21:21:576   Output LSCData----->1673=0x31
2016-08-12 21:21:576   Output LSCData----->1674=0x57
2016-08-12 21:21:576   Output LSCData----->1675=0x32
2016-08-12 21:21:577   Output LSCData----->1676=0x61
2016-08-12 21:21:577   Output LSCData----->1677=0x34
2016-08-12 21:21:578   Output LSCData----->1678=0x06
2016-08-12 21:21:578   Output LSCData----->1679=0x30
2016-08-12 21:21:579   Output LSCData----->1680=0xE1
2016-08-12 21:21:579   Output LSCData----->1681=0x2F
2016-08-12 21:21:579   Output LSCData----->1682=0x5D
2016-08-12 21:21:580   Output LSCData----->1683=0x30
2016-08-12 21:21:580   Output LSCData----->1684=0x8D
2016-08-12 21:21:581   Output LSCData----->1685=0x33
2016-08-12 21:21:581   Output LSCData----->1686=0x61
2016-08-12 21:21:582   Output LSCData----->1687=0x2F
2016-08-12 21:21:582   Output LSCData----->1688=0x20
2016-08-12 21:21:582   Output LSCData----->1689=0x2F
2016-08-12 21:21:583   Output LSCData----->1690=0x88
2016-08-12 21:21:583   Output LSCData----->1691=0x2F
2016-08-12 21:21:584   Output LSCData----->1692=0x2B
2016-08-12 21:21:584   Output LSCData----->1693=0x34
2016-08-12 21:21:585   Output LSCData----->1694=0x15
2016-08-12 21:21:585   Output LSCData----->1695=0x30
2016-08-12 21:21:585   Output LSCData----->1696=0xDC
2016-08-12 21:21:586   Output LSCData----->1697=0x2F
2016-08-12 21:21:586   Output LSCData----->1698=0x16
2016-08-12 21:21:587   Output LSCData----->1699=0x30
2016-08-12 21:21:587   Output LSCData----->1700=0x09
2016-08-12 21:21:587   Output LSCData----->1701=0x37
2016-08-12 21:21:588   Output LSCData----->1702=0x50
2016-08-12 21:21:588   Output LSCData----->1703=0x32
2016-08-12 21:21:589   Output LSCData----->1704=0x02
2016-08-12 21:21:589   Output LSCData----->1705=0x32
2016-08-12 21:21:589   Output LSCData----->1706=0x2C
2016-08-12 21:21:590   Output LSCData----->1707=0x32
2016-08-12 21:21:590   Output LSCData----->1708=0x9B
2016-08-12 21:21:591   Output LSCData----->1709=0x3B
2016-08-12 21:21:591   Output LSCData----->1710=0x11
2016-08-12 21:21:591   Output LSCData----->1711=0x36
2016-08-12 21:21:592   Output LSCData----->1712=0xBC
2016-08-12 21:21:592   Output LSCData----->1713=0x35
2016-08-12 21:21:593   Output LSCData----->1714=0xEC
2016-08-12 21:21:593   Output LSCData----->1715=0x35
2016-08-12 21:21:594   Output LSCData----->1716=0x0B
2016-08-12 21:21:594   Output LSCData----->1717=0x42
2016-08-12 21:21:594   Output LSCData----->1718=0x1B
2016-08-12 21:21:595   Output LSCData----->1719=0x3B
2016-08-12 21:21:595   Output LSCData----->1720=0xF2
2016-08-12 21:21:596   Output LSCData----->1721=0x3A
2016-08-12 21:21:596   Output LSCData----->1722=0xDF
2016-08-12 21:21:596   Output LSCData----->1723=0x3A
2016-08-12 21:21:597   Output LSCData----->1724=0xAA
2016-08-12 21:21:597   Output LSCData----->1725=0x49
2016-08-12 21:21:598   Output LSCData----->1726=0xAE
2016-08-12 21:21:598   Output LSCData----->1727=0x41
2016-08-12 21:21:599   Output LSCData----->1728=0x43
2016-08-12 21:21:599   Output LSCData----->1729=0x41
2016-08-12 21:21:600   Output LSCData----->1730=0x17
2016-08-12 21:21:600   Output LSCData----->1731=0x41
2016-08-12 21:21:600   Output LSCData----->1732=0xB8
2016-08-12 21:21:601   Output LSCData----->1733=0x54
2016-08-12 21:21:601   Output LSCData----->1734=0x96
2016-08-12 21:21:602   Output LSCData----->1735=0x4A
2016-08-12 21:21:602   Output LSCData----->1736=0x5E
2016-08-12 21:21:602   Output LSCData----->1737=0x4A
2016-08-12 21:21:603   Output LSCData----->1738=0xE8
2016-08-12 21:21:603   Output LSCData----->1739=0x49
2016-08-12 21:21:604   Output LSCData----->1740=0x2F
2016-08-12 21:21:604   Output LSCData----->1741=0x57
2016-08-12 21:21:604   Output LSCData----->1742=0x94
2016-08-12 21:21:605   Output LSCData----->1743=0x4B
2016-08-12 21:21:605   Output LSCData----->1744=0x70
2016-08-12 21:21:606   Output LSCData----->1745=0x4B
2016-08-12 21:21:606   Output LSCData----->1746=0x02
2016-08-12 21:21:607   Output LSCData----->1747=0x4B
2016-08-12 21:21:607   Output LSCData----->1748=0x45
2016-08-12 21:21:607   Output LSCData----->1749=0x43
2016-08-12 21:21:608   Output LSCData----->1750=0x62
2016-08-12 21:21:608   Output LSCData----->1751=0x3A
2016-08-12 21:21:609   Output LSCData----->1752=0xBC
2016-08-12 21:21:609   Output LSCData----->1753=0x3A
2016-08-12 21:21:609   Output LSCData----->1754=0x55
2016-08-12 21:21:610   Output LSCData----->1755=0x3B
2016-08-12 21:21:610   Output LSCData----->1756=0x42
2016-08-12 21:21:611   Output LSCData----->1757=0x4E
2016-08-12 21:21:611   Output LSCData----->1758=0x48
2016-08-12 21:21:612   Output LSCData----->1759=0x44
2016-08-12 21:21:612   Output LSCData----->1760=0x58
2016-08-12 21:21:612   Output LSCData----->1761=0x44
2016-08-12 21:21:613   Output LSCData----->1762=0x9C
2016-08-12 21:21:613   Output LSCData----->1763=0x45
2016-08-12 21:21:614   Output LSCData----->1764=0xE5
2016-08-12 21:21:614   Output LSCData----->1765=0x49
2016-08-12 21:21:614   Output LSCData----->1766=0xAB
2016-08-12 21:21:615   Output LSCData----->1767=0x40
2016-08-12 21:21:615   Output LSCData----->1768=0x01
2016-08-12 21:21:616   Output LSCData----->1769=0x41
2016-08-12 21:21:616   Output LSCData----->1770=0xEC
2016-08-12 21:21:616   Output LSCData----->1771=0x41
2016-08-12 21:21:617   Output LSCData----->1772=0xDE
2016-08-12 21:21:617   Output LSCData----->1773=0x43
2016-08-12 21:21:618   Output LSCData----->1774=0xCB
2016-08-12 21:21:618   Output LSCData----->1775=0x3B
2016-08-12 21:21:619   Output LSCData----->1776=0xE0
2016-08-12 21:21:619   Output LSCData----->1777=0x3B
2016-08-12 21:21:619   Output LSCData----->1778=0xB3
2016-08-12 21:21:620   Output LSCData----->1779=0x3C
2016-08-12 21:21:620   Output LSCData----->1780=0x70
2016-08-12 21:21:621   Output LSCData----->1781=0x3F
2016-08-12 21:21:621   Output LSCData----->1782=0x65
2016-08-12 21:21:622   Output LSCData----->1783=0x38
2016-08-12 21:21:622   Output LSCData----->1784=0x42
2016-08-12 21:21:622   Output LSCData----->1785=0x38
2016-08-12 21:21:623   Output LSCData----->1786=0x21
2016-08-12 21:21:623   Output LSCData----->1787=0x39
2016-08-12 21:21:624   Output LSCData----->1788=0x0B
2016-08-12 21:21:624   Output LSCData----->1789=0x3C
2016-08-12 21:21:624   Output LSCData----->1790=0xBE
2016-08-12 21:21:625   Output LSCData----->1791=0x35
2016-08-12 21:21:625   Output LSCData----->1792=0x8D
2016-08-12 21:21:626   Output LSCData----->1793=0x35
2016-08-12 21:21:626   Output LSCData----->1794=0x5D
2016-08-12 21:21:626   Output LSCData----->1795=0x36
2016-08-12 21:21:627   Output LSCData----->1796=0xD6
2016-08-12 21:21:627   Output LSCData----->1797=0x39
2016-08-12 21:21:628   Output LSCData----->1798=0xF6
2016-08-12 21:21:628   Output LSCData----->1799=0x33
2016-08-12 21:21:629   Output LSCData----->1800=0xC8
2016-08-12 21:21:629   Output LSCData----->1801=0x33
2016-08-12 21:21:630   Output LSCData----->1802=0x55
2016-08-12 21:21:630   Output LSCData----->1803=0x34
2016-08-12 21:21:631   Output LSCData----->1804=0x00
2016-08-12 21:21:632   Output LSCData----->1805=0x39
2016-08-12 21:21:632   Output LSCData----->1806=0x66
2016-08-12 21:21:632   Output LSCData----->1807=0x33
2016-08-12 21:21:633   Output LSCData----->1808=0x3A
2016-08-12 21:21:633   Output LSCData----->1809=0x33
2016-08-12 21:21:634   Output LSCData----->1810=0x9B
2016-08-12 21:21:634   Output LSCData----->1811=0x33
2016-08-12 21:21:634   Output LSCData----->1812=0x7D
2016-08-12 21:21:635   Output LSCData----->1813=0x39
2016-08-12 21:21:635   Output LSCData----->1814=0xFA
2016-08-12 21:21:636   Output LSCData----->1815=0x33
2016-08-12 21:21:636   Output LSCData----->1816=0xDC
2016-08-12 21:21:637   Output LSCData----->1817=0x33
2016-08-12 21:21:637   Output LSCData----->1818=0x2F
2016-08-12 21:21:637   Output LSCData----->1819=0x34
2016-08-12 21:21:638   Output LSCData----->1820=0x1F
2016-08-12 21:21:638   Output LSCData----->1821=0x3C
2016-08-12 21:21:639   Output LSCData----->1822=0xE8
2016-08-12 21:21:639   Output LSCData----->1823=0x35
2016-08-12 21:21:639   Output LSCData----->1824=0xAA
2016-08-12 21:21:640   Output LSCData----->1825=0x35
2016-08-12 21:21:640   Output LSCData----->1826=0x30
2016-08-12 21:21:641   Output LSCData----->1827=0x36
2016-08-12 21:21:641   Output LSCData----->1828=0x4E
2016-08-12 21:21:642   Output LSCData----->1829=0x40
2016-08-12 21:21:642   Output LSCData----->1830=0x94
2016-08-12 21:21:643   Output LSCData----->1831=0x39
2016-08-12 21:21:643   Output LSCData----->1832=0x4C
2016-08-12 21:21:644   Output LSCData----->1833=0x39
2016-08-12 21:21:644   Output LSCData----->1834=0x7C
2016-08-12 21:21:645   Output LSCData----->1835=0x39
2016-08-12 21:21:645   Output LSCData----->1836=0xC6
2016-08-12 21:21:646   Output LSCData----->1837=0x45
2016-08-12 21:21:646   Output LSCData----->1838=0x2B
2016-08-12 21:21:646   Output LSCData----->1839=0x3E
2016-08-12 21:21:647   Output LSCData----->1840=0xCB
2016-08-12 21:21:647   Output LSCData----->1841=0x3D
2016-08-12 21:21:648   Output LSCData----->1842=0x48
2016-08-12 21:21:648   Output LSCData----->1843=0x3E
2016-08-12 21:21:648   Output LSCData----->1844=0xE0
2016-08-12 21:21:649   Output LSCData----->1845=0x4D
2016-08-12 21:21:649   Output LSCData----->1846=0xD9
2016-08-12 21:21:650   Output LSCData----->1847=0x44
2016-08-12 21:21:650   Output LSCData----->1848=0x6C
2016-08-12 21:21:650   Output LSCData----->1849=0x44
2016-08-12 21:21:651   Output LSCData----->1850=0x79
2016-08-12 21:21:651   Output LSCData----->1851=0x44
2016-08-12 21:21:652   Output LSCData----->1852=0xA8
2016-08-12 21:21:652   Output LSCData----->1853=0x56
2016-08-12 21:21:653   Output LSCData----->1854=0x8D
2016-08-12 21:21:653   Output LSCData----->1855=0x4B
2016-08-12 21:21:653   Output LSCData----->1856=0x32
2016-08-12 21:21:654   Output LSCData----->1857=0x4B
2016-08-12 21:21:654   Output LSCData----->1858=0x75
2016-08-12 21:21:655   Output LSCData----->1859=0x4B
2016-08-12 21:21:655   Output LSCData----->1860=0xCF
2016-08-12 21:21:656   Output LSCData----->1861=0x4D
2016-08-12 21:21:656   Output LSCData----->1862=0x8A
2016-08-12 21:21:656   Output LSCData----->1863=0x42
2016-08-12 21:21:657   Output LSCData----->1864=0x75
2016-08-12 21:21:657   Output LSCData----->1865=0x42
2016-08-12 21:21:658   Output LSCData----->1866=0xF2
2016-08-12 21:21:658   Output LSCData----->1867=0x42
