2014-11-15 13:02:678   Output LSCData----->0=0xFF
2014-11-15 13:02:679   Output LSCData----->1=0x00
2014-11-15 13:02:680   Output LSCData----->2=0x02
2014-11-15 13:02:680   Output LSCData----->3=0x01
2014-11-15 13:02:680   Output LSCData----->4=0x00
2014-11-15 13:02:680   Output LSCData----->5=0x00
2014-11-15 13:02:681   Output LSCData----->6=0x00
2014-11-15 13:02:681   Output LSCData----->7=0x00
2014-11-15 13:02:681   Output LSCData----->8=0x0C
2014-11-15 13:02:681   Output LSCData----->9=0x00
2014-11-15 13:02:682   Output LSCData----->10=0x0C
2014-11-15 13:02:682   Output LSCData----->11=0x00
2014-11-15 13:02:682   Output LSCData----->12=0x38
2014-11-15 13:02:683   Output LSCData----->13=0x08
2014-11-15 13:02:683   Output LSCData----->14=0x18
2014-11-15 13:02:683   Output LSCData----->15=0x06
2014-11-15 13:02:683   Output LSCData----->16=0x0A
2014-11-15 13:02:684   Output LSCData----->17=0x00
2014-11-15 13:02:684   Output LSCData----->18=0x0A
2014-11-15 13:02:684   Output LSCData----->19=0x00
2014-11-15 13:02:684   Output LSCData----->20=0x00
2014-11-15 13:02:685   Output LSCData----->21=0x00
2014-11-15 13:02:685   Output LSCData----->22=0x00
2014-11-15 13:02:685   Output LSCData----->23=0x00
2014-11-15 13:02:685   Output LSCData----->24=0xE0
2014-11-15 13:02:686   Output LSCData----->25=0x00
2014-11-15 13:02:686   Output LSCData----->26=0x00
2014-11-15 13:02:686   Output LSCData----->27=0x00
2014-11-15 13:02:686   Output LSCData----->28=0x00
2014-11-15 13:02:687   Output LSCData----->29=0x00
2014-11-15 13:02:687   Output LSCData----->30=0x00
2014-11-15 13:02:687   Output LSCData----->31=0x30
2014-11-15 13:02:687   Output LSCData----->32=0x00
2014-11-15 13:02:688   Output LSCData----->33=0xE0
2014-11-15 13:02:688   Output LSCData----->34=0x00
2014-11-15 13:02:688   Output LSCData----->35=0xE0
2014-11-15 13:02:688   Output LSCData----->36=0x00
2014-11-15 13:02:689   Output LSCData----->37=0x00
2014-11-15 13:02:689   Output LSCData----->38=0x00
2014-11-15 13:02:689   Output LSCData----->39=0x40
2014-11-15 13:02:689   Output LSCData----->40=0x00
2014-11-15 13:02:690   Output LSCData----->41=0x00
2014-11-15 13:02:690   Output LSCData----->42=0x00
2014-11-15 13:02:690   Output LSCData----->43=0x00
2014-11-15 13:02:690   Output LSCData----->44=0x20
2014-11-15 13:02:691   Output LSCData----->45=0x20
2014-11-15 13:02:691   Output LSCData----->46=0x20
2014-11-15 13:02:691   Output LSCData----->47=0x20
2014-11-15 13:02:691   Output LSCData----->48=0x00
2014-11-15 13:02:692   Output LSCData----->49=0x00
2014-11-15 13:02:692   Output LSCData----->50=0x00
2014-11-15 13:02:692   Output LSCData----->51=0x30
2014-11-15 13:02:692   Output LSCData----->52=0x6F
2014-11-15 13:02:693   Output LSCData----->53=0x60
2014-11-15 13:02:693   Output LSCData----->54=0x50
2014-11-15 13:02:693   Output LSCData----->55=0xC0
2014-11-15 13:02:693   Output LSCData----->56=0x00
2014-11-15 13:02:694   Output LSCData----->57=0x00
2014-11-15 13:02:694   Output LSCData----->58=0x00
2014-11-15 13:02:694   Output LSCData----->59=0x40
2014-11-15 13:02:694   Output LSCData----->60=0x72
2014-11-15 13:02:695   Output LSCData----->61=0x00
2014-11-15 13:02:695   Output LSCData----->62=0x5C
2014-11-15 13:02:695   Output LSCData----->63=0x00
2014-11-15 13:02:695   Output LSCData----->64=0x20
2014-11-15 13:02:696   Output LSCData----->65=0x20
2014-11-15 13:02:696   Output LSCData----->66=0x20
2014-11-15 13:02:696   Output LSCData----->67=0x20
2014-11-15 13:02:696   Output LSCData----->68=0x20
2014-11-15 13:02:697   Output LSCData----->69=0x60
2014-11-15 13:02:697   Output LSCData----->70=0x3C
2014-11-15 13:02:697   Output LSCData----->71=0x50
2014-11-15 13:02:697   Output LSCData----->72=0xBA
2014-11-15 13:02:698   Output LSCData----->73=0x50
2014-11-15 13:02:698   Output LSCData----->74=0x5D
2014-11-15 13:02:698   Output LSCData----->75=0x4E
2014-11-15 13:02:698   Output LSCData----->76=0x4F
2014-11-15 13:02:699   Output LSCData----->77=0x5E
2014-11-15 13:02:699   Output LSCData----->78=0x63
2014-11-15 13:02:699   Output LSCData----->79=0x50
2014-11-15 13:02:699   Output LSCData----->80=0x4A
2014-11-15 13:02:700   Output LSCData----->81=0x50
2014-11-15 13:02:700   Output LSCData----->82=0xA0
2014-11-15 13:02:700   Output LSCData----->83=0x4D
2014-11-15 13:02:700   Output LSCData----->84=0x7F
2014-11-15 13:02:701   Output LSCData----->85=0x55
2014-11-15 13:02:701   Output LSCData----->86=0x22
2014-11-15 13:02:701   Output LSCData----->87=0x49
2014-11-15 13:02:702   Output LSCData----->88=0x94
2014-11-15 13:02:702   Output LSCData----->89=0x48
2014-11-15 13:02:702   Output LSCData----->90=0xA3
2014-11-15 13:02:702   Output LSCData----->91=0x46
2014-11-15 13:02:703   Output LSCData----->92=0xC9
2014-11-15 13:02:703   Output LSCData----->93=0x4D
2014-11-15 13:02:703   Output LSCData----->94=0x32
2014-11-15 13:02:703   Output LSCData----->95=0x43
2014-11-15 13:02:704   Output LSCData----->96=0x5A
2014-11-15 13:02:704   Output LSCData----->97=0x42
2014-11-15 13:02:704   Output LSCData----->98=0x67
2014-11-15 13:02:704   Output LSCData----->99=0x40
2014-11-15 13:02:705   Output LSCData----->100=0xC4
2014-11-15 13:02:705   Output LSCData----->101=0x47
2014-11-15 13:02:705   Output LSCData----->102=0x0A
2014-11-15 13:02:705   Output LSCData----->103=0x3F
2014-11-15 13:02:706   Output LSCData----->104=0x53
2014-11-15 13:02:706   Output LSCData----->105=0x3D
2014-11-15 13:02:706   Output LSCData----->106=0x13
2014-11-15 13:02:706   Output LSCData----->107=0x3C
2014-11-15 13:02:707   Output LSCData----->108=0x27
2014-11-15 13:02:707   Output LSCData----->109=0x43
2014-11-15 13:02:707   Output LSCData----->110=0x04
2014-11-15 13:02:707   Output LSCData----->111=0x3C
2014-11-15 13:02:708   Output LSCData----->112=0x20
2014-11-15 13:02:708   Output LSCData----->113=0x3A
2014-11-15 13:02:708   Output LSCData----->114=0x2C
2014-11-15 13:02:708   Output LSCData----->115=0x39
2014-11-15 13:02:709   Output LSCData----->116=0xE9
2014-11-15 13:02:709   Output LSCData----->117=0x40
2014-11-15 13:02:709   Output LSCData----->118=0xBA
2014-11-15 13:02:709   Output LSCData----->119=0x3A
2014-11-15 13:02:710   Output LSCData----->120=0xBB
2014-11-15 13:02:710   Output LSCData----->121=0x38
2014-11-15 13:02:710   Output LSCData----->122=0x7F
2014-11-15 13:02:710   Output LSCData----->123=0x37
2014-11-15 13:02:711   Output LSCData----->124=0x22
2014-11-15 13:02:711   Output LSCData----->125=0x41
2014-11-15 13:02:711   Output LSCData----->126=0xE9
2014-11-15 13:02:711   Output LSCData----->127=0x3A
2014-11-15 13:02:712   Output LSCData----->128=0xD7
2014-11-15 13:02:712   Output LSCData----->129=0x38
2014-11-15 13:02:712   Output LSCData----->130=0xE2
2014-11-15 13:02:712   Output LSCData----->131=0x37
2014-11-15 13:02:713   Output LSCData----->132=0x0D
2014-11-15 13:02:713   Output LSCData----->133=0x43
2014-11-15 13:02:713   Output LSCData----->134=0x6D
2014-11-15 13:02:713   Output LSCData----->135=0x3C
2014-11-15 13:02:714   Output LSCData----->136=0xBC
2014-11-15 13:02:714   Output LSCData----->137=0x3A
2014-11-15 13:02:714   Output LSCData----->138=0xBA
2014-11-15 13:02:714   Output LSCData----->139=0x39
2014-11-15 13:02:715   Output LSCData----->140=0x8C
2014-11-15 13:02:715   Output LSCData----->141=0x47
2014-11-15 13:02:715   Output LSCData----->142=0xB3
2014-11-15 13:02:715   Output LSCData----->143=0x3F
2014-11-15 13:02:716   Output LSCData----->144=0xA3
2014-11-15 13:02:716   Output LSCData----->145=0x3D
2014-11-15 13:02:716   Output LSCData----->146=0xD3
2014-11-15 13:02:716   Output LSCData----->147=0x3C
2014-11-15 13:02:717   Output LSCData----->148=0xBE
2014-11-15 13:02:717   Output LSCData----->149=0x4D
2014-11-15 13:02:717   Output LSCData----->150=0x3C
2014-11-15 13:02:717   Output LSCData----->151=0x44
2014-11-15 13:02:718   Output LSCData----->152=0xD3
2014-11-15 13:02:718   Output LSCData----->153=0x42
2014-11-15 13:02:718   Output LSCData----->154=0xEB
2014-11-15 13:02:718   Output LSCData----->155=0x41
2014-11-15 13:02:719   Output LSCData----->156=0x93
2014-11-15 13:02:719   Output LSCData----->157=0x56
2014-11-15 13:02:719   Output LSCData----->158=0x66
2014-11-15 13:02:719   Output LSCData----->159=0x4B
2014-11-15 13:02:720   Output LSCData----->160=0x2D
2014-11-15 13:02:720   Output LSCData----->161=0x4A
2014-11-15 13:02:720   Output LSCData----->162=0x93
2014-11-15 13:02:720   Output LSCData----->163=0x48
2014-11-15 13:02:721   Output LSCData----->164=0xFA
2014-11-15 13:02:721   Output LSCData----->165=0x60
2014-11-15 13:02:721   Output LSCData----->166=0xEB
2014-11-15 13:02:721   Output LSCData----->167=0x53
2014-11-15 13:02:722   Output LSCData----->168=0x88
2014-11-15 13:02:722   Output LSCData----->169=0x53
2014-11-15 13:02:722   Output LSCData----->170=0x39
2014-11-15 13:02:722   Output LSCData----->171=0x51
2014-11-15 13:02:722   Output LSCData----->172=0xD8
2014-11-15 13:02:722   Output LSCData----->173=0x66
2014-11-15 13:02:722   Output LSCData----->174=0xFB
2014-11-15 13:02:722   Output LSCData----->175=0x57
2014-11-15 13:02:722   Output LSCData----->176=0x92
2014-11-15 13:02:723   Output LSCData----->177=0x57
2014-11-15 13:02:723   Output LSCData----->178=0x63
2014-11-15 13:02:723   Output LSCData----->179=0x54
2014-11-15 13:02:723   Output LSCData----->180=0x6F
2014-11-15 13:02:723   Output LSCData----->181=0x5E
2014-11-15 13:02:723   Output LSCData----->182=0x12
2014-11-15 13:02:723   Output LSCData----->183=0x4F
2014-11-15 13:02:723   Output LSCData----->184=0x53
2014-11-15 13:02:723   Output LSCData----->185=0x50
2014-11-15 13:02:724   Output LSCData----->186=0xE0
2014-11-15 13:02:724   Output LSCData----->187=0x4C
2014-11-15 13:02:724   Output LSCData----->188=0x22
2014-11-15 13:02:724   Output LSCData----->189=0x53
2014-11-15 13:02:724   Output LSCData----->190=0xFB
2014-11-15 13:02:724   Output LSCData----->191=0x46
2014-11-15 13:02:724   Output LSCData----->192=0xC9
2014-11-15 13:02:724   Output LSCData----->193=0x47
2014-11-15 13:02:724   Output LSCData----->194=0x3F
2014-11-15 13:02:724   Output LSCData----->195=0x44
2014-11-15 13:02:725   Output LSCData----->196=0x3D
2014-11-15 13:02:725   Output LSCData----->197=0x49
2014-11-15 13:02:725   Output LSCData----->198=0x7D
2014-11-15 13:02:725   Output LSCData----->199=0x3F
2014-11-15 13:02:725   Output LSCData----->200=0x5B
2014-11-15 13:02:725   Output LSCData----->201=0x3F
2014-11-15 13:02:725   Output LSCData----->202=0x80
2014-11-15 13:02:725   Output LSCData----->203=0x3C
2014-11-15 13:02:725   Output LSCData----->204=0x56
2014-11-15 13:02:725   Output LSCData----->205=0x41
2014-11-15 13:02:726   Output LSCData----->206=0xC7
2014-11-15 13:02:726   Output LSCData----->207=0x39
2014-11-15 13:02:726   Output LSCData----->208=0x5E
2014-11-15 13:02:726   Output LSCData----->209=0x39
2014-11-15 13:02:726   Output LSCData----->210=0x87
2014-11-15 13:02:726   Output LSCData----->211=0x36
2014-11-15 13:02:726   Output LSCData----->212=0x36
2014-11-15 13:02:726   Output LSCData----->213=0x3B
2014-11-15 13:02:726   Output LSCData----->214=0x76
2014-11-15 13:02:727   Output LSCData----->215=0x35
2014-11-15 13:02:727   Output LSCData----->216=0xBC
2014-11-15 13:02:727   Output LSCData----->217=0x34
2014-11-15 13:02:727   Output LSCData----->218=0xD1
2014-11-15 13:02:727   Output LSCData----->219=0x32
2014-11-15 13:02:727   Output LSCData----->220=0xFA
2014-11-15 13:02:727   Output LSCData----->221=0x35
2014-11-15 13:02:727   Output LSCData----->222=0x08
2014-11-15 13:02:727   Output LSCData----->223=0x32
2014-11-15 13:02:727   Output LSCData----->224=0xF9
2014-11-15 13:02:728   Output LSCData----->225=0x30
2014-11-15 13:02:728   Output LSCData----->226=0x6B
2014-11-15 13:02:728   Output LSCData----->227=0x2F
2014-11-15 13:02:728   Output LSCData----->228=0x03
2014-11-15 13:02:728   Output LSCData----->229=0x33
2014-11-15 13:02:728   Output LSCData----->230=0x1B
2014-11-15 13:02:728   Output LSCData----->231=0x30
2014-11-15 13:02:728   Output LSCData----->232=0xE2
2014-11-15 13:02:728   Output LSCData----->233=0x2E
2014-11-15 13:02:729   Output LSCData----->234=0xB1
2014-11-15 13:02:729   Output LSCData----->235=0x2D
2014-11-15 13:02:729   Output LSCData----->236=0xC2
2014-11-15 13:02:729   Output LSCData----->237=0x32
2014-11-15 13:02:729   Output LSCData----->238=0x1C
2014-11-15 13:02:729   Output LSCData----->239=0x30
2014-11-15 13:02:729   Output LSCData----->240=0xC5
2014-11-15 13:02:729   Output LSCData----->241=0x2E
2014-11-15 13:02:729   Output LSCData----->242=0xE1
2014-11-15 13:02:729   Output LSCData----->243=0x2D
2014-11-15 13:02:730   Output LSCData----->244=0x7C
2014-11-15 13:02:730   Output LSCData----->245=0x35
2014-11-15 13:02:730   Output LSCData----->246=0x22
2014-11-15 13:02:730   Output LSCData----->247=0x32
2014-11-15 13:02:730   Output LSCData----->248=0xC1
2014-11-15 13:02:730   Output LSCData----->249=0x30
2014-11-15 13:02:730   Output LSCData----->250=0xD9
2014-11-15 13:02:730   Output LSCData----->251=0x2F
2014-11-15 13:02:730   Output LSCData----->252=0xB2
2014-11-15 13:02:731   Output LSCData----->253=0x3A
2014-11-15 13:02:731   Output LSCData----->254=0xCB
2014-11-15 13:02:731   Output LSCData----->255=0x35
2014-11-15 13:02:731   Output LSCData----->256=0xD9
2014-11-15 13:02:731   Output LSCData----->257=0x34
2014-11-15 13:02:731   Output LSCData----->258=0x4C
2014-11-15 13:02:731   Output LSCData----->259=0x33
2014-11-15 13:02:731   Output LSCData----->260=0xB4
2014-11-15 13:02:731   Output LSCData----->261=0x41
2014-11-15 13:02:731   Output LSCData----->262=0xB6
2014-11-15 13:02:732   Output LSCData----->263=0x3A
2014-11-15 13:02:732   Output LSCData----->264=0xFF
2014-11-15 13:02:732   Output LSCData----->265=0x39
2014-11-15 13:02:732   Output LSCData----->266=0x2B
2014-11-15 13:02:732   Output LSCData----->267=0x38
2014-11-15 13:02:732   Output LSCData----->268=0xF9
2014-11-15 13:02:732   Output LSCData----->269=0x49
2014-11-15 13:02:732   Output LSCData----->270=0x33
2014-11-15 13:02:732   Output LSCData----->271=0x41
2014-11-15 13:02:732   Output LSCData----->272=0xC1
2014-11-15 13:02:733   Output LSCData----->273=0x40
2014-11-15 13:02:733   Output LSCData----->274=0x49
2014-11-15 13:02:733   Output LSCData----->275=0x3E
2014-11-15 13:02:733   Output LSCData----->276=0xFB
2014-11-15 13:02:733   Output LSCData----->277=0x53
2014-11-15 13:02:733   Output LSCData----->278=0x5D
2014-11-15 13:02:733   Output LSCData----->279=0x49
2014-11-15 13:02:733   Output LSCData----->280=0x9E
2014-11-15 13:02:733   Output LSCData----->281=0x49
2014-11-15 13:02:734   Output LSCData----->282=0xCC
2014-11-15 13:02:734   Output LSCData----->283=0x46
2014-11-15 13:02:734   Output LSCData----->284=0xAD
2014-11-15 13:02:734   Output LSCData----->285=0x62
2014-11-15 13:02:734   Output LSCData----->286=0xBA
2014-11-15 13:02:734   Output LSCData----->287=0x54
2014-11-15 13:02:734   Output LSCData----->288=0x0A
2014-11-15 13:02:734   Output LSCData----->289=0x55
2014-11-15 13:02:734   Output LSCData----->290=0xE9
2014-11-15 13:02:734   Output LSCData----->291=0x51
2014-11-15 13:02:735   Output LSCData----->292=0x60
2014-11-15 13:02:735   Output LSCData----->293=0x55
2014-11-15 13:02:735   Output LSCData----->294=0x5D
2014-11-15 13:02:735   Output LSCData----->295=0x47
2014-11-15 13:02:735   Output LSCData----->296=0x3A
2014-11-15 13:02:735   Output LSCData----->297=0x49
2014-11-15 13:02:735   Output LSCData----->298=0xD3
2014-11-15 13:02:735   Output LSCData----->299=0x45
2014-11-15 13:02:735   Output LSCData----->300=0x6B
2014-11-15 13:02:736   Output LSCData----->301=0x49
2014-11-15 13:02:736   Output LSCData----->302=0x9B
2014-11-15 13:02:736   Output LSCData----->303=0x3E
2014-11-15 13:02:736   Output LSCData----->304=0x14
2014-11-15 13:02:736   Output LSCData----->305=0x40
2014-11-15 13:02:736   Output LSCData----->306=0xB6
2014-11-15 13:02:736   Output LSCData----->307=0x3C
2014-11-15 13:02:736   Output LSCData----->308=0x65
2014-11-15 13:02:736   Output LSCData----->309=0x40
2014-11-15 13:02:736   Output LSCData----->310=0xDA
2014-11-15 13:02:737   Output LSCData----->311=0x37
2014-11-15 13:02:737   Output LSCData----->312=0xEC
2014-11-15 13:02:737   Output LSCData----->313=0x38
2014-11-15 13:02:737   Output LSCData----->314=0x9C
2014-11-15 13:02:737   Output LSCData----->315=0x35
2014-11-15 13:02:737   Output LSCData----->316=0xC4
2014-11-15 13:02:737   Output LSCData----->317=0x37
2014-11-15 13:02:737   Output LSCData----->318=0x3A
2014-11-15 13:02:737   Output LSCData----->319=0x32
2014-11-15 13:02:738   Output LSCData----->320=0x72
2014-11-15 13:02:738   Output LSCData----->321=0x32
2014-11-15 13:02:738   Output LSCData----->322=0x19
2014-11-15 13:02:738   Output LSCData----->323=0x30
2014-11-15 13:02:738   Output LSCData----->324=0x6E
2014-11-15 13:02:738   Output LSCData----->325=0x30
2014-11-15 13:02:738   Output LSCData----->326=0x1D
2014-11-15 13:02:738   Output LSCData----->327=0x2D
2014-11-15 13:02:738   Output LSCData----->328=0x19
2014-11-15 13:02:738   Output LSCData----->329=0x2D
2014-11-15 13:02:739   Output LSCData----->330=0x65
2014-11-15 13:02:739   Output LSCData----->331=0x2B
2014-11-15 13:02:739   Output LSCData----->332=0x16
2014-11-15 13:02:739   Output LSCData----->333=0x2B
2014-11-15 13:02:739   Output LSCData----->334=0x4E
2014-11-15 13:02:739   Output LSCData----->335=0x29
2014-11-15 13:02:739   Output LSCData----->336=0xD2
2014-11-15 13:02:739   Output LSCData----->337=0x28
2014-11-15 13:02:739   Output LSCData----->338=0x0D
2014-11-15 13:02:740   Output LSCData----->339=0x28
2014-11-15 13:02:740   Output LSCData----->340=0x76
2014-11-15 13:02:740   Output LSCData----->341=0x27
2014-11-15 13:02:740   Output LSCData----->342=0xA9
2014-11-15 13:02:740   Output LSCData----->343=0x26
2014-11-15 13:02:740   Output LSCData----->344=0x2A
2014-11-15 13:02:740   Output LSCData----->345=0x26
2014-11-15 13:02:740   Output LSCData----->346=0xA1
2014-11-15 13:02:740   Output LSCData----->347=0x25
2014-11-15 13:02:740   Output LSCData----->348=0x61
2014-11-15 13:02:741   Output LSCData----->349=0x27
2014-11-15 13:02:741   Output LSCData----->350=0xC2
2014-11-15 13:02:741   Output LSCData----->351=0x26
2014-11-15 13:02:741   Output LSCData----->352=0x25
2014-11-15 13:02:741   Output LSCData----->353=0x26
2014-11-15 13:02:741   Output LSCData----->354=0xC7
2014-11-15 13:02:741   Output LSCData----->355=0x25
2014-11-15 13:02:741   Output LSCData----->356=0x54
2014-11-15 13:02:741   Output LSCData----->357=0x2A
2014-11-15 13:02:741   Output LSCData----->358=0xE3
2014-11-15 13:02:742   Output LSCData----->359=0x28
2014-11-15 13:02:742   Output LSCData----->360=0x6B
2014-11-15 13:02:742   Output LSCData----->361=0x28
2014-11-15 13:02:742   Output LSCData----->362=0xE1
2014-11-15 13:02:742   Output LSCData----->363=0x27
2014-11-15 13:02:742   Output LSCData----->364=0xA6
2014-11-15 13:02:742   Output LSCData----->365=0x2F
2014-11-15 13:02:742   Output LSCData----->366=0x1B
2014-11-15 13:02:742   Output LSCData----->367=0x2D
2014-11-15 13:02:743   Output LSCData----->368=0xB4
2014-11-15 13:02:743   Output LSCData----->369=0x2C
2014-11-15 13:02:743   Output LSCData----->370=0x85
2014-11-15 13:02:743   Output LSCData----->371=0x2B
2014-11-15 13:02:743   Output LSCData----->372=0x21
2014-11-15 13:02:743   Output LSCData----->373=0x37
2014-11-15 13:02:743   Output LSCData----->374=0xC3
2014-11-15 13:02:743   Output LSCData----->375=0x32
2014-11-15 13:02:743   Output LSCData----->376=0xBA
2014-11-15 13:02:743   Output LSCData----->377=0x32
2014-11-15 13:02:744   Output LSCData----->378=0x93
2014-11-15 13:02:744   Output LSCData----->379=0x30
2014-11-15 13:02:744   Output LSCData----->380=0xB5
2014-11-15 13:02:744   Output LSCData----->381=0x40
2014-11-15 13:02:744   Output LSCData----->382=0x58
2014-11-15 13:02:744   Output LSCData----->383=0x39
2014-11-15 13:02:744   Output LSCData----->384=0xCC
2014-11-15 13:02:744   Output LSCData----->385=0x39
2014-11-15 13:02:744   Output LSCData----->386=0xFF
2014-11-15 13:02:745   Output LSCData----->387=0x36
2014-11-15 13:02:745   Output LSCData----->388=0xB6
2014-11-15 13:02:745   Output LSCData----->389=0x4A
2014-11-15 13:02:745   Output LSCData----->390=0xFF
2014-11-15 13:02:745   Output LSCData----->391=0x40
2014-11-15 13:02:745   Output LSCData----->392=0x0B
2014-11-15 13:02:745   Output LSCData----->393=0x42
2014-11-15 13:02:745   Output LSCData----->394=0xC9
2014-11-15 13:02:745   Output LSCData----->395=0x3E
2014-11-15 13:02:746   Output LSCData----->396=0x2E
2014-11-15 13:02:746   Output LSCData----->397=0x59
2014-11-15 13:02:746   Output LSCData----->398=0xCE
2014-11-15 13:02:746   Output LSCData----->399=0x4C
2014-11-15 13:02:746   Output LSCData----->400=0xEE
2014-11-15 13:02:746   Output LSCData----->401=0x4D
2014-11-15 13:02:746   Output LSCData----->402=0x40
2014-11-15 13:02:746   Output LSCData----->403=0x4A
2014-11-15 13:02:746   Output LSCData----->404=0xAB
2014-11-15 13:02:746   Output LSCData----->405=0x4E
2014-11-15 13:02:747   Output LSCData----->406=0x9E
2014-11-15 13:02:747   Output LSCData----->407=0x42
2014-11-15 13:02:747   Output LSCData----->408=0xB6
2014-11-15 13:02:747   Output LSCData----->409=0x44
2014-11-15 13:02:747   Output LSCData----->410=0xC5
2014-11-15 13:02:747   Output LSCData----->411=0x41
2014-11-15 13:02:747   Output LSCData----->412=0x6D
2014-11-15 13:02:747   Output LSCData----->413=0x43
2014-11-15 13:02:747   Output LSCData----->414=0x84
2014-11-15 13:02:747   Output LSCData----->415=0x3A
2014-11-15 13:02:748   Output LSCData----->416=0x1A
2014-11-15 13:02:748   Output LSCData----->417=0x3C
2014-11-15 13:02:748   Output LSCData----->418=0xA0
2014-11-15 13:02:748   Output LSCData----->419=0x38
2014-11-15 13:02:748   Output LSCData----->420=0x13
2014-11-15 13:02:748   Output LSCData----->421=0x3B
2014-11-15 13:02:748   Output LSCData----->422=0x54
2014-11-15 13:02:748   Output LSCData----->423=0x34
2014-11-15 13:02:748   Output LSCData----->424=0x80
2014-11-15 13:02:749   Output LSCData----->425=0x35
2014-11-15 13:02:749   Output LSCData----->426=0x5D
2014-11-15 13:02:749   Output LSCData----->427=0x32
2014-11-15 13:02:749   Output LSCData----->428=0x3A
2014-11-15 13:02:749   Output LSCData----->429=0x32
2014-11-15 13:02:749   Output LSCData----->430=0x2A
2014-11-15 13:02:749   Output LSCData----->431=0x2E
2014-11-15 13:02:749   Output LSCData----->432=0xF0
2014-11-15 13:02:749   Output LSCData----->433=0x2E
2014-11-15 13:02:749   Output LSCData----->434=0xA4
2014-11-15 13:02:750   Output LSCData----->435=0x2C
2014-11-15 13:02:750   Output LSCData----->436=0xA9
2014-11-15 13:02:750   Output LSCData----->437=0x2A
2014-11-15 13:02:750   Output LSCData----->438=0x93
2014-11-15 13:02:750   Output LSCData----->439=0x28
2014-11-15 13:02:750   Output LSCData----->440=0xFB
2014-11-15 13:02:750   Output LSCData----->441=0x28
2014-11-15 13:02:750   Output LSCData----->442=0xCA
2014-11-15 13:02:750   Output LSCData----->443=0x27
2014-11-15 13:02:751   Output LSCData----->444=0xE6
2014-11-15 13:02:751   Output LSCData----->445=0x24
2014-11-15 13:02:751   Output LSCData----->446=0xF6
2014-11-15 13:02:751   Output LSCData----->447=0x23
2014-11-15 13:02:751   Output LSCData----->448=0x19
2014-11-15 13:02:751   Output LSCData----->449=0x24
2014-11-15 13:02:751   Output LSCData----->450=0x8F
2014-11-15 13:02:751   Output LSCData----->451=0x23
2014-11-15 13:02:751   Output LSCData----->452=0xBC
2014-11-15 13:02:751   Output LSCData----->453=0x21
2014-11-15 13:02:752   Output LSCData----->454=0x8A
2014-11-15 13:02:752   Output LSCData----->455=0x21
2014-11-15 13:02:752   Output LSCData----->456=0x70
2014-11-15 13:02:752   Output LSCData----->457=0x21
2014-11-15 13:02:752   Output LSCData----->458=0x58
2014-11-15 13:02:752   Output LSCData----->459=0x21
2014-11-15 13:02:752   Output LSCData----->460=0x1A
2014-11-15 13:02:752   Output LSCData----->461=0x21
2014-11-15 13:02:753   Output LSCData----->462=0x24
2014-11-15 13:02:753   Output LSCData----->463=0x21
2014-11-15 13:02:753   Output LSCData----->464=0xF5
2014-11-15 13:02:753   Output LSCData----->465=0x20
2014-11-15 13:02:753   Output LSCData----->466=0xEA
2014-11-15 13:02:753   Output LSCData----->467=0x20
2014-11-15 13:02:753   Output LSCData----->468=0xB0
2014-11-15 13:02:753   Output LSCData----->469=0x23
2014-11-15 13:02:753   Output LSCData----->470=0x35
2014-11-15 13:02:754   Output LSCData----->471=0x23
2014-11-15 13:02:754   Output LSCData----->472=0x1A
2014-11-15 13:02:754   Output LSCData----->473=0x23
2014-11-15 13:02:754   Output LSCData----->474=0x9E
2014-11-15 13:02:754   Output LSCData----->475=0x22
2014-11-15 13:02:754   Output LSCData----->476=0x13
2014-11-15 13:02:754   Output LSCData----->477=0x29
2014-11-15 13:02:754   Output LSCData----->478=0xA0
2014-11-15 13:02:754   Output LSCData----->479=0x27
2014-11-15 13:02:754   Output LSCData----->480=0xBC
2014-11-15 13:02:755   Output LSCData----->481=0x27
2014-11-15 13:02:755   Output LSCData----->482=0xC0
2014-11-15 13:02:755   Output LSCData----->483=0x26
2014-11-15 13:02:755   Output LSCData----->484=0xF3
2014-11-15 13:02:755   Output LSCData----->485=0x30
2014-11-15 13:02:755   Output LSCData----->486=0xDE
2014-11-15 13:02:755   Output LSCData----->487=0x2D
2014-11-15 13:02:755   Output LSCData----->488=0x3C
2014-11-15 13:02:755   Output LSCData----->489=0x2E
2014-11-15 13:02:755   Output LSCData----->490=0x33
2014-11-15 13:02:756   Output LSCData----->491=0x2C
2014-11-15 13:02:756   Output LSCData----->492=0x92
2014-11-15 13:02:756   Output LSCData----->493=0x3A
2014-11-15 13:02:756   Output LSCData----->494=0xAA
2014-11-15 13:02:756   Output LSCData----->495=0x34
2014-11-15 13:02:756   Output LSCData----->496=0xA3
2014-11-15 13:02:756   Output LSCData----->497=0x35
2014-11-15 13:02:756   Output LSCData----->498=0xB1
2014-11-15 13:02:756   Output LSCData----->499=0x32
2014-11-15 13:02:756   Output LSCData----->500=0x40
2014-11-15 13:02:757   Output LSCData----->501=0x45
2014-11-15 13:02:757   Output LSCData----->502=0xEB
2014-11-15 13:02:757   Output LSCData----->503=0x3C
2014-11-15 13:02:757   Output LSCData----->504=0x3F
2014-11-15 13:02:757   Output LSCData----->505=0x3E
2014-11-15 13:02:757   Output LSCData----->506=0x84
2014-11-15 13:02:757   Output LSCData----->507=0x3A
2014-11-15 13:02:757   Output LSCData----->508=0xBF
2014-11-15 13:02:757   Output LSCData----->509=0x53
2014-11-15 13:02:757   Output LSCData----->510=0x8F
2014-11-15 13:02:758   Output LSCData----->511=0x48
2014-11-15 13:02:758   Output LSCData----->512=0x16
2014-11-15 13:02:758   Output LSCData----->513=0x4A
2014-11-15 13:02:758   Output LSCData----->514=0x15
2014-11-15 13:02:758   Output LSCData----->515=0x46
2014-11-15 13:02:758   Output LSCData----->516=0x6C
2014-11-15 13:02:758   Output LSCData----->517=0x4E
2014-11-15 13:02:758   Output LSCData----->518=0x7D
2014-11-15 13:02:758   Output LSCData----->519=0x42
2014-11-15 13:02:758   Output LSCData----->520=0x9B
2014-11-15 13:02:759   Output LSCData----->521=0x44
2014-11-15 13:02:759   Output LSCData----->522=0x04
2014-11-15 13:02:759   Output LSCData----->523=0x41
2014-11-15 13:02:759   Output LSCData----->524=0xD6
2014-11-15 13:02:759   Output LSCData----->525=0x43
2014-11-15 13:02:759   Output LSCData----->526=0x0D
2014-11-15 13:02:759   Output LSCData----->527=0x3B
2014-11-15 13:02:759   Output LSCData----->528=0xEB
2014-11-15 13:02:759   Output LSCData----->529=0x3C
2014-11-15 13:02:759   Output LSCData----->530=0x9E
2014-11-15 13:02:760   Output LSCData----->531=0x39
2014-11-15 13:02:760   Output LSCData----->532=0xC3
2014-11-15 13:02:760   Output LSCData----->533=0x3B
2014-11-15 13:02:760   Output LSCData----->534=0x05
2014-11-15 13:02:760   Output LSCData----->535=0x35
2014-11-15 13:02:760   Output LSCData----->536=0x91
2014-11-15 13:02:760   Output LSCData----->537=0x36
2014-11-15 13:02:760   Output LSCData----->538=0x72
2014-11-15 13:02:760   Output LSCData----->539=0x33
2014-11-15 13:02:760   Output LSCData----->540=0xFF
2014-11-15 13:02:761   Output LSCData----->541=0x31
2014-11-15 13:02:761   Output LSCData----->542=0xD0
2014-11-15 13:02:761   Output LSCData----->543=0x2D
2014-11-15 13:02:761   Output LSCData----->544=0x02
2014-11-15 13:02:761   Output LSCData----->545=0x2F
2014-11-15 13:02:761   Output LSCData----->546=0x62
2014-11-15 13:02:761   Output LSCData----->547=0x2C
2014-11-15 13:02:761   Output LSCData----->548=0xF8
2014-11-15 13:02:761   Output LSCData----->549=0x29
2014-11-15 13:02:761   Output LSCData----->550=0xC4
2014-11-15 13:02:762   Output LSCData----->551=0x27
2014-11-15 13:02:762   Output LSCData----->552=0x68
2014-11-15 13:02:762   Output LSCData----->553=0x28
2014-11-15 13:02:762   Output LSCData----->554=0x15
2014-11-15 13:02:762   Output LSCData----->555=0x27
2014-11-15 13:02:762   Output LSCData----->556=0x32
2014-11-15 13:02:762   Output LSCData----->557=0x24
2014-11-15 13:02:762   Output LSCData----->558=0x6C
2014-11-15 13:02:762   Output LSCData----->559=0x23
2014-11-15 13:02:762   Output LSCData----->560=0x9C
2014-11-15 13:02:763   Output LSCData----->561=0x23
2014-11-15 13:02:763   Output LSCData----->562=0x1E
2014-11-15 13:02:763   Output LSCData----->563=0x23
2014-11-15 13:02:763   Output LSCData----->564=0x24
2014-11-15 13:02:763   Output LSCData----->565=0x21
2014-11-15 13:02:763   Output LSCData----->566=0xD0
2014-11-15 13:02:763   Output LSCData----->567=0x20
2014-11-15 13:02:763   Output LSCData----->568=0xE9
2014-11-15 13:02:763   Output LSCData----->569=0x20
2014-11-15 13:02:763   Output LSCData----->570=0xBF
2014-11-15 13:02:764   Output LSCData----->571=0x20
2014-11-15 13:02:764   Output LSCData----->572=0x9D
2014-11-15 13:02:764   Output LSCData----->573=0x20
2014-11-15 13:02:764   Output LSCData----->574=0x75
2014-11-15 13:02:764   Output LSCData----->575=0x20
2014-11-15 13:02:764   Output LSCData----->576=0x7C
2014-11-15 13:02:764   Output LSCData----->577=0x20
2014-11-15 13:02:764   Output LSCData----->578=0x6B
2014-11-15 13:02:764   Output LSCData----->579=0x20
2014-11-15 13:02:764   Output LSCData----->580=0x21
2014-11-15 13:02:765   Output LSCData----->581=0x23
2014-11-15 13:02:765   Output LSCData----->582=0xA8
2014-11-15 13:02:765   Output LSCData----->583=0x22
2014-11-15 13:02:765   Output LSCData----->584=0x9A
2014-11-15 13:02:765   Output LSCData----->585=0x22
2014-11-15 13:02:765   Output LSCData----->586=0x4C
2014-11-15 13:02:765   Output LSCData----->587=0x22
2014-11-15 13:02:765   Output LSCData----->588=0x88
2014-11-15 13:02:765   Output LSCData----->589=0x28
2014-11-15 13:02:765   Output LSCData----->590=0x18
2014-11-15 13:02:766   Output LSCData----->591=0x27
2014-11-15 13:02:766   Output LSCData----->592=0x86
2014-11-15 13:02:766   Output LSCData----->593=0x27
2014-11-15 13:02:766   Output LSCData----->594=0x38
2014-11-15 13:02:766   Output LSCData----->595=0x26
2014-11-15 13:02:766   Output LSCData----->596=0x8F
2014-11-15 13:02:766   Output LSCData----->597=0x30
2014-11-15 13:02:766   Output LSCData----->598=0x69
2014-11-15 13:02:766   Output LSCData----->599=0x2D
2014-11-15 13:02:766   Output LSCData----->600=0x27
2014-11-15 13:02:767   Output LSCData----->601=0x2E
2014-11-15 13:02:767   Output LSCData----->602=0x34
2014-11-15 13:02:767   Output LSCData----->603=0x2C
2014-11-15 13:02:767   Output LSCData----->604=0x80
2014-11-15 13:02:767   Output LSCData----->605=0x3A
2014-11-15 13:02:767   Output LSCData----->606=0x86
2014-11-15 13:02:767   Output LSCData----->607=0x34
2014-11-15 13:02:767   Output LSCData----->608=0xB5
2014-11-15 13:02:767   Output LSCData----->609=0x35
2014-11-15 13:02:767   Output LSCData----->610=0x90
2014-11-15 13:02:768   Output LSCData----->611=0x32
2014-11-15 13:02:768   Output LSCData----->612=0x09
2014-11-15 13:02:768   Output LSCData----->613=0x45
2014-11-15 13:02:768   Output LSCData----->614=0xBE
2014-11-15 13:02:768   Output LSCData----->615=0x3C
2014-11-15 13:02:768   Output LSCData----->616=0x2A
2014-11-15 13:02:768   Output LSCData----->617=0x3E
2014-11-15 13:02:768   Output LSCData----->618=0xAA
2014-11-15 13:02:768   Output LSCData----->619=0x3A
2014-11-15 13:02:768   Output LSCData----->620=0x4A
2014-11-15 13:02:769   Output LSCData----->621=0x53
2014-11-15 13:02:769   Output LSCData----->622=0xBC
2014-11-15 13:02:769   Output LSCData----->623=0x47
2014-11-15 13:02:769   Output LSCData----->624=0xD6
2014-11-15 13:02:769   Output LSCData----->625=0x49
2014-11-15 13:02:769   Output LSCData----->626=0xAE
2014-11-15 13:02:769   Output LSCData----->627=0x45
2014-11-15 13:02:769   Output LSCData----->628=0x63
2014-11-15 13:02:769   Output LSCData----->629=0x57
2014-11-15 13:02:769   Output LSCData----->630=0x90
2014-11-15 13:02:770   Output LSCData----->631=0x49
2014-11-15 13:02:770   Output LSCData----->632=0x34
2014-11-15 13:02:770   Output LSCData----->633=0x4C
2014-11-15 13:02:770   Output LSCData----->634=0x9C
2014-11-15 13:02:770   Output LSCData----->635=0x48
2014-11-15 13:02:770   Output LSCData----->636=0x17
2014-11-15 13:02:770   Output LSCData----->637=0x4A
2014-11-15 13:02:770   Output LSCData----->638=0xB7
2014-11-15 13:02:770   Output LSCData----->639=0x3F
2014-11-15 13:02:770   Output LSCData----->640=0xA7
2014-11-15 13:02:771   Output LSCData----->641=0x41
2014-11-15 13:02:771   Output LSCData----->642=0x7E
2014-11-15 13:02:771   Output LSCData----->643=0x3E
2014-11-15 13:02:771   Output LSCData----->644=0x3E
2014-11-15 13:02:771   Output LSCData----->645=0x3F
2014-11-15 13:02:771   Output LSCData----->646=0x64
2014-11-15 13:02:771   Output LSCData----->647=0x37
2014-11-15 13:02:771   Output LSCData----->648=0xD1
2014-11-15 13:02:771   Output LSCData----->649=0x38
2014-11-15 13:02:771   Output LSCData----->650=0x79
2014-11-15 13:02:772   Output LSCData----->651=0x35
2014-11-15 13:02:772   Output LSCData----->652=0x21
2014-11-15 13:02:772   Output LSCData----->653=0x36
2014-11-15 13:02:772   Output LSCData----->654=0xB0
2014-11-15 13:02:772   Output LSCData----->655=0x30
2014-11-15 13:02:772   Output LSCData----->656=0xB5
2014-11-15 13:02:772   Output LSCData----->657=0x31
2014-11-15 13:02:772   Output LSCData----->658=0xFA
2014-11-15 13:02:772   Output LSCData----->659=0x2E
2014-11-15 13:02:772   Output LSCData----->660=0x04
2014-11-15 13:02:773   Output LSCData----->661=0x2F
2014-11-15 13:02:773   Output LSCData----->662=0x5D
2014-11-15 13:02:773   Output LSCData----->663=0x2B
2014-11-15 13:02:773   Output LSCData----->664=0x10
2014-11-15 13:02:773   Output LSCData----->665=0x2C
2014-11-15 13:02:773   Output LSCData----->666=0x56
2014-11-15 13:02:773   Output LSCData----->667=0x2A
2014-11-15 13:02:773   Output LSCData----->668=0x43
2014-11-15 13:02:773   Output LSCData----->669=0x29
2014-11-15 13:02:773   Output LSCData----->670=0x64
2014-11-15 13:02:774   Output LSCData----->671=0x27
2014-11-15 13:02:774   Output LSCData----->672=0xB1
2014-11-15 13:02:774   Output LSCData----->673=0x27
2014-11-15 13:02:774   Output LSCData----->674=0xA0
2014-11-15 13:02:774   Output LSCData----->675=0x26
2014-11-15 13:02:774   Output LSCData----->676=0x13
2014-11-15 13:02:774   Output LSCData----->677=0x26
2014-11-15 13:02:774   Output LSCData----->678=0x01
2014-11-15 13:02:774   Output LSCData----->679=0x25
2014-11-15 13:02:774   Output LSCData----->680=0x1A
2014-11-15 13:02:775   Output LSCData----->681=0x25
2014-11-15 13:02:775   Output LSCData----->682=0x5D
2014-11-15 13:02:775   Output LSCData----->683=0x24
2014-11-15 13:02:775   Output LSCData----->684=0xEE
2014-11-15 13:02:775   Output LSCData----->685=0x25
2014-11-15 13:02:775   Output LSCData----->686=0x10
2014-11-15 13:02:775   Output LSCData----->687=0x25
2014-11-15 13:02:775   Output LSCData----->688=0x22
2014-11-15 13:02:775   Output LSCData----->689=0x25
2014-11-15 13:02:775   Output LSCData----->690=0x81
2014-11-15 13:02:776   Output LSCData----->691=0x24
2014-11-15 13:02:776   Output LSCData----->692=0xE9
2014-11-15 13:02:776   Output LSCData----->693=0x28
2014-11-15 13:02:776   Output LSCData----->694=0x48
2014-11-15 13:02:776   Output LSCData----->695=0x27
2014-11-15 13:02:776   Output LSCData----->696=0x50
2014-11-15 13:02:776   Output LSCData----->697=0x27
2014-11-15 13:02:776   Output LSCData----->698=0x87
2014-11-15 13:02:776   Output LSCData----->699=0x26
2014-11-15 13:02:777   Output LSCData----->700=0xDF
2014-11-15 13:02:777   Output LSCData----->701=0x2D
2014-11-15 13:02:777   Output LSCData----->702=0x45
2014-11-15 13:02:777   Output LSCData----->703=0x2B
2014-11-15 13:02:777   Output LSCData----->704=0x8C
2014-11-15 13:02:777   Output LSCData----->705=0x2B
2014-11-15 13:02:777   Output LSCData----->706=0x17
2014-11-15 13:02:777   Output LSCData----->707=0x2A
2014-11-15 13:02:777   Output LSCData----->708=0xCD
2014-11-15 13:02:777   Output LSCData----->709=0x35
2014-11-15 13:02:778   Output LSCData----->710=0xEA
2014-11-15 13:02:778   Output LSCData----->711=0x30
2014-11-15 13:02:778   Output LSCData----->712=0xD0
2014-11-15 13:02:778   Output LSCData----->713=0x31
2014-11-15 13:02:778   Output LSCData----->714=0x70
2014-11-15 13:02:778   Output LSCData----->715=0x2F
2014-11-15 13:02:778   Output LSCData----->716=0xD3
2014-11-15 13:02:778   Output LSCData----->717=0x3E
2014-11-15 13:02:778   Output LSCData----->718=0xE8
2014-11-15 13:02:778   Output LSCData----->719=0x37
2014-11-15 13:02:779   Output LSCData----->720=0x03
2014-11-15 13:02:779   Output LSCData----->721=0x39
2014-11-15 13:02:779   Output LSCData----->722=0xE1
2014-11-15 13:02:779   Output LSCData----->723=0x35
2014-11-15 13:02:779   Output LSCData----->724=0x04
2014-11-15 13:02:779   Output LSCData----->725=0x49
2014-11-15 13:02:779   Output LSCData----->726=0x29
2014-11-15 13:02:779   Output LSCData----->727=0x3F
2014-11-15 13:02:779   Output LSCData----->728=0x8E
2014-11-15 13:02:779   Output LSCData----->729=0x40
2014-11-15 13:02:780   Output LSCData----->730=0x1D
2014-11-15 13:02:780   Output LSCData----->731=0x3D
2014-11-15 13:02:780   Output LSCData----->732=0x6D
2014-11-15 13:02:780   Output LSCData----->733=0x57
2014-11-15 13:02:780   Output LSCData----->734=0xFA
2014-11-15 13:02:780   Output LSCData----->735=0x4A
2014-11-15 13:02:780   Output LSCData----->736=0xB7
2014-11-15 13:02:780   Output LSCData----->737=0x4C
2014-11-15 13:02:780   Output LSCData----->738=0x94
2014-11-15 13:02:780   Output LSCData----->739=0x48
2014-11-15 13:02:781   Output LSCData----->740=0x42
2014-11-15 13:02:781   Output LSCData----->741=0x5D
2014-11-15 13:02:781   Output LSCData----->742=0xBB
2014-11-15 13:02:781   Output LSCData----->743=0x4D
2014-11-15 13:02:781   Output LSCData----->744=0x53
2014-11-15 13:02:781   Output LSCData----->745=0x50
2014-11-15 13:02:781   Output LSCData----->746=0x4E
2014-11-15 13:02:781   Output LSCData----->747=0x4C
2014-11-15 13:02:781   Output LSCData----->748=0xCB
2014-11-15 13:02:781   Output LSCData----->749=0x50
2014-11-15 13:02:782   Output LSCData----->750=0xCB
2014-11-15 13:02:782   Output LSCData----->751=0x44
2014-11-15 13:02:782   Output LSCData----->752=0x6B
2014-11-15 13:02:782   Output LSCData----->753=0x46
2014-11-15 13:02:782   Output LSCData----->754=0xF6
2014-11-15 13:02:782   Output LSCData----->755=0x42
2014-11-15 13:02:782   Output LSCData----->756=0x64
2014-11-15 13:02:782   Output LSCData----->757=0x45
2014-11-15 13:02:782   Output LSCData----->758=0xF4
2014-11-15 13:02:782   Output LSCData----->759=0x3B
2014-11-15 13:02:783   Output LSCData----->760=0x49
2014-11-15 13:02:783   Output LSCData----->761=0x3D
2014-11-15 13:02:783   Output LSCData----->762=0xE3
2014-11-15 13:02:783   Output LSCData----->763=0x39
2014-11-15 13:02:783   Output LSCData----->764=0x4E
2014-11-15 13:02:783   Output LSCData----->765=0x3E
2014-11-15 13:02:783   Output LSCData----->766=0x93
2014-11-15 13:02:783   Output LSCData----->767=0x36
2014-11-15 13:02:783   Output LSCData----->768=0x47
2014-11-15 13:02:783   Output LSCData----->769=0x37
2014-11-15 13:02:784   Output LSCData----->770=0x45
2014-11-15 13:02:784   Output LSCData----->771=0x34
2014-11-15 13:02:784   Output LSCData----->772=0x10
2014-11-15 13:02:784   Output LSCData----->773=0x38
2014-11-15 13:02:784   Output LSCData----->774=0xE2
2014-11-15 13:02:784   Output LSCData----->775=0x31
2014-11-15 13:02:784   Output LSCData----->776=0x82
2014-11-15 13:02:784   Output LSCData----->777=0x32
2014-11-15 13:02:784   Output LSCData----->778=0x0A
2014-11-15 13:02:784   Output LSCData----->779=0x30
2014-11-15 13:02:785   Output LSCData----->780=0x0A
2014-11-15 13:02:785   Output LSCData----->781=0x33
2014-11-15 13:02:785   Output LSCData----->782=0xFC
2014-11-15 13:02:785   Output LSCData----->783=0x2E
2014-11-15 13:02:785   Output LSCData----->784=0xD4
2014-11-15 13:02:785   Output LSCData----->785=0x2E
2014-11-15 13:02:785   Output LSCData----->786=0x0B
2014-11-15 13:02:785   Output LSCData----->787=0x2D
2014-11-15 13:02:785   Output LSCData----->788=0x0F
2014-11-15 13:02:785   Output LSCData----->789=0x30
2014-11-15 13:02:786   Output LSCData----->790=0x0C
2014-11-15 13:02:786   Output LSCData----->791=0x2D
2014-11-15 13:02:786   Output LSCData----->792=0xC7
2014-11-15 13:02:786   Output LSCData----->793=0x2C
2014-11-15 13:02:786   Output LSCData----->794=0x52
2014-11-15 13:02:786   Output LSCData----->795=0x2B
2014-11-15 13:02:786   Output LSCData----->796=0x5D
2014-11-15 13:02:786   Output LSCData----->797=0x30
2014-11-15 13:02:786   Output LSCData----->798=0x22
2014-11-15 13:02:786   Output LSCData----->799=0x2D
2014-11-15 13:02:787   Output LSCData----->800=0xFA
2014-11-15 13:02:787   Output LSCData----->801=0x2C
2014-11-15 13:02:787   Output LSCData----->802=0x53
2014-11-15 13:02:787   Output LSCData----->803=0x2B
2014-11-15 13:02:787   Output LSCData----->804=0x08
2014-11-15 13:02:787   Output LSCData----->805=0x33
2014-11-15 13:02:787   Output LSCData----->806=0x3E
2014-11-15 13:02:787   Output LSCData----->807=0x2F
2014-11-15 13:02:787   Output LSCData----->808=0x0B
2014-11-15 13:02:787   Output LSCData----->809=0x2F
2014-11-15 13:02:788   Output LSCData----->810=0x49
2014-11-15 13:02:788   Output LSCData----->811=0x2D
2014-11-15 13:02:788   Output LSCData----->812=0x0A
2014-11-15 13:02:788   Output LSCData----->813=0x38
2014-11-15 13:02:788   Output LSCData----->814=0xBC
2014-11-15 13:02:788   Output LSCData----->815=0x32
2014-11-15 13:02:788   Output LSCData----->816=0xEE
2014-11-15 13:02:788   Output LSCData----->817=0x32
2014-11-15 13:02:788   Output LSCData----->818=0x9A
2014-11-15 13:02:788   Output LSCData----->819=0x30
2014-11-15 13:02:789   Output LSCData----->820=0x04
2014-11-15 13:02:789   Output LSCData----->821=0x3F
2014-11-15 13:02:789   Output LSCData----->822=0xA9
2014-11-15 13:02:789   Output LSCData----->823=0x37
2014-11-15 13:02:789   Output LSCData----->824=0x05
2014-11-15 13:02:789   Output LSCData----->825=0x38
2014-11-15 13:02:789   Output LSCData----->826=0x2D
2014-11-15 13:02:789   Output LSCData----->827=0x35
2014-11-15 13:02:789   Output LSCData----->828=0x1D
2014-11-15 13:02:789   Output LSCData----->829=0x47
2014-11-15 13:02:790   Output LSCData----->830=0x13
2014-11-15 13:02:790   Output LSCData----->831=0x3E
2014-11-15 13:02:790   Output LSCData----->832=0x0C
2014-11-15 13:02:790   Output LSCData----->833=0x3F
2014-11-15 13:02:790   Output LSCData----->834=0xBA
2014-11-15 13:02:790   Output LSCData----->835=0x3B
2014-11-15 13:02:790   Output LSCData----->836=0x03
2014-11-15 13:02:790   Output LSCData----->837=0x51
2014-11-15 13:02:790   Output LSCData----->838=0xF1
2014-11-15 13:02:790   Output LSCData----->839=0x45
2014-11-15 13:02:791   Output LSCData----->840=0x45
2014-11-15 13:02:791   Output LSCData----->841=0x47
2014-11-15 13:02:791   Output LSCData----->842=0xA1
2014-11-15 13:02:791   Output LSCData----->843=0x43
2014-11-15 13:02:791   Output LSCData----->844=0x61
2014-11-15 13:02:791   Output LSCData----->845=0x5F
2014-11-15 13:02:791   Output LSCData----->846=0x18
2014-11-15 13:02:791   Output LSCData----->847=0x51
2014-11-15 13:02:791   Output LSCData----->848=0x94
2014-11-15 13:02:791   Output LSCData----->849=0x52
2014-11-15 13:02:792   Output LSCData----->850=0x02
2014-11-15 13:02:792   Output LSCData----->851=0x4F
2014-11-15 13:02:792   Output LSCData----->852=0x50
2014-11-15 13:02:792   Output LSCData----->853=0x59
2014-11-15 13:02:792   Output LSCData----->854=0x1B
2014-11-15 13:02:792   Output LSCData----->855=0x4B
2014-11-15 13:02:792   Output LSCData----->856=0xFC
2014-11-15 13:02:792   Output LSCData----->857=0x4C
2014-11-15 13:02:792   Output LSCData----->858=0xA3
2014-11-15 13:02:793   Output LSCData----->859=0x49
2014-11-15 13:02:793   Output LSCData----->860=0xDB
2014-11-15 13:02:793   Output LSCData----->861=0x58
2014-11-15 13:02:793   Output LSCData----->862=0x7B
2014-11-15 13:02:793   Output LSCData----->863=0x4B
2014-11-15 13:02:793   Output LSCData----->864=0xCA
2014-11-15 13:02:793   Output LSCData----->865=0x4C
2014-11-15 13:02:793   Output LSCData----->866=0xC8
2014-11-15 13:02:793   Output LSCData----->867=0x48
2014-11-15 13:02:793   Output LSCData----->868=0x32
2014-11-15 13:02:794   Output LSCData----->869=0x50
2014-11-15 13:02:794   Output LSCData----->870=0xC6
2014-11-15 13:02:794   Output LSCData----->871=0x44
2014-11-15 13:02:794   Output LSCData----->872=0xC3
2014-11-15 13:02:794   Output LSCData----->873=0x45
2014-11-15 13:02:794   Output LSCData----->874=0x54
2014-11-15 13:02:794   Output LSCData----->875=0x42
2014-11-15 13:02:794   Output LSCData----->876=0xB5
2014-11-15 13:02:794   Output LSCData----->877=0x48
2014-11-15 13:02:794   Output LSCData----->878=0xC9
2014-11-15 13:02:795   Output LSCData----->879=0x3E
2014-11-15 13:02:795   Output LSCData----->880=0x06
2014-11-15 13:02:795   Output LSCData----->881=0x3F
2014-11-15 13:02:795   Output LSCData----->882=0x13
2014-11-15 13:02:795   Output LSCData----->883=0x3C
2014-11-15 13:02:795   Output LSCData----->884=0xFB
2014-11-15 13:02:795   Output LSCData----->885=0x42
2014-11-15 13:02:795   Output LSCData----->886=0xBC
2014-11-15 13:02:795   Output LSCData----->887=0x3A
2014-11-15 13:02:795   Output LSCData----->888=0xAB
2014-11-15 13:02:796   Output LSCData----->889=0x3A
2014-11-15 13:02:796   Output LSCData----->890=0xD0
2014-11-15 13:02:796   Output LSCData----->891=0x37
2014-11-15 13:02:796   Output LSCData----->892=0x6F
2014-11-15 13:02:796   Output LSCData----->893=0x3F
2014-11-15 13:02:796   Output LSCData----->894=0x29
2014-11-15 13:02:796   Output LSCData----->895=0x38
2014-11-15 13:02:796   Output LSCData----->896=0xD6
2014-11-15 13:02:796   Output LSCData----->897=0x37
2014-11-15 13:02:796   Output LSCData----->898=0x49
2014-11-15 13:02:797   Output LSCData----->899=0x35
2014-11-15 13:02:797   Output LSCData----->900=0x29
2014-11-15 13:02:797   Output LSCData----->901=0x3D
2014-11-15 13:02:797   Output LSCData----->902=0x00
2014-11-15 13:02:797   Output LSCData----->903=0x37
2014-11-15 13:02:797   Output LSCData----->904=0x3D
2014-11-15 13:02:797   Output LSCData----->905=0x36
2014-11-15 13:02:797   Output LSCData----->906=0xED
2014-11-15 13:02:797   Output LSCData----->907=0x33
2014-11-15 13:02:798   Output LSCData----->908=0x71
2014-11-15 13:02:798   Output LSCData----->909=0x3D
2014-11-15 13:02:798   Output LSCData----->910=0x00
2014-11-15 13:02:798   Output LSCData----->911=0x37
2014-11-15 13:02:798   Output LSCData----->912=0xAD
2014-11-15 13:02:798   Output LSCData----->913=0x36
2014-11-15 13:02:798   Output LSCData----->914=0x1E
2014-11-15 13:02:798   Output LSCData----->915=0x34
2014-11-15 13:02:798   Output LSCData----->916=0x28
2014-11-15 13:02:798   Output LSCData----->917=0x40
2014-11-15 13:02:799   Output LSCData----->918=0x4A
2014-11-15 13:02:799   Output LSCData----->919=0x39
2014-11-15 13:02:799   Output LSCData----->920=0xC4
2014-11-15 13:02:799   Output LSCData----->921=0x38
2014-11-15 13:02:799   Output LSCData----->922=0x11
2014-11-15 13:02:799   Output LSCData----->923=0x36
2014-11-15 13:02:799   Output LSCData----->924=0x65
2014-11-15 13:02:799   Output LSCData----->925=0x44
2014-11-15 13:02:799   Output LSCData----->926=0x43
2014-11-15 13:02:799   Output LSCData----->927=0x3C
2014-11-15 13:02:800   Output LSCData----->928=0x1E
2014-11-15 13:02:800   Output LSCData----->929=0x3C
2014-11-15 13:02:800   Output LSCData----->930=0x48
2014-11-15 13:02:800   Output LSCData----->931=0x39
2014-11-15 13:02:800   Output LSCData----->932=0x14
2014-11-15 13:02:800   Output LSCData----->933=0x4B
2014-11-15 13:02:800   Output LSCData----->934=0x00
2014-11-15 13:02:800   Output LSCData----->935=0x41
2014-11-15 13:02:800   Output LSCData----->936=0x1E
2014-11-15 13:02:800   Output LSCData----->937=0x41
2014-11-15 13:02:801   Output LSCData----->938=0x0E
2014-11-15 13:02:801   Output LSCData----->939=0x3E
2014-11-15 13:02:801   Output LSCData----->940=0x85
2014-11-15 13:02:801   Output LSCData----->941=0x52
2014-11-15 13:02:801   Output LSCData----->942=0xBD
2014-11-15 13:02:801   Output LSCData----->943=0x47
2014-11-15 13:02:801   Output LSCData----->944=0x1B
2014-11-15 13:02:801   Output LSCData----->945=0x48
2014-11-15 13:02:801   Output LSCData----->946=0x5C
2014-11-15 13:02:801   Output LSCData----->947=0x44
2014-11-15 13:02:802   Output LSCData----->948=0x91
2014-11-15 13:02:802   Output LSCData----->949=0x5C
2014-11-15 13:02:802   Output LSCData----->950=0x21
2014-11-15 13:02:802   Output LSCData----->951=0x4F
2014-11-15 13:02:802   Output LSCData----->952=0x1C
2014-11-15 13:02:802   Output LSCData----->953=0x50
2014-11-15 13:02:802   Output LSCData----->954=0xCA
2014-11-15 13:02:802   Output LSCData----->955=0x4C
2014-11-15 13:02:802   Output LSCData----->956=0x11
2014-11-15 13:02:803   Output LSCData----->957=0x62
2014-11-15 13:02:803   Output LSCData----->958=0x17
2014-11-15 13:02:803   Output LSCData----->959=0x54
2014-11-15 13:02:803   Output LSCData----->960=0xDC
2014-11-15 13:02:803   Output LSCData----->961=0x55
2014-11-15 13:02:803   Output LSCData----->962=0xC7
2014-11-15 13:02:803   Output LSCData----->963=0x51
