2015-01-23 09:01:114   Output LSCData----->0=0x00
2015-01-23 09:01:115   Output LSCData----->1=0x00
2015-01-23 09:01:116   Output LSCData----->2=0xFF
2015-01-23 09:01:116   Output LSCData----->3=0x00
2015-01-23 09:01:117   Output LSCData----->4=0x02
2015-01-23 09:01:118   Output LSCData----->5=0x01
2015-01-23 09:01:119   Output LSCData----->6=0x08
2015-01-23 09:01:119   Output LSCData----->7=0x05
2015-01-23 09:01:120   Output LSCData----->8=0xC4
2015-01-23 09:01:121   Output LSCData----->9=0x03
2015-01-23 09:01:121   Output LSCData----->10=0x0C
2015-01-23 09:01:122   Output LSCData----->11=0x00
2015-01-23 09:01:123   Output LSCData----->12=0x0C
2015-01-23 09:01:124   Output LSCData----->13=0x00
2015-01-23 09:01:125   Output LSCData----->14=0x30
2015-01-23 09:01:125   Output LSCData----->15=0x08
2015-01-23 09:01:126   Output LSCData----->16=0x10
2015-01-23 09:01:127   Output LSCData----->17=0x06
2015-01-23 09:01:128   Output LSCData----->18=0x0A
2015-01-23 09:01:128   Output LSCData----->19=0x00
2015-01-23 09:01:129   Output LSCData----->20=0x0A
2015-01-23 09:01:130   Output LSCData----->21=0x00
2015-01-23 09:01:131   Output LSCData----->22=0x00
2015-01-23 09:01:131   Output LSCData----->23=0x00
2015-01-23 09:01:132   Output LSCData----->24=0x00
2015-01-23 09:01:133   Output LSCData----->25=0x00
2015-01-23 09:01:133   Output LSCData----->26=0xC2
2015-01-23 09:01:134   Output LSCData----->27=0x01
2015-01-23 09:01:135   Output LSCData----->28=0x00
2015-01-23 09:01:135   Output LSCData----->29=0x00
2015-01-23 09:01:136   Output LSCData----->30=0x00
2015-01-23 09:01:137   Output LSCData----->31=0x00
2015-01-23 09:01:137   Output LSCData----->32=0x00
2015-01-23 09:01:138   Output LSCData----->33=0x30
2015-01-23 09:01:138   Output LSCData----->34=0x78
2015-01-23 09:01:139   Output LSCData----->35=0x30
2015-01-23 09:01:140   Output LSCData----->36=0x80
2015-01-23 09:01:140   Output LSCData----->37=0x40
2015-01-23 09:01:141   Output LSCData----->38=0x00
2015-01-23 09:01:142   Output LSCData----->39=0x00
2015-01-23 09:01:142   Output LSCData----->40=0x00
2015-01-23 09:01:143   Output LSCData----->41=0x40
2015-01-23 09:01:144   Output LSCData----->42=0x7A
2015-01-23 09:01:144   Output LSCData----->43=0x00
2015-01-23 09:01:145   Output LSCData----->44=0x84
2015-01-23 09:01:146   Output LSCData----->45=0x00
2015-01-23 09:01:146   Output LSCData----->46=0x20
2015-01-23 09:01:147   Output LSCData----->47=0x20
2015-01-23 09:01:148   Output LSCData----->48=0x20
2015-01-23 09:01:148   Output LSCData----->49=0x20
2015-01-23 09:01:149   Output LSCData----->50=0x00
2015-01-23 09:01:150   Output LSCData----->51=0x00
2015-01-23 09:01:150   Output LSCData----->52=0x00
2015-01-23 09:01:151   Output LSCData----->53=0x30
2015-01-23 09:01:152   Output LSCData----->54=0x37
2015-01-23 09:01:152   Output LSCData----->55=0xD0
2015-01-23 09:01:153   Output LSCData----->56=0x4A
2015-01-23 09:01:154   Output LSCData----->57=0xD0
2015-01-23 09:01:154   Output LSCData----->58=0x00
2015-01-23 09:01:155   Output LSCData----->59=0x00
2015-01-23 09:01:156   Output LSCData----->60=0x00
2015-01-23 09:01:156   Output LSCData----->61=0x40
2015-01-23 09:01:157   Output LSCData----->62=0x3D
2015-01-23 09:01:157   Output LSCData----->63=0x00
2015-01-23 09:01:158   Output LSCData----->64=0x56
2015-01-23 09:01:159   Output LSCData----->65=0x00
2015-01-23 09:01:159   Output LSCData----->66=0x20
2015-01-23 09:01:160   Output LSCData----->67=0x20
2015-01-23 09:01:161   Output LSCData----->68=0x20
2015-01-23 09:01:161   Output LSCData----->69=0x20
2015-01-23 09:01:162   Output LSCData----->70=0x90
2015-01-23 09:01:162   Output LSCData----->71=0x46
2015-01-23 09:01:163   Output LSCData----->72=0x1A
2015-01-23 09:01:163   Output LSCData----->73=0x4D
2015-01-23 09:01:163   Output LSCData----->74=0x29
2015-01-23 09:01:164   Output LSCData----->75=0x45
2015-01-23 09:01:164   Output LSCData----->76=0x0D
2015-01-23 09:01:165   Output LSCData----->77=0x46
2015-01-23 09:01:165   Output LSCData----->78=0x26
2015-01-23 09:01:165   Output LSCData----->79=0x43
2015-01-23 09:01:166   Output LSCData----->80=0x67
2015-01-23 09:01:166   Output LSCData----->81=0x49
2015-01-23 09:01:167   Output LSCData----->82=0xD8
2015-01-23 09:01:167   Output LSCData----->83=0x40
2015-01-23 09:01:167   Output LSCData----->84=0xF4
2015-01-23 09:01:168   Output LSCData----->85=0x42
2015-01-23 09:01:168   Output LSCData----->86=0x6C
2015-01-23 09:01:169   Output LSCData----->87=0x3F
2015-01-23 09:01:169   Output LSCData----->88=0x8F
2015-01-23 09:01:169   Output LSCData----->89=0x44
2015-01-23 09:01:170   Output LSCData----->90=0x01
2015-01-23 09:01:170   Output LSCData----->91=0x3D
2015-01-23 09:01:171   Output LSCData----->92=0x04
2015-01-23 09:01:171   Output LSCData----->93=0x3F
2015-01-23 09:01:171   Output LSCData----->94=0xBC
2015-01-23 09:01:172   Output LSCData----->95=0x3A
2015-01-23 09:01:172   Output LSCData----->96=0x49
2015-01-23 09:01:173   Output LSCData----->97=0x3F
2015-01-23 09:01:173   Output LSCData----->98=0x03
2015-01-23 09:01:173   Output LSCData----->99=0x39
2015-01-23 09:01:174   Output LSCData----->100=0x9A
2015-01-23 09:01:174   Output LSCData----->101=0x3A
2015-01-23 09:01:175   Output LSCData----->102=0x91
2015-01-23 09:01:175   Output LSCData----->103=0x36
2015-01-23 09:01:175   Output LSCData----->104=0xF7
2015-01-23 09:01:176   Output LSCData----->105=0x39
2015-01-23 09:01:176   Output LSCData----->106=0x14
2015-01-23 09:01:177   Output LSCData----->107=0x35
2015-01-23 09:01:177   Output LSCData----->108=0x39
2015-01-23 09:01:177   Output LSCData----->109=0x36
2015-01-23 09:01:178   Output LSCData----->110=0x61
2015-01-23 09:01:178   Output LSCData----->111=0x33
2015-01-23 09:01:179   Output LSCData----->112=0x4A
2015-01-23 09:01:179   Output LSCData----->113=0x36
2015-01-23 09:01:179   Output LSCData----->114=0x10
2015-01-23 09:01:180   Output LSCData----->115=0x32
2015-01-23 09:01:180   Output LSCData----->116=0xD6
2015-01-23 09:01:181   Output LSCData----->117=0x32
2015-01-23 09:01:181   Output LSCData----->118=0x4E
2015-01-23 09:01:181   Output LSCData----->119=0x31
2015-01-23 09:01:182   Output LSCData----->120=0xD0
2015-01-23 09:01:182   Output LSCData----->121=0x33
2015-01-23 09:01:183   Output LSCData----->122=0xDD
2015-01-23 09:01:183   Output LSCData----->123=0x2F
2015-01-23 09:01:183   Output LSCData----->124=0xF3
2015-01-23 09:01:184   Output LSCData----->125=0x30
2015-01-23 09:01:184   Output LSCData----->126=0x9A
2015-01-23 09:01:185   Output LSCData----->127=0x30
2015-01-23 09:01:185   Output LSCData----->128=0x2D
2015-01-23 09:01:185   Output LSCData----->129=0x33
2015-01-23 09:01:186   Output LSCData----->130=0x39
2015-01-23 09:01:186   Output LSCData----->131=0x2F
2015-01-23 09:01:187   Output LSCData----->132=0x4E
2015-01-23 09:01:187   Output LSCData----->133=0x30
2015-01-23 09:01:187   Output LSCData----->134=0x4E
2015-01-23 09:01:188   Output LSCData----->135=0x31
2015-01-23 09:01:188   Output LSCData----->136=0xE5
2015-01-23 09:01:189   Output LSCData----->137=0x33
2015-01-23 09:01:189   Output LSCData----->138=0xE5
2015-01-23 09:01:189   Output LSCData----->139=0x2F
2015-01-23 09:01:190   Output LSCData----->140=0xF8
2015-01-23 09:01:190   Output LSCData----->141=0x30
2015-01-23 09:01:191   Output LSCData----->142=0x38
2015-01-23 09:01:191   Output LSCData----->143=0x33
2015-01-23 09:01:192   Output LSCData----->144=0x23
2015-01-23 09:01:192   Output LSCData----->145=0x36
2015-01-23 09:01:193   Output LSCData----->146=0x6D
2015-01-23 09:01:193   Output LSCData----->147=0x31
2015-01-23 09:01:193   Output LSCData----->148=0x0A
2015-01-23 09:01:194   Output LSCData----->149=0x33
2015-01-23 09:01:194   Output LSCData----->150=0xAC
2015-01-23 09:01:195   Output LSCData----->151=0x36
2015-01-23 09:01:195   Output LSCData----->152=0x12
2015-01-23 09:01:195   Output LSCData----->153=0x3A
2015-01-23 09:01:196   Output LSCData----->154=0x5C
2015-01-23 09:01:196   Output LSCData----->155=0x34
2015-01-23 09:01:197   Output LSCData----->156=0xCA
2015-01-23 09:01:197   Output LSCData----->157=0x36
2015-01-23 09:01:198   Output LSCData----->158=0x1E
2015-01-23 09:01:198   Output LSCData----->159=0x3B
2015-01-23 09:01:199   Output LSCData----->160=0x5A
2015-01-23 09:01:199   Output LSCData----->161=0x3F
2015-01-23 09:01:199   Output LSCData----->162=0x27
2015-01-23 09:01:200   Output LSCData----->163=0x39
2015-01-23 09:01:200   Output LSCData----->164=0x40
2015-01-23 09:01:201   Output LSCData----->165=0x3B
2015-01-23 09:01:201   Output LSCData----->166=0xE4
2015-01-23 09:01:201   Output LSCData----->167=0x3F
2015-01-23 09:01:202   Output LSCData----->168=0x00
2015-01-23 09:01:202   Output LSCData----->169=0x45
2015-01-23 09:01:202   Output LSCData----->170=0xD7
2015-01-23 09:01:203   Output LSCData----->171=0x3D
2015-01-23 09:01:203   Output LSCData----->172=0x44
2015-01-23 09:01:204   Output LSCData----->173=0x40
2015-01-23 09:01:204   Output LSCData----->174=0xBF
2015-01-23 09:01:204   Output LSCData----->175=0x44
2015-01-23 09:01:205   Output LSCData----->176=0xE8
2015-01-23 09:01:205   Output LSCData----->177=0x4A
2015-01-23 09:01:206   Output LSCData----->178=0xCB
2015-01-23 09:01:206   Output LSCData----->179=0x42
2015-01-23 09:01:206   Output LSCData----->180=0x4E
2015-01-23 09:01:207   Output LSCData----->181=0x45
2015-01-23 09:01:207   Output LSCData----->182=0x14
2015-01-23 09:01:208   Output LSCData----->183=0x48
2015-01-23 09:01:208   Output LSCData----->184=0x3E
2015-01-23 09:01:208   Output LSCData----->185=0x4F
2015-01-23 09:01:209   Output LSCData----->186=0x94
2015-01-23 09:01:209   Output LSCData----->187=0x46
2015-01-23 09:01:210   Output LSCData----->188=0xCA
2015-01-23 09:01:210   Output LSCData----->189=0x48
2015-01-23 09:01:210   Output LSCData----->190=0x75
2015-01-23 09:01:211   Output LSCData----->191=0x45
2015-01-23 09:01:211   Output LSCData----->192=0xC2
2015-01-23 09:01:212   Output LSCData----->193=0x4B
2015-01-23 09:01:212   Output LSCData----->194=0xB8
2015-01-23 09:01:212   Output LSCData----->195=0x44
2015-01-23 09:01:213   Output LSCData----->196=0x43
2015-01-23 09:01:213   Output LSCData----->197=0x45
2015-01-23 09:01:214   Output LSCData----->198=0x5C
2015-01-23 09:01:214   Output LSCData----->199=0x42
2015-01-23 09:01:214   Output LSCData----->200=0xA3
2015-01-23 09:01:215   Output LSCData----->201=0x48
2015-01-23 09:01:215   Output LSCData----->202=0x32
2015-01-23 09:01:216   Output LSCData----->203=0x41
2015-01-23 09:01:216   Output LSCData----->204=0x39
2015-01-23 09:01:216   Output LSCData----->205=0x42
2015-01-23 09:01:217   Output LSCData----->206=0x22
2015-01-23 09:01:217   Output LSCData----->207=0x3D
2015-01-23 09:01:218   Output LSCData----->208=0x26
2015-01-23 09:01:218   Output LSCData----->209=0x42
2015-01-23 09:01:218   Output LSCData----->210=0x33
2015-01-23 09:01:219   Output LSCData----->211=0x3B
2015-01-23 09:01:219   Output LSCData----->212=0xBD
2015-01-23 09:01:220   Output LSCData----->213=0x3C
2015-01-23 09:01:220   Output LSCData----->214=0xA0
2015-01-23 09:01:220   Output LSCData----->215=0x37
2015-01-23 09:01:221   Output LSCData----->216=0x82
2015-01-23 09:01:221   Output LSCData----->217=0x3B
2015-01-23 09:01:221   Output LSCData----->218=0x3F
2015-01-23 09:01:222   Output LSCData----->219=0x35
2015-01-23 09:01:222   Output LSCData----->220=0x6A
2015-01-23 09:01:223   Output LSCData----->221=0x37
2015-01-23 09:01:223   Output LSCData----->222=0x01
2015-01-23 09:01:223   Output LSCData----->223=0x33
2015-01-23 09:01:224   Output LSCData----->224=0xD6
2015-01-23 09:01:224   Output LSCData----->225=0x35
2015-01-23 09:01:225   Output LSCData----->226=0xD5
2015-01-23 09:01:225   Output LSCData----->227=0x30
2015-01-23 09:01:225   Output LSCData----->228=0xCF
2015-01-23 09:01:226   Output LSCData----->229=0x32
2015-01-23 09:01:226   Output LSCData----->230=0xA6
2015-01-23 09:01:227   Output LSCData----->231=0x2F
2015-01-23 09:01:227   Output LSCData----->232=0xD5
2015-01-23 09:01:227   Output LSCData----->233=0x31
2015-01-23 09:01:228   Output LSCData----->234=0xA3
2015-01-23 09:01:228   Output LSCData----->235=0x2D
2015-01-23 09:01:229   Output LSCData----->236=0x5D
2015-01-23 09:01:229   Output LSCData----->237=0x2F
2015-01-23 09:01:229   Output LSCData----->238=0x9F
2015-01-23 09:01:230   Output LSCData----->239=0x2D
2015-01-23 09:01:230   Output LSCData----->240=0x34
2015-01-23 09:01:231   Output LSCData----->241=0x2F
2015-01-23 09:01:231   Output LSCData----->242=0xC3
2015-01-23 09:01:231   Output LSCData----->243=0x2B
2015-01-23 09:01:232   Output LSCData----->244=0x3C
2015-01-23 09:01:232   Output LSCData----->245=0x2D
2015-01-23 09:01:233   Output LSCData----->246=0xD6
2015-01-23 09:01:233   Output LSCData----->247=0x2C
2015-01-23 09:01:233   Output LSCData----->248=0xBF
2015-01-23 09:01:234   Output LSCData----->249=0x2E
2015-01-23 09:01:234   Output LSCData----->250=0x32
2015-01-23 09:01:234   Output LSCData----->251=0x2B
2015-01-23 09:01:235   Output LSCData----->252=0x90
2015-01-23 09:01:235   Output LSCData----->253=0x2C
2015-01-23 09:01:236   Output LSCData----->254=0x57
2015-01-23 09:01:236   Output LSCData----->255=0x2D
2015-01-23 09:01:236   Output LSCData----->256=0x43
2015-01-23 09:01:237   Output LSCData----->257=0x2F
2015-01-23 09:01:237   Output LSCData----->258=0xE0
2015-01-23 09:01:238   Output LSCData----->259=0x2B
2015-01-23 09:01:238   Output LSCData----->260=0x3F
2015-01-23 09:01:238   Output LSCData----->261=0x2D
2015-01-23 09:01:239   Output LSCData----->262=0x7F
2015-01-23 09:01:239   Output LSCData----->263=0x2F
2015-01-23 09:01:240   Output LSCData----->264=0xBD
2015-01-23 09:01:240   Output LSCData----->265=0x31
2015-01-23 09:01:240   Output LSCData----->266=0xA7
2015-01-23 09:01:241   Output LSCData----->267=0x2D
2015-01-23 09:01:241   Output LSCData----->268=0x5C
2015-01-23 09:01:242   Output LSCData----->269=0x2F
2015-01-23 09:01:242   Output LSCData----->270=0xAF
2015-01-23 09:01:242   Output LSCData----->271=0x32
2015-01-23 09:01:243   Output LSCData----->272=0x5D
2015-01-23 09:01:243   Output LSCData----->273=0x35
2015-01-23 09:01:244   Output LSCData----->274=0xB2
2015-01-23 09:01:244   Output LSCData----->275=0x30
2015-01-23 09:01:244   Output LSCData----->276=0xAE
2015-01-23 09:01:245   Output LSCData----->277=0x32
2015-01-23 09:01:245   Output LSCData----->278=0x12
2015-01-23 09:01:246   Output LSCData----->279=0x37
2015-01-23 09:01:246   Output LSCData----->280=0x1E
2015-01-23 09:01:246   Output LSCData----->281=0x3B
2015-01-23 09:01:247   Output LSCData----->282=0xFF
2015-01-23 09:01:247   Output LSCData----->283=0x34
2015-01-23 09:01:247   Output LSCData----->284=0x52
2015-01-23 09:01:248   Output LSCData----->285=0x37
2015-01-23 09:01:248   Output LSCData----->286=0xD7
2015-01-23 09:01:249   Output LSCData----->287=0x3C
2015-01-23 09:01:249   Output LSCData----->288=0xA3
2015-01-23 09:01:249   Output LSCData----->289=0x41
2015-01-23 09:01:250   Output LSCData----->290=0x4C
2015-01-23 09:01:250   Output LSCData----->291=0x3A
2015-01-23 09:01:251   Output LSCData----->292=0x41
2015-01-23 09:01:251   Output LSCData----->293=0x3D
2015-01-23 09:01:251   Output LSCData----->294=0x8D
2015-01-23 09:01:252   Output LSCData----->295=0x42
2015-01-23 09:01:252   Output LSCData----->296=0x5A
2015-01-23 09:01:253   Output LSCData----->297=0x48
2015-01-23 09:01:253   Output LSCData----->298=0x82
2015-01-23 09:01:253   Output LSCData----->299=0x3F
2015-01-23 09:01:254   Output LSCData----->300=0xE8
2015-01-23 09:01:254   Output LSCData----->301=0x42
2015-01-23 09:01:255   Output LSCData----->302=0x76
2015-01-23 09:01:255   Output LSCData----->303=0x45
2015-01-23 09:01:255   Output LSCData----->304=0x15
2015-01-23 09:01:256   Output LSCData----->305=0x4C
2015-01-23 09:01:256   Output LSCData----->306=0xB8
2015-01-23 09:01:257   Output LSCData----->307=0x42
2015-01-23 09:01:257   Output LSCData----->308=0xDC
2015-01-23 09:01:257   Output LSCData----->309=0x45
2015-01-23 09:01:258   Output LSCData----->310=0xA7
2015-01-23 09:01:258   Output LSCData----->311=0x43
2015-01-23 09:01:259   Output LSCData----->312=0xBE
2015-01-23 09:01:259   Output LSCData----->313=0x49
2015-01-23 09:01:259   Output LSCData----->314=0xA9
2015-01-23 09:01:260   Output LSCData----->315=0x42
2015-01-23 09:01:260   Output LSCData----->316=0xA7
2015-01-23 09:01:261   Output LSCData----->317=0x43
2015-01-23 09:01:261   Output LSCData----->318=0x10
2015-01-23 09:01:261   Output LSCData----->319=0x40
2015-01-23 09:01:262   Output LSCData----->320=0x72
2015-01-23 09:01:262   Output LSCData----->321=0x45
2015-01-23 09:01:263   Output LSCData----->322=0x12
2015-01-23 09:01:263   Output LSCData----->323=0x3F
2015-01-23 09:01:263   Output LSCData----->324=0xEB
2015-01-23 09:01:264   Output LSCData----->325=0x3F
2015-01-23 09:01:264   Output LSCData----->326=0xFD
2015-01-23 09:01:265   Output LSCData----->327=0x39
2015-01-23 09:01:265   Output LSCData----->328=0x34
2015-01-23 09:01:265   Output LSCData----->329=0x3E
2015-01-23 09:01:266   Output LSCData----->330=0x3F
2015-01-23 09:01:266   Output LSCData----->331=0x38
2015-01-23 09:01:267   Output LSCData----->332=0xB7
2015-01-23 09:01:267   Output LSCData----->333=0x39
2015-01-23 09:01:267   Output LSCData----->334=0x1E
2015-01-23 09:01:268   Output LSCData----->335=0x34
2015-01-23 09:01:268   Output LSCData----->336=0x20
2015-01-23 09:01:268   Output LSCData----->337=0x37
2015-01-23 09:01:269   Output LSCData----->338=0x76
2015-01-23 09:01:269   Output LSCData----->339=0x32
2015-01-23 09:01:270   Output LSCData----->340=0xDC
2015-01-23 09:01:270   Output LSCData----->341=0x33
2015-01-23 09:01:270   Output LSCData----->342=0x8E
2015-01-23 09:01:271   Output LSCData----->343=0x2F
2015-01-23 09:01:271   Output LSCData----->344=0x9B
2015-01-23 09:01:272   Output LSCData----->345=0x31
2015-01-23 09:01:272   Output LSCData----->346=0xFE
2015-01-23 09:01:272   Output LSCData----->347=0x2D
2015-01-23 09:01:273   Output LSCData----->348=0x27
2015-01-23 09:01:273   Output LSCData----->349=0x2F
2015-01-23 09:01:274   Output LSCData----->350=0x9D
2015-01-23 09:01:274   Output LSCData----->351=0x2B
2015-01-23 09:01:275   Output LSCData----->352=0x2A
2015-01-23 09:01:275   Output LSCData----->353=0x2D
2015-01-23 09:01:275   Output LSCData----->354=0x9D
2015-01-23 09:01:276   Output LSCData----->355=0x2A
2015-01-23 09:01:276   Output LSCData----->356=0x74
2015-01-23 09:01:277   Output LSCData----->357=0x2B
2015-01-23 09:01:277   Output LSCData----->358=0xB6
2015-01-23 09:01:277   Output LSCData----->359=0x29
2015-01-23 09:01:278   Output LSCData----->360=0x13
2015-01-23 09:01:278   Output LSCData----->361=0x2B
2015-01-23 09:01:278   Output LSCData----->362=0x4F
2015-01-23 09:01:279   Output LSCData----->363=0x28
2015-01-23 09:01:279   Output LSCData----->364=0x6A
2015-01-23 09:01:280   Output LSCData----->365=0x29
2015-01-23 09:01:280   Output LSCData----->366=0xF0
2015-01-23 09:01:280   Output LSCData----->367=0x28
2015-01-23 09:01:281   Output LSCData----->368=0x12
2015-01-23 09:01:281   Output LSCData----->369=0x2A
2015-01-23 09:01:282   Output LSCData----->370=0x84
2015-01-23 09:01:282   Output LSCData----->371=0x27
2015-01-23 09:01:282   Output LSCData----->372=0x95
2015-01-23 09:01:283   Output LSCData----->373=0x28
2015-01-23 09:01:284   Output LSCData----->374=0x71
2015-01-23 09:01:284   Output LSCData----->375=0x29
2015-01-23 09:01:284   Output LSCData----->376=0xB1
2015-01-23 09:01:285   Output LSCData----->377=0x2A
2015-01-23 09:01:285   Output LSCData----->378=0xB6
2015-01-23 09:01:286   Output LSCData----->379=0x27
2015-01-23 09:01:286   Output LSCData----->380=0x52
2015-01-23 09:01:286   Output LSCData----->381=0x29
2015-01-23 09:01:287   Output LSCData----->382=0x59
2015-01-23 09:01:287   Output LSCData----->383=0x2B
2015-01-23 09:01:288   Output LSCData----->384=0xD0
2015-01-23 09:01:288   Output LSCData----->385=0x2C
2015-01-23 09:01:288   Output LSCData----->386=0x8E
2015-01-23 09:01:289   Output LSCData----->387=0x29
2015-01-23 09:01:289   Output LSCData----->388=0x60
2015-01-23 09:01:290   Output LSCData----->389=0x2B
2015-01-23 09:01:290   Output LSCData----->390=0xCD
2015-01-23 09:01:290   Output LSCData----->391=0x2E
2015-01-23 09:01:291   Output LSCData----->392=0xD4
2015-01-23 09:01:291   Output LSCData----->393=0x30
2015-01-23 09:01:292   Output LSCData----->394=0xE5
2015-01-23 09:01:292   Output LSCData----->395=0x2C
2015-01-23 09:01:292   Output LSCData----->396=0xB3
2015-01-23 09:01:293   Output LSCData----->397=0x2E
2015-01-23 09:01:293   Output LSCData----->398=0x4E
2015-01-23 09:01:293   Output LSCData----->399=0x33
2015-01-23 09:01:294   Output LSCData----->400=0x80
2015-01-23 09:01:294   Output LSCData----->401=0x36
2015-01-23 09:01:295   Output LSCData----->402=0x63
2015-01-23 09:01:295   Output LSCData----->403=0x31
2015-01-23 09:01:295   Output LSCData----->404=0xAC
2015-01-23 09:01:296   Output LSCData----->405=0x33
2015-01-23 09:01:296   Output LSCData----->406=0x53
2015-01-23 09:01:297   Output LSCData----->407=0x39
2015-01-23 09:01:297   Output LSCData----->408=0x5C
2015-01-23 09:01:297   Output LSCData----->409=0x3D
2015-01-23 09:01:298   Output LSCData----->410=0xF7
2015-01-23 09:01:298   Output LSCData----->411=0x36
2015-01-23 09:01:299   Output LSCData----->412=0x08
2015-01-23 09:01:299   Output LSCData----->413=0x3A
2015-01-23 09:01:300   Output LSCData----->414=0x65
2015-01-23 09:01:300   Output LSCData----->415=0x3F
2015-01-23 09:01:300   Output LSCData----->416=0x0F
2015-01-23 09:01:301   Output LSCData----->417=0x45
2015-01-23 09:01:301   Output LSCData----->418=0xDF
2015-01-23 09:01:302   Output LSCData----->419=0x3C
2015-01-23 09:01:302   Output LSCData----->420=0x11
2015-01-23 09:01:302   Output LSCData----->421=0x40
2015-01-23 09:01:303   Output LSCData----->422=0x6B
2015-01-23 09:01:303   Output LSCData----->423=0x43
2015-01-23 09:01:303   Output LSCData----->424=0x92
2015-01-23 09:01:304   Output LSCData----->425=0x49
2015-01-23 09:01:304   Output LSCData----->426=0x59
2015-01-23 09:01:305   Output LSCData----->427=0x40
2015-01-23 09:01:305   Output LSCData----->428=0x1C
2015-01-23 09:01:305   Output LSCData----->429=0x44
2015-01-23 09:01:306   Output LSCData----->430=0xE4
2015-01-23 09:01:306   Output LSCData----->431=0x41
2015-01-23 09:01:307   Output LSCData----->432=0xFC
2015-01-23 09:01:307   Output LSCData----->433=0x47
2015-01-23 09:01:307   Output LSCData----->434=0xC4
2015-01-23 09:01:308   Output LSCData----->435=0x40
2015-01-23 09:01:308   Output LSCData----->436=0xB8
2015-01-23 09:01:309   Output LSCData----->437=0x41
2015-01-23 09:01:309   Output LSCData----->438=0x6A
2015-01-23 09:01:309   Output LSCData----->439=0x3D
2015-01-23 09:01:310   Output LSCData----->440=0x1B
2015-01-23 09:01:310   Output LSCData----->441=0x42
2015-01-23 09:01:311   Output LSCData----->442=0xDF
2015-01-23 09:01:311   Output LSCData----->443=0x3B
2015-01-23 09:01:311   Output LSCData----->444=0x11
2015-01-23 09:01:312   Output LSCData----->445=0x3D
2015-01-23 09:01:312   Output LSCData----->446=0x7B
2015-01-23 09:01:313   Output LSCData----->447=0x36
2015-01-23 09:01:313   Output LSCData----->448=0xFB
2015-01-23 09:01:313   Output LSCData----->449=0x39
2015-01-23 09:01:314   Output LSCData----->450=0xEA
2015-01-23 09:01:329   Output LSCData----->451=0x34
2015-01-23 09:01:329   Output LSCData----->452=0x39
2015-01-23 09:01:330   Output LSCData----->453=0x36
2015-01-23 09:01:330   Output LSCData----->454=0xB7
2015-01-23 09:01:330   Output LSCData----->455=0x30
2015-01-23 09:01:331   Output LSCData----->456=0x14
2015-01-23 09:01:331   Output LSCData----->457=0x33
2015-01-23 09:01:332   Output LSCData----->458=0x79
2015-01-23 09:01:332   Output LSCData----->459=0x2F
2015-01-23 09:01:332   Output LSCData----->460=0x79
2015-01-23 09:01:333   Output LSCData----->461=0x30
2015-01-23 09:01:333   Output LSCData----->462=0x11
2015-01-23 09:01:334   Output LSCData----->463=0x2C
2015-01-23 09:01:334   Output LSCData----->464=0xE2
2015-01-23 09:01:334   Output LSCData----->465=0x2D
2015-01-23 09:01:335   Output LSCData----->466=0x23
2015-01-23 09:01:335   Output LSCData----->467=0x2B
2015-01-23 09:01:336   Output LSCData----->468=0xE1
2015-01-23 09:01:336   Output LSCData----->469=0x2B
2015-01-23 09:01:337   Output LSCData----->470=0xBE
2015-01-23 09:01:337   Output LSCData----->471=0x28
2015-01-23 09:01:337   Output LSCData----->472=0xA2
2015-01-23 09:01:338   Output LSCData----->473=0x29
2015-01-23 09:01:338   Output LSCData----->474=0xDD
2015-01-23 09:01:339   Output LSCData----->475=0x27
2015-01-23 09:01:339   Output LSCData----->476=0x7A
2015-01-23 09:01:339   Output LSCData----->477=0x28
2015-01-23 09:01:340   Output LSCData----->478=0xB3
2015-01-23 09:01:340   Output LSCData----->479=0x26
2015-01-23 09:01:341   Output LSCData----->480=0x63
2015-01-23 09:01:341   Output LSCData----->481=0x27
2015-01-23 09:01:341   Output LSCData----->482=0x15
2015-01-23 09:01:342   Output LSCData----->483=0x26
2015-01-23 09:01:342   Output LSCData----->484=0x80
2015-01-23 09:01:343   Output LSCData----->485=0x26
2015-01-23 09:01:343   Output LSCData----->486=0xEA
2015-01-23 09:01:343   Output LSCData----->487=0x25
2015-01-23 09:01:344   Output LSCData----->488=0x70
2015-01-23 09:01:344   Output LSCData----->489=0x26
2015-01-23 09:01:345   Output LSCData----->490=0x26
2015-01-23 09:01:345   Output LSCData----->491=0x25
2015-01-23 09:01:345   Output LSCData----->492=0xCE
2015-01-23 09:01:346   Output LSCData----->493=0x25
2015-01-23 09:01:346   Output LSCData----->494=0x48
2015-01-23 09:01:347   Output LSCData----->495=0x26
2015-01-23 09:01:347   Output LSCData----->496=0xF4
2015-01-23 09:01:347   Output LSCData----->497=0x26
2015-01-23 09:01:348   Output LSCData----->498=0x78
2015-01-23 09:01:348   Output LSCData----->499=0x25
2015-01-23 09:01:348   Output LSCData----->500=0x45
2015-01-23 09:01:349   Output LSCData----->501=0x26
2015-01-23 09:01:349   Output LSCData----->502=0x3C
2015-01-23 09:01:350   Output LSCData----->503=0x28
2015-01-23 09:01:350   Output LSCData----->504=0x63
2015-01-23 09:01:350   Output LSCData----->505=0x29
2015-01-23 09:01:351   Output LSCData----->506=0x36
2015-01-23 09:01:351   Output LSCData----->507=0x27
2015-01-23 09:01:352   Output LSCData----->508=0x48
2015-01-23 09:01:352   Output LSCData----->509=0x28
2015-01-23 09:01:352   Output LSCData----->510=0xA3
2015-01-23 09:01:353   Output LSCData----->511=0x2B
2015-01-23 09:01:353   Output LSCData----->512=0x60
2015-01-23 09:01:354   Output LSCData----->513=0x2D
2015-01-23 09:01:354   Output LSCData----->514=0xFB
2015-01-23 09:01:354   Output LSCData----->515=0x29
2015-01-23 09:01:355   Output LSCData----->516=0xD4
2015-01-23 09:01:355   Output LSCData----->517=0x2B
2015-01-23 09:01:356   Output LSCData----->518=0x41
2015-01-23 09:01:356   Output LSCData----->519=0x30
2015-01-23 09:01:356   Output LSCData----->520=0xA3
2015-01-23 09:01:357   Output LSCData----->521=0x32
2015-01-23 09:01:357   Output LSCData----->522=0x30
2015-01-23 09:01:358   Output LSCData----->523=0x2E
2015-01-23 09:01:358   Output LSCData----->524=0x66
2015-01-23 09:01:358   Output LSCData----->525=0x30
2015-01-23 09:01:359   Output LSCData----->526=0xE2
2015-01-23 09:01:359   Output LSCData----->527=0x35
2015-01-23 09:01:359   Output LSCData----->528=0x94
2015-01-23 09:01:360   Output LSCData----->529=0x39
2015-01-23 09:01:360   Output LSCData----->530=0x90
2015-01-23 09:01:361   Output LSCData----->531=0x33
2015-01-23 09:01:361   Output LSCData----->532=0x77
2015-01-23 09:01:361   Output LSCData----->533=0x36
2015-01-23 09:01:362   Output LSCData----->534=0xFE
2015-01-23 09:01:362   Output LSCData----->535=0x3C
2015-01-23 09:01:363   Output LSCData----->536=0xE6
2015-01-23 09:01:363   Output LSCData----->537=0x41
2015-01-23 09:01:363   Output LSCData----->538=0x05
2015-01-23 09:01:364   Output LSCData----->539=0x3A
2015-01-23 09:01:364   Output LSCData----->540=0xAB
2015-01-23 09:01:365   Output LSCData----->541=0x3D
2015-01-23 09:01:365   Output LSCData----->542=0xBE
2015-01-23 09:01:365   Output LSCData----->543=0x41
2015-01-23 09:01:366   Output LSCData----->544=0x45
2015-01-23 09:01:367   Output LSCData----->545=0x48
2015-01-23 09:01:367   Output LSCData----->546=0xFD
2015-01-23 09:01:367   Output LSCData----->547=0x3E
2015-01-23 09:01:368   Output LSCData----->548=0x7F
2015-01-23 09:01:368   Output LSCData----->549=0x42
2015-01-23 09:01:369   Output LSCData----->550=0xF0
2015-01-23 09:01:369   Output LSCData----->551=0x3F
2015-01-23 09:01:369   Output LSCData----->552=0xDD
2015-01-23 09:01:370   Output LSCData----->553=0x45
2015-01-23 09:01:370   Output LSCData----->554=0x4C
2015-01-23 09:01:371   Output LSCData----->555=0x3F
2015-01-23 09:01:371   Output LSCData----->556=0x16
2015-01-23 09:01:371   Output LSCData----->557=0x40
2015-01-23 09:01:372   Output LSCData----->558=0xFA
2015-01-23 09:01:372   Output LSCData----->559=0x3A
2015-01-23 09:01:373   Output LSCData----->560=0x77
2015-01-23 09:01:373   Output LSCData----->561=0x3F
2015-01-23 09:01:373   Output LSCData----->562=0x9A
2015-01-23 09:01:374   Output LSCData----->563=0x39
2015-01-23 09:01:374   Output LSCData----->564=0xED
2015-01-23 09:01:375   Output LSCData----->565=0x3A
2015-01-23 09:01:375   Output LSCData----->566=0xE6
2015-01-23 09:01:375   Output LSCData----->567=0x33
2015-01-23 09:01:376   Output LSCData----->568=0x26
2015-01-23 09:01:376   Output LSCData----->569=0x37
2015-01-23 09:01:377   Output LSCData----->570=0x57
2015-01-23 09:01:377   Output LSCData----->571=0x32
2015-01-23 09:01:378   Output LSCData----->572=0xDE
2015-01-23 09:01:378   Output LSCData----->573=0x33
2015-01-23 09:01:378   Output LSCData----->574=0x10
2015-01-23 09:01:379   Output LSCData----->575=0x2E
2015-01-23 09:01:379   Output LSCData----->576=0xFC
2015-01-23 09:01:380   Output LSCData----->577=0x2F
2015-01-23 09:01:380   Output LSCData----->578=0x8F
2015-01-23 09:01:380   Output LSCData----->579=0x2C
2015-01-23 09:01:381   Output LSCData----->580=0xEC
2015-01-23 09:01:381   Output LSCData----->581=0x2D
2015-01-23 09:01:382   Output LSCData----->582=0x50
2015-01-23 09:01:382   Output LSCData----->583=0x29
2015-01-23 09:01:382   Output LSCData----->584=0x81
2015-01-23 09:01:383   Output LSCData----->585=0x2A
2015-01-23 09:01:383   Output LSCData----->586=0x5E
2015-01-23 09:01:384   Output LSCData----->587=0x28
2015-01-23 09:01:384   Output LSCData----->588=0x3F
2015-01-23 09:01:384   Output LSCData----->589=0x29
2015-01-23 09:01:385   Output LSCData----->590=0xFE
2015-01-23 09:01:385   Output LSCData----->591=0x25
2015-01-23 09:01:386   Output LSCData----->592=0xAA
2015-01-23 09:01:386   Output LSCData----->593=0x26
2015-01-23 09:01:386   Output LSCData----->594=0x53
2015-01-23 09:01:387   Output LSCData----->595=0x25
2015-01-23 09:01:387   Output LSCData----->596=0xCB
2015-01-23 09:01:388   Output LSCData----->597=0x25
2015-01-23 09:01:388   Output LSCData----->598=0x17
2015-01-23 09:01:388   Output LSCData----->599=0x24
2015-01-23 09:01:389   Output LSCData----->600=0x7B
2015-01-23 09:01:389   Output LSCData----->601=0x24
2015-01-23 09:01:389   Output LSCData----->602=0x9B
2015-01-23 09:01:390   Output LSCData----->603=0x23
2015-01-23 09:01:390   Output LSCData----->604=0xEC
2015-01-23 09:01:391   Output LSCData----->605=0x23
2015-01-23 09:01:391   Output LSCData----->606=0x71
2015-01-23 09:01:391   Output LSCData----->607=0x23
2015-01-23 09:01:392   Output LSCData----->608=0xAC
2015-01-23 09:01:392   Output LSCData----->609=0x23
2015-01-23 09:01:393   Output LSCData----->610=0x02
2015-01-23 09:01:393   Output LSCData----->611=0x23
2015-01-23 09:01:394   Output LSCData----->612=0x5C
2015-01-23 09:01:394   Output LSCData----->613=0x23
2015-01-23 09:01:395   Output LSCData----->614=0xF2
2015-01-23 09:01:395   Output LSCData----->615=0x23
2015-01-23 09:01:395   Output LSCData----->616=0x4F
2015-01-23 09:01:396   Output LSCData----->617=0x24
2015-01-23 09:01:396   Output LSCData----->618=0xAF
2015-01-23 09:01:397   Output LSCData----->619=0x23
2015-01-23 09:01:397   Output LSCData----->620=0xE5
2015-01-23 09:01:397   Output LSCData----->621=0x23
2015-01-23 09:01:398   Output LSCData----->622=0xD2
2015-01-23 09:01:398   Output LSCData----->623=0x25
2015-01-23 09:01:399   Output LSCData----->624=0x5E
2015-01-23 09:01:399   Output LSCData----->625=0x26
2015-01-23 09:01:399   Output LSCData----->626=0x4C
2015-01-23 09:01:400   Output LSCData----->627=0x25
2015-01-23 09:01:400   Output LSCData----->628=0xDB
2015-01-23 09:01:401   Output LSCData----->629=0x25
2015-01-23 09:01:401   Output LSCData----->630=0xF6
2015-01-23 09:01:401   Output LSCData----->631=0x28
2015-01-23 09:01:402   Output LSCData----->632=0x32
2015-01-23 09:01:402   Output LSCData----->633=0x2A
2015-01-23 09:01:403   Output LSCData----->634=0xF4
2015-01-23 09:01:403   Output LSCData----->635=0x27
2015-01-23 09:01:403   Output LSCData----->636=0x44
2015-01-23 09:01:404   Output LSCData----->637=0x29
2015-01-23 09:01:404   Output LSCData----->638=0xB7
2015-01-23 09:01:405   Output LSCData----->639=0x2D
2015-01-23 09:01:405   Output LSCData----->640=0xD6
2015-01-23 09:01:405   Output LSCData----->641=0x2F
2015-01-23 09:01:406   Output LSCData----->642=0x1E
2015-01-23 09:01:406   Output LSCData----->643=0x2C
2015-01-23 09:01:406   Output LSCData----->644=0x18
2015-01-23 09:01:407   Output LSCData----->645=0x2E
2015-01-23 09:01:407   Output LSCData----->646=0xA2
2015-01-23 09:01:408   Output LSCData----->647=0x33
2015-01-23 09:01:408   Output LSCData----->648=0xF6
2015-01-23 09:01:408   Output LSCData----->649=0x36
2015-01-23 09:01:409   Output LSCData----->650=0x80
2015-01-23 09:01:409   Output LSCData----->651=0x31
2015-01-23 09:01:410   Output LSCData----->652=0x4F
2015-01-23 09:01:410   Output LSCData----->653=0x34
2015-01-23 09:01:410   Output LSCData----->654=0xF0
2015-01-23 09:01:411   Output LSCData----->655=0x3A
2015-01-23 09:01:411   Output LSCData----->656=0x44
2015-01-23 09:01:412   Output LSCData----->657=0x3F
2015-01-23 09:01:412   Output LSCData----->658=0x4C
2015-01-23 09:01:412   Output LSCData----->659=0x38
2015-01-23 09:01:413   Output LSCData----->660=0x67
2015-01-23 09:01:413   Output LSCData----->661=0x3B
2015-01-23 09:01:414   Output LSCData----->662=0xBC
2015-01-23 09:01:414   Output LSCData----->663=0x40
2015-01-23 09:01:414   Output LSCData----->664=0xB6
2015-01-23 09:01:415   Output LSCData----->665=0x46
2015-01-23 09:01:415   Output LSCData----->666=0xC0
2015-01-23 09:01:416   Output LSCData----->667=0x3D
2015-01-23 09:01:416   Output LSCData----->668=0x85
2015-01-23 09:01:416   Output LSCData----->669=0x41
2015-01-23 09:01:417   Output LSCData----->670=0x6C
2015-01-23 09:01:417   Output LSCData----->671=0x3F
2015-01-23 09:01:418   Output LSCData----->672=0x11
2015-01-23 09:01:418   Output LSCData----->673=0x45
2015-01-23 09:01:418   Output LSCData----->674=0x06
2015-01-23 09:01:419   Output LSCData----->675=0x3E
2015-01-23 09:01:419   Output LSCData----->676=0x4E
2015-01-23 09:01:420   Output LSCData----->677=0x3F
2015-01-23 09:01:420   Output LSCData----->678=0x2C
2015-01-23 09:01:420   Output LSCData----->679=0x39
2015-01-23 09:01:421   Output LSCData----->680=0xBA
2015-01-23 09:01:421   Output LSCData----->681=0x3D
2015-01-23 09:01:421   Output LSCData----->682=0xF2
2015-01-23 09:01:422   Output LSCData----->683=0x37
2015-01-23 09:01:422   Output LSCData----->684=0x4F
2015-01-23 09:01:423   Output LSCData----->685=0x39
2015-01-23 09:01:423   Output LSCData----->686=0x1D
2015-01-23 09:01:423   Output LSCData----->687=0x32
2015-01-23 09:01:424   Output LSCData----->688=0x39
2015-01-23 09:01:424   Output LSCData----->689=0x35
2015-01-23 09:01:425   Output LSCData----->690=0xA5
2015-01-23 09:01:425   Output LSCData----->691=0x30
2015-01-23 09:01:426   Output LSCData----->692=0x21
2015-01-23 09:01:426   Output LSCData----->693=0x32
2015-01-23 09:01:426   Output LSCData----->694=0xF3
2015-01-23 09:01:427   Output LSCData----->695=0x2B
2015-01-23 09:01:427   Output LSCData----->696=0xD6
2015-01-23 09:01:428   Output LSCData----->697=0x2D
2015-01-23 09:01:428   Output LSCData----->698=0xE6
2015-01-23 09:01:428   Output LSCData----->699=0x2A
2015-01-23 09:01:429   Output LSCData----->700=0x0E
2015-01-23 09:01:429   Output LSCData----->701=0x2C
2015-01-23 09:01:430   Output LSCData----->702=0x81
2015-01-23 09:01:430   Output LSCData----->703=0x27
2015-01-23 09:01:430   Output LSCData----->704=0x65
2015-01-23 09:01:431   Output LSCData----->705=0x28
2015-01-23 09:01:431   Output LSCData----->706=0xE2
2015-01-23 09:01:432   Output LSCData----->707=0x26
2015-01-23 09:01:432   Output LSCData----->708=0x65
2015-01-23 09:01:432   Output LSCData----->709=0x27
2015-01-23 09:01:433   Output LSCData----->710=0x30
2015-01-23 09:01:433   Output LSCData----->711=0x24
2015-01-23 09:01:434   Output LSCData----->712=0x7F
2015-01-23 09:01:434   Output LSCData----->713=0x24
2015-01-23 09:01:434   Output LSCData----->714=0xB3
2015-01-23 09:01:435   Output LSCData----->715=0x23
2015-01-23 09:01:435   Output LSCData----->716=0xF5
2015-01-23 09:01:436   Output LSCData----->717=0x23
2015-01-23 09:01:436   Output LSCData----->718=0x34
2015-01-23 09:01:436   Output LSCData----->719=0x22
2015-01-23 09:01:437   Output LSCData----->720=0x72
2015-01-23 09:01:437   Output LSCData----->721=0x22
2015-01-23 09:01:438   Output LSCData----->722=0xF6
2015-01-23 09:01:438   Output LSCData----->723=0x21
2015-01-23 09:01:438   Output LSCData----->724=0x06
2015-01-23 09:01:439   Output LSCData----->725=0x22
2015-01-23 09:01:439   Output LSCData----->726=0x86
2015-01-23 09:01:440   Output LSCData----->727=0x21
2015-01-23 09:01:440   Output LSCData----->728=0x98
2015-01-23 09:01:441   Output LSCData----->729=0x21
2015-01-23 09:01:441   Output LSCData----->730=0x41
2015-01-23 09:01:441   Output LSCData----->731=0x21
2015-01-23 09:01:442   Output LSCData----->732=0x71
2015-01-23 09:01:442   Output LSCData----->733=0x21
2015-01-23 09:01:443   Output LSCData----->734=0x2F
2015-01-23 09:01:443   Output LSCData----->735=0x22
2015-01-23 09:01:443   Output LSCData----->736=0x46
2015-01-23 09:01:444   Output LSCData----->737=0x22
2015-01-23 09:01:444   Output LSCData----->738=0xD2
2015-01-23 09:01:445   Output LSCData----->739=0x21
2015-01-23 09:01:445   Output LSCData----->740=0x13
2015-01-23 09:01:445   Output LSCData----->741=0x22
2015-01-23 09:01:446   Output LSCData----->742=0xDF
2015-01-23 09:01:446   Output LSCData----->743=0x23
2015-01-23 09:01:447   Output LSCData----->744=0x5F
2015-01-23 09:01:447   Output LSCData----->745=0x24
2015-01-23 09:01:447   Output LSCData----->746=0x5C
2015-01-23 09:01:448   Output LSCData----->747=0x23
2015-01-23 09:01:448   Output LSCData----->748=0xF6
2015-01-23 09:01:448   Output LSCData----->749=0x23
2015-01-23 09:01:449   Output LSCData----->750=0x14
2015-01-23 09:01:449   Output LSCData----->751=0x27
2015-01-23 09:01:450   Output LSCData----->752=0x07
2015-01-23 09:01:450   Output LSCData----->753=0x28
2015-01-23 09:01:450   Output LSCData----->754=0x0E
2015-01-23 09:01:451   Output LSCData----->755=0x26
2015-01-23 09:01:451   Output LSCData----->756=0x4A
2015-01-23 09:01:452   Output LSCData----->757=0x27
2015-01-23 09:01:452   Output LSCData----->758=0xBD
2015-01-23 09:01:452   Output LSCData----->759=0x2B
2015-01-23 09:01:453   Output LSCData----->760=0xA6
2015-01-23 09:01:453   Output LSCData----->761=0x2D
2015-01-23 09:01:454   Output LSCData----->762=0x5E
2015-01-23 09:01:454   Output LSCData----->763=0x2A
2015-01-23 09:01:454   Output LSCData----->764=0x0F
2015-01-23 09:01:455   Output LSCData----->765=0x2C
2015-01-23 09:01:455   Output LSCData----->766=0xD3
2015-01-23 09:01:456   Output LSCData----->767=0x31
2015-01-23 09:01:456   Output LSCData----->768=0xDD
2015-01-23 09:01:456   Output LSCData----->769=0x34
2015-01-23 09:01:457   Output LSCData----->770=0xE2
2015-01-23 09:01:457   Output LSCData----->771=0x2F
2015-01-23 09:01:457   Output LSCData----->772=0x62
2015-01-23 09:01:458   Output LSCData----->773=0x32
2015-01-23 09:01:458   Output LSCData----->774=0x4D
2015-01-23 09:01:459   Output LSCData----->775=0x39
2015-01-23 09:01:459   Output LSCData----->776=0x84
2015-01-23 09:01:459   Output LSCData----->777=0x3D
2015-01-23 09:01:460   Output LSCData----->778=0xF7
2015-01-23 09:01:460   Output LSCData----->779=0x36
2015-01-23 09:01:461   Output LSCData----->780=0xD7
2015-01-23 09:01:461   Output LSCData----->781=0x39
2015-01-23 09:01:462   Output LSCData----->782=0x71
2015-01-23 09:01:462   Output LSCData----->783=0x3F
2015-01-23 09:01:463   Output LSCData----->784=0x7E
2015-01-23 09:01:463   Output LSCData----->785=0x45
2015-01-23 09:01:463   Output LSCData----->786=0x45
2015-01-23 09:01:464   Output LSCData----->787=0x3D
2015-01-23 09:01:464   Output LSCData----->788=0x44
2015-01-23 09:01:464   Output LSCData----->789=0x40
2015-01-23 09:01:465   Output LSCData----->790=0xAB
2015-01-23 09:01:465   Output LSCData----->791=0x3E
2015-01-23 09:01:466   Output LSCData----->792=0x4B
2015-01-23 09:01:466   Output LSCData----->793=0x44
2015-01-23 09:01:466   Output LSCData----->794=0x9B
2015-01-23 09:01:467   Output LSCData----->795=0x3D
2015-01-23 09:01:467   Output LSCData----->796=0xBB
2015-01-23 09:01:468   Output LSCData----->797=0x3E
2015-01-23 09:01:468   Output LSCData----->798=0x66
2015-01-23 09:01:468   Output LSCData----->799=0x38
2015-01-23 09:01:469   Output LSCData----->800=0x9F
2015-01-23 09:01:469   Output LSCData----->801=0x3C
2015-01-23 09:01:470   Output LSCData----->802=0x51
2015-01-23 09:01:470   Output LSCData----->803=0x37
2015-01-23 09:01:470   Output LSCData----->804=0x54
2015-01-23 09:01:471   Output LSCData----->805=0x38
2015-01-23 09:01:471   Output LSCData----->806=0x1E
2015-01-23 09:01:472   Output LSCData----->807=0x31
2015-01-23 09:01:472   Output LSCData----->808=0x17
2015-01-23 09:01:473   Output LSCData----->809=0x34
2015-01-23 09:01:473   Output LSCData----->810=0x00
2015-01-23 09:01:473   Output LSCData----->811=0x30
2015-01-23 09:01:474   Output LSCData----->812=0x3E
2015-01-23 09:01:474   Output LSCData----->813=0x31
2015-01-23 09:01:475   Output LSCData----->814=0x11
2015-01-23 09:01:475   Output LSCData----->815=0x2B
2015-01-23 09:01:475   Output LSCData----->816=0xCF
2015-01-23 09:01:476   Output LSCData----->817=0x2C
2015-01-23 09:01:476   Output LSCData----->818=0xD4
2015-01-23 09:01:477   Output LSCData----->819=0x29
2015-01-23 09:01:477   Output LSCData----->820=0x15
2015-01-23 09:01:477   Output LSCData----->821=0x2B
2015-01-23 09:01:478   Output LSCData----->822=0x54
2015-01-23 09:01:478   Output LSCData----->823=0x26
2015-01-23 09:01:479   Output LSCData----->824=0x36
2015-01-23 09:01:479   Output LSCData----->825=0x27
2015-01-23 09:01:479   Output LSCData----->826=0xB7
2015-01-23 09:01:480   Output LSCData----->827=0x25
2015-01-23 09:01:480   Output LSCData----->828=0x5E
2015-01-23 09:01:481   Output LSCData----->829=0x26
2015-01-23 09:01:481   Output LSCData----->830=0x34
2015-01-23 09:01:481   Output LSCData----->831=0x23
2015-01-23 09:01:482   Output LSCData----->832=0x67
2015-01-23 09:01:482   Output LSCData----->833=0x23
2015-01-23 09:01:483   Output LSCData----->834=0x08
2015-01-23 09:01:483   Output LSCData----->835=0x23
2015-01-23 09:01:483   Output LSCData----->836=0x11
2015-01-23 09:01:484   Output LSCData----->837=0x23
2015-01-23 09:01:484   Output LSCData----->838=0x09
2015-01-23 09:01:485   Output LSCData----->839=0x21
2015-01-23 09:01:485   Output LSCData----->840=0x3F
2015-01-23 09:01:485   Output LSCData----->841=0x21
2015-01-23 09:01:486   Output LSCData----->842=0x0A
2015-01-23 09:01:486   Output LSCData----->843=0x21
2015-01-23 09:01:487   Output LSCData----->844=0x09
2015-01-23 09:01:487   Output LSCData----->845=0x21
2015-01-23 09:01:488   Output LSCData----->846=0x61
2015-01-23 09:01:488   Output LSCData----->847=0x20
2015-01-23 09:01:488   Output LSCData----->848=0x5B
2015-01-23 09:01:489   Output LSCData----->849=0x20
2015-01-23 09:01:489   Output LSCData----->850=0x67
2015-01-23 09:01:490   Output LSCData----->851=0x20
2015-01-23 09:01:490   Output LSCData----->852=0x5D
2015-01-23 09:01:490   Output LSCData----->853=0x20
2015-01-23 09:01:491   Output LSCData----->854=0x1B
2015-01-23 09:01:491   Output LSCData----->855=0x21
2015-01-23 09:01:492   Output LSCData----->856=0x1F
2015-01-23 09:01:492   Output LSCData----->857=0x21
2015-01-23 09:01:492   Output LSCData----->858=0x03
2015-01-23 09:01:493   Output LSCData----->859=0x21
2015-01-23 09:01:493   Output LSCData----->860=0x0E
2015-01-23 09:01:494   Output LSCData----->861=0x21
2015-01-23 09:01:494   Output LSCData----->862=0xDA
2015-01-23 09:01:494   Output LSCData----->863=0x22
2015-01-23 09:01:495   Output LSCData----->864=0x39
2015-01-23 09:01:495   Output LSCData----->865=0x23
2015-01-23 09:01:496   Output LSCData----->866=0x6B
2015-01-23 09:01:496   Output LSCData----->867=0x22
2015-01-23 09:01:496   Output LSCData----->868=0xEF
2015-01-23 09:01:497   Output LSCData----->869=0x22
2015-01-23 09:01:497   Output LSCData----->870=0xE9
2015-01-23 09:01:498   Output LSCData----->871=0x25
2015-01-23 09:01:498   Output LSCData----->872=0xBA
2015-01-23 09:01:498   Output LSCData----->873=0x26
2015-01-23 09:01:499   Output LSCData----->874=0x36
2015-01-23 09:01:499   Output LSCData----->875=0x25
2015-01-23 09:01:500   Output LSCData----->876=0x24
2015-01-23 09:01:500   Output LSCData----->877=0x26
2015-01-23 09:01:500   Output LSCData----->878=0xA7
2015-01-23 09:01:501   Output LSCData----->879=0x2A
2015-01-23 09:01:501   Output LSCData----->880=0x44
2015-01-23 09:01:502   Output LSCData----->881=0x2C
2015-01-23 09:01:502   Output LSCData----->882=0x3A
2015-01-23 09:01:502   Output LSCData----->883=0x29
2015-01-23 09:01:503   Output LSCData----->884=0xE0
2015-01-23 09:01:503   Output LSCData----->885=0x2A
2015-01-23 09:01:504   Output LSCData----->886=0x90
2015-01-23 09:01:504   Output LSCData----->887=0x30
2015-01-23 09:01:504   Output LSCData----->888=0x34
2015-01-23 09:01:505   Output LSCData----->889=0x33
2015-01-23 09:01:505   Output LSCData----->890=0xCF
2015-01-23 09:01:505   Output LSCData----->891=0x2E
2015-01-23 09:01:506   Output LSCData----->892=0x24
2015-01-23 09:01:506   Output LSCData----->893=0x31
2015-01-23 09:01:507   Output LSCData----->894=0xF2
2015-01-23 09:01:507   Output LSCData----->895=0x37
2015-01-23 09:01:507   Output LSCData----->896=0xF2
2015-01-23 09:01:508   Output LSCData----->897=0x3B
2015-01-23 09:01:508   Output LSCData----->898=0xD4
2015-01-23 09:01:509   Output LSCData----->899=0x35
2015-01-23 09:01:509   Output LSCData----->900=0xAC
2015-01-23 09:01:509   Output LSCData----->901=0x38
2015-01-23 09:01:510   Output LSCData----->902=0xDA
2015-01-23 09:01:510   Output LSCData----->903=0x3E
2015-01-23 09:01:511   Output LSCData----->904=0xC0
2015-01-23 09:01:511   Output LSCData----->905=0x44
2015-01-23 09:01:511   Output LSCData----->906=0x71
2015-01-23 09:01:512   Output LSCData----->907=0x3C
2015-01-23 09:01:512   Output LSCData----->908=0xAD
2015-01-23 09:01:513   Output LSCData----->909=0x3F
2015-01-23 09:01:513   Output LSCData----->910=0x61
2015-01-23 09:01:513   Output LSCData----->911=0x3E
2015-01-23 09:01:514   Output LSCData----->912=0xCA
2015-01-23 09:01:514   Output LSCData----->913=0x43
2015-01-23 09:01:515   Output LSCData----->914=0xCF
2015-01-23 09:01:515   Output LSCData----->915=0x3D
2015-01-23 09:01:515   Output LSCData----->916=0x01
2015-01-23 09:01:516   Output LSCData----->917=0x3E
2015-01-23 09:01:516   Output LSCData----->918=0x20
2015-01-23 09:01:516   Output LSCData----->919=0x38
2015-01-23 09:01:517   Output LSCData----->920=0xA2
2015-01-23 09:01:517   Output LSCData----->921=0x3C
2015-01-23 09:01:518   Output LSCData----->922=0x37
2015-01-23 09:01:518   Output LSCData----->923=0x37
2015-01-23 09:01:518   Output LSCData----->924=0x1F
2015-01-23 09:01:519   Output LSCData----->925=0x38
2015-01-23 09:01:519   Output LSCData----->926=0xE9
2015-01-23 09:01:520   Output LSCData----->927=0x30
2015-01-23 09:01:520   Output LSCData----->928=0xC3
2015-01-23 09:01:520   Output LSCData----->929=0x33
2015-01-23 09:01:521   Output LSCData----->930=0xEB
2015-01-23 09:01:521   Output LSCData----->931=0x2F
2015-01-23 09:01:522   Output LSCData----->932=0xF3
2015-01-23 09:01:522   Output LSCData----->933=0x30
2015-01-23 09:01:523   Output LSCData----->934=0xC7
2015-01-23 09:01:523   Output LSCData----->935=0x2A
2015-01-23 09:01:523   Output LSCData----->936=0x6D
2015-01-23 09:01:524   Output LSCData----->937=0x2C
2015-01-23 09:01:524   Output LSCData----->938=0x04
2015-01-23 09:01:525   Output LSCData----->939=0x2A
2015-01-23 09:01:525   Output LSCData----->940=0xB5
2015-01-23 09:01:525   Output LSCData----->941=0x2A
2015-01-23 09:01:526   Output LSCData----->942=0x14
2015-01-23 09:01:526   Output LSCData----->943=0x26
2015-01-23 09:01:527   Output LSCData----->944=0xD3
2015-01-23 09:01:527   Output LSCData----->945=0x26
2015-01-23 09:01:527   Output LSCData----->946=0xB6
2015-01-23 09:01:528   Output LSCData----->947=0x25
2015-01-23 09:01:528   Output LSCData----->948=0x1D
2015-01-23 09:01:528   Output LSCData----->949=0x26
2015-01-23 09:01:529   Output LSCData----->950=0xDE
2015-01-23 09:01:529   Output LSCData----->951=0x22
2015-01-23 09:01:530   Output LSCData----->952=0x24
2015-01-23 09:01:530   Output LSCData----->953=0x23
2015-01-23 09:01:530   Output LSCData----->954=0xB0
2015-01-23 09:01:531   Output LSCData----->955=0x22
2015-01-23 09:01:531   Output LSCData----->956=0xC4
2015-01-23 09:01:532   Output LSCData----->957=0x22
2015-01-23 09:01:532   Output LSCData----->958=0xC3
2015-01-23 09:01:532   Output LSCData----->959=0x20
2015-01-23 09:01:533   Output LSCData----->960=0xC8
2015-01-23 09:01:533   Output LSCData----->961=0x20
2015-01-23 09:01:534   Output LSCData----->962=0xCD
2015-01-23 09:01:534   Output LSCData----->963=0x20
2015-01-23 09:01:534   Output LSCData----->964=0xC8
2015-01-23 09:01:535   Output LSCData----->965=0x20
2015-01-23 09:01:535   Output LSCData----->966=0x0F
2015-01-23 09:01:536   Output LSCData----->967=0x20
2015-01-23 09:01:536   Output LSCData----->968=0x00
2015-01-23 09:01:537   Output LSCData----->969=0x20
2015-01-23 09:01:537   Output LSCData----->970=0x00
2015-01-23 09:01:537   Output LSCData----->971=0x20
2015-01-23 09:01:538   Output LSCData----->972=0x00
2015-01-23 09:01:538   Output LSCData----->973=0x20
2015-01-23 09:01:539   Output LSCData----->974=0xAB
2015-01-23 09:01:539   Output LSCData----->975=0x20
2015-01-23 09:01:539   Output LSCData----->976=0xAE
2015-01-23 09:01:540   Output LSCData----->977=0x20
2015-01-23 09:01:540   Output LSCData----->978=0x89
2015-01-23 09:01:541   Output LSCData----->979=0x20
2015-01-23 09:01:541   Output LSCData----->980=0xBA
2015-01-23 09:01:541   Output LSCData----->981=0x20
2015-01-23 09:01:542   Output LSCData----->982=0x96
2015-01-23 09:01:542   Output LSCData----->983=0x22
2015-01-23 09:01:543   Output LSCData----->984=0xC7
2015-01-23 09:01:543   Output LSCData----->985=0x22
2015-01-23 09:01:543   Output LSCData----->986=0x2C
2015-01-23 09:01:544   Output LSCData----->987=0x22
2015-01-23 09:01:544   Output LSCData----->988=0x9F
2015-01-23 09:01:545   Output LSCData----->989=0x22
2015-01-23 09:01:545   Output LSCData----->990=0x93
2015-01-23 09:01:545   Output LSCData----->991=0x25
2015-01-23 09:01:546   Output LSCData----->992=0x50
2015-01-23 09:01:546   Output LSCData----->993=0x26
2015-01-23 09:01:547   Output LSCData----->994=0xB1
2015-01-23 09:01:547   Output LSCData----->995=0x24
2015-01-23 09:01:547   Output LSCData----->996=0xBC
2015-01-23 09:01:548   Output LSCData----->997=0x25
2015-01-23 09:01:548   Output LSCData----->998=0x4C
2015-01-23 09:01:549   Output LSCData----->999=0x2A
2015-01-23 09:01:549   Output LSCData----->1000=0xB0
2015-01-23 09:01:549   Output LSCData----->1001=0x2B
2015-01-23 09:01:550   Output LSCData----->1002=0x14
2015-01-23 09:01:550   Output LSCData----->1003=0x29
2015-01-23 09:01:551   Output LSCData----->1004=0xA1
2015-01-23 09:01:551   Output LSCData----->1005=0x2A
2015-01-23 09:01:552   Output LSCData----->1006=0x31
2015-01-23 09:01:552   Output LSCData----->1007=0x30
2015-01-23 09:01:552   Output LSCData----->1008=0xE6
2015-01-23 09:01:553   Output LSCData----->1009=0x32
2015-01-23 09:01:553   Output LSCData----->1010=0x88
2015-01-23 09:01:554   Output LSCData----->1011=0x2E
2015-01-23 09:01:554   Output LSCData----->1012=0xD9
2015-01-23 09:01:554   Output LSCData----->1013=0x30
2015-01-23 09:01:555   Output LSCData----->1014=0x99
2015-01-23 09:01:555   Output LSCData----->1015=0x37
2015-01-23 09:01:556   Output LSCData----->1016=0x58
2015-01-23 09:01:556   Output LSCData----->1017=0x3B
2015-01-23 09:01:556   Output LSCData----->1018=0x7C
2015-01-23 09:01:557   Output LSCData----->1019=0x35
2015-01-23 09:01:557   Output LSCData----->1020=0x37
2015-01-23 09:01:557   Output LSCData----->1021=0x38
2015-01-23 09:01:558   Output LSCData----->1022=0x52
2015-01-23 09:01:558   Output LSCData----->1023=0x3E
2015-01-23 09:01:559   Output LSCData----->1024=0xDF
2015-01-23 09:01:559   Output LSCData----->1025=0x43
2015-01-23 09:01:559   Output LSCData----->1026=0xC6
2015-01-23 09:01:560   Output LSCData----->1027=0x3B
2015-01-23 09:01:560   Output LSCData----->1028=0x35
2015-01-23 09:01:561   Output LSCData----->1029=0x3F
2015-01-23 09:01:561   Output LSCData----->1030=0xAB
2015-01-23 09:01:561   Output LSCData----->1031=0x3E
2015-01-23 09:01:562   Output LSCData----->1032=0x13
2015-01-23 09:01:562   Output LSCData----->1033=0x44
2015-01-23 09:01:563   Output LSCData----->1034=0x6C
2015-01-23 09:01:564   Output LSCData----->1035=0x3D
2015-01-23 09:01:564   Output LSCData----->1036=0x8B
2015-01-23 09:01:564   Output LSCData----->1037=0x3E
2015-01-23 09:01:565   Output LSCData----->1038=0x49
2015-01-23 09:01:565   Output LSCData----->1039=0x38
2015-01-23 09:01:566   Output LSCData----->1040=0x57
2015-01-23 09:01:566   Output LSCData----->1041=0x3C
2015-01-23 09:01:566   Output LSCData----->1042=0x13
2015-01-23 09:01:567   Output LSCData----->1043=0x37
2015-01-23 09:01:567   Output LSCData----->1044=0x38
2015-01-23 09:01:568   Output LSCData----->1045=0x38
2015-01-23 09:01:568   Output LSCData----->1046=0x5A
2015-01-23 09:01:568   Output LSCData----->1047=0x31
2015-01-23 09:01:569   Output LSCData----->1048=0x09
2015-01-23 09:01:569   Output LSCData----->1049=0x34
2015-01-23 09:01:570   Output LSCData----->1050=0x0E
2015-01-23 09:01:570   Output LSCData----->1051=0x30
2015-01-23 09:01:570   Output LSCData----->1052=0x50
2015-01-23 09:01:571   Output LSCData----->1053=0x31
2015-01-23 09:01:571   Output LSCData----->1054=0x0F
2015-01-23 09:01:572   Output LSCData----->1055=0x2B
2015-01-23 09:01:572   Output LSCData----->1056=0xE9
2015-01-23 09:01:572   Output LSCData----->1057=0x2C
2015-01-23 09:01:573   Output LSCData----->1058=0x3A
2015-01-23 09:01:573   Output LSCData----->1059=0x2A
2015-01-23 09:01:574   Output LSCData----->1060=0x16
2015-01-23 09:01:574   Output LSCData----->1061=0x2B
2015-01-23 09:01:574   Output LSCData----->1062=0x75
2015-01-23 09:01:575   Output LSCData----->1063=0x26
2015-01-23 09:01:575   Output LSCData----->1064=0x56
2015-01-23 09:01:576   Output LSCData----->1065=0x27
2015-01-23 09:01:576   Output LSCData----->1066=0x47
2015-01-23 09:01:576   Output LSCData----->1067=0x26
2015-01-23 09:01:577   Output LSCData----->1068=0x77
2015-01-23 09:01:577   Output LSCData----->1069=0x26
2015-01-23 09:01:578   Output LSCData----->1070=0x47
2015-01-23 09:01:578   Output LSCData----->1071=0x23
2015-01-23 09:01:578   Output LSCData----->1072=0x8B
2015-01-23 09:01:579   Output LSCData----->1073=0x23
2015-01-23 09:01:579   Output LSCData----->1074=0x3A
2015-01-23 09:01:580   Output LSCData----->1075=0x23
2015-01-23 09:01:580   Output LSCData----->1076=0x11
2015-01-23 09:01:581   Output LSCData----->1077=0x23
2015-01-23 09:01:581   Output LSCData----->1078=0x4B
2015-01-23 09:01:581   Output LSCData----->1079=0x21
2015-01-23 09:01:582   Output LSCData----->1080=0x65
2015-01-23 09:01:582   Output LSCData----->1081=0x21
2015-01-23 09:01:583   Output LSCData----->1082=0x86
2015-01-23 09:01:583   Output LSCData----->1083=0x21
2015-01-23 09:01:583   Output LSCData----->1084=0x1F
2015-01-23 09:01:584   Output LSCData----->1085=0x21
2015-01-23 09:01:584   Output LSCData----->1086=0x88
2015-01-23 09:01:585   Output LSCData----->1087=0x20
2015-01-23 09:01:585   Output LSCData----->1088=0x88
2015-01-23 09:01:585   Output LSCData----->1089=0x20
2015-01-23 09:01:586   Output LSCData----->1090=0xAE
2015-01-23 09:01:586   Output LSCData----->1091=0x20
2015-01-23 09:01:587   Output LSCData----->1092=0x6E
2015-01-23 09:01:587   Output LSCData----->1093=0x20
2015-01-23 09:01:587   Output LSCData----->1094=0x15
2015-01-23 09:01:588   Output LSCData----->1095=0x21
2015-01-23 09:01:588   Output LSCData----->1096=0x32
2015-01-23 09:01:589   Output LSCData----->1097=0x21
2015-01-23 09:01:589   Output LSCData----->1098=0x3A
2015-01-23 09:01:589   Output LSCData----->1099=0x21
2015-01-23 09:01:590   Output LSCData----->1100=0x1F
2015-01-23 09:01:590   Output LSCData----->1101=0x21
2015-01-23 09:01:591   Output LSCData----->1102=0xF9
2015-01-23 09:01:591   Output LSCData----->1103=0x22
2015-01-23 09:01:591   Output LSCData----->1104=0x52
2015-01-23 09:01:592   Output LSCData----->1105=0x23
2015-01-23 09:01:592   Output LSCData----->1106=0x97
2015-01-23 09:01:593   Output LSCData----->1107=0x22
2015-01-23 09:01:593   Output LSCData----->1108=0xFD
2015-01-23 09:01:593   Output LSCData----->1109=0x22
2015-01-23 09:01:594   Output LSCData----->1110=0x13
2015-01-23 09:01:594   Output LSCData----->1111=0x26
2015-01-23 09:01:595   Output LSCData----->1112=0xE9
2015-01-23 09:01:595   Output LSCData----->1113=0x26
2015-01-23 09:01:595   Output LSCData----->1114=0x2B
2015-01-23 09:01:596   Output LSCData----->1115=0x25
2015-01-23 09:01:596   Output LSCData----->1116=0x29
2015-01-23 09:01:596   Output LSCData----->1117=0x26
2015-01-23 09:01:597   Output LSCData----->1118=0xB0
2015-01-23 09:01:597   Output LSCData----->1119=0x2A
2015-01-23 09:01:598   Output LSCData----->1120=0x62
2015-01-23 09:01:598   Output LSCData----->1121=0x2C
2015-01-23 09:01:599   Output LSCData----->1122=0x33
2015-01-23 09:01:599   Output LSCData----->1123=0x29
2015-01-23 09:01:599   Output LSCData----->1124=0xF3
2015-01-23 09:01:600   Output LSCData----->1125=0x2A
2015-01-23 09:01:600   Output LSCData----->1126=0x92
2015-01-23 09:01:600   Output LSCData----->1127=0x30
2015-01-23 09:01:601   Output LSCData----->1128=0x4B
2015-01-23 09:01:601   Output LSCData----->1129=0x33
2015-01-23 09:01:602   Output LSCData----->1130=0xD3
2015-01-23 09:01:602   Output LSCData----->1131=0x2E
2015-01-23 09:01:602   Output LSCData----->1132=0x1D
2015-01-23 09:01:603   Output LSCData----->1133=0x31
2015-01-23 09:01:603   Output LSCData----->1134=0xFA
2015-01-23 09:01:604   Output LSCData----->1135=0x37
2015-01-23 09:01:604   Output LSCData----->1136=0xF3
2015-01-23 09:01:604   Output LSCData----->1137=0x3B
2015-01-23 09:01:605   Output LSCData----->1138=0xBC
2015-01-23 09:01:605   Output LSCData----->1139=0x35
2015-01-23 09:01:606   Output LSCData----->1140=0xC5
2015-01-23 09:01:606   Output LSCData----->1141=0x38
2015-01-23 09:01:606   Output LSCData----->1142=0xC1
2015-01-23 09:01:607   Output LSCData----->1143=0x3E
2015-01-23 09:01:607   Output LSCData----->1144=0x54
2015-01-23 09:01:608   Output LSCData----->1145=0x44
2015-01-23 09:01:608   Output LSCData----->1146=0x3C
2015-01-23 09:01:609   Output LSCData----->1147=0x3C
2015-01-23 09:01:609   Output LSCData----->1148=0x65
2015-01-23 09:01:609   Output LSCData----->1149=0x3F
2015-01-23 09:01:610   Output LSCData----->1150=0x3C
2015-01-23 09:01:610   Output LSCData----->1151=0x3F
2015-01-23 09:01:611   Output LSCData----->1152=0xBF
2015-01-23 09:01:611   Output LSCData----->1153=0x44
2015-01-23 09:01:611   Output LSCData----->1154=0xF6
2015-01-23 09:01:612   Output LSCData----->1155=0x3D
2015-01-23 09:01:612   Output LSCData----->1156=0xE7
2015-01-23 09:01:613   Output LSCData----->1157=0x3E
2015-01-23 09:01:613   Output LSCData----->1158=0x0F
2015-01-23 09:01:614   Output LSCData----->1159=0x39
2015-01-23 09:01:614   Output LSCData----->1160=0xB7
2015-01-23 09:01:615   Output LSCData----->1161=0x3D
2015-01-23 09:01:615   Output LSCData----->1162=0x39
2015-01-23 09:01:615   Output LSCData----->1163=0x38
2015-01-23 09:01:616   Output LSCData----->1164=0x41
2015-01-23 09:01:616   Output LSCData----->1165=0x39
2015-01-23 09:01:617   Output LSCData----->1166=0x39
2015-01-23 09:01:617   Output LSCData----->1167=0x32
2015-01-23 09:01:617   Output LSCData----->1168=0x14
2015-01-23 09:01:618   Output LSCData----->1169=0x35
2015-01-23 09:01:618   Output LSCData----->1170=0xEF
2015-01-23 09:01:619   Output LSCData----->1171=0x30
2015-01-23 09:01:619   Output LSCData----->1172=0x1F
2015-01-23 09:01:619   Output LSCData----->1173=0x32
2015-01-23 09:01:620   Output LSCData----->1174=0x15
2015-01-23 09:01:620   Output LSCData----->1175=0x2C
2015-01-23 09:01:621   Output LSCData----->1176=0xE3
2015-01-23 09:01:621   Output LSCData----->1177=0x2D
2015-01-23 09:01:621   Output LSCData----->1178=0x05
2015-01-23 09:01:622   Output LSCData----->1179=0x2B
2015-01-23 09:01:622   Output LSCData----->1180=0xE5
2015-01-23 09:01:623   Output LSCData----->1181=0x2B
2015-01-23 09:01:623   Output LSCData----->1182=0x76
2015-01-23 09:01:623   Output LSCData----->1183=0x27
2015-01-23 09:01:624   Output LSCData----->1184=0x73
2015-01-23 09:01:624   Output LSCData----->1185=0x28
2015-01-23 09:01:625   Output LSCData----->1186=0xD5
2015-01-23 09:01:625   Output LSCData----->1187=0x26
2015-01-23 09:01:625   Output LSCData----->1188=0x37
2015-01-23 09:01:626   Output LSCData----->1189=0x27
2015-01-23 09:01:626   Output LSCData----->1190=0x34
2015-01-23 09:01:626   Output LSCData----->1191=0x24
2015-01-23 09:01:627   Output LSCData----->1192=0x9F
2015-01-23 09:01:627   Output LSCData----->1193=0x24
2015-01-23 09:01:628   Output LSCData----->1194=0xDD
2015-01-23 09:01:628   Output LSCData----->1195=0x23
2015-01-23 09:01:629   Output LSCData----->1196=0xFB
2015-01-23 09:01:629   Output LSCData----->1197=0x23
2015-01-23 09:01:629   Output LSCData----->1198=0x4E
2015-01-23 09:01:630   Output LSCData----->1199=0x22
2015-01-23 09:01:630   Output LSCData----->1200=0x71
2015-01-23 09:01:631   Output LSCData----->1201=0x22
2015-01-23 09:01:631   Output LSCData----->1202=0x43
2015-01-23 09:01:631   Output LSCData----->1203=0x22
2015-01-23 09:01:632   Output LSCData----->1204=0x15
2015-01-23 09:01:632   Output LSCData----->1205=0x22
2015-01-23 09:01:633   Output LSCData----->1206=0x8C
2015-01-23 09:01:633   Output LSCData----->1207=0x21
2015-01-23 09:01:633   Output LSCData----->1208=0xAC
2015-01-23 09:01:634   Output LSCData----->1209=0x21
2015-01-23 09:01:634   Output LSCData----->1210=0x9F
2015-01-23 09:01:635   Output LSCData----->1211=0x21
2015-01-23 09:01:635   Output LSCData----->1212=0x5E
2015-01-23 09:01:635   Output LSCData----->1213=0x21
2015-01-23 09:01:636   Output LSCData----->1214=0x2A
2015-01-23 09:01:636   Output LSCData----->1215=0x22
2015-01-23 09:01:636   Output LSCData----->1216=0x4C
2015-01-23 09:01:637   Output LSCData----->1217=0x22
2015-01-23 09:01:637   Output LSCData----->1218=0x1A
2015-01-23 09:01:638   Output LSCData----->1219=0x22
2015-01-23 09:01:638   Output LSCData----->1220=0xF5
2015-01-23 09:01:638   Output LSCData----->1221=0x21
2015-01-23 09:01:639   Output LSCData----->1222=0xFB
2015-01-23 09:01:639   Output LSCData----->1223=0x23
2015-01-23 09:01:640   Output LSCData----->1224=0x9B
2015-01-23 09:01:640   Output LSCData----->1225=0x24
2015-01-23 09:01:640   Output LSCData----->1226=0x96
2015-01-23 09:01:641   Output LSCData----->1227=0x23
2015-01-23 09:01:641   Output LSCData----->1228=0xF4
2015-01-23 09:01:642   Output LSCData----->1229=0x23
2015-01-23 09:01:642   Output LSCData----->1230=0x40
2015-01-23 09:01:642   Output LSCData----->1231=0x27
2015-01-23 09:01:643   Output LSCData----->1232=0x3B
2015-01-23 09:01:643   Output LSCData----->1233=0x28
2015-01-23 09:01:644   Output LSCData----->1234=0x5A
2015-01-23 09:01:644   Output LSCData----->1235=0x26
2015-01-23 09:01:644   Output LSCData----->1236=0x2C
2015-01-23 09:01:645   Output LSCData----->1237=0x27
2015-01-23 09:01:645   Output LSCData----->1238=0xD9
2015-01-23 09:01:646   Output LSCData----->1239=0x2B
2015-01-23 09:01:646   Output LSCData----->1240=0xC0
2015-01-23 09:01:646   Output LSCData----->1241=0x2D
2015-01-23 09:01:647   Output LSCData----->1242=0x68
2015-01-23 09:01:647   Output LSCData----->1243=0x2A
2015-01-23 09:01:648   Output LSCData----->1244=0xF4
2015-01-23 09:01:648   Output LSCData----->1245=0x2B
2015-01-23 09:01:648   Output LSCData----->1246=0xEF
2015-01-23 09:01:649   Output LSCData----->1247=0x31
2015-01-23 09:01:649   Output LSCData----->1248=0x1D
2015-01-23 09:01:650   Output LSCData----->1249=0x35
2015-01-23 09:01:650   Output LSCData----->1250=0xFB
2015-01-23 09:01:650   Output LSCData----->1251=0x2F
2015-01-23 09:01:651   Output LSCData----->1252=0x1F
2015-01-23 09:01:651   Output LSCData----->1253=0x32
2015-01-23 09:01:652   Output LSCData----->1254=0x49
2015-01-23 09:01:652   Output LSCData----->1255=0x39
2015-01-23 09:01:652   Output LSCData----->1256=0x8A
2015-01-23 09:01:653   Output LSCData----->1257=0x3D
2015-01-23 09:01:653   Output LSCData----->1258=0xAB
2015-01-23 09:01:654   Output LSCData----->1259=0x36
2015-01-23 09:01:654   Output LSCData----->1260=0xB5
2015-01-23 09:01:654   Output LSCData----->1261=0x39
2015-01-23 09:01:655   Output LSCData----->1262=0x0E
2015-01-23 09:01:655   Output LSCData----->1263=0x40
2015-01-23 09:01:655   Output LSCData----->1264=0xBB
2015-01-23 09:01:656   Output LSCData----->1265=0x45
2015-01-23 09:01:656   Output LSCData----->1266=0xC3
2015-01-23 09:01:657   Output LSCData----->1267=0x3C
2015-01-23 09:01:657   Output LSCData----->1268=0x1B
2015-01-23 09:01:657   Output LSCData----->1269=0x40
2015-01-23 09:01:658   Output LSCData----->1270=0x87
2015-01-23 09:01:658   Output LSCData----->1271=0x40
2015-01-23 09:01:659   Output LSCData----->1272=0xA5
2015-01-23 09:01:659   Output LSCData----->1273=0x45
2015-01-23 09:01:660   Output LSCData----->1274=0x7F
2015-01-23 09:01:660   Output LSCData----->1275=0x3F
2015-01-23 09:01:660   Output LSCData----->1276=0x4F
2015-01-23 09:01:661   Output LSCData----->1277=0x40
2015-01-23 09:01:661   Output LSCData----->1278=0xF4
2015-01-23 09:01:662   Output LSCData----->1279=0x3A
2015-01-23 09:01:662   Output LSCData----->1280=0xCB
2015-01-23 09:01:662   Output LSCData----->1281=0x3F
2015-01-23 09:01:663   Output LSCData----->1282=0x5A
2015-01-23 09:01:663   Output LSCData----->1283=0x39
2015-01-23 09:01:664   Output LSCData----->1284=0xB6
2015-01-23 09:01:664   Output LSCData----->1285=0x3A
2015-01-23 09:01:664   Output LSCData----->1286=0xDA
2015-01-23 09:01:665   Output LSCData----->1287=0x33
2015-01-23 09:01:665   Output LSCData----->1288=0x4B
2015-01-23 09:01:665   Output LSCData----->1289=0x37
2015-01-23 09:01:666   Output LSCData----->1290=0x81
2015-01-23 09:01:666   Output LSCData----->1291=0x32
2015-01-23 09:01:667   Output LSCData----->1292=0xDD
2015-01-23 09:01:667   Output LSCData----->1293=0x33
2015-01-23 09:01:667   Output LSCData----->1294=0x10
2015-01-23 09:01:668   Output LSCData----->1295=0x2E
2015-01-23 09:01:668   Output LSCData----->1296=0x2C
2015-01-23 09:01:669   Output LSCData----->1297=0x30
2015-01-23 09:01:669   Output LSCData----->1298=0xC9
2015-01-23 09:01:669   Output LSCData----->1299=0x2C
2015-01-23 09:01:670   Output LSCData----->1300=0xC6
2015-01-23 09:01:670   Output LSCData----->1301=0x2D
2015-01-23 09:01:671   Output LSCData----->1302=0x10
2015-01-23 09:01:671   Output LSCData----->1303=0x29
2015-01-23 09:01:671   Output LSCData----->1304=0x8A
2015-01-23 09:01:672   Output LSCData----->1305=0x2A
2015-01-23 09:01:672   Output LSCData----->1306=0x52
2015-01-23 09:01:673   Output LSCData----->1307=0x28
2015-01-23 09:01:673   Output LSCData----->1308=0xF6
2015-01-23 09:01:673   Output LSCData----->1309=0x28
2015-01-23 09:01:674   Output LSCData----->1310=0xDC
2015-01-23 09:01:674   Output LSCData----->1311=0x25
2015-01-23 09:01:675   Output LSCData----->1312=0x92
2015-01-23 09:01:675   Output LSCData----->1313=0x26
2015-01-23 09:01:676   Output LSCData----->1314=0x42
2015-01-23 09:01:676   Output LSCData----->1315=0x25
2015-01-23 09:01:676   Output LSCData----->1316=0x7D
2015-01-23 09:01:677   Output LSCData----->1317=0x25
2015-01-23 09:01:677   Output LSCData----->1318=0xF4
2015-01-23 09:01:678   Output LSCData----->1319=0x23
2015-01-23 09:01:678   Output LSCData----->1320=0x20
2015-01-23 09:01:678   Output LSCData----->1321=0x24
2015-01-23 09:01:679   Output LSCData----->1322=0x7C
2015-01-23 09:01:679   Output LSCData----->1323=0x23
2015-01-23 09:01:680   Output LSCData----->1324=0x9C
2015-01-23 09:01:680   Output LSCData----->1325=0x23
2015-01-23 09:01:680   Output LSCData----->1326=0x41
2015-01-23 09:01:681   Output LSCData----->1327=0x23
2015-01-23 09:01:681   Output LSCData----->1328=0x5A
2015-01-23 09:01:681   Output LSCData----->1329=0x23
2015-01-23 09:01:682   Output LSCData----->1330=0xDA
2015-01-23 09:01:682   Output LSCData----->1331=0x22
2015-01-23 09:01:683   Output LSCData----->1332=0x02
2015-01-23 09:01:683   Output LSCData----->1333=0x23
2015-01-23 09:01:683   Output LSCData----->1334=0xD1
2015-01-23 09:01:684   Output LSCData----->1335=0x23
2015-01-23 09:01:684   Output LSCData----->1336=0x18
2015-01-23 09:01:685   Output LSCData----->1337=0x24
2015-01-23 09:01:685   Output LSCData----->1338=0x56
2015-01-23 09:01:685   Output LSCData----->1339=0x23
2015-01-23 09:01:686   Output LSCData----->1340=0x93
2015-01-23 09:01:686   Output LSCData----->1341=0x23
2015-01-23 09:01:687   Output LSCData----->1342=0xA8
2015-01-23 09:01:687   Output LSCData----->1343=0x25
2015-01-23 09:01:687   Output LSCData----->1344=0x5E
2015-01-23 09:01:688   Output LSCData----->1345=0x26
2015-01-23 09:01:688   Output LSCData----->1346=0x14
2015-01-23 09:01:689   Output LSCData----->1347=0x25
2015-01-23 09:01:689   Output LSCData----->1348=0x81
2015-01-23 09:01:689   Output LSCData----->1349=0x25
2015-01-23 09:01:690   Output LSCData----->1350=0x00
2015-01-23 09:01:691   Output LSCData----->1351=0x29
2015-01-23 09:01:691   Output LSCData----->1352=0x5D
2015-01-23 09:01:691   Output LSCData----->1353=0x2A
2015-01-23 09:01:692   Output LSCData----->1354=0xD9
2015-01-23 09:01:692   Output LSCData----->1355=0x27
2015-01-23 09:01:693   Output LSCData----->1356=0xFB
2015-01-23 09:01:693   Output LSCData----->1357=0x28
2015-01-23 09:01:693   Output LSCData----->1358=0xC9
2015-01-23 09:01:694   Output LSCData----->1359=0x2D
2015-01-23 09:01:694   Output LSCData----->1360=0xE8
2015-01-23 09:01:694   Output LSCData----->1361=0x2F
2015-01-23 09:01:695   Output LSCData----->1362=0x14
2015-01-23 09:01:695   Output LSCData----->1363=0x2C
2015-01-23 09:01:696   Output LSCData----->1364=0xE3
2015-01-23 09:01:696   Output LSCData----->1365=0x2D
2015-01-23 09:01:696   Output LSCData----->1366=0xBB
2015-01-23 09:01:697   Output LSCData----->1367=0x33
2015-01-23 09:01:697   Output LSCData----->1368=0x46
2015-01-23 09:01:698   Output LSCData----->1369=0x37
2015-01-23 09:01:698   Output LSCData----->1370=0xB9
2015-01-23 09:01:698   Output LSCData----->1371=0x31
2015-01-23 09:01:699   Output LSCData----->1372=0x14
2015-01-23 09:01:699   Output LSCData----->1373=0x34
2015-01-23 09:01:700   Output LSCData----->1374=0x35
2015-01-23 09:01:700   Output LSCData----->1375=0x3B
2015-01-23 09:01:700   Output LSCData----->1376=0xE5
2015-01-23 09:01:701   Output LSCData----->1377=0x3F
2015-01-23 09:01:701   Output LSCData----->1378=0xC9
2015-01-23 09:01:702   Output LSCData----->1379=0x38
2015-01-23 09:01:702   Output LSCData----->1380=0x83
2015-01-23 09:01:702   Output LSCData----->1381=0x3B
2015-01-23 09:01:703   Output LSCData----->1382=0x4C
2015-01-23 09:01:703   Output LSCData----->1383=0x41
2015-01-23 09:01:704   Output LSCData----->1384=0x60
2015-01-23 09:01:704   Output LSCData----->1385=0x47
2015-01-23 09:01:704   Output LSCData----->1386=0x92
2015-01-23 09:01:705   Output LSCData----->1387=0x3E
2015-01-23 09:01:705   Output LSCData----->1388=0x60
2015-01-23 09:01:706   Output LSCData----->1389=0x41
2015-01-23 09:01:706   Output LSCData----->1390=0xA2
2015-01-23 09:01:706   Output LSCData----->1391=0x42
2015-01-23 09:01:707   Output LSCData----->1392=0x6E
2015-01-23 09:01:707   Output LSCData----->1393=0x48
2015-01-23 09:01:707   Output LSCData----->1394=0x31
2015-01-23 09:01:708   Output LSCData----->1395=0x41
2015-01-23 09:01:708   Output LSCData----->1396=0xF7
2015-01-23 09:01:709   Output LSCData----->1397=0x41
2015-01-23 09:01:709   Output LSCData----->1398=0x55
2015-01-23 09:01:710   Output LSCData----->1399=0x3D
2015-01-23 09:01:710   Output LSCData----->1400=0x62
2015-01-23 09:01:710   Output LSCData----->1401=0x42
2015-01-23 09:01:711   Output LSCData----->1402=0x77
2015-01-23 09:01:711   Output LSCData----->1403=0x3B
2015-01-23 09:01:712   Output LSCData----->1404=0x1D
2015-01-23 09:01:712   Output LSCData----->1405=0x3D
2015-01-23 09:01:712   Output LSCData----->1406=0x85
2015-01-23 09:01:713   Output LSCData----->1407=0x36
2015-01-23 09:01:713   Output LSCData----->1408=0xFA
2015-01-23 09:01:714   Output LSCData----->1409=0x39
2015-01-23 09:01:714   Output LSCData----->1410=0x86
2015-01-23 09:01:714   Output LSCData----->1411=0x34
2015-01-23 09:01:715   Output LSCData----->1412=0x23
2015-01-23 09:01:715   Output LSCData----->1413=0x36
2015-01-23 09:01:716   Output LSCData----->1414=0x85
2015-01-23 09:01:716   Output LSCData----->1415=0x30
2015-01-23 09:01:716   Output LSCData----->1416=0x0F
2015-01-23 09:01:717   Output LSCData----->1417=0x33
2015-01-23 09:01:717   Output LSCData----->1418=0xBD
2015-01-23 09:01:718   Output LSCData----->1419=0x2E
2015-01-23 09:01:718   Output LSCData----->1420=0x5D
2015-01-23 09:01:718   Output LSCData----->1421=0x30
2015-01-23 09:01:719   Output LSCData----->1422=0xC1
2015-01-23 09:01:719   Output LSCData----->1423=0x2B
2015-01-23 09:01:720   Output LSCData----->1424=0x47
2015-01-23 09:01:720   Output LSCData----->1425=0x2D
2015-01-23 09:01:720   Output LSCData----->1426=0x86
2015-01-23 09:01:721   Output LSCData----->1427=0x2A
2015-01-23 09:01:721   Output LSCData----->1428=0x78
2015-01-23 09:01:722   Output LSCData----->1429=0x2B
2015-01-23 09:01:722   Output LSCData----->1430=0x3E
2015-01-23 09:01:722   Output LSCData----->1431=0x28
2015-01-23 09:01:723   Output LSCData----->1432=0x46
2015-01-23 09:01:723   Output LSCData----->1433=0x29
2015-01-23 09:01:724   Output LSCData----->1434=0x66
2015-01-23 09:01:724   Output LSCData----->1435=0x27
2015-01-23 09:01:724   Output LSCData----->1436=0xF8
2015-01-23 09:01:725   Output LSCData----->1437=0x27
2015-01-23 09:01:725   Output LSCData----->1438=0x44
2015-01-23 09:01:726   Output LSCData----->1439=0x26
2015-01-23 09:01:726   Output LSCData----->1440=0xE1
2015-01-23 09:01:726   Output LSCData----->1441=0x26
2015-01-23 09:01:727   Output LSCData----->1442=0x90
2015-01-23 09:01:727   Output LSCData----->1443=0x25
2015-01-23 09:01:728   Output LSCData----->1444=0xEE
2015-01-23 09:01:728   Output LSCData----->1445=0x25
2015-01-23 09:01:728   Output LSCData----->1446=0xA0
2015-01-23 09:01:729   Output LSCData----->1447=0x25
2015-01-23 09:01:729   Output LSCData----->1448=0x08
2015-01-23 09:01:729   Output LSCData----->1449=0x26
2015-01-23 09:01:730   Output LSCData----->1450=0xE1
2015-01-23 09:01:730   Output LSCData----->1451=0x24
2015-01-23 09:01:731   Output LSCData----->1452=0x46
2015-01-23 09:01:731   Output LSCData----->1453=0x25
2015-01-23 09:01:731   Output LSCData----->1454=0x20
2015-01-23 09:01:732   Output LSCData----->1455=0x26
2015-01-23 09:01:732   Output LSCData----->1456=0xDE
2015-01-23 09:01:733   Output LSCData----->1457=0x26
2015-01-23 09:01:733   Output LSCData----->1458=0x45
2015-01-23 09:01:733   Output LSCData----->1459=0x25
2015-01-23 09:01:734   Output LSCData----->1460=0xE6
2015-01-23 09:01:734   Output LSCData----->1461=0x25
2015-01-23 09:01:735   Output LSCData----->1462=0x23
2015-01-23 09:01:735   Output LSCData----->1463=0x28
2015-01-23 09:01:736   Output LSCData----->1464=0x24
2015-01-23 09:01:736   Output LSCData----->1465=0x29
2015-01-23 09:01:736   Output LSCData----->1466=0xFD
2015-01-23 09:01:737   Output LSCData----->1467=0x26
2015-01-23 09:01:737   Output LSCData----->1468=0xEE
2015-01-23 09:01:738   Output LSCData----->1469=0x27
2015-01-23 09:01:738   Output LSCData----->1470=0x9C
2015-01-23 09:01:738   Output LSCData----->1471=0x2B
2015-01-23 09:01:739   Output LSCData----->1472=0x3D
2015-01-23 09:01:739   Output LSCData----->1473=0x2D
2015-01-23 09:01:740   Output LSCData----->1474=0x0A
2015-01-23 09:01:740   Output LSCData----->1475=0x2A
2015-01-23 09:01:740   Output LSCData----->1476=0x57
2015-01-23 09:01:741   Output LSCData----->1477=0x2B
2015-01-23 09:01:741   Output LSCData----->1478=0x42
2015-01-23 09:01:742   Output LSCData----->1479=0x30
2015-01-23 09:01:742   Output LSCData----->1480=0xF4
2015-01-23 09:01:742   Output LSCData----->1481=0x32
2015-01-23 09:01:743   Output LSCData----->1482=0x64
2015-01-23 09:01:743   Output LSCData----->1483=0x2E
2015-01-23 09:01:744   Output LSCData----->1484=0x48
2015-01-23 09:01:744   Output LSCData----->1485=0x30
2015-01-23 09:01:744   Output LSCData----->1486=0x3D
2015-01-23 09:01:745   Output LSCData----->1487=0x36
2015-01-23 09:01:745   Output LSCData----->1488=0x3A
2015-01-23 09:01:746   Output LSCData----->1489=0x3A
2015-01-23 09:01:746   Output LSCData----->1490=0x14
2015-01-23 09:01:746   Output LSCData----->1491=0x34
2015-01-23 09:01:747   Output LSCData----->1492=0xA0
2015-01-23 09:01:747   Output LSCData----->1493=0x36
2015-01-23 09:01:748   Output LSCData----->1494=0x7D
2015-01-23 09:01:748   Output LSCData----->1495=0x3D
2015-01-23 09:01:748   Output LSCData----->1496=0x95
2015-01-23 09:01:749   Output LSCData----->1497=0x42
2015-01-23 09:01:749   Output LSCData----->1498=0x04
2015-01-23 09:01:750   Output LSCData----->1499=0x3B
2015-01-23 09:01:750   Output LSCData----->1500=0xE6
2015-01-23 09:01:750   Output LSCData----->1501=0x3D
2015-01-23 09:01:751   Output LSCData----->1502=0xA6
2015-01-23 09:01:751   Output LSCData----->1503=0x42
2015-01-23 09:01:752   Output LSCData----->1504=0x5A
2015-01-23 09:01:752   Output LSCData----->1505=0x49
2015-01-23 09:01:753   Output LSCData----->1506=0x02
2015-01-23 09:01:753   Output LSCData----->1507=0x40
2015-01-23 09:01:754   Output LSCData----->1508=0xF5
2015-01-23 09:01:754   Output LSCData----->1509=0x42
2015-01-23 09:01:755   Output LSCData----->1510=0x00
2015-01-23 09:01:755   Output LSCData----->1511=0x44
2015-01-23 09:01:755   Output LSCData----->1512=0x91
2015-01-23 09:01:756   Output LSCData----->1513=0x4A
2015-01-23 09:01:756   Output LSCData----->1514=0x1A
2015-01-23 09:01:757   Output LSCData----->1515=0x43
2015-01-23 09:01:757   Output LSCData----->1516=0xD3
2015-01-23 09:01:757   Output LSCData----->1517=0x43
2015-01-23 09:01:758   Output LSCData----->1518=0x54
2015-01-23 09:01:758   Output LSCData----->1519=0x40
2015-01-23 09:01:759   Output LSCData----->1520=0x94
2015-01-23 09:01:759   Output LSCData----->1521=0x45
2015-01-23 09:01:759   Output LSCData----->1522=0xB6
2015-01-23 09:01:760   Output LSCData----->1523=0x3E
2015-01-23 09:01:760   Output LSCData----->1524=0xCC
2015-01-23 09:01:761   Output LSCData----->1525=0x3F
2015-01-23 09:01:761   Output LSCData----->1526=0xCA
2015-01-23 09:01:761   Output LSCData----->1527=0x39
2015-01-23 09:01:762   Output LSCData----->1528=0xF1
2015-01-23 09:01:762   Output LSCData----->1529=0x3D
2015-01-23 09:01:762   Output LSCData----->1530=0x02
2015-01-23 09:01:763   Output LSCData----->1531=0x38
2015-01-23 09:01:763   Output LSCData----->1532=0x8A
2015-01-23 09:01:764   Output LSCData----->1533=0x39
2015-01-23 09:01:764   Output LSCData----->1534=0xFB
2015-01-23 09:01:764   Output LSCData----->1535=0x33
2015-01-23 09:01:765   Output LSCData----->1536=0x0D
2015-01-23 09:01:765   Output LSCData----->1537=0x37
2015-01-23 09:01:766   Output LSCData----->1538=0x63
2015-01-23 09:01:766   Output LSCData----->1539=0x32
2015-01-23 09:01:766   Output LSCData----->1540=0x98
2015-01-23 09:01:767   Output LSCData----->1541=0x33
2015-01-23 09:01:767   Output LSCData----->1542=0x42
2015-01-23 09:01:768   Output LSCData----->1543=0x2F
2015-01-23 09:01:768   Output LSCData----->1544=0x60
2015-01-23 09:01:769   Output LSCData----->1545=0x31
2015-01-23 09:01:769   Output LSCData----->1546=0xA7
2015-01-23 09:01:769   Output LSCData----->1547=0x2D
2015-01-23 09:01:770   Output LSCData----->1548=0xCF
2015-01-23 09:01:770   Output LSCData----->1549=0x2E
2015-01-23 09:01:771   Output LSCData----->1550=0xA3
2015-01-23 09:01:771   Output LSCData----->1551=0x2B
2015-01-23 09:01:771   Output LSCData----->1552=0xD6
2015-01-23 09:01:772   Output LSCData----->1553=0x2C
2015-01-23 09:01:772   Output LSCData----->1554=0x49
2015-01-23 09:01:773   Output LSCData----->1555=0x2A
2015-01-23 09:01:773   Output LSCData----->1556=0x25
2015-01-23 09:01:773   Output LSCData----->1557=0x2B
2015-01-23 09:01:774   Output LSCData----->1558=0xBA
2015-01-23 09:01:774   Output LSCData----->1559=0x29
2015-01-23 09:01:775   Output LSCData----->1560=0xA9
2015-01-23 09:01:775   Output LSCData----->1561=0x2A
2015-01-23 09:01:775   Output LSCData----->1562=0x1B
2015-01-23 09:01:776   Output LSCData----->1563=0x28
2015-01-23 09:01:776   Output LSCData----->1564=0x1C
2015-01-23 09:01:776   Output LSCData----->1565=0x29
2015-01-23 09:01:777   Output LSCData----->1566=0xBB
2015-01-23 09:01:777   Output LSCData----->1567=0x28
2015-01-23 09:01:778   Output LSCData----->1568=0xBF
2015-01-23 09:01:778   Output LSCData----->1569=0x29
2015-01-23 09:01:778   Output LSCData----->1570=0x9A
2015-01-23 09:01:779   Output LSCData----->1571=0x27
2015-01-23 09:01:779   Output LSCData----->1572=0x85
2015-01-23 09:01:780   Output LSCData----->1573=0x28
2015-01-23 09:01:780   Output LSCData----->1574=0x90
2015-01-23 09:01:780   Output LSCData----->1575=0x29
2015-01-23 09:01:781   Output LSCData----->1576=0x6D
2015-01-23 09:01:781   Output LSCData----->1577=0x2A
2015-01-23 09:01:782   Output LSCData----->1578=0x54
2015-01-23 09:01:782   Output LSCData----->1579=0x28
2015-01-23 09:01:782   Output LSCData----->1580=0x1A
2015-01-23 09:01:783   Output LSCData----->1581=0x29
2015-01-23 09:01:783   Output LSCData----->1582=0x62
2015-01-23 09:01:784   Output LSCData----->1583=0x2B
2015-01-23 09:01:784   Output LSCData----->1584=0xDF
2015-01-23 09:01:784   Output LSCData----->1585=0x2C
2015-01-23 09:01:785   Output LSCData----->1586=0xDC
2015-01-23 09:01:785   Output LSCData----->1587=0x29
2015-01-23 09:01:786   Output LSCData----->1588=0x33
2015-01-23 09:01:786   Output LSCData----->1589=0x2B
2015-01-23 09:01:786   Output LSCData----->1590=0xDA
2015-01-23 09:01:787   Output LSCData----->1591=0x2E
2015-01-23 09:01:787   Output LSCData----->1592=0xBB
2015-01-23 09:01:788   Output LSCData----->1593=0x30
2015-01-23 09:01:788   Output LSCData----->1594=0xF2
2015-01-23 09:01:789   Output LSCData----->1595=0x2C
2015-01-23 09:01:789   Output LSCData----->1596=0xA7
2015-01-23 09:01:789   Output LSCData----->1597=0x2E
2015-01-23 09:01:790   Output LSCData----->1598=0xAC
2015-01-23 09:01:790   Output LSCData----->1599=0x33
2015-01-23 09:01:791   Output LSCData----->1600=0xAC
2015-01-23 09:01:791   Output LSCData----->1601=0x36
2015-01-23 09:01:791   Output LSCData----->1602=0x45
2015-01-23 09:01:792   Output LSCData----->1603=0x31
2015-01-23 09:01:792   Output LSCData----->1604=0x8E
2015-01-23 09:01:793   Output LSCData----->1605=0x33
2015-01-23 09:01:793   Output LSCData----->1606=0x93
2015-01-23 09:01:793   Output LSCData----->1607=0x39
2015-01-23 09:01:794   Output LSCData----->1608=0x26
2015-01-23 09:01:794   Output LSCData----->1609=0x3E
2015-01-23 09:01:795   Output LSCData----->1610=0xF4
2015-01-23 09:01:795   Output LSCData----->1611=0x36
2015-01-23 09:01:795   Output LSCData----->1612=0xC8
2015-01-23 09:01:796   Output LSCData----->1613=0x39
2015-01-23 09:01:829   Output LSCData----->1614=0x11
2015-01-23 09:01:829   Output LSCData----->1615=0x40
2015-01-23 09:01:830   Output LSCData----->1616=0xA4
2015-01-23 09:01:831   Output LSCData----->1617=0x45
2015-01-23 09:01:832   Output LSCData----->1618=0x5E
2015-01-23 09:01:832   Output LSCData----->1619=0x3D
2015-01-23 09:01:833   Output LSCData----->1620=0x43
2015-01-23 09:01:834   Output LSCData----->1621=0x40
2015-01-23 09:01:835   Output LSCData----->1622=0x4D
2015-01-23 09:01:835   Output LSCData----->1623=0x44
2015-01-23 09:01:836   Output LSCData----->1624=0x25
2015-01-23 09:01:837   Output LSCData----->1625=0x4B
2015-01-23 09:01:837   Output LSCData----->1626=0x16
2015-01-23 09:01:838   Output LSCData----->1627=0x41
2015-01-23 09:01:839   Output LSCData----->1628=0x9F
2015-01-23 09:01:839   Output LSCData----->1629=0x44
2015-01-23 09:01:840   Output LSCData----->1630=0xCC
2015-01-23 09:01:841   Output LSCData----->1631=0x45
2015-01-23 09:01:842   Output LSCData----->1632=0xE6
2015-01-23 09:01:842   Output LSCData----->1633=0x4B
2015-01-23 09:01:843   Output LSCData----->1634=0x95
2015-01-23 09:01:844   Output LSCData----->1635=0x44
2015-01-23 09:01:844   Output LSCData----->1636=0x46
2015-01-23 09:01:845   Output LSCData----->1637=0x45
2015-01-23 09:01:846   Output LSCData----->1638=0xF1
2015-01-23 09:01:846   Output LSCData----->1639=0x42
2015-01-23 09:01:847   Output LSCData----->1640=0xF5
2015-01-23 09:01:848   Output LSCData----->1641=0x48
2015-01-23 09:01:848   Output LSCData----->1642=0x3E
2015-01-23 09:01:849   Output LSCData----->1643=0x41
2015-01-23 09:01:850   Output LSCData----->1644=0x63
2015-01-23 09:01:851   Output LSCData----->1645=0x42
2015-01-23 09:01:851   Output LSCData----->1646=0x8B
2015-01-23 09:01:852   Output LSCData----->1647=0x3D
2015-01-23 09:01:852   Output LSCData----->1648=0x03
2015-01-23 09:01:853   Output LSCData----->1649=0x42
2015-01-23 09:01:853   Output LSCData----->1650=0xB7
2015-01-23 09:01:853   Output LSCData----->1651=0x3B
2015-01-23 09:01:854   Output LSCData----->1652=0x06
2015-01-23 09:01:854   Output LSCData----->1653=0x3D
2015-01-23 09:01:855   Output LSCData----->1654=0x18
2015-01-23 09:01:855   Output LSCData----->1655=0x38
2015-01-23 09:01:855   Output LSCData----->1656=0xA4
2015-01-23 09:01:856   Output LSCData----->1657=0x3B
2015-01-23 09:01:856   Output LSCData----->1658=0x38
2015-01-23 09:01:857   Output LSCData----->1659=0x36
2015-01-23 09:01:857   Output LSCData----->1660=0xB9
2015-01-23 09:01:857   Output LSCData----->1661=0x37
2015-01-23 09:01:858   Output LSCData----->1662=0x64
2015-01-23 09:01:858   Output LSCData----->1663=0x33
2015-01-23 09:01:858   Output LSCData----->1664=0xFB
2015-01-23 09:01:859   Output LSCData----->1665=0x35
2015-01-23 09:01:859   Output LSCData----->1666=0xA9
2015-01-23 09:01:860   Output LSCData----->1667=0x31
2015-01-23 09:01:860   Output LSCData----->1668=0xDB
2015-01-23 09:01:861   Output LSCData----->1669=0x32
2015-01-23 09:01:861   Output LSCData----->1670=0xF2
2015-01-23 09:01:861   Output LSCData----->1671=0x2F
2015-01-23 09:01:862   Output LSCData----->1672=0xE5
2015-01-23 09:01:862   Output LSCData----->1673=0x31
2015-01-23 09:01:863   Output LSCData----->1674=0x30
2015-01-23 09:01:863   Output LSCData----->1675=0x2E
2015-01-23 09:01:863   Output LSCData----->1676=0x3E
2015-01-23 09:01:864   Output LSCData----->1677=0x2F
2015-01-23 09:01:864   Output LSCData----->1678=0xEF
2015-01-23 09:01:865   Output LSCData----->1679=0x2D
2015-01-23 09:01:865   Output LSCData----->1680=0x8C
2015-01-23 09:01:865   Output LSCData----->1681=0x2F
2015-01-23 09:01:866   Output LSCData----->1682=0x63
2015-01-23 09:01:866   Output LSCData----->1683=0x2C
2015-01-23 09:01:867   Output LSCData----->1684=0x4C
2015-01-23 09:01:867   Output LSCData----->1685=0x2D
2015-01-23 09:01:867   Output LSCData----->1686=0x2A
2015-01-23 09:01:868   Output LSCData----->1687=0x2D
2015-01-23 09:01:868   Output LSCData----->1688=0x5C
2015-01-23 09:01:869   Output LSCData----->1689=0x2E
2015-01-23 09:01:869   Output LSCData----->1690=0x89
2015-01-23 09:01:869   Output LSCData----->1691=0x2B
2015-01-23 09:01:870   Output LSCData----->1692=0x84
2015-01-23 09:01:870   Output LSCData----->1693=0x2C
2015-01-23 09:01:871   Output LSCData----->1694=0xE3
2015-01-23 09:01:871   Output LSCData----->1695=0x2D
2015-01-23 09:01:871   Output LSCData----->1696=0x57
2015-01-23 09:01:872   Output LSCData----->1697=0x2F
2015-01-23 09:01:872   Output LSCData----->1698=0xE1
2015-01-23 09:01:873   Output LSCData----->1699=0x2B
2015-01-23 09:01:873   Output LSCData----->1700=0x46
2015-01-23 09:01:873   Output LSCData----->1701=0x2D
2015-01-23 09:01:874   Output LSCData----->1702=0x9E
2015-01-23 09:01:874   Output LSCData----->1703=0x2F
2015-01-23 09:01:874   Output LSCData----->1704=0xE2
2015-01-23 09:01:875   Output LSCData----->1705=0x31
2015-01-23 09:01:875   Output LSCData----->1706=0x72
2015-01-23 09:01:876   Output LSCData----->1707=0x2D
2015-01-23 09:01:876   Output LSCData----->1708=0x4F
2015-01-23 09:01:876   Output LSCData----->1709=0x2F
2015-01-23 09:01:877   Output LSCData----->1710=0xE9
2015-01-23 09:01:877   Output LSCData----->1711=0x32
2015-01-23 09:01:878   Output LSCData----->1712=0xF9
2015-01-23 09:01:878   Output LSCData----->1713=0x35
2015-01-23 09:01:878   Output LSCData----->1714=0xBC
2015-01-23 09:01:879   Output LSCData----->1715=0x30
2015-01-23 09:01:879   Output LSCData----->1716=0xBA
2015-01-23 09:01:880   Output LSCData----->1717=0x32
2015-01-23 09:01:880   Output LSCData----->1718=0xC3
2015-01-23 09:01:880   Output LSCData----->1719=0x37
2015-01-23 09:01:881   Output LSCData----->1720=0xB2
2015-01-23 09:01:881   Output LSCData----->1721=0x3B
2015-01-23 09:01:882   Output LSCData----->1722=0x14
2015-01-23 09:01:882   Output LSCData----->1723=0x35
2015-01-23 09:01:882   Output LSCData----->1724=0x76
2015-01-23 09:01:883   Output LSCData----->1725=0x37
2015-01-23 09:01:883   Output LSCData----->1726=0x45
2015-01-23 09:01:884   Output LSCData----->1727=0x3D
2015-01-23 09:01:884   Output LSCData----->1728=0x53
2015-01-23 09:01:884   Output LSCData----->1729=0x42
2015-01-23 09:01:885   Output LSCData----->1730=0x95
2015-01-23 09:01:885   Output LSCData----->1731=0x3A
2015-01-23 09:01:886   Output LSCData----->1732=0x74
2015-01-23 09:01:886   Output LSCData----->1733=0x3D
2015-01-23 09:01:886   Output LSCData----->1734=0x0B
2015-01-23 09:01:887   Output LSCData----->1735=0x43
2015-01-23 09:01:887   Output LSCData----->1736=0x0E
2015-01-23 09:01:888   Output LSCData----->1737=0x49
2015-01-23 09:01:888   Output LSCData----->1738=0xE6
2015-01-23 09:01:888   Output LSCData----->1739=0x3F
2015-01-23 09:01:889   Output LSCData----->1740=0x3D
2015-01-23 09:01:889   Output LSCData----->1741=0x43
2015-01-23 09:01:889   Output LSCData----->1742=0xE5
2015-01-23 09:01:890   Output LSCData----->1743=0x45
2015-01-23 09:01:890   Output LSCData----->1744=0x3C
2015-01-23 09:01:891   Output LSCData----->1745=0x4D
2015-01-23 09:01:891   Output LSCData----->1746=0xC5
2015-01-23 09:01:891   Output LSCData----->1747=0x42
2015-01-23 09:01:892   Output LSCData----->1748=0x3D
2015-01-23 09:01:892   Output LSCData----->1749=0x46
2015-01-23 09:01:893   Output LSCData----->1750=0x11
2015-01-23 09:01:893   Output LSCData----->1751=0x47
2015-01-23 09:01:893   Output LSCData----->1752=0xFF
2015-01-23 09:01:894   Output LSCData----->1753=0x4D
2015-01-23 09:01:894   Output LSCData----->1754=0xF4
2015-01-23 09:01:895   Output LSCData----->1755=0x45
2015-01-23 09:01:895   Output LSCData----->1756=0x71
2015-01-23 09:01:895   Output LSCData----->1757=0x46
2015-01-23 09:01:896   Output LSCData----->1758=0xE2
2015-01-23 09:01:896   Output LSCData----->1759=0x43
2015-01-23 09:01:897   Output LSCData----->1760=0xEF
2015-01-23 09:01:897   Output LSCData----->1761=0x49
2015-01-23 09:01:897   Output LSCData----->1762=0xF4
2015-01-23 09:01:898   Output LSCData----->1763=0x41
2015-01-23 09:01:898   Output LSCData----->1764=0x57
2015-01-23 09:01:899   Output LSCData----->1765=0x43
2015-01-23 09:01:899   Output LSCData----->1766=0xC9
2015-01-23 09:01:899   Output LSCData----->1767=0x3F
2015-01-23 09:01:900   Output LSCData----->1768=0x24
2015-01-23 09:01:900   Output LSCData----->1769=0x45
2015-01-23 09:01:901   Output LSCData----->1770=0x95
2015-01-23 09:01:901   Output LSCData----->1771=0x3D
2015-01-23 09:01:901   Output LSCData----->1772=0xE6
2015-01-23 09:01:902   Output LSCData----->1773=0x3E
2015-01-23 09:01:902   Output LSCData----->1774=0x31
2015-01-23 09:01:902   Output LSCData----->1775=0x3B
2015-01-23 09:01:903   Output LSCData----->1776=0xAB
2015-01-23 09:01:903   Output LSCData----->1777=0x3F
2015-01-23 09:01:904   Output LSCData----->1778=0xFC
2015-01-23 09:01:904   Output LSCData----->1779=0x38
2015-01-23 09:01:904   Output LSCData----->1780=0x6E
2015-01-23 09:01:905   Output LSCData----->1781=0x3A
2015-01-23 09:01:905   Output LSCData----->1782=0xDD
2015-01-23 09:01:906   Output LSCData----->1783=0x36
2015-01-23 09:01:906   Output LSCData----->1784=0x3F
2015-01-23 09:01:906   Output LSCData----->1785=0x3A
2015-01-23 09:01:907   Output LSCData----->1786=0xC9
2015-01-23 09:01:907   Output LSCData----->1787=0x34
2015-01-23 09:01:908   Output LSCData----->1788=0x4D
2015-01-23 09:01:908   Output LSCData----->1789=0x36
2015-01-23 09:01:908   Output LSCData----->1790=0x9B
2015-01-23 09:01:909   Output LSCData----->1791=0x33
2015-01-23 09:01:909   Output LSCData----->1792=0x2F
2015-01-23 09:01:910   Output LSCData----->1793=0x36
2015-01-23 09:01:910   Output LSCData----->1794=0x67
2015-01-23 09:01:910   Output LSCData----->1795=0x31
2015-01-23 09:01:911   Output LSCData----->1796=0xF8
2015-01-23 09:01:911   Output LSCData----->1797=0x32
2015-01-23 09:01:912   Output LSCData----->1798=0xCD
2015-01-23 09:01:912   Output LSCData----->1799=0x31
2015-01-23 09:01:912   Output LSCData----->1800=0x0C
2015-01-23 09:01:913   Output LSCData----->1801=0x34
2015-01-23 09:01:913   Output LSCData----->1802=0xAF
2015-01-23 09:01:913   Output LSCData----->1803=0x2F
2015-01-23 09:01:914   Output LSCData----->1804=0xFB
2015-01-23 09:01:914   Output LSCData----->1805=0x30
2015-01-23 09:01:915   Output LSCData----->1806=0xFF
2015-01-23 09:01:915   Output LSCData----->1807=0x30
2015-01-23 09:01:915   Output LSCData----->1808=0x08
2015-01-23 09:01:916   Output LSCData----->1809=0x33
2015-01-23 09:01:916   Output LSCData----->1810=0xF5
2015-01-23 09:01:917   Output LSCData----->1811=0x2E
2015-01-23 09:01:917   Output LSCData----->1812=0x3F
2015-01-23 09:01:917   Output LSCData----->1813=0x30
2015-01-23 09:01:918   Output LSCData----->1814=0x9A
2015-01-23 09:01:918   Output LSCData----->1815=0x31
2015-01-23 09:01:919   Output LSCData----->1816=0xE7
2015-01-23 09:01:919   Output LSCData----->1817=0x33
2015-01-23 09:01:919   Output LSCData----->1818=0x56
2015-01-23 09:01:920   Output LSCData----->1819=0x2F
2015-01-23 09:01:920   Output LSCData----->1820=0x00
2015-01-23 09:01:921   Output LSCData----->1821=0x31
2015-01-23 09:01:921   Output LSCData----->1822=0x7C
2015-01-23 09:01:921   Output LSCData----->1823=0x33
2015-01-23 09:01:922   Output LSCData----->1824=0x5E
2015-01-23 09:01:922   Output LSCData----->1825=0x36
2015-01-23 09:01:922   Output LSCData----->1826=0x24
2015-01-23 09:01:923   Output LSCData----->1827=0x31
2015-01-23 09:01:923   Output LSCData----->1828=0x1C
2015-01-23 09:01:924   Output LSCData----->1829=0x33
2015-01-23 09:01:924   Output LSCData----->1830=0xC6
2015-01-23 09:01:925   Output LSCData----->1831=0x36
2015-01-23 09:01:925   Output LSCData----->1832=0xB0
2015-01-23 09:01:925   Output LSCData----->1833=0x3A
2015-01-23 09:01:926   Output LSCData----->1834=0x2A
2015-01-23 09:01:926   Output LSCData----->1835=0x34
2015-01-23 09:01:927   Output LSCData----->1836=0x52
2015-01-23 09:01:927   Output LSCData----->1837=0x36
2015-01-23 09:01:927   Output LSCData----->1838=0xF0
2015-01-23 09:01:928   Output LSCData----->1839=0x3A
2015-01-23 09:01:928   Output LSCData----->1840=0xC0
2015-01-23 09:01:929   Output LSCData----->1841=0x3F
2015-01-23 09:01:929   Output LSCData----->1842=0x20
2015-01-23 09:01:929   Output LSCData----->1843=0x38
2015-01-23 09:01:930   Output LSCData----->1844=0x8B
2015-01-23 09:01:930   Output LSCData----->1845=0x3A
2015-01-23 09:01:931   Output LSCData----->1846=0x37
2015-01-23 09:01:931   Output LSCData----->1847=0x40
2015-01-23 09:01:931   Output LSCData----->1848=0x0B
2015-01-23 09:01:932   Output LSCData----->1849=0x46
2015-01-23 09:01:932   Output LSCData----->1850=0xA3
2015-01-23 09:01:932   Output LSCData----->1851=0x3C
2015-01-23 09:01:933   Output LSCData----->1852=0xD8
2015-01-23 09:01:933   Output LSCData----->1853=0x3F
2015-01-23 09:01:934   Output LSCData----->1854=0x3B
2015-01-23 09:01:934   Output LSCData----->1855=0x44
2015-01-23 09:01:934   Output LSCData----->1856=0xCF
2015-01-23 09:01:935   Output LSCData----->1857=0x4A
2015-01-23 09:01:935   Output LSCData----->1858=0xD5
2015-01-23 09:01:936   Output LSCData----->1859=0x40
2015-01-23 09:01:936   Output LSCData----->1860=0x38
2015-01-23 09:01:936   Output LSCData----->1861=0x44
2015-01-23 09:01:937   Output LSCData----->1862=0xBD
2015-01-23 09:01:937   Output LSCData----->1863=0x47
2015-01-23 09:01:938   Output LSCData----->1864=0x70
2015-01-23 09:01:938   Output LSCData----->1865=0x4F
2015-01-23 09:01:939   Output LSCData----->1866=0x45
2015-01-23 09:01:939   Output LSCData----->1867=0x44
