D:\R3\MYPROJECT\AF_MOVETOPOS\AF_MOVETOPOS\RELEASE\AF_MOVETOPOS.DLL.INTERMEDIATE.MANIFEST
D:\R3\MYPROJECT\AF_MOVETOPOS\AF_MOVETOPOS\RELEASE\AF_MOVETOPOS.OBJ
D:\R3\MYPROJECT\AF_MOVETOPOS\AF_MOVETOPOS\RELEASE\AF_MOVETOPOS.PCH
D:\R3\MYPROJECT\AF_MOVETOPOS\AF_MOVETOPOS\RELEASE\AF_MOVETOPOS.RES
D:\R3\MyProject\AF_MoveToPos\AF_MoveToPos\Release\AF_MoveToPos.write.1.tlog
D:\R3\MYPROJECT\AF_MOVETOPOS\AF_MOVETOPOS\RELEASE\AF_MOVETOPOS_TESTITEM.OBJ
D:\R3\MyProject\AF_MoveToPos\AF_MoveToPos\Release\cl.command.1.tlog
D:\R3\MyProject\AF_MoveToPos\AF_MoveToPos\Release\CL.read.1.tlog
D:\R3\MyProject\AF_MoveToPos\AF_MoveToPos\Release\CL.write.1.tlog
D:\R3\MyProject\AF_MoveToPos\AF_MoveToPos\Release\link.command.1.tlog
D:\R3\MyProject\AF_MoveToPos\AF_MoveToPos\Release\link.read.1.tlog
D:\R3\MyProject\AF_MoveToPos\AF_MoveToPos\Release\link.write.1.tlog
D:\R3\MyProject\AF_MoveToPos\AF_MoveToPos\Release\link-cvtres.read.1.tlog
D:\R3\MyProject\AF_MoveToPos\AF_MoveToPos\Release\link-cvtres.write.1.tlog
D:\R3\MyProject\AF_MoveToPos\AF_MoveToPos\Release\mt.command.1.tlog
D:\R3\MyProject\AF_MoveToPos\AF_MoveToPos\Release\mt.read.1.tlog
D:\R3\MyProject\AF_MoveToPos\AF_MoveToPos\Release\mt.write.1.tlog
D:\R3\MYPROJECT\AF_MOVETOPOS\AF_MOVETOPOS\RELEASE\OPTIONDLG.OBJ
D:\R3\MyProject\AF_MoveToPos\AF_MoveToPos\Release\rc.command.1.tlog
D:\R3\MyProject\AF_MoveToPos\AF_MoveToPos\Release\rc.read.1.tlog
D:\R3\MyProject\AF_MoveToPos\AF_MoveToPos\Release\rc.write.1.tlog
D:\R3\MYPROJECT\AF_MOVETOPOS\AF_MOVETOPOS\RELEASE\STDAFX.OBJ
D:\R3\MYPROJECT\AF_MOVETOPOS\AF_MOVETOPOS\RELEASE\VC100.PDB
D:\R3\MYPROJECT\AF_MOVETOPOS\RELEASE\AF_MOVETOPOS.DLL
D:\R3\MyProject\AF_MoveToPos\Release\AF_MoveToPos.exp
D:\R3\MyProject\AF_MoveToPos\Release\AF_MoveToPos.lib
D:\R3\MYPROJECT\AF_MOVETOPOS\RELEASE\AF_MOVETOPOS.PDB
