生成启动时间为 2018/9/1 9:58:20。
     1>项目“E:\R3\MyProject\MesUpdate\MesUpdate\MesUpdate.vcxproj”在节点 2 上(rebuild 个目标)。
     1>InitializeBuildStatus:
         正在创建“Release\MesUpdate.unsuccessfulbuild”，因为已指定“AlwaysCreate”。
       ClCompile:
         d:\Program Files (x86)\Microsoft Visual Studio 10.0\VC\bin\CL.exe /c /I..\..\..\Include /Zi /nologo /W3 /WX- /O2 /Oi /Oy- /GL /D WIN32 /D _WINDOWS /D NDEBUG /D _USRDLL /D _WINDLL /D _UNICODE /D UNICODE /D _AFXDLL /Gm- /EHsc /MD /GS /Gy /fp:precise /Zc:wchar_t /Zc:forScope /Yc"StdAfx.h" /Fp"Release\MesUpdate.pch" /Fo"Release\\" /Fd"Release\vc100.pdb" /Gd /TP /analyze- /errorReport:prompt stdafx.cpp
         stdafx.cpp
         d:\Program Files (x86)\Microsoft Visual Studio 10.0\VC\bin\CL.exe /c /I..\..\..\Include /Zi /nologo /W3 /WX- /O2 /Oi /Oy- /GL /D WIN32 /D _WINDOWS /D NDEBUG /D _USRDLL /D _WINDLL /D _UNICODE /D UNICODE /D _AFXDLL /Gm- /EHsc /MD /GS /Gy /fp:precise /Zc:wchar_t /Zc:forScope /Yu"StdAfx.h" /Fp"Release\MesUpdate.pch" /Fo"Release\\" /Fd"Release\vc100.pdb" /Gd /TP /analyze- /errorReport:prompt MesUpdate.cpp MesUpdate_TestItem.cpp OptionDlg.cpp
         MesUpdate.cpp
         MesUpdate_TestItem.cpp
         OptionDlg.cpp
       ResourceCompile:
         C:\Program Files (x86)\Microsoft SDKs\Windows\v7.0A\bin\rc.exe /D NDEBUG /D _UNICODE /D UNICODE /D _AFXDLL /l"0x0804" /IRelease\ /nologo /fo"Release\MesUpdate.res" MesUpdate.rc 
       Link:
         d:\Program Files (x86)\Microsoft Visual Studio 10.0\VC\bin\link.exe /ERRORREPORT:PROMPT /OUT:"E:\R3\Main\OFccmTest\OFccmTest\Release\MesUpdate.dll" /INCREMENTAL:NO /NOLOGO /LIBPATH:..\..\..\Lib\Release TestItemInterface.lib ImageProc.lib /MANIFEST /ManifestFile:"Release\MesUpdate.dll.intermediate.manifest" /MANIFESTUAC:"level='asInvoker' uiAccess='false'" /DEBUG /PDB:"E:\R3\Main\OFccmTest\OFccmTest\Release\MesUpdate.pdb" /SUBSYSTEM:WINDOWS /OPT:REF /OPT:ICF /LTCG /TLBID:1 /DYNAMICBASE /NXCOMPAT /IMPLIB:"E:\R3\Main\OFccmTest\OFccmTest\Release\MesUpdate.lib" /MACHINE:X86 /DLL Release\MesUpdate.res
         Release\MesUpdate.obj
         Release\MesUpdate_TestItem.obj
         Release\OptionDlg.obj
         Release\stdafx.obj
            正在创建库 E:\R3\Main\OFccmTest\OFccmTest\Release\MesUpdate.lib 和对象 E:\R3\Main\OFccmTest\OFccmTest\Release\MesUpdate.exp
         正在生成代码
         已完成代码的生成
     1>TestItemInterface.lib(TestItemInterface.obj) : warning LNK4099: 未找到 PDB“vc100.pdb”(使用“TestItemInterface.lib(TestItemInterface.obj)”或在“E:\R3\Main\OFccmTest\OFccmTest\Release\vc100.pdb”中寻找)；正在链接对象，如同没有调试信息一样
     1>TestItemInterface.lib(stdafx.obj) : warning LNK4099: 未找到 PDB“vc100.pdb”(使用“TestItemInterface.lib(stdafx.obj)”或在“E:\R3\Main\OFccmTest\OFccmTest\Release\vc100.pdb”中寻找)；正在链接对象，如同没有调试信息一样
         MesUpdate.vcxproj -> E:\R3\Main\OFccmTest\OFccmTest\Release\MesUpdate.dll
       Manifest:
         C:\Program Files (x86)\Microsoft SDKs\Windows\v7.0A\bin\mt.exe /nologo /verbose /outputresource:"E:\R3\Main\OFccmTest\OFccmTest\Release\MesUpdate.dll;#2" /manifest Release\MesUpdate.dll.intermediate.manifest "d:\Program Files (x86)\Microsoft Visual Studio 10.0\VC\Include\Manifest\dpiaware.manifest"
       PostBuildEvent:
         copy "E:\R3\Main\OFccmTest\OFccmTest\Release\MesUpdate.dll" ..\..\..\Execute\Release\TestItem
         :VCEnd
         已复制         1 个文件。
       FinalizeBuildStatus:
         正在删除文件“Release\MesUpdate.unsuccessfulbuild”。
         正在对“Release\MesUpdate.lastbuildstate”执行 Touch 任务。
     1>已完成生成项目“E:\R3\MyProject\MesUpdate\MesUpdate\MesUpdate.vcxproj”(rebuild 个目标)的操作。

生成成功。

已用时间 00:00:06.74
