生成启动时间为 2017/11/29 14:28:53。
     1>项目“E:\R3\MyProject\ApplyWB\ApplyWB\ApplyWB.vcxproj”在节点 2 上(rebuild 个目标)。
     1>InitializeBuildStatus:
         正在创建“Debug\ApplyWB.unsuccessfulbuild”，因为已指定“AlwaysCreate”。
       ClCompile:
         C:\Program Files (x86)\Microsoft Visual Studio 10.0\VC\bin\CL.exe /c /I..\..\..\Include /ZI /nologo /W3 /WX- /Od /Oy- /D WIN32 /D _WINDOWS /D NDEBUG /D _USRDLL /D _WINDLL /D _UNICODE /D UNICODE /D _AFXDLL /Gm /EHsc /RTC1 /MDd /GS /fp:precise /Zc:wchar_t /Zc:forScope /Yc"StdAfx.h" /Fp"Debug\ApplyWB.pch" /Fo"Debug\\" /Fd"Debug\vc100.pdb" /Gd /TP /analyze- /errorReport:prompt stdafx.cpp
         stdafx.cpp
         C:\Program Files (x86)\Microsoft Visual Studio 10.0\VC\bin\CL.exe /c /I..\..\..\Include /ZI /nologo /W3 /WX- /Od /Oy- /D WIN32 /D _WINDOWS /D NDEBUG /D _USRDLL /D _WINDLL /D _UNICODE /D UNICODE /D _AFXDLL /Gm /EHsc /RTC1 /MDd /GS /fp:precise /Zc:wchar_t /Zc:forScope /Yu"StdAfx.h" /Fp"Debug\ApplyWB.pch" /Fo"Debug\\" /Fd"Debug\vc100.pdb" /Gd /TP /analyze- /errorReport:prompt ApplyWB.cpp ApplyWB_TestItem.cpp OptionDlg.cpp
         OptionDlg.cpp
         ApplyWB_TestItem.cpp
     1>e:\r3\myproject\applywb\applywb\applywb_testitem.cpp(1260): warning C4244: “=”: 从“double”转换到“float”，可能丢失数据
     1>e:\r3\myproject\applywb\applywb\applywb_testitem.cpp(1261): warning C4244: “=”: 从“double”转换到“int”，可能丢失数据
     1>e:\r3\myproject\applywb\applywb\applywb_testitem.cpp(1266): warning C4244: “=”: 从“double”转换到“float”，可能丢失数据
     1>e:\r3\myproject\applywb\applywb\applywb_testitem.cpp(1267): warning C4244: “=”: 从“double”转换到“int”，可能丢失数据
     1>e:\r3\myproject\applywb\applywb\applywb_testitem.cpp(1271): warning C4244: “=”: 从“double”转换到“float”，可能丢失数据
     1>e:\r3\myproject\applywb\applywb\applywb_testitem.cpp(1272): warning C4244: “=”: 从“double”转换到“int”，可能丢失数据
     1>e:\r3\myproject\applywb\applywb\applywb_testitem.cpp(1276): warning C4244: “=”: 从“double”转换到“float”，可能丢失数据
     1>e:\r3\myproject\applywb\applywb\applywb_testitem.cpp(1277): warning C4244: “=”: 从“double”转换到“int”，可能丢失数据
         ApplyWB.cpp
         正在生成代码...
       ResourceCompile:
         C:\Program Files (x86)\Microsoft SDKs\Windows\v7.0A\bin\rc.exe /D _DEBUG /D _UNICODE /D UNICODE /D _AFXDLL /l"0x0804" /IDebug\ /nologo /fo"Debug\ApplyWB.res" ApplyWB.rc 
       ManifestResourceCompile:
         C:\Program Files (x86)\Microsoft SDKs\Windows\v7.0A\bin\rc.exe /nologo /fo"Debug\ApplyWB.dll.embed.manifest.res" Debug\ApplyWB_manifest.rc 
       Link:
         C:\Program Files (x86)\Microsoft Visual Studio 10.0\VC\bin\link.exe /ERRORREPORT:PROMPT /OUT:"E:\R3\MyProject\AE\Debug\ApplyWB.dll" /INCREMENTAL /NOLOGO /LIBPATH:..\..\..\Lib\Debug TestItemInterface_d.lib ImageProc_d.lib /MANIFEST /ManifestFile:"Debug\ApplyWB.dll.intermediate.manifest" /MANIFESTUAC:"level='asInvoker' uiAccess='false'" /DEBUG /PDB:"E:\R3\MyProject\AE\Debug\ApplyWB.pdb" /SUBSYSTEM:WINDOWS /TLBID:1 /DYNAMICBASE /NXCOMPAT /IMPLIB:"E:\R3\MyProject\AE\Debug\ApplyWB.lib" /MACHINE:X86 /DLL Debug\ApplyWB.res
         Debug\ApplyWB.dll.embed.manifest.res
         Debug\ApplyWB.obj
         Debug\ApplyWB_TestItem.obj
         Debug\OptionDlg.obj
         Debug\stdafx.obj
            正在创建库 E:\R3\MyProject\AE\Debug\ApplyWB.lib 和对象 E:\R3\MyProject\AE\Debug\ApplyWB.exp
     1>TestItemInterface_d.lib(TestItemInterface.obj) : warning LNK4099: 未找到 PDB“vc100.pdb”(使用“TestItemInterface_d.lib(TestItemInterface.obj)”或在“E:\R3\MyProject\AE\Debug\vc100.pdb”中寻找)；正在链接对象，如同没有调试信息一样
       Manifest:
         正在删除文件“Debug\ApplyWB.dll.embed.manifest”。
         C:\Program Files (x86)\Microsoft SDKs\Windows\v7.0A\bin\mt.exe /nologo /verbose /out:"Debug\ApplyWB.dll.embed.manifest" /manifest Debug\ApplyWB.dll.intermediate.manifest "C:\Program Files (x86)\Microsoft Visual Studio 10.0\VC\Include\Manifest\dpiaware.manifest"
         C:\Program Files (x86)\Microsoft SDKs\Windows\v7.0A\bin\rc.exe /nologo /fo"Debug\ApplyWB.dll.embed.manifest.res" Debug\ApplyWB_manifest.rc 
       LinkEmbedManifest:
         C:\Program Files (x86)\Microsoft Visual Studio 10.0\VC\bin\link.exe /ERRORREPORT:PROMPT /OUT:"E:\R3\MyProject\AE\Debug\ApplyWB.dll" /INCREMENTAL /NOLOGO /LIBPATH:..\..\..\Lib\Debug TestItemInterface_d.lib ImageProc_d.lib /MANIFEST /ManifestFile:"Debug\ApplyWB.dll.intermediate.manifest" /MANIFESTUAC:"level='asInvoker' uiAccess='false'" /DEBUG /PDB:"E:\R3\MyProject\AE\Debug\ApplyWB.pdb" /SUBSYSTEM:WINDOWS /TLBID:1 /DYNAMICBASE /NXCOMPAT /IMPLIB:"E:\R3\MyProject\AE\Debug\ApplyWB.lib" /MACHINE:X86 /DLL Debug\ApplyWB.res
         Debug\ApplyWB.dll.embed.manifest.res
         Debug\ApplyWB.obj
         Debug\ApplyWB_TestItem.obj
         Debug\OptionDlg.obj
         Debug\stdafx.obj
         ApplyWB.vcxproj -> E:\R3\MyProject\AE\Debug\ApplyWB.dll
       PostBuildEvent:
         copy "E:\R3\MyProject\AE\Debug\ApplyWB.dll" ..\..\..\Execute\Debug\TestItem
         :VCEnd
         已复制         1 个文件。
       FinalizeBuildStatus:
         正在删除文件“Debug\ApplyWB.unsuccessfulbuild”。
         正在对“Debug\ApplyWB.lastbuildstate”执行 Touch 任务。
     1>已完成生成项目“E:\R3\MyProject\ApplyWB\ApplyWB\ApplyWB.vcxproj”(rebuild 个目标)的操作。

生成成功。

已用时间 00:00:08.86
