D:\R3\MYPROJECT\AF_MOVETOPOS\AF_MOVETOPOS\DEBUG\AF_MOVETOPOS.DLL.EMBED.MANIFEST
D:\R3\MYPROJECT\AF_MOVETOPOS\AF_MOVETOPOS\DEBUG\AF_MOVETOPOS.DLL.EMBED.MANIFEST.RES
D:\R3\MYPROJECT\AF_MOVETOPOS\AF_MOVETOPOS\DEBUG\AF_MOVETOPOS.DLL.INTERMEDIATE.MANIFEST
D:\R3\MYPROJECT\AF_MOVETOPOS\AF_MOVETOPOS\DEBUG\AF_MOVETOPOS.OBJ
D:\R3\MYPROJECT\AF_MOVETOPOS\AF_MOVETOPOS\DEBUG\AF_MOVETOPOS.PCH
D:\R3\MYPROJECT\AF_MOVETOPOS\AF_MOVETOPOS\DEBUG\AF_MOVETOPOS.RES
D:\R3\MyProject\AF_MoveToPos\AF_MoveToPos\Debug\AF_MoveToPos.vcxprojResolveAssemblyReference.cache
D:\R3\MyProject\AF_MoveToPos\AF_MoveToPos\Debug\AF_MoveToPos.write.1.tlog
D:\R3\MyProject\AF_MoveToPos\AF_MoveToPos\Debug\AF_MoveToPos_manifest.rc
D:\R3\MYPROJECT\AF_MOVETOPOS\AF_MOVETOPOS\DEBUG\AF_MOVETOPOS_TESTITEM.OBJ
D:\R3\MyProject\AF_MoveToPos\AF_MoveToPos\Debug\cl.command.1.tlog
D:\R3\MyProject\AF_MoveToPos\AF_MoveToPos\Debug\CL.read.1.tlog
D:\R3\MyProject\AF_MoveToPos\AF_MoveToPos\Debug\CL.write.1.tlog
D:\R3\MyProject\AF_MoveToPos\AF_MoveToPos\Debug\link.command.1.tlog
D:\R3\MyProject\AF_MoveToPos\AF_MoveToPos\Debug\link.read.1.tlog
D:\R3\MyProject\AF_MoveToPos\AF_MoveToPos\Debug\link.write.1.tlog
D:\R3\MyProject\AF_MoveToPos\AF_MoveToPos\Debug\link-cvtres.read.1.tlog
D:\R3\MyProject\AF_MoveToPos\AF_MoveToPos\Debug\link-cvtres.write.1.tlog
D:\R3\MyProject\AF_MoveToPos\AF_MoveToPos\Debug\mt.command.1.tlog
D:\R3\MyProject\AF_MoveToPos\AF_MoveToPos\Debug\mt.read.1.tlog
D:\R3\MyProject\AF_MoveToPos\AF_MoveToPos\Debug\mt.write.1.tlog
D:\R3\MYPROJECT\AF_MOVETOPOS\AF_MOVETOPOS\DEBUG\OPTIONDLG.OBJ
D:\R3\MyProject\AF_MoveToPos\AF_MoveToPos\Debug\rc.command.1.tlog
D:\R3\MyProject\AF_MoveToPos\AF_MoveToPos\Debug\rc.read.1.tlog
D:\R3\MyProject\AF_MoveToPos\AF_MoveToPos\Debug\rc.write.1.tlog
D:\R3\MYPROJECT\AF_MOVETOPOS\AF_MOVETOPOS\DEBUG\STDAFX.OBJ
D:\R3\MyProject\AF_MoveToPos\AF_MoveToPos\Debug\vc100.idb
D:\R3\MYPROJECT\AF_MOVETOPOS\AF_MOVETOPOS\DEBUG\VC100.PDB
D:\R3\MYPROJECT\AF_MOVETOPOS\DEBUG\AF_MOVETOPOS.DLL
D:\R3\MyProject\AF_MoveToPos\Debug\AF_MoveToPos.exp
D:\R3\MYPROJECT\AF_MOVETOPOS\DEBUG\AF_MOVETOPOS.ILK
D:\R3\MyProject\AF_MoveToPos\Debug\AF_MoveToPos.lib
D:\R3\MYPROJECT\AF_MOVETOPOS\DEBUG\AF_MOVETOPOS.PDB
