D:\WORKSPACE\测试项开发SDK\MYPROJECT\AE\DEBUG\OC_ITEM.DLL
D:\WorkSpace\测试项开发SDK\MyProject\AE\Debug\OC_Item.exp
D:\WORKSPACE\测试项开发SDK\MYPROJECT\AE\DEBUG\OC_ITEM.ILK
D:\WorkSpace\测试项开发SDK\MyProject\AE\Debug\OC_Item.lib
D:\WORKSPACE\测试项开发SDK\MYPROJECT\AE\DEBUG\OC_ITEM.PDB
D:\WorkSpace\测试项开发SDK\MyProject\OC_Item\OC_Item\Debug\cl.command.1.tlog
D:\WorkSpace\测试项开发SDK\MyProject\OC_Item\OC_Item\Debug\CL.read.1.tlog
D:\WorkSpace\测试项开发SDK\MyProject\OC_Item\OC_Item\Debug\CL.write.1.tlog
D:\WorkSpace\测试项开发SDK\MyProject\OC_Item\OC_Item\Debug\link.2792.read.1.tlog
D:\WorkSpace\测试项开发SDK\MyProject\OC_Item\OC_Item\Debug\link.2792.write.1.tlog
D:\WorkSpace\测试项开发SDK\MyProject\OC_Item\OC_Item\Debug\link.2792-cvtres.read.1.tlog
D:\WorkSpace\测试项开发SDK\MyProject\OC_Item\OC_Item\Debug\link.2792-cvtres.write.1.tlog
D:\WorkSpace\测试项开发SDK\MyProject\OC_Item\OC_Item\Debug\link.command.1.tlog
D:\WorkSpace\测试项开发SDK\MyProject\OC_Item\OC_Item\Debug\link.read.1.tlog
D:\WorkSpace\测试项开发SDK\MyProject\OC_Item\OC_Item\Debug\link.write.1.tlog
D:\WorkSpace\测试项开发SDK\MyProject\OC_Item\OC_Item\Debug\link-cvtres.read.1.tlog
D:\WorkSpace\测试项开发SDK\MyProject\OC_Item\OC_Item\Debug\link-cvtres.write.1.tlog
D:\WorkSpace\测试项开发SDK\MyProject\OC_Item\OC_Item\Debug\mt.command.1.tlog
D:\WorkSpace\测试项开发SDK\MyProject\OC_Item\OC_Item\Debug\mt.read.1.tlog
D:\WorkSpace\测试项开发SDK\MyProject\OC_Item\OC_Item\Debug\mt.write.1.tlog
D:\WORKSPACE\测试项开发SDK\MYPROJECT\OC_ITEM\OC_ITEM\DEBUG\OC_ITEM.DLL.EMBED.MANIFEST
D:\WORKSPACE\测试项开发SDK\MYPROJECT\OC_ITEM\OC_ITEM\DEBUG\OC_ITEM.DLL.EMBED.MANIFEST.RES
D:\WORKSPACE\测试项开发SDK\MYPROJECT\OC_ITEM\OC_ITEM\DEBUG\OC_ITEM.DLL.INTERMEDIATE.MANIFEST
D:\WORKSPACE\测试项开发SDK\MYPROJECT\OC_ITEM\OC_ITEM\DEBUG\OC_ITEM.OBJ
D:\WORKSPACE\测试项开发SDK\MYPROJECT\OC_ITEM\OC_ITEM\DEBUG\OC_ITEM.PCH
D:\WORKSPACE\测试项开发SDK\MYPROJECT\OC_ITEM\OC_ITEM\DEBUG\OC_ITEM.RES
D:\WorkSpace\测试项开发SDK\MyProject\OC_Item\OC_Item\Debug\OC_Item.write.1.tlog
D:\WorkSpace\测试项开发SDK\MyProject\OC_Item\OC_Item\Debug\OC_Item_manifest.rc
D:\WORKSPACE\测试项开发SDK\MYPROJECT\OC_ITEM\OC_ITEM\DEBUG\OC_ITEM_TESTITEM.OBJ
D:\WORKSPACE\测试项开发SDK\MYPROJECT\OC_ITEM\OC_ITEM\DEBUG\OPTIONDLG.OBJ
D:\WorkSpace\测试项开发SDK\MyProject\OC_Item\OC_Item\Debug\rc.command.1.tlog
D:\WorkSpace\测试项开发SDK\MyProject\OC_Item\OC_Item\Debug\rc.read.1.tlog
D:\WorkSpace\测试项开发SDK\MyProject\OC_Item\OC_Item\Debug\rc.write.1.tlog
D:\WORKSPACE\测试项开发SDK\MYPROJECT\OC_ITEM\OC_ITEM\DEBUG\STDAFX.OBJ
D:\WorkSpace\测试项开发SDK\MyProject\OC_Item\OC_Item\Debug\vc100.idb
D:\WORKSPACE\测试项开发SDK\MYPROJECT\OC_ITEM\OC_ITEM\DEBUG\VC100.PDB
