2016-04-20 16:05:30:499   Spec_bSaveImage=1
2016-04-20 16:05:30:505   Spec_MedianA=26
2016-04-20 16:05:30:509   Spec_MedianB=6
2016-04-20 16:05:30:511   Spec_Threshold=26
2016-04-20 16:05:30:513   Spec_NormalPixelLimit=36
2016-04-20 16:05:30:515   Spec_AXStart=6
2016-04-20 16:05:30:517   Spec_AXEnd=406
2016-04-20 16:05:30:520   Spec_AYStart=6
2016-04-20 16:05:30:523   Spec_AYEnd =306
2016-04-20 16:05:30:525   Spec_offset=16
2016-04-20 16:05:30:527   IntensityCntSpc=6
2016-04-20 16:05:30:529   CornerDiff = 706
2016-04-20 16:05:30:531   RangeSpc = 706
2016-04-20 16:17:00:958   Spec_bSaveImage=1
2016-04-20 16:17:00:960   Spec_MedianA=26
2016-04-20 16:17:00:962   Spec_MedianB=6
2016-04-20 16:17:00:964   Spec_Threshold=26
2016-04-20 16:17:00:966   Spec_NormalPixelLimit=36
2016-04-20 16:17:00:968   Spec_AXStart=6
2016-04-20 16:17:00:970   Spec_AXEnd=406
2016-04-20 16:17:00:971   Spec_AYStart=6
2016-04-20 16:17:00:974   Spec_AYEnd =306
2016-04-20 16:17:00:976   Spec_offset=16
2016-04-20 16:17:00:978   IntensityCntSpc=6
2016-04-20 16:17:00:980   CornerDiff = 706
2016-04-20 16:17:00:982   RangeSpc = 706
2016-04-20 16:28:25:230   Spec_bSaveImage=1
2016-04-20 16:28:25:233   Spec_MedianA=26
2016-04-20 16:28:25:235   Spec_MedianB=6
2016-04-20 16:28:25:237   Spec_Threshold=26
2016-04-20 16:28:25:239   Spec_NormalPixelLimit=36
2016-04-20 16:28:25:242   Spec_AXStart=6
2016-04-20 16:28:25:244   Spec_AXEnd=406
2016-04-20 16:28:25:246   Spec_AYStart=6
2016-04-20 16:28:25:248   Spec_AYEnd =306
2016-04-20 16:28:25:250   Spec_offset=16
2016-04-20 16:28:25:252   IntensityCntSpc=6
2016-04-20 16:28:25:254   CornerDiff = 706
2016-04-20 16:28:25:256   RangeSpc = 706
2016-04-20 16:37:48:865   Spec_bSaveImage=1
2016-04-20 16:37:48:866   Spec_MedianA=26
2016-04-20 16:37:48:868   Spec_MedianB=6
2016-04-20 16:37:48:870   Spec_Threshold=26
2016-04-20 16:37:48:873   Spec_NormalPixelLimit=36
2016-04-20 16:37:48:874   Spec_AXStart=6
2016-04-20 16:37:48:878   Spec_AXEnd=406
2016-04-20 16:37:48:880   Spec_AYStart=6
2016-04-20 16:37:48:882   Spec_AYEnd =306
2016-04-20 16:37:48:884   Spec_offset=16
2016-04-20 16:37:48:885   IntensityCntSpc=6
2016-04-20 16:37:48:888   CornerDiff = 706
2016-04-20 16:37:48:890   RangeSpc = 706
2016-04-20 16:37:54:848   Spec_bSaveImage=1
2016-04-20 16:37:54:852   Spec_MedianA=26
2016-04-20 16:37:54:856   Spec_MedianB=6
2016-04-20 16:37:54:860   Spec_Threshold=26
2016-04-20 16:37:54:864   Spec_NormalPixelLimit=36
2016-04-20 16:37:54:867   Spec_AXStart=6
2016-04-20 16:37:54:870   Spec_AXEnd=406
2016-04-20 16:37:54:873   Spec_AYStart=6
2016-04-20 16:37:54:876   Spec_AYEnd =306
2016-04-20 16:37:54:879   Spec_offset=16
2016-04-20 16:37:54:882   IntensityCntSpc=6
2016-04-20 16:37:54:885   CornerDiff = 706
2016-04-20 16:37:54:888   RangeSpc = 706
