2016-04-19 15:18:20:321   Spec_bSaveImage=1
2016-04-19 15:18:20:326   Spec_MedianA=26
2016-04-19 15:18:20:331   Spec_MedianB=6
2016-04-19 15:18:20:334   Spec_Threshold=26
2016-04-19 15:18:20:337   Spec_NormalPixelLimit=36
2016-04-19 15:18:20:340   Spec_AXStart=6
2016-04-19 15:18:20:343   Spec_AXEnd=406
2016-04-19 15:18:20:347   Spec_AYStart=6
2016-04-19 15:18:20:350   Spec_AYEnd =306
2016-04-19 15:18:20:353   Spec_offset=16
2016-04-19 15:18:20:356   IntensityCntSpc=6
2016-04-19 15:18:20:359   CornerDiff = 706
2016-04-19 15:18:20:362   RangeSpc = 706
2016-04-19 15:30:35:964   Spec_bSaveImage=1
2016-04-19 15:30:35:966   Spec_MedianA=26
2016-04-19 15:30:35:968   Spec_MedianB=6
2016-04-19 15:30:35:970   Spec_Threshold=26
2016-04-19 15:30:35:973   Spec_NormalPixelLimit=36
2016-04-19 15:30:35:975   Spec_AXStart=6
2016-04-19 15:30:35:977   Spec_AXEnd=406
2016-04-19 15:30:35:979   Spec_AYStart=6
2016-04-19 15:30:35:981   Spec_AYEnd =306
2016-04-19 15:30:35:983   Spec_offset=16
2016-04-19 15:30:35:985   IntensityCntSpc=6
2016-04-19 15:30:35:987   CornerDiff = 706
2016-04-19 15:30:35:990   RangeSpc = 706
2016-04-19 15:32:12:617   Spec_bSaveImage=1
2016-04-19 15:32:12:619   Spec_MedianA=26
2016-04-19 15:32:12:621   Spec_MedianB=6
2016-04-19 15:32:12:623   Spec_Threshold=26
2016-04-19 15:32:12:626   Spec_NormalPixelLimit=36
2016-04-19 15:32:12:628   Spec_AXStart=6
2016-04-19 15:32:12:630   Spec_AXEnd=406
2016-04-19 15:32:12:632   Spec_AYStart=6
2016-04-19 15:32:12:634   Spec_AYEnd =306
2016-04-19 15:32:12:636   Spec_offset=16
2016-04-19 15:32:12:637   IntensityCntSpc=6
2016-04-19 15:32:12:640   CornerDiff = 706
2016-04-19 15:32:12:642   RangeSpc = 706
2016-04-19 15:32:38:554   Spec_bSaveImage=1
2016-04-19 15:32:38:558   Spec_MedianA=26
2016-04-19 15:32:38:562   Spec_MedianB=6
2016-04-19 15:32:38:565   Spec_Threshold=26
2016-04-19 15:32:38:568   Spec_NormalPixelLimit=36
2016-04-19 15:32:38:572   Spec_AXStart=6
2016-04-19 15:32:38:575   Spec_AXEnd=406
2016-04-19 15:32:38:579   Spec_AYStart=6
2016-04-19 15:32:38:582   Spec_AYEnd =306
2016-04-19 15:32:38:585   Spec_offset=16
2016-04-19 15:32:38:590   IntensityCntSpc=6
2016-04-19 15:32:38:593   CornerDiff = 706
2016-04-19 15:32:38:596   RangeSpc = 706
