2016-07-07 17:17:03:393   Spec_bSaveImage=1
2016-07-07 17:17:03:396   Spec_MedianA=1
2016-07-07 17:17:03:399   Spec_MedianB=5
2016-07-07 17:17:03:403   Spec_Threshold=200
2016-07-07 17:17:03:405   Spec_NormalPixelLimit=400
2016-07-07 17:17:03:407   Spec_AXStart=0
2016-07-07 17:17:03:409   Spec_AXEnd=400
2016-07-07 17:17:03:411   Spec_AYStart=0
2016-07-07 17:17:03:413   Spec_AYEnd =300
2016-07-07 17:17:03:415   Spec_offset=7
2016-07-07 17:17:03:417   IntensityCntSpc=7
2016-07-07 17:17:03:419   CornerDiff = 700
2016-07-07 17:17:03:421   RangeSpc = 700
2016-07-07 17:18:03:639   Spec_bSaveImage=1
2016-07-07 17:18:03:643   Spec_MedianA=1
2016-07-07 17:18:03:646   Spec_MedianB=5
2016-07-07 17:18:03:650   Spec_Threshold=200
2016-07-07 17:18:03:653   Spec_NormalPixelLimit=400
2016-07-07 17:18:03:656   Spec_AXStart=0
2016-07-07 17:18:03:659   Spec_AXEnd=400
2016-07-07 17:18:03:663   Spec_AYStart=0
2016-07-07 17:18:03:667   Spec_AYEnd =300
2016-07-07 17:18:03:670   Spec_offset=7
2016-07-07 17:18:03:673   IntensityCntSpc=7
2016-07-07 17:18:03:676   CornerDiff = 700
2016-07-07 17:18:03:679   RangeSpc = 700
