2016-05-10 13:53:20:829   Spec_bSaveImage=1
2016-05-10 13:53:20:855   Spec_MedianA=26
2016-05-10 13:53:20:859   Spec_MedianB=6
2016-05-10 13:53:20:861   Spec_Threshold=26
2016-05-10 13:53:20:864   Spec_NormalPixelLimit=36
2016-05-10 13:53:20:867   Spec_AXStart=6
2016-05-10 13:53:20:870   Spec_AXEnd=406
2016-05-10 13:53:20:873   Spec_AYStart=6
2016-05-10 13:53:20:875   Spec_AYEnd =306
2016-05-10 13:53:20:878   Spec_offset=16
2016-05-10 13:53:20:881   IntensityCntSpc=6
2016-05-10 13:53:20:882   CornerDiff = 706
2016-05-10 13:53:20:883   RangeSpc = 706
2016-05-10 13:54:08:956   Spec_bSaveImage=1
2016-05-10 13:54:08:956   Spec_MedianA=26
2016-05-10 13:54:08:957   Spec_MedianB=6
2016-05-10 13:54:08:958   Spec_Threshold=26
2016-05-10 13:54:08:959   Spec_NormalPixelLimit=36
2016-05-10 13:54:08:960   Spec_AXStart=6
2016-05-10 13:54:08:960   Spec_AXEnd=406
2016-05-10 13:54:08:961   Spec_AYStart=6
2016-05-10 13:54:08:962   Spec_AYEnd =306
2016-05-10 13:54:08:963   Spec_offset=16
2016-05-10 13:54:08:964   IntensityCntSpc=6
2016-05-10 13:54:08:964   CornerDiff = 706
2016-05-10 13:54:08:965   RangeSpc = 706
2016-05-10 13:55:08:873   Spec_bSaveImage=1
2016-05-10 13:55:08:876   Spec_MedianA=26
2016-05-10 13:55:08:877   Spec_MedianB=6
2016-05-10 13:55:08:878   Spec_Threshold=26
2016-05-10 13:55:08:879   Spec_NormalPixelLimit=36
2016-05-10 13:55:08:881   Spec_AXStart=6
2016-05-10 13:55:08:882   Spec_AXEnd=406
2016-05-10 13:55:08:883   Spec_AYStart=6
2016-05-10 13:55:08:884   Spec_AYEnd =306
2016-05-10 13:55:08:887   Spec_offset=16
2016-05-10 13:55:08:888   IntensityCntSpc=6
2016-05-10 13:55:08:889   CornerDiff = 706
2016-05-10 13:55:08:891   RangeSpc = 706
