生成启动时间为 2018/2/9 8:05:27。
     1>项目“E:\R3\MyProject\GetDNPIndex\GetDNPIndex\GetDNPIndex.vcxproj”在节点 2 上(rebuild 个目标)。
     1>InitializeBuildStatus:
         正在创建“Release\GetDNPIndex.unsuccessfulbuild”，因为已指定“AlwaysCreate”。
       ClCompile:
         C:\Program Files (x86)\Microsoft Visual Studio 10.0\VC\bin\CL.exe /c /I..\..\..\Include /Zi /nologo /W3 /WX- /O2 /Oi /Oy- /GL /D WIN32 /D _WINDOWS /D NDEBUG /D _USRDLL /D _WINDLL /D _UNICODE /D UNICODE /D _AFXDLL /Gm- /EHsc /MD /GS /Gy /fp:precise /Zc:wchar_t /Zc:forScope /Yc"StdAfx.h" /Fp"Release\GetDNPIndex.pch" /Fo"Release\\" /Fd"Release\vc100.pdb" /Gd /TP /analyze- /errorReport:prompt stdafx.cpp
         stdafx.cpp
         C:\Program Files (x86)\Microsoft Visual Studio 10.0\VC\bin\CL.exe /c /I..\..\..\Include /Zi /nologo /W3 /WX- /O2 /Oi /Oy- /GL /D WIN32 /D _WINDOWS /D NDEBUG /D _USRDLL /D _WINDLL /D _UNICODE /D UNICODE /D _AFXDLL /Gm- /EHsc /MD /GS /Gy /fp:precise /Zc:wchar_t /Zc:forScope /Yu"StdAfx.h" /Fp"Release\GetDNPIndex.pch" /Fo"Release\\" /Fd"Release\vc100.pdb" /Gd /TP /analyze- /errorReport:prompt GetDNPIndex.cpp GetDNPIndex_TestItem.cpp OptionDlg.cpp
         GetDNPIndex.cpp
         GetDNPIndex_TestItem.cpp
     1>GetDNPIndex_TestItem.cpp(262): warning C4244: “=”: 从“double”转换到“USHORT”，可能丢失数据
     1>GetDNPIndex_TestItem.cpp(263): warning C4244: “=”: 从“double”转换到“USHORT”，可能丢失数据
     1>GetDNPIndex_TestItem.cpp(264): warning C4244: “=”: 从“double”转换到“USHORT”，可能丢失数据
     1>GetDNPIndex_TestItem.cpp(265): warning C4244: “=”: 从“double”转换到“USHORT”，可能丢失数据
     1>GetDNPIndex_TestItem.cpp(266): warning C4244: “=”: 从“double”转换到“USHORT”，可能丢失数据
     1>GetDNPIndex_TestItem.cpp(267): warning C4244: “=”: 从“double”转换到“USHORT”，可能丢失数据
     1>GetDNPIndex_TestItem.cpp(268): warning C4244: “=”: 从“double”转换到“USHORT”，可能丢失数据
     1>GetDNPIndex_TestItem.cpp(269): warning C4244: “=”: 从“double”转换到“USHORT”，可能丢失数据
     1>GetDNPIndex_TestItem.cpp(333): warning C4244: “=”: 从“double”转换到“USHORT”，可能丢失数据
     1>GetDNPIndex_TestItem.cpp(334): warning C4244: “=”: 从“double”转换到“USHORT”，可能丢失数据
     1>GetDNPIndex_TestItem.cpp(335): warning C4244: “=”: 从“double”转换到“USHORT”，可能丢失数据
     1>GetDNPIndex_TestItem.cpp(397): warning C4244: “=”: 从“double”转换到“USHORT”，可能丢失数据
     1>GetDNPIndex_TestItem.cpp(398): warning C4244: “=”: 从“double”转换到“USHORT”，可能丢失数据
     1>GetDNPIndex_TestItem.cpp(399): warning C4244: “=”: 从“double”转换到“USHORT”，可能丢失数据
     1>GetDNPIndex_TestItem.cpp(400): warning C4244: “=”: 从“double”转换到“USHORT”，可能丢失数据
     1>GetDNPIndex_TestItem.cpp(422): warning C4244: “=”: 从“double”转换到“USHORT”，可能丢失数据
     1>GetDNPIndex_TestItem.cpp(423): warning C4244: “=”: 从“double”转换到“USHORT”，可能丢失数据
     1>GetDNPIndex_TestItem.cpp(424): warning C4244: “=”: 从“double”转换到“USHORT”，可能丢失数据
     1>GetDNPIndex_TestItem.cpp(447): warning C4244: “=”: 从“double”转换到“USHORT”，可能丢失数据
     1>GetDNPIndex_TestItem.cpp(448): warning C4244: “=”: 从“double”转换到“USHORT”，可能丢失数据
     1>GetDNPIndex_TestItem.cpp(449): warning C4244: “=”: 从“double”转换到“USHORT”，可能丢失数据
     1>GetDNPIndex_TestItem.cpp(450): warning C4244: “=”: 从“double”转换到“USHORT”，可能丢失数据
     1>GetDNPIndex_TestItem.cpp(451): warning C4244: “=”: 从“double”转换到“USHORT”，可能丢失数据
     1>GetDNPIndex_TestItem.cpp(452): warning C4244: “=”: 从“double”转换到“USHORT”，可能丢失数据
     1>GetDNPIndex_TestItem.cpp(453): warning C4244: “=”: 从“double”转换到“USHORT”，可能丢失数据
     1>GetDNPIndex_TestItem.cpp(585): warning C4996: 'swprintf': swprintf has been changed to conform with the ISO C standard, adding an extra character count parameter. To use traditional Microsoft swprintf, set _CRT_NON_CONFORMING_SWPRINTFS.
                 C:\Program Files (x86)\Microsoft Visual Studio 10.0\VC\include\swprintf.inl(85) : 参见“swprintf”的声明
     1>GetDNPIndex_TestItem.cpp(589): warning C4996: 'swprintf': swprintf has been changed to conform with the ISO C standard, adding an extra character count parameter. To use traditional Microsoft swprintf, set _CRT_NON_CONFORMING_SWPRINTFS.
                 C:\Program Files (x86)\Microsoft Visual Studio 10.0\VC\include\swprintf.inl(85) : 参见“swprintf”的声明
     1>GetDNPIndex_TestItem.cpp(590): warning C4996: 'swprintf': swprintf has been changed to conform with the ISO C standard, adding an extra character count parameter. To use traditional Microsoft swprintf, set _CRT_NON_CONFORMING_SWPRINTFS.
                 C:\Program Files (x86)\Microsoft Visual Studio 10.0\VC\include\swprintf.inl(85) : 参见“swprintf”的声明
     1>GetDNPIndex_TestItem.cpp(1310): warning C4244: “=”: 从“double”转换到“float”，可能丢失数据
     1>GetDNPIndex_TestItem.cpp(1311): warning C4244: “=”: 从“double”转换到“int”，可能丢失数据
     1>GetDNPIndex_TestItem.cpp(1316): warning C4244: “=”: 从“double”转换到“float”，可能丢失数据
     1>GetDNPIndex_TestItem.cpp(1317): warning C4244: “=”: 从“double”转换到“int”，可能丢失数据
     1>GetDNPIndex_TestItem.cpp(1321): warning C4244: “=”: 从“double”转换到“float”，可能丢失数据
     1>GetDNPIndex_TestItem.cpp(1322): warning C4244: “=”: 从“double”转换到“int”，可能丢失数据
     1>GetDNPIndex_TestItem.cpp(1326): warning C4244: “=”: 从“double”转换到“float”，可能丢失数据
     1>GetDNPIndex_TestItem.cpp(1327): warning C4244: “=”: 从“double”转换到“int”，可能丢失数据
         OptionDlg.cpp
       ResourceCompile:
         C:\Program Files (x86)\Microsoft SDKs\Windows\v7.0A\bin\rc.exe /D NDEBUG /D _UNICODE /D UNICODE /D _AFXDLL /l"0x0804" /IRelease\ /nologo /fo"Release\GetDNPIndex.res" GetDNPIndex.rc 
       Link:
         C:\Program Files (x86)\Microsoft Visual Studio 10.0\VC\bin\link.exe /ERRORREPORT:PROMPT /OUT:"E:\R3\MyProject\GetDNPIndex\Release\GetDNPIndex.dll" /INCREMENTAL:NO /NOLOGO /LIBPATH:..\..\..\Lib\Release TestItemInterface.lib ImageProc.lib opencv_calib3d249d.lib opencv_contrib249d.lib opencv_core249d.lib opencv_features2d249d.lib opencv_flann249d.lib opencv_gpu249d.lib opencv_highgui249d.lib opencv_imgproc249d.lib opencv_legacy249d.lib opencv_ml249d.lib opencv_nonfree249d.lib opencv_objdetect249d.lib opencv_ocl249d.lib opencv_photo249d.lib opencv_stitching249d.lib opencv_superres249d.lib opencv_ts249d.lib opencv_video249d.lib opencv_videostab249d.lib opencv_calib3d249.lib opencv_contrib249.lib opencv_core249.lib opencv_features2d249.lib opencv_flann249.lib opencv_gpu249.lib opencv_highgui249.lib opencv_imgproc249.lib opencv_legacy249.lib opencv_ml249.lib opencv_nonfree249.lib opencv_objdetect249.lib opencv_ocl249.lib opencv_photo249.lib opencv_stitching249.lib opencv_superres249.lib opencv_ts249.lib opencv_video249.lib opencv_videostab249.lib /MANIFEST /ManifestFile:"Release\GetDNPIndex.dll.intermediate.manifest" /MANIFESTUAC:"level='asInvoker' uiAccess='false'" /DEBUG /PDB:"E:\R3\MyProject\GetDNPIndex\Release\GetDNPIndex.pdb" /SUBSYSTEM:WINDOWS /OPT:REF /OPT:ICF /LTCG /TLBID:1 /DYNAMICBASE /NXCOMPAT /IMPLIB:"E:\R3\MyProject\GetDNPIndex\Release\GetDNPIndex.lib" /MACHINE:X86 /DLL Release\GetDNPIndex.res
         Release\GetDNPIndex.obj
         Release\GetDNPIndex_TestItem.obj
         Release\OptionDlg.obj
         Release\stdafx.obj
            正在创建库 E:\R3\MyProject\GetDNPIndex\Release\GetDNPIndex.lib 和对象 E:\R3\MyProject\GetDNPIndex\Release\GetDNPIndex.exp
         正在生成代码
         已完成代码的生成
     1>TestItemInterface.lib(TestItemInterface.obj) : warning LNK4099: 未找到 PDB“vc100.pdb”(使用“TestItemInterface.lib(TestItemInterface.obj)”或在“E:\R3\MyProject\GetDNPIndex\Release\vc100.pdb”中寻找)；正在链接对象，如同没有调试信息一样
     1>TestItemInterface.lib(stdafx.obj) : warning LNK4099: 未找到 PDB“vc100.pdb”(使用“TestItemInterface.lib(stdafx.obj)”或在“E:\R3\MyProject\GetDNPIndex\Release\vc100.pdb”中寻找)；正在链接对象，如同没有调试信息一样
         GetDNPIndex.vcxproj -> E:\R3\MyProject\GetDNPIndex\Release\GetDNPIndex.dll
       Manifest:
         C:\Program Files (x86)\Microsoft SDKs\Windows\v7.0A\bin\mt.exe /nologo /verbose /outputresource:"E:\R3\MyProject\GetDNPIndex\Release\GetDNPIndex.dll;#2" /manifest Release\GetDNPIndex.dll.intermediate.manifest "C:\Program Files (x86)\Microsoft Visual Studio 10.0\VC\Include\Manifest\dpiaware.manifest"
       PostBuildEvent:
         copy "E:\R3\MyProject\GetDNPIndex\Release\GetDNPIndex.dll" ..\..\..\Execute\Release\TestItem
         :VCEnd
         已复制         1 个文件。
       FinalizeBuildStatus:
         正在删除文件“Release\GetDNPIndex.unsuccessfulbuild”。
         正在对“Release\GetDNPIndex.lastbuildstate”执行 Touch 任务。
     1>已完成生成项目“E:\R3\MyProject\GetDNPIndex\GetDNPIndex\GetDNPIndex.vcxproj”(rebuild 个目标)的操作。

生成成功。

已用时间 00:00:10.88
