生成启动时间为 2017/11/29 14:35:03。
     1>项目“E:\R3\MyProject\GetDNPIndex\GetDNPIndex\GetDNPIndex.vcxproj”在节点 2 上(rebuild 个目标)。
     1>InitializeBuildStatus:
         正在创建“Debug\GetDNPIndex.unsuccessfulbuild”，因为已指定“AlwaysCreate”。
       ClCompile:
         C:\Program Files (x86)\Microsoft Visual Studio 10.0\VC\bin\CL.exe /c /I..\..\..\Include /ZI /nologo /W3 /WX- /Od /Oy- /D WIN32 /D _WINDOWS /D NDEBUG /D _USRDLL /D _WINDLL /D _UNICODE /D UNICODE /D _AFXDLL /Gm /EHsc /RTC1 /MDd /GS /fp:precise /Zc:wchar_t /Zc:forScope /Yc"StdAfx.h" /Fp"Debug\GetDNPIndex.pch" /Fo"Debug\\" /Fd"Debug\vc100.pdb" /Gd /TP /analyze- /errorReport:prompt stdafx.cpp
         stdafx.cpp
         C:\Program Files (x86)\Microsoft Visual Studio 10.0\VC\bin\CL.exe /c /I..\..\..\Include /ZI /nologo /W3 /WX- /Od /Oy- /D WIN32 /D _WINDOWS /D NDEBUG /D _USRDLL /D _WINDLL /D _UNICODE /D UNICODE /D _AFXDLL /Gm /EHsc /RTC1 /MDd /GS /fp:precise /Zc:wchar_t /Zc:forScope /Yu"StdAfx.h" /Fp"Debug\GetDNPIndex.pch" /Fo"Debug\\" /Fd"Debug\vc100.pdb" /Gd /TP /analyze- /errorReport:prompt GetDNPIndex.cpp GetDNPIndex_TestItem.cpp OptionDlg.cpp
         OptionDlg.cpp
         GetDNPIndex_TestItem.cpp
     1>e:\r3\myproject\getdnpindex\getdnpindex\getdnpindex_testitem.cpp(211): warning C4244: “=”: 从“double”转换到“USHORT”，可能丢失数据
     1>e:\r3\myproject\getdnpindex\getdnpindex\getdnpindex_testitem.cpp(212): warning C4244: “=”: 从“double”转换到“USHORT”，可能丢失数据
     1>e:\r3\myproject\getdnpindex\getdnpindex\getdnpindex_testitem.cpp(213): warning C4244: “=”: 从“double”转换到“USHORT”，可能丢失数据
     1>e:\r3\myproject\getdnpindex\getdnpindex\getdnpindex_testitem.cpp(214): warning C4244: “=”: 从“double”转换到“USHORT”，可能丢失数据
     1>e:\r3\myproject\getdnpindex\getdnpindex\getdnpindex_testitem.cpp(215): warning C4244: “=”: 从“double”转换到“USHORT”，可能丢失数据
     1>e:\r3\myproject\getdnpindex\getdnpindex\getdnpindex_testitem.cpp(216): warning C4244: “=”: 从“double”转换到“USHORT”，可能丢失数据
     1>e:\r3\myproject\getdnpindex\getdnpindex\getdnpindex_testitem.cpp(217): warning C4244: “=”: 从“double”转换到“USHORT”，可能丢失数据
     1>e:\r3\myproject\getdnpindex\getdnpindex\getdnpindex_testitem.cpp(218): warning C4244: “=”: 从“double”转换到“USHORT”，可能丢失数据
     1>e:\r3\myproject\getdnpindex\getdnpindex\getdnpindex_testitem.cpp(277): warning C4244: “=”: 从“double”转换到“USHORT”，可能丢失数据
     1>e:\r3\myproject\getdnpindex\getdnpindex\getdnpindex_testitem.cpp(278): warning C4244: “=”: 从“double”转换到“USHORT”，可能丢失数据
     1>e:\r3\myproject\getdnpindex\getdnpindex\getdnpindex_testitem.cpp(279): warning C4244: “=”: 从“double”转换到“USHORT”，可能丢失数据
     1>e:\r3\myproject\getdnpindex\getdnpindex\getdnpindex_testitem.cpp(338): warning C4244: “=”: 从“double”转换到“USHORT”，可能丢失数据
     1>e:\r3\myproject\getdnpindex\getdnpindex\getdnpindex_testitem.cpp(339): warning C4244: “=”: 从“double”转换到“USHORT”，可能丢失数据
     1>e:\r3\myproject\getdnpindex\getdnpindex\getdnpindex_testitem.cpp(340): warning C4244: “=”: 从“double”转换到“USHORT”，可能丢失数据
     1>e:\r3\myproject\getdnpindex\getdnpindex\getdnpindex_testitem.cpp(341): warning C4244: “=”: 从“double”转换到“USHORT”，可能丢失数据
     1>e:\r3\myproject\getdnpindex\getdnpindex\getdnpindex_testitem.cpp(363): warning C4244: “=”: 从“double”转换到“USHORT”，可能丢失数据
     1>e:\r3\myproject\getdnpindex\getdnpindex\getdnpindex_testitem.cpp(364): warning C4244: “=”: 从“double”转换到“USHORT”，可能丢失数据
     1>e:\r3\myproject\getdnpindex\getdnpindex\getdnpindex_testitem.cpp(365): warning C4244: “=”: 从“double”转换到“USHORT”，可能丢失数据
     1>e:\r3\myproject\getdnpindex\getdnpindex\getdnpindex_testitem.cpp(388): warning C4244: “=”: 从“double”转换到“USHORT”，可能丢失数据
     1>e:\r3\myproject\getdnpindex\getdnpindex\getdnpindex_testitem.cpp(389): warning C4244: “=”: 从“double”转换到“USHORT”，可能丢失数据
     1>e:\r3\myproject\getdnpindex\getdnpindex\getdnpindex_testitem.cpp(390): warning C4244: “=”: 从“double”转换到“USHORT”，可能丢失数据
     1>e:\r3\myproject\getdnpindex\getdnpindex\getdnpindex_testitem.cpp(391): warning C4244: “=”: 从“double”转换到“USHORT”，可能丢失数据
     1>e:\r3\myproject\getdnpindex\getdnpindex\getdnpindex_testitem.cpp(392): warning C4244: “=”: 从“double”转换到“USHORT”，可能丢失数据
     1>e:\r3\myproject\getdnpindex\getdnpindex\getdnpindex_testitem.cpp(393): warning C4244: “=”: 从“double”转换到“USHORT”，可能丢失数据
     1>e:\r3\myproject\getdnpindex\getdnpindex\getdnpindex_testitem.cpp(394): warning C4244: “=”: 从“double”转换到“USHORT”，可能丢失数据
     1>e:\r3\myproject\getdnpindex\getdnpindex\getdnpindex_testitem.cpp(523): warning C4996: 'swprintf': swprintf has been changed to conform with the ISO C standard, adding an extra character count parameter. To use traditional Microsoft swprintf, set _CRT_NON_CONFORMING_SWPRINTFS.
                 c:\program files (x86)\microsoft visual studio 10.0\vc\include\swprintf.inl(85) : 参见“swprintf”的声明
     1>e:\r3\myproject\getdnpindex\getdnpindex\getdnpindex_testitem.cpp(527): warning C4996: 'swprintf': swprintf has been changed to conform with the ISO C standard, adding an extra character count parameter. To use traditional Microsoft swprintf, set _CRT_NON_CONFORMING_SWPRINTFS.
                 c:\program files (x86)\microsoft visual studio 10.0\vc\include\swprintf.inl(85) : 参见“swprintf”的声明
     1>e:\r3\myproject\getdnpindex\getdnpindex\getdnpindex_testitem.cpp(528): warning C4996: 'swprintf': swprintf has been changed to conform with the ISO C standard, adding an extra character count parameter. To use traditional Microsoft swprintf, set _CRT_NON_CONFORMING_SWPRINTFS.
                 c:\program files (x86)\microsoft visual studio 10.0\vc\include\swprintf.inl(85) : 参见“swprintf”的声明
     1>e:\r3\myproject\getdnpindex\getdnpindex\getdnpindex_testitem.cpp(1196): warning C4244: “=”: 从“double”转换到“float”，可能丢失数据
     1>e:\r3\myproject\getdnpindex\getdnpindex\getdnpindex_testitem.cpp(1197): warning C4244: “=”: 从“double”转换到“int”，可能丢失数据
     1>e:\r3\myproject\getdnpindex\getdnpindex\getdnpindex_testitem.cpp(1202): warning C4244: “=”: 从“double”转换到“float”，可能丢失数据
     1>e:\r3\myproject\getdnpindex\getdnpindex\getdnpindex_testitem.cpp(1203): warning C4244: “=”: 从“double”转换到“int”，可能丢失数据
     1>e:\r3\myproject\getdnpindex\getdnpindex\getdnpindex_testitem.cpp(1207): warning C4244: “=”: 从“double”转换到“float”，可能丢失数据
     1>e:\r3\myproject\getdnpindex\getdnpindex\getdnpindex_testitem.cpp(1208): warning C4244: “=”: 从“double”转换到“int”，可能丢失数据
     1>e:\r3\myproject\getdnpindex\getdnpindex\getdnpindex_testitem.cpp(1212): warning C4244: “=”: 从“double”转换到“float”，可能丢失数据
     1>e:\r3\myproject\getdnpindex\getdnpindex\getdnpindex_testitem.cpp(1213): warning C4244: “=”: 从“double”转换到“int”，可能丢失数据
         GetDNPIndex.cpp
         正在生成代码...
       ResourceCompile:
         C:\Program Files (x86)\Microsoft SDKs\Windows\v7.0A\bin\rc.exe /D _DEBUG /D _UNICODE /D UNICODE /D _AFXDLL /l"0x0804" /IDebug\ /nologo /fo"Debug\GetDNPIndex.res" GetDNPIndex.rc 
       ManifestResourceCompile:
         C:\Program Files (x86)\Microsoft SDKs\Windows\v7.0A\bin\rc.exe /nologo /fo"Debug\GetDNPIndex.dll.embed.manifest.res" Debug\GetDNPIndex_manifest.rc 
       Link:
         C:\Program Files (x86)\Microsoft Visual Studio 10.0\VC\bin\link.exe /ERRORREPORT:PROMPT /OUT:"E:\R3\MyProject\AE\Debug\GetDNPIndex.dll" /INCREMENTAL /NOLOGO /LIBPATH:..\..\..\Lib\Debug TestItemInterface_d.lib ImageProc_d.lib /MANIFEST /ManifestFile:"Debug\GetDNPIndex.dll.intermediate.manifest" /MANIFESTUAC:"level='asInvoker' uiAccess='false'" /DEBUG /PDB:"E:\R3\MyProject\AE\Debug\GetDNPIndex.pdb" /SUBSYSTEM:WINDOWS /TLBID:1 /DYNAMICBASE /NXCOMPAT /IMPLIB:"E:\R3\MyProject\AE\Debug\GetDNPIndex.lib" /MACHINE:X86 /DLL Debug\GetDNPIndex.res
         Debug\GetDNPIndex.dll.embed.manifest.res
         Debug\GetDNPIndex.obj
         Debug\GetDNPIndex_TestItem.obj
         Debug\OptionDlg.obj
         Debug\stdafx.obj
            正在创建库 E:\R3\MyProject\AE\Debug\GetDNPIndex.lib 和对象 E:\R3\MyProject\AE\Debug\GetDNPIndex.exp
     1>TestItemInterface_d.lib(TestItemInterface.obj) : warning LNK4099: 未找到 PDB“vc100.pdb”(使用“TestItemInterface_d.lib(TestItemInterface.obj)”或在“E:\R3\MyProject\AE\Debug\vc100.pdb”中寻找)；正在链接对象，如同没有调试信息一样
       Manifest:
         正在删除文件“Debug\GetDNPIndex.dll.embed.manifest”。
         C:\Program Files (x86)\Microsoft SDKs\Windows\v7.0A\bin\mt.exe /nologo /verbose /out:"Debug\GetDNPIndex.dll.embed.manifest" /manifest Debug\GetDNPIndex.dll.intermediate.manifest "C:\Program Files (x86)\Microsoft Visual Studio 10.0\VC\Include\Manifest\dpiaware.manifest"
         C:\Program Files (x86)\Microsoft SDKs\Windows\v7.0A\bin\rc.exe /nologo /fo"Debug\GetDNPIndex.dll.embed.manifest.res" Debug\GetDNPIndex_manifest.rc 
       LinkEmbedManifest:
         C:\Program Files (x86)\Microsoft Visual Studio 10.0\VC\bin\link.exe /ERRORREPORT:PROMPT /OUT:"E:\R3\MyProject\AE\Debug\GetDNPIndex.dll" /INCREMENTAL /NOLOGO /LIBPATH:..\..\..\Lib\Debug TestItemInterface_d.lib ImageProc_d.lib /MANIFEST /ManifestFile:"Debug\GetDNPIndex.dll.intermediate.manifest" /MANIFESTUAC:"level='asInvoker' uiAccess='false'" /DEBUG /PDB:"E:\R3\MyProject\AE\Debug\GetDNPIndex.pdb" /SUBSYSTEM:WINDOWS /TLBID:1 /DYNAMICBASE /NXCOMPAT /IMPLIB:"E:\R3\MyProject\AE\Debug\GetDNPIndex.lib" /MACHINE:X86 /DLL Debug\GetDNPIndex.res
         Debug\GetDNPIndex.dll.embed.manifest.res
         Debug\GetDNPIndex.obj
         Debug\GetDNPIndex_TestItem.obj
         Debug\OptionDlg.obj
         Debug\stdafx.obj
         GetDNPIndex.vcxproj -> E:\R3\MyProject\AE\Debug\GetDNPIndex.dll
       PostBuildEvent:
         copy "E:\R3\MyProject\AE\Debug\GetDNPIndex.dll" ..\..\..\Execute\Debug\TestItem
         :VCEnd
         已复制         1 个文件。
       FinalizeBuildStatus:
         正在删除文件“Debug\GetDNPIndex.unsuccessfulbuild”。
         正在对“Debug\GetDNPIndex.lastbuildstate”执行 Touch 任务。
     1>已完成生成项目“E:\R3\MyProject\GetDNPIndex\GetDNPIndex\GetDNPIndex.vcxproj”(rebuild 个目标)的操作。

生成成功。

已用时间 00:00:08.80
