2015-10-10 11:41:34:248   Spec_bSaveImage=1
2015-10-10 11:41:34:277   Spec_MedianA=25
2015-10-10 11:41:34:278   Spec_MedianB=5
2015-10-10 11:41:34:278   Spec_Threshold=15
2015-10-10 11:41:34:279   Spec_NormalPixelLimit=20
2015-10-10 11:41:34:279   Spec_AXStart=0
2015-10-10 11:41:34:280   Spec_AXEnd=400
2015-10-10 11:41:34:280   Spec_AYStart=0
2015-10-10 11:41:34:281   Spec_AYEnd =300
2015-10-10 11:41:34:281   Spec_offset=7
2015-10-10 11:41:34:282   IntensityCntSpc=7
2015-10-10 11:41:34:282   CornerDiff = 70
2015-10-10 11:41:34:283   RangeSpc = 70
2015-10-10 11:41:41:683   Spec_bSaveImage=1
2015-10-10 11:41:41:684   Spec_MedianA=25
2015-10-10 11:41:41:684   Spec_MedianB=5
2015-10-10 11:41:41:685   Spec_Threshold=15
2015-10-10 11:41:41:686   Spec_NormalPixelLimit=20
2015-10-10 11:41:41:686   Spec_AXStart=0
2015-10-10 11:41:41:687   Spec_AXEnd=400
2015-10-10 11:41:41:688   Spec_AYStart=0
2015-10-10 11:41:41:688   Spec_AYEnd =300
2015-10-10 11:41:41:689   Spec_offset=7
2015-10-10 11:41:41:690   IntensityCntSpc=7
2015-10-10 11:41:41:690   CornerDiff = 70
2015-10-10 11:41:41:691   RangeSpc = 70
2015-10-10 11:41:48:745   Spec_bSaveImage=1
2015-10-10 11:41:48:746   Spec_MedianA=25
2015-10-10 11:41:48:746   Spec_MedianB=5
2015-10-10 11:41:48:747   Spec_Threshold=15
2015-10-10 11:41:48:747   Spec_NormalPixelLimit=20
2015-10-10 11:41:48:748   Spec_AXStart=0
2015-10-10 11:41:48:748   Spec_AXEnd=400
2015-10-10 11:41:48:749   Spec_AYStart=0
2015-10-10 11:41:48:749   Spec_AYEnd =300
2015-10-10 11:41:48:750   Spec_offset=7
2015-10-10 11:41:48:750   IntensityCntSpc=7
2015-10-10 11:41:48:751   CornerDiff = 70
2015-10-10 11:41:48:751   RangeSpc = 70
2015-10-10 11:41:50:402   Spec_bSaveImage=1
2015-10-10 11:41:50:403   Spec_MedianA=25
2015-10-10 11:41:50:403   Spec_MedianB=5
2015-10-10 11:41:50:404   Spec_Threshold=15
2015-10-10 11:41:50:405   Spec_NormalPixelLimit=20
2015-10-10 11:41:50:405   Spec_AXStart=0
2015-10-10 11:41:50:406   Spec_AXEnd=400
2015-10-10 11:41:50:406   Spec_AYStart=0
2015-10-10 11:41:50:407   Spec_AYEnd =300
2015-10-10 11:41:50:408   Spec_offset=7
2015-10-10 11:41:50:409   IntensityCntSpc=7
2015-10-10 11:41:50:409   CornerDiff = 70
2015-10-10 11:41:50:410   RangeSpc = 70
2015-10-10 11:41:55:826   Spec_bSaveImage=1
2015-10-10 11:41:55:827   Spec_MedianA=25
2015-10-10 11:41:55:828   Spec_MedianB=5
2015-10-10 11:41:55:828   Spec_Threshold=15
2015-10-10 11:41:55:829   Spec_NormalPixelLimit=20
2015-10-10 11:41:55:829   Spec_AXStart=0
2015-10-10 11:41:55:830   Spec_AXEnd=400
2015-10-10 11:41:55:830   Spec_AYStart=0
2015-10-10 11:41:55:831   Spec_AYEnd =300
2015-10-10 11:41:55:831   Spec_offset=7
2015-10-10 11:41:55:832   IntensityCntSpc=7
2015-10-10 11:41:55:832   CornerDiff = 70
2015-10-10 11:41:55:833   RangeSpc = 70
2015-10-10 11:41:57:280   Spec_bSaveImage=1
2015-10-10 11:41:57:282   Spec_MedianA=25
2015-10-10 11:41:57:282   Spec_MedianB=5
2015-10-10 11:41:57:283   Spec_Threshold=15
2015-10-10 11:41:57:285   Spec_NormalPixelLimit=20
2015-10-10 11:41:57:285   Spec_AXStart=0
2015-10-10 11:41:57:286   Spec_AXEnd=400
2015-10-10 11:41:57:287   Spec_AYStart=0
2015-10-10 11:41:57:287   Spec_AYEnd =300
2015-10-10 11:41:57:288   Spec_offset=7
2015-10-10 11:41:57:288   IntensityCntSpc=7
2015-10-10 11:41:57:289   CornerDiff = 70
2015-10-10 11:41:57:289   RangeSpc = 70
