2015-10-10 10:36:32:523   Spec_bSaveImage=1
2015-10-10 10:36:32:553   Spec_MedianA=25
2015-10-10 10:36:32:554   Spec_MedianB=5
2015-10-10 10:36:32:554   Spec_Threshold=15
2015-10-10 10:36:32:555   Spec_NormalPixelLimit=20
2015-10-10 10:36:32:555   Spec_AXStart=0
2015-10-10 10:36:32:556   Spec_AXEnd=400
2015-10-10 10:36:32:557   Spec_AYStart=0
2015-10-10 10:36:32:557   Spec_AYEnd =300
2015-10-10 10:36:32:558   Spec_offset=7
2015-10-10 10:36:32:558   IntensityCntSpc=7
2015-10-10 10:36:32:559   CornerDiff = 70
2015-10-10 10:36:32:559   RangeSpc = 70
2015-10-10 10:49:47:111   Spec_bSaveImage=1
2015-10-10 10:49:47:111   Spec_MedianA=25
2015-10-10 10:49:47:112   Spec_MedianB=5
2015-10-10 10:49:47:112   Spec_Threshold=15
2015-10-10 10:49:47:113   Spec_NormalPixelLimit=20
2015-10-10 10:49:47:113   Spec_AXStart=0
2015-10-10 10:49:47:114   Spec_AXEnd=400
2015-10-10 10:49:47:114   Spec_AYStart=0
2015-10-10 10:49:47:115   Spec_AYEnd =300
2015-10-10 10:49:47:115   Spec_offset=7
2015-10-10 10:49:47:116   IntensityCntSpc=7
2015-10-10 10:49:47:116   CornerDiff = 70
2015-10-10 10:49:47:117   RangeSpc = 70
2015-10-10 10:53:08:114   Spec_bSaveImage=1
2015-10-10 10:53:08:115   Spec_MedianA=25
2015-10-10 10:53:08:116   Spec_MedianB=5
2015-10-10 10:53:08:117   Spec_Threshold=15
2015-10-10 10:53:08:118   Spec_NormalPixelLimit=20
2015-10-10 10:53:08:118   Spec_AXStart=0
2015-10-10 10:53:08:119   Spec_AXEnd=400
2015-10-10 10:53:08:120   Spec_AYStart=0
2015-10-10 10:53:08:121   Spec_AYEnd =300
2015-10-10 10:53:08:121   Spec_offset=7
2015-10-10 10:53:08:122   IntensityCntSpc=7
2015-10-10 10:53:08:122   CornerDiff = 70
2015-10-10 10:53:08:123   RangeSpc = 70
2015-10-10 10:53:19:639   Spec_bSaveImage=1
2015-10-10 10:53:19:641   Spec_MedianA=25
2015-10-10 10:53:19:642   Spec_MedianB=5
2015-10-10 10:53:19:643   Spec_Threshold=15
2015-10-10 10:53:19:644   Spec_NormalPixelLimit=20
2015-10-10 10:53:19:644   Spec_AXStart=0
2015-10-10 10:53:19:645   Spec_AXEnd=400
2015-10-10 10:53:19:646   Spec_AYStart=0
2015-10-10 10:53:19:646   Spec_AYEnd =300
2015-10-10 10:53:19:647   Spec_offset=7
2015-10-10 10:53:19:648   IntensityCntSpc=7
2015-10-10 10:53:19:648   CornerDiff = 70
2015-10-10 10:53:19:649   RangeSpc = 70
2015-10-10 10:53:28:509   Spec_bSaveImage=1
2015-10-10 10:53:28:510   Spec_MedianA=25
2015-10-10 10:53:28:511   Spec_MedianB=5
2015-10-10 10:53:28:512   Spec_Threshold=15
2015-10-10 10:53:28:513   Spec_NormalPixelLimit=20
2015-10-10 10:53:28:514   Spec_AXStart=0
2015-10-10 10:53:28:515   Spec_AXEnd=400
2015-10-10 10:53:28:515   Spec_AYStart=0
2015-10-10 10:53:28:516   Spec_AYEnd =300
2015-10-10 10:53:28:516   Spec_offset=7
2015-10-10 10:53:28:517   IntensityCntSpc=7
2015-10-10 10:53:28:517   CornerDiff = 70
2015-10-10 10:53:28:518   RangeSpc = 70
2015-10-10 10:53:38:423   Spec_bSaveImage=1
2015-10-10 10:53:38:424   Spec_MedianA=25
2015-10-10 10:53:38:425   Spec_MedianB=5
2015-10-10 10:53:38:426   Spec_Threshold=15
2015-10-10 10:53:38:426   Spec_NormalPixelLimit=20
2015-10-10 10:53:38:427   Spec_AXStart=0
2015-10-10 10:53:38:428   Spec_AXEnd=400
2015-10-10 10:53:38:429   Spec_AYStart=0
2015-10-10 10:53:38:430   Spec_AYEnd =300
2015-10-10 10:53:38:430   Spec_offset=7
2015-10-10 10:53:38:431   IntensityCntSpc=7
2015-10-10 10:53:38:431   CornerDiff = 70
2015-10-10 10:53:38:432   RangeSpc = 70
