2015-10-10 21:46:47:823   Spec_bSaveImage=1
2015-10-10 21:46:47:825   Spec_MedianA=25
2015-10-10 21:46:47:826   Spec_MedianB=5
2015-10-10 21:46:47:827   Spec_Threshold=15
2015-10-10 21:46:47:829   Spec_NormalPixelLimit=20
2015-10-10 21:46:47:831   Spec_AXStart=0
2015-10-10 21:46:47:832   Spec_AXEnd=400
2015-10-10 21:46:47:833   Spec_AYStart=0
2015-10-10 21:46:47:834   Spec_AYEnd =300
2015-10-10 21:46:47:836   Spec_offset=7
2015-10-10 21:46:47:837   IntensityCntSpc=7
2015-10-10 21:46:47:838   CornerDiff = 80
2015-10-10 21:46:47:839   RangeSpc = 70
2015-10-10 21:46:52:974   Spec_bSaveImage=1
2015-10-10 21:46:52:975   Spec_MedianA=25
2015-10-10 21:46:52:977   Spec_MedianB=5
2015-10-10 21:46:52:978   Spec_Threshold=15
2015-10-10 21:46:52:979   Spec_NormalPixelLimit=20
2015-10-10 21:46:52:980   Spec_AXStart=0
2015-10-10 21:46:52:982   Spec_AXEnd=400
2015-10-10 21:46:52:983   Spec_AYStart=0
2015-10-10 21:46:52:984   Spec_AYEnd =300
2015-10-10 21:46:52:986   Spec_offset=7
2015-10-10 21:46:52:987   IntensityCntSpc=7
2015-10-10 21:46:52:988   CornerDiff = 80
2015-10-10 21:46:52:989   RangeSpc = 70
2015-10-10 21:46:55:286   Spec_bSaveImage=1
2015-10-10 21:46:55:287   Spec_MedianA=25
2015-10-10 21:46:55:288   Spec_MedianB=5
2015-10-10 21:46:55:290   Spec_Threshold=15
2015-10-10 21:46:55:292   Spec_NormalPixelLimit=20
2015-10-10 21:46:55:293   Spec_AXStart=0
2015-10-10 21:46:55:294   Spec_AXEnd=400
2015-10-10 21:46:55:295   Spec_AYStart=0
2015-10-10 21:46:55:296   Spec_AYEnd =300
2015-10-10 21:46:55:298   Spec_offset=7
2015-10-10 21:46:55:299   IntensityCntSpc=7
2015-10-10 21:46:55:300   CornerDiff = 80
2015-10-10 21:46:55:302   RangeSpc = 70
2015-10-10 21:47:04:389   Spec_bSaveImage=1
2015-10-10 21:47:04:390   Spec_MedianA=25
2015-10-10 21:47:04:392   Spec_MedianB=5
2015-10-10 21:47:04:393   Spec_Threshold=15
2015-10-10 21:47:04:394   Spec_NormalPixelLimit=20
2015-10-10 21:47:04:396   Spec_AXStart=0
2015-10-10 21:47:04:397   Spec_AXEnd=400
2015-10-10 21:47:04:398   Spec_AYStart=0
2015-10-10 21:47:04:399   Spec_AYEnd =300
2015-10-10 21:47:04:401   Spec_offset=7
2015-10-10 21:47:04:402   IntensityCntSpc=7
2015-10-10 21:47:04:403   CornerDiff = 80
2015-10-10 21:47:04:404   RangeSpc = 70
2015-10-10 21:49:39:798   Spec_bSaveImage=1
2015-10-10 21:49:39:800   Spec_MedianA=25
2015-10-10 21:49:39:801   Spec_MedianB=5
2015-10-10 21:49:39:802   Spec_Threshold=15
2015-10-10 21:49:39:803   Spec_NormalPixelLimit=20
2015-10-10 21:49:39:805   Spec_AXStart=0
2015-10-10 21:49:39:806   Spec_AXEnd=400
2015-10-10 21:49:39:807   Spec_AYStart=0
2015-10-10 21:49:39:808   Spec_AYEnd =300
2015-10-10 21:49:39:810   Spec_offset=7
2015-10-10 21:49:39:811   IntensityCntSpc=7
2015-10-10 21:49:39:812   CornerDiff = 80
2015-10-10 21:49:39:813   RangeSpc = 70
