生成启动时间为 2016/8/31 17:56:23。
     1>项目“E:\CCMSDK_1224\Z_SDK\MyProject\DParticle\DParticle\DParticle.vcxproj”在节点 6 上(build 个目标)。
     1>InitializeBuildStatus:
         正在创建“Debug\DParticle.unsuccessfulbuild”，因为已指定“AlwaysCreate”。
       ClCompile:
         所有输出均为最新。
         d:\Program Files (x86)\Microsoft Visual Studio 10.0\VC\bin\CL.exe /c /I..\..\..\Include /ZI /nologo /W3 /WX- /Od /Oy- /D WIN32 /D _WINDOWS /D NDEBUG /D _USRDLL /D _WINDLL /D _UNICODE /D UNICODE /D _AFXDLL /Gm /EHsc /RTC1 /MDd /GS /fp:precise /Zc:wchar_t /Zc:forScope /Yu"StdAfx.h" /Fp"Debug\DParticle.pch" /Fo"Debug\\" /Fd"Debug\vc100.pdb" /Gd /TP /analyze- /errorReport:prompt DParticle_TestItem.cpp OptionDlg.cpp
         DParticle_TestItem.cpp
         正在生成代码...
         正在跳过...(未检测到相关更改)
         OptionDlg.cpp
       ResourceCompile:
         所有输出均为最新。
       ManifestResourceCompile:
         所有输出均为最新。
       Link:
         d:\Program Files (x86)\Microsoft Visual Studio 10.0\VC\bin\link.exe /ERRORREPORT:PROMPT /OUT:"E:\CCMSDK_1224\Z_SDK\Main\OFccmTest\OFccmTest\Debug\DParticle.dll" /INCREMENTAL /NOLOGO /LIBPATH:..\..\..\Lib\Debug TestItemInterface_d.lib ImageProc_d.lib /MANIFEST /ManifestFile:"Debug\DParticle.dll.intermediate.manifest" /MANIFESTUAC:"level='asInvoker' uiAccess='false'" /DEBUG /PDB:"E:\CCMSDK_1224\Z_SDK\Main\OFccmTest\OFccmTest\Debug\DParticle.pdb" /SUBSYSTEM:WINDOWS /TLBID:1 /DYNAMICBASE /NXCOMPAT /IMPLIB:"E:\CCMSDK_1224\Z_SDK\Main\OFccmTest\OFccmTest\Debug\DParticle.lib" /MACHINE:X86 /DLL Debug\DParticle.res
         Debug\DParticle.dll.embed.manifest.res
         Debug\DParticle.obj
         Debug\DParticle_TestItem.obj
         Debug\ofWhiteSpot.obj
         Debug\OptionDlg.obj
         Debug\stdafx.obj
            正在创建库 E:\CCMSDK_1224\Z_SDK\Main\OFccmTest\OFccmTest\Debug\DParticle.lib 和对象 E:\CCMSDK_1224\Z_SDK\Main\OFccmTest\OFccmTest\Debug\DParticle.exp
     1>DParticle_TestItem.obj : warning LNK4217: 本地定义的符号 ?WhiteSpotTest@@YAHPAEHHHPAUWDefectStack@@@Z (int __cdecl WhiteSpotTest(unsigned char *,int,int,int,struct WDefectStack *)) 在函数 "public: virtual int __thiscall DParticle_TestItem::Testing(void)" (?Testing@DParticle_TestItem@@UAEHXZ) 中导入
     1>TestItemInterface_d.lib(TestItemInterface.obj) : warning LNK4204: “E:\CCMSDK_1224\Z_SDK\Main\OFccmTest\OFccmTest\Debug\vc100.pdb”缺少引用模块的调试信息；正在链接对象，如同没有调试信息一样
       Manifest:
         C:\Program Files (x86)\Microsoft SDKs\Windows\v7.0A\bin\mt.exe /nologo /verbose /out:"Debug\DParticle.dll.embed.manifest" /manifest Debug\DParticle.dll.intermediate.manifest "d:\Program Files (x86)\Microsoft Visual Studio 10.0\VC\Include\Manifest\dpiaware.manifest"
         所有输出均为最新。
       LinkEmbedManifest:
         所有输出均为最新。
         DParticle.vcxproj -> E:\CCMSDK_1224\Z_SDK\Main\OFccmTest\OFccmTest\Debug\DParticle.dll
       PostBuildEvent:
         copy "E:\CCMSDK_1224\Z_SDK\Main\OFccmTest\OFccmTest\Debug\DParticle.dll" ..\..\..\Execute\Debug\TestItem
         :VCEnd
         已复制         1 个文件。
       FinalizeBuildStatus:
         正在删除文件“Debug\DParticle.unsuccessfulbuild”。
         正在对“Debug\DParticle.lastbuildstate”执行 Touch 任务。
     1>已完成生成项目“E:\CCMSDK_1224\Z_SDK\MyProject\DParticle\DParticle\DParticle.vcxproj”(build 个目标)的操作。

生成成功。

已用时间 00:01:28.91
