E:\R3\MYPROJECT\SETFOCUSSTATUSSTART\DEBUG\SETFOCUSSTATUSSTART.DLL
E:\R3\MyProject\SetFocusStatusStart\Debug\SetFocusStatusStart.exp
E:\R3\MYPROJECT\SETFOCUSSTATUSSTART\DEBUG\SETFOCUSSTATUSSTART.ILK
E:\R3\MyProject\SetFocusStatusStart\Debug\SetFocusStatusStart.lib
E:\R3\MYPROJECT\SETFOCUSSTATUSSTART\DEBUG\SETFOCUSSTATUSSTART.PDB
E:\R3\MyProject\SetFocusStatusStart\SetFocusStatusStart\Debug\cl.command.1.tlog
E:\R3\MyProject\SetFocusStatusStart\SetFocusStatusStart\Debug\CL.read.1.tlog
E:\R3\MyProject\SetFocusStatusStart\SetFocusStatusStart\Debug\CL.write.1.tlog
E:\R3\MyProject\SetFocusStatusStart\SetFocusStatusStart\Debug\link.8172.read.1.tlog
E:\R3\MyProject\SetFocusStatusStart\SetFocusStatusStart\Debug\link.8172.write.1.tlog
E:\R3\MyProject\SetFocusStatusStart\SetFocusStatusStart\Debug\link.8172-cvtres.read.1.tlog
E:\R3\MyProject\SetFocusStatusStart\SetFocusStatusStart\Debug\link.8172-cvtres.write.1.tlog
E:\R3\MyProject\SetFocusStatusStart\SetFocusStatusStart\Debug\link.command.1.tlog
E:\R3\MyProject\SetFocusStatusStart\SetFocusStatusStart\Debug\link.read.1.tlog
E:\R3\MyProject\SetFocusStatusStart\SetFocusStatusStart\Debug\link.write.1.tlog
E:\R3\MyProject\SetFocusStatusStart\SetFocusStatusStart\Debug\link-cvtres.read.1.tlog
E:\R3\MyProject\SetFocusStatusStart\SetFocusStatusStart\Debug\link-cvtres.write.1.tlog
E:\R3\MyProject\SetFocusStatusStart\SetFocusStatusStart\Debug\mt.command.1.tlog
E:\R3\MyProject\SetFocusStatusStart\SetFocusStatusStart\Debug\mt.read.1.tlog
E:\R3\MyProject\SetFocusStatusStart\SetFocusStatusStart\Debug\mt.write.1.tlog
E:\R3\MYPROJECT\SETFOCUSSTATUSSTART\SETFOCUSSTATUSSTART\DEBUG\OPTIONDLG.OBJ
E:\R3\MyProject\SetFocusStatusStart\SetFocusStatusStart\Debug\rc.command.1.tlog
E:\R3\MyProject\SetFocusStatusStart\SetFocusStatusStart\Debug\rc.read.1.tlog
E:\R3\MyProject\SetFocusStatusStart\SetFocusStatusStart\Debug\rc.write.1.tlog
E:\R3\MYPROJECT\SETFOCUSSTATUSSTART\SETFOCUSSTATUSSTART\DEBUG\SETFOCUSSTATUSSTART.DLL.EMBED.MANIFEST
E:\R3\MYPROJECT\SETFOCUSSTATUSSTART\SETFOCUSSTATUSSTART\DEBUG\SETFOCUSSTATUSSTART.DLL.EMBED.MANIFEST.RES
E:\R3\MYPROJECT\SETFOCUSSTATUSSTART\SETFOCUSSTATUSSTART\DEBUG\SETFOCUSSTATUSSTART.DLL.INTERMEDIATE.MANIFEST
E:\R3\MYPROJECT\SETFOCUSSTATUSSTART\SETFOCUSSTATUSSTART\DEBUG\SETFOCUSSTATUSSTART.OBJ
E:\R3\MYPROJECT\SETFOCUSSTATUSSTART\SETFOCUSSTATUSSTART\DEBUG\SETFOCUSSTATUSSTART.PCH
E:\R3\MYPROJECT\SETFOCUSSTATUSSTART\SETFOCUSSTATUSSTART\DEBUG\SETFOCUSSTATUSSTART.RES
E:\R3\MyProject\SetFocusStatusStart\SetFocusStatusStart\Debug\SetFocusStatusStart.write.1.tlog
E:\R3\MyProject\SetFocusStatusStart\SetFocusStatusStart\Debug\SetFocusStatusStart_manifest.rc
E:\R3\MYPROJECT\SETFOCUSSTATUSSTART\SETFOCUSSTATUSSTART\DEBUG\SETFOCUSSTATUSSTART_TESTITEM.OBJ
E:\R3\MYPROJECT\SETFOCUSSTATUSSTART\SETFOCUSSTATUSSTART\DEBUG\STDAFX.OBJ
E:\R3\MyProject\SetFocusStatusStart\SetFocusStatusStart\Debug\vc100.idb
E:\R3\MYPROJECT\SETFOCUSSTATUSSTART\SETFOCUSSTATUSSTART\DEBUG\VC100.PDB
