生成启动时间为 2018/3/8 11:37:08。
     1>项目“E:\R3\MyProject\SetFocusStatusStart\SetFocusStatusStart\SetFocusStatusStart.vcxproj”在节点 2 上(rebuild 个目标)。
     1>_PrepareForClean:
         正在删除文件“Debug\SetFocusStatusStart.lastbuildstate”。
       InitializeBuildStatus:
         正在创建“Debug\SetFocusStatusStart.unsuccessfulbuild”，因为已指定“AlwaysCreate”。
       ClCompile:
         C:\Program Files (x86)\Microsoft Visual Studio 10.0\VC\bin\CL.exe /c /I..\..\..\Include /ZI /nologo /W3 /WX- /Od /Oy- /D WIN32 /D _WINDOWS /D NDEBUG /D _USRDLL /D _WINDLL /D _UNICODE /D UNICODE /D _AFXDLL /Gm /EHsc /RTC1 /MDd /GS /fp:precise /Zc:wchar_t /Zc:forScope /Yc"StdAfx.h" /Fp"Debug\SetFocusStatusStart.pch" /Fo"Debug\\" /Fd"Debug\vc100.pdb" /Gd /TP /analyze- /errorReport:prompt stdafx.cpp
         stdafx.cpp
         C:\Program Files (x86)\Microsoft Visual Studio 10.0\VC\bin\CL.exe /c /I..\..\..\Include /ZI /nologo /W3 /WX- /Od /Oy- /D WIN32 /D _WINDOWS /D NDEBUG /D _USRDLL /D _WINDLL /D _UNICODE /D UNICODE /D _AFXDLL /Gm /EHsc /RTC1 /MDd /GS /fp:precise /Zc:wchar_t /Zc:forScope /Yu"StdAfx.h" /Fp"Debug\SetFocusStatusStart.pch" /Fo"Debug\\" /Fd"Debug\vc100.pdb" /Gd /TP /analyze- /errorReport:prompt SetFocusStatusStart.cpp SetFocusStatusStart_TestItem.cpp OptionDlg.cpp
         OptionDlg.cpp
         SetFocusStatusStart_TestItem.cpp
         SetFocusStatusStart.cpp
         正在生成代码...
       ResourceCompile:
         C:\Program Files (x86)\Microsoft SDKs\Windows\v7.0A\bin\rc.exe /D _DEBUG /D _UNICODE /D UNICODE /D _AFXDLL /l"0x0804" /IDebug\ /nologo /fo"Debug\SetFocusStatusStart.res" SetFocusStatusStart.rc 
       ManifestResourceCompile:
         C:\Program Files (x86)\Microsoft SDKs\Windows\v7.0A\bin\rc.exe /nologo /fo"Debug\SetFocusStatusStart.dll.embed.manifest.res" Debug\SetFocusStatusStart_manifest.rc 
       Link:
         C:\Program Files (x86)\Microsoft Visual Studio 10.0\VC\bin\link.exe /ERRORREPORT:PROMPT /OUT:"E:\R3\MyProject\SetFocusStatusStart\Debug\SetFocusStatusStart.dll" /INCREMENTAL /NOLOGO /LIBPATH:..\..\..\Lib\Debug TestItemInterface_d.lib ImageProc_d.lib opencv_calib3d249d.lib opencv_contrib249d.lib opencv_core249d.lib opencv_features2d249d.lib opencv_flann249d.lib opencv_gpu249d.lib opencv_highgui249d.lib opencv_imgproc249d.lib opencv_legacy249d.lib opencv_ml249d.lib opencv_nonfree249d.lib opencv_objdetect249d.lib opencv_ocl249d.lib opencv_photo249d.lib opencv_stitching249d.lib opencv_superres249d.lib opencv_ts249d.lib opencv_video249d.lib opencv_videostab249d.lib opencv_calib3d249.lib opencv_contrib249.lib opencv_core249.lib opencv_features2d249.lib opencv_flann249.lib opencv_gpu249.lib opencv_highgui249.lib opencv_imgproc249.lib opencv_legacy249.lib opencv_ml249.lib opencv_nonfree249.lib opencv_objdetect249.lib opencv_ocl249.lib opencv_photo249.lib opencv_stitching249.lib opencv_superres249.lib opencv_ts249.lib opencv_video249.lib opencv_videostab249.lib /MANIFEST /ManifestFile:"Debug\SetFocusStatusStart.dll.intermediate.manifest" /MANIFESTUAC:"level='asInvoker' uiAccess='false'" /DEBUG /PDB:"E:\R3\MyProject\SetFocusStatusStart\Debug\SetFocusStatusStart.pdb" /SUBSYSTEM:WINDOWS /TLBID:1 /DYNAMICBASE /NXCOMPAT /IMPLIB:"E:\R3\MyProject\SetFocusStatusStart\Debug\SetFocusStatusStart.lib" /MACHINE:X86 /DLL Debug\SetFocusStatusStart.res
         Debug\SetFocusStatusStart.dll.embed.manifest.res
         Debug\SetFocusStatusStart.obj
         Debug\SetFocusStatusStart_TestItem.obj
         Debug\OptionDlg.obj
         Debug\stdafx.obj
            正在创建库 E:\R3\MyProject\SetFocusStatusStart\Debug\SetFocusStatusStart.lib 和对象 E:\R3\MyProject\SetFocusStatusStart\Debug\SetFocusStatusStart.exp
     1>TestItemInterface_d.lib(TestItemInterface.obj) : warning LNK4099: 未找到 PDB“vc100.pdb”(使用“TestItemInterface_d.lib(TestItemInterface.obj)”或在“E:\R3\MyProject\SetFocusStatusStart\Debug\vc100.pdb”中寻找)；正在链接对象，如同没有调试信息一样
       Manifest:
         正在删除文件“Debug\SetFocusStatusStart.dll.embed.manifest”。
         C:\Program Files (x86)\Microsoft SDKs\Windows\v7.0A\bin\mt.exe /nologo /verbose /out:"Debug\SetFocusStatusStart.dll.embed.manifest" /manifest Debug\SetFocusStatusStart.dll.intermediate.manifest "C:\Program Files (x86)\Microsoft Visual Studio 10.0\VC\Include\Manifest\dpiaware.manifest"
         C:\Program Files (x86)\Microsoft SDKs\Windows\v7.0A\bin\rc.exe /nologo /fo"Debug\SetFocusStatusStart.dll.embed.manifest.res" Debug\SetFocusStatusStart_manifest.rc 
       LinkEmbedManifest:
         C:\Program Files (x86)\Microsoft Visual Studio 10.0\VC\bin\link.exe /ERRORREPORT:PROMPT /OUT:"E:\R3\MyProject\SetFocusStatusStart\Debug\SetFocusStatusStart.dll" /INCREMENTAL /NOLOGO /LIBPATH:..\..\..\Lib\Debug TestItemInterface_d.lib ImageProc_d.lib opencv_calib3d249d.lib opencv_contrib249d.lib opencv_core249d.lib opencv_features2d249d.lib opencv_flann249d.lib opencv_gpu249d.lib opencv_highgui249d.lib opencv_imgproc249d.lib opencv_legacy249d.lib opencv_ml249d.lib opencv_nonfree249d.lib opencv_objdetect249d.lib opencv_ocl249d.lib opencv_photo249d.lib opencv_stitching249d.lib opencv_superres249d.lib opencv_ts249d.lib opencv_video249d.lib opencv_videostab249d.lib opencv_calib3d249.lib opencv_contrib249.lib opencv_core249.lib opencv_features2d249.lib opencv_flann249.lib opencv_gpu249.lib opencv_highgui249.lib opencv_imgproc249.lib opencv_legacy249.lib opencv_ml249.lib opencv_nonfree249.lib opencv_objdetect249.lib opencv_ocl249.lib opencv_photo249.lib opencv_stitching249.lib opencv_superres249.lib opencv_ts249.lib opencv_video249.lib opencv_videostab249.lib /MANIFEST /ManifestFile:"Debug\SetFocusStatusStart.dll.intermediate.manifest" /MANIFESTUAC:"level='asInvoker' uiAccess='false'" /DEBUG /PDB:"E:\R3\MyProject\SetFocusStatusStart\Debug\SetFocusStatusStart.pdb" /SUBSYSTEM:WINDOWS /TLBID:1 /DYNAMICBASE /NXCOMPAT /IMPLIB:"E:\R3\MyProject\SetFocusStatusStart\Debug\SetFocusStatusStart.lib" /MACHINE:X86 /DLL Debug\SetFocusStatusStart.res
         Debug\SetFocusStatusStart.dll.embed.manifest.res
         Debug\SetFocusStatusStart.obj
         Debug\SetFocusStatusStart_TestItem.obj
         Debug\OptionDlg.obj
         Debug\stdafx.obj
            正在创建库 E:\R3\MyProject\SetFocusStatusStart\Debug\SetFocusStatusStart.lib 和对象 E:\R3\MyProject\SetFocusStatusStart\Debug\SetFocusStatusStart.exp
     1>TestItemInterface_d.lib(TestItemInterface.obj) : warning LNK4099: 未找到 PDB“vc100.pdb”(使用“TestItemInterface_d.lib(TestItemInterface.obj)”或在“E:\R3\MyProject\SetFocusStatusStart\Debug\vc100.pdb”中寻找)；正在链接对象，如同没有调试信息一样
         SetFocusStatusStart.vcxproj -> E:\R3\MyProject\SetFocusStatusStart\Debug\SetFocusStatusStart.dll
       PostBuildEvent:
         copy "E:\R3\MyProject\SetFocusStatusStart\Debug\SetFocusStatusStart.dll" ..\..\..\Execute\Debug\TestItem
         :VCEnd
         已复制         1 个文件。
       FinalizeBuildStatus:
         正在删除文件“Debug\SetFocusStatusStart.unsuccessfulbuild”。
         正在对“Debug\SetFocusStatusStart.lastbuildstate”执行 Touch 任务。
     1>已完成生成项目“E:\R3\MyProject\SetFocusStatusStart\SetFocusStatusStart\SetFocusStatusStart.vcxproj”(rebuild 个目标)的操作。

生成成功。

已用时间 00:00:24.73
