生成启动时间为 2018/8/29 20:41:32。
     1>项目“E:\R3\MyProject\MTKStep1\MTKStep1\MTKStep1.vcxproj”在节点 2 上(rebuild 个目标)。
     1>_PrepareForClean:
         正在删除文件“Release\MTKStep1.lastbuildstate”。
       InitializeBuildStatus:
         正在对“Release\MTKStep1.unsuccessfulbuild”执行 Touch 任务。
       ClCompile:
         d:\Program Files (x86)\Microsoft Visual Studio 10.0\VC\bin\CL.exe /c /I..\..\..\Include /Zi /nologo /W3 /WX- /Od /Oi /Oy- /GL /D WIN32 /D _WINDOWS /D NDEBUG /D _USRDLL /D _WINDLL /D _UNICODE /D UNICODE /D _AFXDLL /Gm- /EHsc /MD /GS /Gy /fp:precise /Zc:wchar_t /Zc:forScope /Yc"StdAfx.h" /Fp"Release\MTKStep1.pch" /Fo"Release\\" /Fd"Release\vc100.pdb" /Gd /TP /analyze- /errorReport:prompt stdafx.cpp
         stdafx.cpp
         d:\Program Files (x86)\Microsoft Visual Studio 10.0\VC\bin\CL.exe /c /I..\..\..\Include /Zi /nologo /W3 /WX- /Od /Oi /Oy- /GL /D WIN32 /D _WINDOWS /D NDEBUG /D _USRDLL /D _WINDLL /D _UNICODE /D UNICODE /D _AFXDLL /Gm- /EHsc /MD /GS /Gy /fp:precise /Zc:wchar_t /Zc:forScope /Yu"StdAfx.h" /Fp"Release\MTKStep1.pch" /Fo"Release\\" /Fd"Release\vc100.pdb" /Gd /TP /analyze- /errorReport:prompt MTKStep1.cpp MTKStep1_TestItem.cpp OptionDlg.cpp
         MTKStep1.cpp
         MTKStep1_TestItem.cpp
     1>MTKStep1_TestItem.cpp(357): warning C4996: 'fopen': This function or variable may be unsafe. Consider using fopen_s instead. To disable deprecation, use _CRT_SECURE_NO_WARNINGS. See online help for details.
                 d:\Program Files (x86)\Microsoft Visual Studio 10.0\VC\include\stdio.h(234) : 参见“fopen”的声明
         OptionDlg.cpp
       ResourceCompile:
         C:\Program Files (x86)\Microsoft SDKs\Windows\v7.0A\bin\rc.exe /D NDEBUG /D _UNICODE /D UNICODE /D _AFXDLL /l"0x0804" /IRelease\ /nologo /fo"Release\MTKStep1.res" MTKStep1.rc 
       Link:
         d:\Program Files (x86)\Microsoft Visual Studio 10.0\VC\bin\link.exe /ERRORREPORT:PROMPT /OUT:"E:\R3\Main\OFccmTest\OFccmTest\Release\MTKStep1.dll" /INCREMENTAL:NO /NOLOGO /LIBPATH:..\..\..\Lib\Release TestItemInterface.lib ImageProc.lib /MANIFEST /ManifestFile:"Release\MTKStep1.dll.intermediate.manifest" /MANIFESTUAC:"level='asInvoker' uiAccess='false'" /DEBUG /PDB:"E:\R3\Main\OFccmTest\OFccmTest\Release\MTKStep1.pdb" /SUBSYSTEM:WINDOWS /OPT:REF /OPT:ICF /LTCG /TLBID:1 /DYNAMICBASE /NXCOMPAT /IMPLIB:"E:\R3\Main\OFccmTest\OFccmTest\Release\MTKStep1.lib" /MACHINE:X86 /DLL Release\MTKStep1.res
         Release\MTKStep1.obj
         Release\MTKStep1_TestItem.obj
         Release\OptionDlg.obj
         Release\stdafx.obj
            正在创建库 E:\R3\Main\OFccmTest\OFccmTest\Release\MTKStep1.lib 和对象 E:\R3\Main\OFccmTest\OFccmTest\Release\MTKStep1.exp
         正在生成代码
         已完成代码的生成
     1>TestItemInterface.lib(TestItemInterface.obj) : warning LNK4099: 未找到 PDB“vc100.pdb”(使用“TestItemInterface.lib(TestItemInterface.obj)”或在“E:\R3\Main\OFccmTest\OFccmTest\Release\vc100.pdb”中寻找)；正在链接对象，如同没有调试信息一样
     1>TestItemInterface.lib(stdafx.obj) : warning LNK4099: 未找到 PDB“vc100.pdb”(使用“TestItemInterface.lib(stdafx.obj)”或在“E:\R3\Main\OFccmTest\OFccmTest\Release\vc100.pdb”中寻找)；正在链接对象，如同没有调试信息一样
         MTKStep1.vcxproj -> E:\R3\Main\OFccmTest\OFccmTest\Release\MTKStep1.dll
       Manifest:
         C:\Program Files (x86)\Microsoft SDKs\Windows\v7.0A\bin\mt.exe /nologo /verbose /outputresource:"E:\R3\Main\OFccmTest\OFccmTest\Release\MTKStep1.dll;#2" /manifest Release\MTKStep1.dll.intermediate.manifest "d:\Program Files (x86)\Microsoft Visual Studio 10.0\VC\Include\Manifest\dpiaware.manifest"
       PostBuildEvent:
         copy "E:\R3\Main\OFccmTest\OFccmTest\Release\MTKStep1.dll" ..\..\..\Execute\Release\TestItem
         copy "E:\R3\Main\OFccmTest\OFccmTest\Release\MTKStep1.dll" C:\Users\NF0457.LQPM17622000892\Desktop\Exe\sj的\JP0973_2C_OTP_A0_20180326\A\TestItem
         :VCEnd
         已复制         1 个文件。
         已复制         1 个文件。
       FinalizeBuildStatus:
         正在删除文件“Release\MTKStep1.unsuccessfulbuild”。
         正在对“Release\MTKStep1.lastbuildstate”执行 Touch 任务。
     1>已完成生成项目“E:\R3\MyProject\MTKStep1\MTKStep1\MTKStep1.vcxproj”(rebuild 个目标)的操作。

生成成功。

已用时间 00:00:06.30
