E:\R3\MAIN\OFCCMTEST\OFCCMTEST\RELEASE\MTKSTEP1.DLL
E:\R3\MAIN\OFCCMTEST\OFCCMTEST\RELEASE\MTKSTEP1.PDB
E:\R3\MyProject\MTKStep1\MTKStep1\Release\cl.command.1.tlog
E:\R3\MyProject\MTKStep1\MTKStep1\Release\CL.read.1.tlog
E:\R3\MyProject\MTKStep1\MTKStep1\Release\CL.write.1.tlog
E:\R3\MyProject\MTKStep1\MTKStep1\Release\link.command.1.tlog
E:\R3\MyProject\MTKStep1\MTKStep1\Release\link.read.1.tlog
E:\R3\MyProject\MTKStep1\MTKStep1\Release\link.write.1.tlog
E:\R3\MyProject\MTKStep1\MTKStep1\Release\link-cvtres.read.1.tlog
E:\R3\MyProject\MTKStep1\MTKStep1\Release\link-cvtres.write.1.tlog
E:\R3\MYPROJECT\MTKSTEP1\MTKSTEP1\RELEASE\MTKSTEP1.DLL.INTERMEDIATE.MANIFEST
E:\R3\MYPROJECT\MTKSTEP1\MTKSTEP1\RELEASE\MTKSTEP1.OBJ
E:\R3\MYPROJECT\MTKSTEP1\MTKSTEP1\RELEASE\MTKSTEP1.PCH
E:\R3\MYPROJECT\MTKSTEP1\MTKSTEP1\RELEASE\MTKSTEP1.RES
E:\R3\MyProject\MTKStep1\MTKStep1\Release\MTKStep1.vcxprojResolveAssemblyReference.cache
E:\R3\MyProject\MTKStep1\MTKStep1\Release\MTKStep1.write.1.tlog
E:\R3\MYPROJECT\MTKSTEP1\MTKSTEP1\RELEASE\MTKSTEP1_TESTITEM.OBJ
E:\R3\MYPROJECT\MTKSTEP1\MTKSTEP1\RELEASE\OPTIONDLG.OBJ
E:\R3\MyProject\MTKStep1\MTKStep1\Release\rc.command.1.tlog
E:\R3\MyProject\MTKStep1\MTKStep1\Release\rc.read.1.tlog
E:\R3\MyProject\MTKStep1\MTKStep1\Release\rc.write.1.tlog
E:\R3\MYPROJECT\MTKSTEP1\MTKSTEP1\RELEASE\STDAFX.OBJ
E:\R3\MYPROJECT\MTKSTEP1\MTKSTEP1\RELEASE\VC100.PDB
