E:\R3\MAIN\OFCCMTEST\OFCCMTEST\RELEASE\SETFOCUSSTATUSSTART.DLL
E:\R3\Main\OFccmTest\OFccmTest\Release\SetFocusStatusStart.exp
E:\R3\Main\OFccmTest\OFccmTest\Release\SetFocusStatusStart.lib
E:\R3\MAIN\OFCCMTEST\OFCCMTEST\RELEASE\SETFOCUSSTATUSSTART.PDB
E:\R3\MyProject\SetFocusStatusStart\SetFocusStatusStart\Release\cl.command.1.tlog
E:\R3\MyProject\SetFocusStatusStart\SetFocusStatusStart\Release\CL.read.1.tlog
E:\R3\MyProject\SetFocusStatusStart\SetFocusStatusStart\Release\CL.write.1.tlog
E:\R3\MyProject\SetFocusStatusStart\SetFocusStatusStart\Release\link.command.1.tlog
E:\R3\MyProject\SetFocusStatusStart\SetFocusStatusStart\Release\link.read.1.tlog
E:\R3\MyProject\SetFocusStatusStart\SetFocusStatusStart\Release\link.write.1.tlog
E:\R3\MyProject\SetFocusStatusStart\SetFocusStatusStart\Release\link-cvtres.read.1.tlog
E:\R3\MyProject\SetFocusStatusStart\SetFocusStatusStart\Release\link-cvtres.write.1.tlog
E:\R3\MyProject\SetFocusStatusStart\SetFocusStatusStart\Release\mt.command.1.tlog
E:\R3\MyProject\SetFocusStatusStart\SetFocusStatusStart\Release\mt.read.1.tlog
E:\R3\MyProject\SetFocusStatusStart\SetFocusStatusStart\Release\mt.write.1.tlog
E:\R3\MYPROJECT\SETFOCUSSTATUSSTART\SETFOCUSSTATUSSTART\RELEASE\OPTIONDLG.OBJ
E:\R3\MyProject\SetFocusStatusStart\SetFocusStatusStart\Release\rc.command.1.tlog
E:\R3\MyProject\SetFocusStatusStart\SetFocusStatusStart\Release\rc.read.1.tlog
E:\R3\MyProject\SetFocusStatusStart\SetFocusStatusStart\Release\rc.write.1.tlog
E:\R3\MYPROJECT\SETFOCUSSTATUSSTART\SETFOCUSSTATUSSTART\RELEASE\SETFOCUSSTATUSSTART.DLL.INTERMEDIATE.MANIFEST
E:\R3\MYPROJECT\SETFOCUSSTATUSSTART\SETFOCUSSTATUSSTART\RELEASE\SETFOCUSSTATUSSTART.OBJ
E:\R3\MYPROJECT\SETFOCUSSTATUSSTART\SETFOCUSSTATUSSTART\RELEASE\SETFOCUSSTATUSSTART.PCH
E:\R3\MYPROJECT\SETFOCUSSTATUSSTART\SETFOCUSSTATUSSTART\RELEASE\SETFOCUSSTATUSSTART.RES
E:\R3\MyProject\SetFocusStatusStart\SetFocusStatusStart\Release\SetFocusStatusStart.vcxprojResolveAssemblyReference.cache
E:\R3\MyProject\SetFocusStatusStart\SetFocusStatusStart\Release\SetFocusStatusStart.write.1.tlog
E:\R3\MYPROJECT\SETFOCUSSTATUSSTART\SETFOCUSSTATUSSTART\RELEASE\SETFOCUSSTATUSSTART_TESTITEM.OBJ
E:\R3\MYPROJECT\SETFOCUSSTATUSSTART\SETFOCUSSTATUSSTART\RELEASE\STDAFX.OBJ
E:\R3\MYPROJECT\SETFOCUSSTATUSSTART\SETFOCUSSTATUSSTART\RELEASE\VC100.PDB
