生成启动时间为 2016/8/31 17:54:14。
     1>项目“E:\CCMSDK_1224\Z_SDK\MyProject\TccmMTF\TccmMTF\TccmMTF.vcxproj”在节点 3 上(build 个目标)。
     1>InitializeBuildStatus:
         正在创建“Debug\TccmMTF.unsuccessfulbuild”，因为已指定“AlwaysCreate”。
       ClCompile:
         所有输出均为最新。
         d:\Program Files (x86)\Microsoft Visual Studio 10.0\VC\bin\CL.exe /c /I..\..\..\Include /ZI /nologo /W3 /WX- /Od /Oy- /D WIN32 /D _WINDOWS /D _DEBUG /D _USRDLL /D _WINDLL /D _UNICODE /D UNICODE /D _AFXDLL /Gm /EHsc /RTC1 /MDd /GS /fp:precise /Zc:wchar_t /Zc:forScope /Yu"StdAfx.h" /Fp"Debug\MTF_Item.pch" /Fo"Debug\\" /Fd"Debug\vc100.pdb" /Gd /TP /analyze- /errorReport:prompt Inspection_MTF.cpp MTFOptionDlg.cpp
         Inspection_MTF.cpp
         正在生成代码...
         正在跳过...(未检测到相关更改)
         MTFOptionDlg.cpp
       ResourceCompile:
         所有输出均为最新。
       ManifestResourceCompile:
         所有输出均为最新。
       Link:
         d:\Program Files (x86)\Microsoft Visual Studio 10.0\VC\bin\link.exe /ERRORREPORT:PROMPT /OUT:"E:\CCMSDK_1224\Z_SDK\Main\OFccmTest\OFccmTest\Debug\MTF_Item.dll" /INCREMENTAL /NOLOGO /LIBPATH:..\..\..\Lib\Debug TestItemInterface_d.lib ImageProc_d.lib /DEF:".\TccmMTF.def" /MANIFEST /ManifestFile:"Debug\MTF_Item.dll.intermediate.manifest" /MANIFESTUAC:"level='asInvoker' uiAccess='false'" /DEBUG /PDB:"E:\CCMSDK_1224\Z_SDK\Main\OFccmTest\OFccmTest\Debug\MTF_Item.pdb" /SUBSYSTEM:WINDOWS /TLBID:1 /DYNAMICBASE /NXCOMPAT /IMPLIB:"E:\CCMSDK_1224\Z_SDK\Main\OFccmTest\OFccmTest\Debug\MTF_Item.lib" /MACHINE:X86 /DLL Debug\TccmMTF.res
         Debug\MTF_Item.dll.embed.manifest.res
         Debug\CTimeCount.obj
         Debug\Inspection_MTF.obj
         Debug\MTFOptionDlg.obj
         Debug\stdafx.obj
         Debug\TccmMTF.obj
            正在创建库 E:\CCMSDK_1224\Z_SDK\Main\OFccmTest\OFccmTest\Debug\MTF_Item.lib 和对象 E:\CCMSDK_1224\Z_SDK\Main\OFccmTest\OFccmTest\Debug\MTF_Item.exp
     1>TestItemInterface_d.lib(TestItemInterface.obj) : warning LNK4204: “E:\CCMSDK_1224\Z_SDK\Main\OFccmTest\OFccmTest\Debug\vc100.pdb”缺少引用模块的调试信息；正在链接对象，如同没有调试信息一样
       Manifest:
         C:\Program Files (x86)\Microsoft SDKs\Windows\v7.0A\bin\mt.exe /nologo /verbose /out:"Debug\MTF_Item.dll.embed.manifest" /manifest Debug\MTF_Item.dll.intermediate.manifest "d:\Program Files (x86)\Microsoft Visual Studio 10.0\VC\Include\Manifest\dpiaware.manifest"
         所有输出均为最新。
       LinkEmbedManifest:
         所有输出均为最新。
         TccmMTF.vcxproj -> E:\CCMSDK_1224\Z_SDK\Main\OFccmTest\OFccmTest\Debug\MTF_Item.dll
       PostBuildEvent:
         Description: Copy DLL
         copy "E:\CCMSDK_1224\Z_SDK\Main\OFccmTest\OFccmTest\Debug\MTF_Item.dll" ..\..\..\Execute\Debug\TestItem
         :VCEnd
         已复制         1 个文件。
       FinalizeBuildStatus:
         正在删除文件“Debug\TccmMTF.unsuccessfulbuild”。
         正在对“Debug\TccmMTF.lastbuildstate”执行 Touch 任务。
     1>已完成生成项目“E:\CCMSDK_1224\Z_SDK\MyProject\TccmMTF\TccmMTF\TccmMTF.vcxproj”(build 个目标)的操作。

生成成功。

已用时间 00:01:49.01
