生成启动时间为 2016/5/12 7:45:19。
     1>项目“E:\CCMSDK_1224\MyProject\StereoCal\demo\demo\demo.vcxproj”在节点 5 上(rebuild 个目标)。
     1>_PrepareForClean:
         正在删除文件“Debug\demo.lastbuildstate”。
       InitializeBuildStatus:
         正在创建“Debug\demo.unsuccessfulbuild”，因为已指定“AlwaysCreate”。
       ClCompile:
         C:\Program Files (x86)\Microsoft Visual Studio 10.0\VC\bin\CL.exe /c /ZI /nologo /W3 /WX- /Od /Oy- /D WIN32 /D _DEBUG /D _CONSOLE /D _UNICODE /D UNICODE /D _AFXDLL /Gm /EHsc /RTC1 /MDd /GS /fp:precise /Zc:wchar_t /Zc:forScope /Yc"StdAfx.h" /Fp"Debug\demo.pch" /Fo"Debug\\" /Fd"Debug\vc100.pdb" /Gd /TP /analyze- /errorReport:prompt stdafx.cpp
         stdafx.cpp
         C:\Program Files (x86)\Microsoft Visual Studio 10.0\VC\bin\CL.exe /c /ZI /nologo /W3 /WX- /Od /Oy- /D WIN32 /D _DEBUG /D _CONSOLE /D _UNICODE /D UNICODE /D _AFXDLL /Gm /EHsc /RTC1 /MDd /GS /fp:precise /Zc:wchar_t /Zc:forScope /Yu"StdAfx.h" /Fp"Debug\demo.pch" /Fo"Debug\\" /Fd"Debug\vc100.pdb" /Gd /TP /analyze- /errorReport:prompt demo.cpp
         demo.cpp
     1>e:\ccmsdk_1224\myproject\stereocal\demo\demo\demo.cpp(199): warning C4996: 'sprintf': This function or variable may be unsafe. Consider using sprintf_s instead. To disable deprecation, use _CRT_SECURE_NO_WARNINGS. See online help for details.
                 c:\program files (x86)\microsoft visual studio 10.0\vc\include\stdio.h(371) : 参见“sprintf”的声明
     1>e:\ccmsdk_1224\myproject\stereocal\demo\demo\demo.cpp(200): warning C4996: 'fopen': This function or variable may be unsafe. Consider using fopen_s instead. To disable deprecation, use _CRT_SECURE_NO_WARNINGS. See online help for details.
                 c:\program files (x86)\microsoft visual studio 10.0\vc\include\stdio.h(234) : 参见“fopen”的声明
       ManifestResourceCompile:
         C:\Program Files (x86)\Microsoft SDKs\Windows\v7.0A\bin\rc.exe /nologo /fo"Debug\demo.exe.embed.manifest.res" Debug\demo_manifest.rc 
       Link:
         C:\Program Files (x86)\Microsoft Visual Studio 10.0\VC\bin\link.exe /ERRORREPORT:PROMPT /OUT:"E:\CCMSDK_1224\MyProject\StereoCal\Debug\demo.exe" /INCREMENTAL /NOLOGO /MANIFEST /ManifestFile:"Debug\demo.exe.intermediate.manifest" /MANIFESTUAC:"level='asInvoker' uiAccess='false'" /DEBUG /PDB:"E:\CCMSDK_1224\MyProject\StereoCal\Debug\demo.pdb" /SUBSYSTEM:CONSOLE /TLBID:1 /DYNAMICBASE /NXCOMPAT /IMPLIB:"E:\CCMSDK_1224\MyProject\StereoCal\Debug\demo.lib" /MACHINE:X86 Debug\demo.exe.embed.manifest.res
         Debug\demo.obj
         Debug\stdafx.obj
       Manifest:
         正在删除文件“Debug\demo.exe.embed.manifest”。
         C:\Program Files (x86)\Microsoft SDKs\Windows\v7.0A\bin\mt.exe /nologo /verbose /out:"Debug\demo.exe.embed.manifest" /manifest Debug\demo.exe.intermediate.manifest "C:\Program Files (x86)\Microsoft Visual Studio 10.0\VC\Include\Manifest\dpiaware.manifest"
         C:\Program Files (x86)\Microsoft SDKs\Windows\v7.0A\bin\rc.exe /nologo /fo"Debug\demo.exe.embed.manifest.res" Debug\demo_manifest.rc 
       LinkEmbedManifest:
         C:\Program Files (x86)\Microsoft Visual Studio 10.0\VC\bin\link.exe /ERRORREPORT:PROMPT /OUT:"E:\CCMSDK_1224\MyProject\StereoCal\Debug\demo.exe" /INCREMENTAL /NOLOGO /MANIFEST /ManifestFile:"Debug\demo.exe.intermediate.manifest" /MANIFESTUAC:"level='asInvoker' uiAccess='false'" /DEBUG /PDB:"E:\CCMSDK_1224\MyProject\StereoCal\Debug\demo.pdb" /SUBSYSTEM:CONSOLE /TLBID:1 /DYNAMICBASE /NXCOMPAT /IMPLIB:"E:\CCMSDK_1224\MyProject\StereoCal\Debug\demo.lib" /MACHINE:X86 Debug\demo.exe.embed.manifest.res
         Debug\demo.obj
         Debug\stdafx.obj
         demo.vcxproj -> E:\CCMSDK_1224\MyProject\StereoCal\Debug\demo.exe
       FinalizeBuildStatus:
         正在删除文件“Debug\demo.unsuccessfulbuild”。
         正在对“Debug\demo.lastbuildstate”执行 Touch 任务。
     1>已完成生成项目“E:\CCMSDK_1224\MyProject\StereoCal\demo\demo\demo.vcxproj”(rebuild 个目标)的操作。

生成成功。

已用时间 00:00:14.45
