Build started 2017/6/25 16:42:11.
     1>Project "D:\DualShare_r3\MyProject\DualParallelCamCheck\DualParallelCamCheck.vcxproj" on node 2 (build target(s)).
     1>InitializeBuildStatus:
         Creating "Debug\DualParallelCamCheck.unsuccessfulbuild" because "AlwaysCreate" was specified.
       ClCompile:
         All outputs are up-to-date.
         C:\Program Files (x86)\Microsoft Visual Studio 10.0\VC\bin\CL.exe /c /I..\..\Include /ILIB_Halcon\include /IOpenCv\CVInclude /ILIB_Halcon\include\cpp /ZI /nologo /W3 /WX- /Od /Oy- /D WIN32 /D _WINDOWS /D NDEBUG /D _USRDLL /D _WINDLL /D _UNICODE /D UNICODE /D _AFXDLL /Gm /EHsc /RTC1 /MDd /GS /fp:precise /Zc:wchar_t /Zc:forScope /Yu"StdAfx.h" /Fp"Debug\DualParallelCamCheck.pch" /Fo"Debug\\" /Fd"Debug\vc100.pdb" /Gd /TP /analyze- /errorReport:prompt DualParallelCamCheck_TestItem.cpp
         DualParallelCamCheck_TestItem.cpp
     1>d:\dualshare_r3\myproject\dualparallelcamcheck\dualparallelcamcheck_testitem.cpp(213): warning C4244: '=' : conversion from 'double' to 'float', possible loss of data
     1>d:\dualshare_r3\myproject\dualparallelcamcheck\dualparallelcamcheck_testitem.cpp(216): warning C4244: '=' : conversion from 'double' to 'float', possible loss of data
     1>d:\dualshare_r3\myproject\dualparallelcamcheck\dualparallelcamcheck_testitem.cpp(219): warning C4244: '=' : conversion from 'double' to 'float', possible loss of data
     1>d:\dualshare_r3\myproject\dualparallelcamcheck\dualparallelcamcheck_testitem.cpp(268): warning C4244: '=' : conversion from 'double' to 'float', possible loss of data
     1>d:\dualshare_r3\myproject\dualparallelcamcheck\dualparallelcamcheck_testitem.cpp(269): warning C4244: '=' : conversion from 'double' to 'float', possible loss of data
     1>d:\dualshare_r3\myproject\dualparallelcamcheck\dualparallelcamcheck_testitem.cpp(270): warning C4244: '=' : conversion from 'double' to 'float', possible loss of data
     1>d:\dualshare_r3\myproject\dualparallelcamcheck\dualparallelcamcheck_testitem.cpp(613): warning C4244: 'argument' : conversion from 'float' to 'USHORT', possible loss of data
     1>d:\dualshare_r3\myproject\dualparallelcamcheck\dualparallelcamcheck_testitem.cpp(614): warning C4244: 'argument' : conversion from 'float' to 'USHORT', possible loss of data
     1>d:\dualshare_r3\myproject\dualparallelcamcheck\dualparallelcamcheck_testitem.cpp(615): warning C4244: 'argument' : conversion from 'float' to 'USHORT', possible loss of data
     1>d:\dualshare_r3\myproject\dualparallelcamcheck\dualparallelcamcheck_testitem.cpp(796): warning C4244: 'initializing' : conversion from 'double' to 'int', possible loss of data
     1>d:\dualshare_r3\myproject\dualparallelcamcheck\dualparallelcamcheck_testitem.cpp(867): warning C4244: '=' : conversion from 'float' to 'int', possible loss of data
     1>d:\dualshare_r3\myproject\dualparallelcamcheck\dualparallelcamcheck_testitem.cpp(869): warning C4244: '=' : conversion from 'float' to 'int', possible loss of data
     1>d:\dualshare_r3\myproject\dualparallelcamcheck\dualparallelcamcheck_testitem.cpp(881): warning C4244: 'initializing' : conversion from 'double' to 'int', possible loss of data
     1>d:\dualshare_r3\myproject\dualparallelcamcheck\dualparallelcamcheck_testitem.cpp(952): warning C4244: '=' : conversion from 'float' to 'int', possible loss of data
     1>d:\dualshare_r3\myproject\dualparallelcamcheck\dualparallelcamcheck_testitem.cpp(954): warning C4244: '=' : conversion from 'float' to 'int', possible loss of data
     1>d:\dualshare_r3\myproject\dualparallelcamcheck\dualparallelcamcheck_testitem.cpp(1308): warning C4244: '=' : conversion from 'double' to 'LONG', possible loss of data
     1>d:\dualshare_r3\myproject\dualparallelcamcheck\dualparallelcamcheck_testitem.cpp(1309): warning C4244: '=' : conversion from 'double' to 'LONG', possible loss of data
     1>d:\dualshare_r3\myproject\dualparallelcamcheck\dualparallelcamcheck_testitem.cpp(1310): warning C4244: '=' : conversion from 'double' to 'LONG', possible loss of data
     1>d:\dualshare_r3\myproject\dualparallelcamcheck\dualparallelcamcheck_testitem.cpp(1311): warning C4244: '=' : conversion from 'double' to 'LONG', possible loss of data
       ResourceCompile:
         All outputs are up-to-date.
       ManifestResourceCompile:
         All outputs are up-to-date.
       Link:
         C:\Program Files (x86)\Microsoft Visual Studio 10.0\VC\bin\link.exe /ERRORREPORT:PROMPT /OUT:"D:\DualShare_r3\Main\OFccmTest\OFccmTest\Debug\DualParallelCamCheck.dll" /INCREMENTAL /NOLOGO /LIBPATH:LIB_SQLiteCpp\lib_x86win /LIBPATH:LIB_OpenCV\lib_x86win /LIBPATH:..\..\Lib\Debug /LIBPATH:LIB_Halcon TestItemInterface_d.lib ImageProc_d.lib /MANIFEST /ManifestFile:"Debug\DualParallelCamCheck.dll.intermediate.manifest" /MANIFESTUAC:"level='asInvoker' uiAccess='false'" /DEBUG /PDB:"D:\DualShare_r3\Main\OFccmTest\OFccmTest\Debug\DualParallelCamCheck.pdb" /SUBSYSTEM:WINDOWS /TLBID:1 /DYNAMICBASE /NXCOMPAT /IMPLIB:"D:\DualShare_r3\Main\OFccmTest\OFccmTest\Debug\DualParallelCamCheck.lib" /MACHINE:X86 /DLL Debug\DualParallelCamCheck.res
         Debug\DualParallelCamCheck.dll.embed.manifest.res
         Debug\DualParallelCamCheck.obj
         Debug\DualParallelCamCheck_TestItem.obj
         Debug\OptionDlg.obj
         Debug\stdafx.obj
       Manifest:
         C:\Program Files (x86)\Microsoft SDKs\Windows\v7.0A\bin\mt.exe /nologo /verbose /out:"Debug\DualParallelCamCheck.dll.embed.manifest" /manifest Debug\DualParallelCamCheck.dll.intermediate.manifest "C:\Program Files (x86)\Microsoft Visual Studio 10.0\VC\Include\Manifest\dpiaware.manifest"
         All outputs are up-to-date.
       LinkEmbedManifest:
         All outputs are up-to-date.
         DualParallelCamCheck.vcxproj -> D:\DualShare_r3\Main\OFccmTest\OFccmTest\Debug\DualParallelCamCheck.dll
       PostBuildEvent:
         copy "D:\DualShare_r3\Main\OFccmTest\OFccmTest\Debug\DualParallelCamCheck.dll" ..\..\Execute\Debug\TestItem
         :VCEnd
         已复制         1 个文件。
       FinalizeBuildStatus:
         Deleting file "Debug\DualParallelCamCheck.unsuccessfulbuild".
         Touching "Debug\DualParallelCamCheck.lastbuildstate".
     1>Done Building Project "D:\DualShare_r3\MyProject\DualParallelCamCheck\DualParallelCamCheck.vcxproj" (build target(s)).

Build succeeded.

Time Elapsed 00:00:06.59
