生成启动时间为 2018/6/4 15:36:06。
     1>项目“E:\R3_NEW\MyProject\LscApplication\LscApplication\LscApplication.vcxproj”在节点 2 上(rebuild 个目标)。
     1>_PrepareForClean:
         正在删除文件“Release\LscApplication.lastbuildstate”。
       InitializeBuildStatus:
         正在创建“Release\LscApplication.unsuccessfulbuild”，因为已指定“AlwaysCreate”。
       ClCompile:
         C:\Program Files (x86)\Microsoft Visual Studio 10.0\VC\bin\CL.exe /c /I..\..\..\Include /Zi /nologo /W3 /WX- /O2 /Oi /Oy- /GL /D WIN32 /D _WINDOWS /D NDEBUG /D _USRDLL /D _WINDLL /D _UNICODE /D UNICODE /D _AFXDLL /Gm- /EHsc /MD /GS /Gy /fp:precise /Zc:wchar_t /Zc:forScope /Yc"StdAfx.h" /Fp"Release\LscApplication.pch" /Fo"Release\\" /Fd"Release\vc100.pdb" /Gd /TP /analyze- /errorReport:prompt stdafx.cpp
         stdafx.cpp
         C:\Program Files (x86)\Microsoft Visual Studio 10.0\VC\bin\CL.exe /c /I..\..\..\Include /Zi /nologo /W3 /WX- /O2 /Oi /Oy- /GL /D WIN32 /D _WINDOWS /D NDEBUG /D _USRDLL /D _WINDLL /D _UNICODE /D UNICODE /D _AFXDLL /Gm- /EHsc /MD /GS /Gy /fp:precise /Zc:wchar_t /Zc:forScope /Yu"StdAfx.h" /Fp"Release\LscApplication.pch" /Fo"Release\\" /Fd"Release\vc100.pdb" /Gd /TP /analyze- /errorReport:prompt LscApplication.cpp LscApplication_TestItem.cpp OptionDlg.cpp
         LscApplication.cpp
         LscApplication_TestItem.cpp
     1>LscApplication_TestItem.cpp(655): warning C4996: 'strtok': This function or variable may be unsafe. Consider using strtok_s instead. To disable deprecation, use _CRT_SECURE_NO_WARNINGS. See online help for details.
                 C:\Program Files (x86)\Microsoft Visual Studio 10.0\VC\include\string.h(197) : 参见“strtok”的声明
     1>LscApplication_TestItem.cpp(665): warning C4244: “参数”: 从“double”转换到“float”，可能丢失数据
     1>LscApplication_TestItem.cpp(669): warning C4996: 'strtok': This function or variable may be unsafe. Consider using strtok_s instead. To disable deprecation, use _CRT_SECURE_NO_WARNINGS. See online help for details.
                 C:\Program Files (x86)\Microsoft Visual Studio 10.0\VC\include\string.h(197) : 参见“strtok”的声明
     1>LscApplication_TestItem.cpp(933): warning C4996: 'strtok': This function or variable may be unsafe. Consider using strtok_s instead. To disable deprecation, use _CRT_SECURE_NO_WARNINGS. See online help for details.
                 C:\Program Files (x86)\Microsoft Visual Studio 10.0\VC\include\string.h(197) : 参见“strtok”的声明
     1>LscApplication_TestItem.cpp(943): warning C4244: “参数”: 从“double”转换到“float”，可能丢失数据
     1>LscApplication_TestItem.cpp(947): warning C4996: 'strtok': This function or variable may be unsafe. Consider using strtok_s instead. To disable deprecation, use _CRT_SECURE_NO_WARNINGS. See online help for details.
                 C:\Program Files (x86)\Microsoft Visual Studio 10.0\VC\include\string.h(197) : 参见“strtok”的声明
     1>LscApplication_TestItem.cpp(1041): warning C4996: 'freopen': This function or variable may be unsafe. Consider using freopen_s instead. To disable deprecation, use _CRT_SECURE_NO_WARNINGS. See online help for details.
                 C:\Program Files (x86)\Microsoft Visual Studio 10.0\VC\include\stdio.h(249) : 参见“freopen”的声明
     1>LscApplication_TestItem.cpp(1044): warning C4002: “_T”宏的实参太多
     1>LscApplication_TestItem.cpp(1102): warning C4996: 'fopen': This function or variable may be unsafe. Consider using fopen_s instead. To disable deprecation, use _CRT_SECURE_NO_WARNINGS. See online help for details.
                 C:\Program Files (x86)\Microsoft Visual Studio 10.0\VC\include\stdio.h(234) : 参见“fopen”的声明
     1>LscApplication_TestItem.cpp(1240): warning C4996: 'freopen': This function or variable may be unsafe. Consider using freopen_s instead. To disable deprecation, use _CRT_SECURE_NO_WARNINGS. See online help for details.
                 C:\Program Files (x86)\Microsoft Visual Studio 10.0\VC\include\stdio.h(249) : 参见“freopen”的声明
     1>LscApplication_TestItem.cpp(1274): warning C4244: “初始化”: 从“float”转换到“int”，可能丢失数据
     1>LscApplication_TestItem.cpp(1284): warning C4244: “=”: 从“float”转换到“int”，可能丢失数据
     1>LscApplication_TestItem.cpp(1399): warning C4800: “BOOL”: 将值强制为布尔值“true”或“false”(性能警告)
     1>LscApplication_TestItem.cpp(1466): warning C4244: “参数”: 从“USHORT”转换到“const BYTE”，可能丢失数据
     1>LscApplication_TestItem.cpp(1585): warning C4244: “=”: 从“double”转换到“float”，可能丢失数据
     1>LscApplication_TestItem.cpp(1607): warning C4244: “=”: 从“double”转换到“float”，可能丢失数据
     1>LscApplication_TestItem.cpp(1629): warning C4244: “=”: 从“double”转换到“float”，可能丢失数据
     1>LscApplication_TestItem.cpp(1651): warning C4244: “=”: 从“double”转换到“float”，可能丢失数据
     1>LscApplication_TestItem.cpp(1683): warning C4244: “初始化”: 从“double”转换到“float”，可能丢失数据
     1>LscApplication_TestItem.cpp(1767): warning C4996: 'freopen': This function or variable may be unsafe. Consider using freopen_s instead. To disable deprecation, use _CRT_SECURE_NO_WARNINGS. See online help for details.
                 C:\Program Files (x86)\Microsoft Visual Studio 10.0\VC\include\stdio.h(249) : 参见“freopen”的声明
     1>LscApplication_TestItem.cpp(1770): warning C4002: “_T”宏的实参太多
         OptionDlg.cpp
       ResourceCompile:
         C:\Program Files (x86)\Microsoft SDKs\Windows\v7.0A\bin\rc.exe /D NDEBUG /D _UNICODE /D UNICODE /D _AFXDLL /l"0x0804" /IRelease\ /nologo /fo"Release\LscApplication.res" LscApplication.rc 
       Link:
         C:\Program Files (x86)\Microsoft Visual Studio 10.0\VC\bin\link.exe /ERRORREPORT:PROMPT /OUT:"E:\R3_NEW\MyProject\LscApplication\Release\LscApplication.dll" /INCREMENTAL:NO /NOLOGO /LIBPATH:..\..\..\Lib\Release TestItemInterface.lib ImageProc.lib opencv_calib3d249d.lib opencv_contrib249d.lib opencv_core249d.lib opencv_features2d249d.lib opencv_flann249d.lib opencv_gpu249d.lib opencv_highgui249d.lib opencv_imgproc249d.lib opencv_legacy249d.lib opencv_ml249d.lib opencv_nonfree249d.lib opencv_objdetect249d.lib opencv_ocl249d.lib opencv_photo249d.lib opencv_stitching249d.lib opencv_superres249d.lib opencv_ts249d.lib opencv_video249d.lib opencv_videostab249d.lib opencv_calib3d249.lib opencv_contrib249.lib opencv_core249.lib opencv_features2d249.lib opencv_flann249.lib opencv_gpu249.lib opencv_highgui249.lib opencv_imgproc249.lib opencv_legacy249.lib opencv_ml249.lib opencv_nonfree249.lib opencv_objdetect249.lib opencv_ocl249.lib opencv_photo249.lib opencv_stitching249.lib opencv_superres249.lib opencv_ts249.lib opencv_video249.lib opencv_videostab249.lib /MANIFEST /ManifestFile:"Release\LscApplication.dll.intermediate.manifest" /MANIFESTUAC:"level='asInvoker' uiAccess='false'" /DEBUG /PDB:"E:\R3_NEW\MyProject\LscApplication\Release\LscApplication.pdb" /SUBSYSTEM:WINDOWS /OPT:REF /OPT:ICF /LTCG /TLBID:1 /DYNAMICBASE /NXCOMPAT /IMPLIB:"E:\R3_NEW\MyProject\LscApplication\Release\LscApplication.lib" /MACHINE:X86 /DLL Release\LscApplication.res
         Release\LscApplication.obj
         Release\LscApplication_TestItem.obj
         Release\OptionDlg.obj
         Release\stdafx.obj
            正在创建库 E:\R3_NEW\MyProject\LscApplication\Release\LscApplication.lib 和对象 E:\R3_NEW\MyProject\LscApplication\Release\LscApplication.exp
         正在生成代码
         已完成代码的生成
     1>TestItemInterface.lib(TestItemInterface.obj) : warning LNK4099: 未找到 PDB“vc100.pdb”(使用“TestItemInterface.lib(TestItemInterface.obj)”或在“E:\R3_NEW\MyProject\LscApplication\Release\vc100.pdb”中寻找)；正在链接对象，如同没有调试信息一样
     1>TestItemInterface.lib(stdafx.obj) : warning LNK4099: 未找到 PDB“vc100.pdb”(使用“TestItemInterface.lib(stdafx.obj)”或在“E:\R3_NEW\MyProject\LscApplication\Release\vc100.pdb”中寻找)；正在链接对象，如同没有调试信息一样
         LscApplication.vcxproj -> E:\R3_NEW\MyProject\LscApplication\Release\LscApplication.dll
       Manifest:
         C:\Program Files (x86)\Microsoft SDKs\Windows\v7.0A\bin\mt.exe /nologo /verbose /outputresource:"E:\R3_NEW\MyProject\LscApplication\Release\LscApplication.dll;#2" /manifest Release\LscApplication.dll.intermediate.manifest "C:\Program Files (x86)\Microsoft Visual Studio 10.0\VC\Include\Manifest\dpiaware.manifest"
       PostBuildEvent:
         copy "E:\R3_NEW\MyProject\LscApplication\Release\LscApplication.dll" ..\..\..\Execute\Release\TestItem
         :VCEnd
         已复制         1 个文件。
       FinalizeBuildStatus:
         正在删除文件“Release\LscApplication.unsuccessfulbuild”。
         正在对“Release\LscApplication.lastbuildstate”执行 Touch 任务。
     1>已完成生成项目“E:\R3_NEW\MyProject\LscApplication\LscApplication\LscApplication.vcxproj”(rebuild 个目标)的操作。

生成成功。

已用时间 00:00:11.29
