生成启动时间为 2017/11/6 8:38:48。
     1>项目“D:\R3\MyProject\OC_Item\OC_Item\OC_Item.vcxproj”在节点 2 上(rebuild 个目标)。
     1>InitializeBuildStatus:
         正在创建“Release\OC_Item.unsuccessfulbuild”，因为已指定“AlwaysCreate”。
       ClCompile:
         c:\Program Files (x86)\Microsoft Visual Studio 10.0\VC\bin\CL.exe /c /I..\..\..\Include /Zi /nologo /W3 /WX- /O2 /Oi /Oy- /GL /D WIN32 /D _WINDOWS /D NDEBUG /D _USRDLL /D _WINDLL /D _UNICODE /D UNICODE /D _AFXDLL /Gm- /EHsc /MD /GS /Gy /fp:precise /Zc:wchar_t /Zc:forScope /Yc"StdAfx.h" /Fp"Release\OC_Item.pch" /Fo"Release\\" /Fd"Release\vc100.pdb" /Gd /TP /analyze- /errorReport:prompt stdafx.cpp
         stdafx.cpp
         c:\Program Files (x86)\Microsoft Visual Studio 10.0\VC\bin\CL.exe /c /I..\..\..\Include /Zi /nologo /W3 /WX- /O2 /Oi /Oy- /GL /D WIN32 /D _WINDOWS /D NDEBUG /D _USRDLL /D _WINDLL /D _UNICODE /D UNICODE /D _AFXDLL /Gm- /EHsc /MD /GS /Gy /fp:precise /Zc:wchar_t /Zc:forScope /Yu"StdAfx.h" /Fp"Release\OC_Item.pch" /Fo"Release\\" /Fd"Release\vc100.pdb" /Gd /TP /analyze- /errorReport:prompt OC_Item.cpp OC_Item_TestItem.cpp OptionDlg.cpp
         OC_Item.cpp
         OC_Item_TestItem.cpp
     1>OC_Item_TestItem.cpp(145): warning C4244: “=”: 从“double”转换到“int”，可能丢失数据
     1>OC_Item_TestItem.cpp(179): warning C4244: “=”: 从“double”转换到“int”，可能丢失数据
     1>OC_Item_TestItem.cpp(214): warning C4244: “=”: 从“double”转换到“int”，可能丢失数据
     1>OC_Item_TestItem.cpp(249): warning C4244: “=”: 从“double”转换到“int”，可能丢失数据
         OptionDlg.cpp
       ResourceCompile:
         c:\Program Files (x86)\Microsoft SDKs\Windows\v7.0A\bin\rc.exe /D NDEBUG /D _UNICODE /D UNICODE /D _AFXDLL /l"0x0804" /IRelease\ /nologo /fo"Release\OC_Item.res" OC_Item.rc 
       Link:
         c:\Program Files (x86)\Microsoft Visual Studio 10.0\VC\bin\link.exe /ERRORREPORT:PROMPT /OUT:"D:\R3\MyProject\OC_Item\Release\OC_Item.dll" /INCREMENTAL:NO /NOLOGO /LIBPATH:..\..\..\Lib\Release TestItemInterface.lib ImageProc.lib /MANIFEST /ManifestFile:"Release\OC_Item.dll.intermediate.manifest" /MANIFESTUAC:"level='asInvoker' uiAccess='false'" /DEBUG /PDB:"D:\R3\MyProject\OC_Item\Release\OC_Item.pdb" /SUBSYSTEM:WINDOWS /OPT:REF /OPT:ICF /LTCG /TLBID:1 /DYNAMICBASE /NXCOMPAT /IMPLIB:"D:\R3\MyProject\OC_Item\Release\OC_Item.lib" /MACHINE:X86 /DLL Release\OC_Item.res
         Release\OC_Item.obj
         Release\OC_Item_TestItem.obj
         Release\OptionDlg.obj
         Release\stdafx.obj
            正在创建库 D:\R3\MyProject\OC_Item\Release\OC_Item.lib 和对象 D:\R3\MyProject\OC_Item\Release\OC_Item.exp
         正在生成代码
         已完成代码的生成
     1>TestItemInterface.lib(TestItemInterface.obj) : warning LNK4099: 未找到 PDB“vc100.pdb”(使用“TestItemInterface.lib(TestItemInterface.obj)”或在“D:\R3\MyProject\OC_Item\Release\vc100.pdb”中寻找)；正在链接对象，如同没有调试信息一样
     1>TestItemInterface.lib(stdafx.obj) : warning LNK4099: 未找到 PDB“vc100.pdb”(使用“TestItemInterface.lib(stdafx.obj)”或在“D:\R3\MyProject\OC_Item\Release\vc100.pdb”中寻找)；正在链接对象，如同没有调试信息一样
         OC_Item.vcxproj -> D:\R3\MyProject\OC_Item\Release\OC_Item.dll
       Manifest:
         c:\Program Files (x86)\Microsoft SDKs\Windows\v7.0A\bin\mt.exe /nologo /verbose /outputresource:"D:\R3\MyProject\OC_Item\Release\OC_Item.dll;#2" /manifest Release\OC_Item.dll.intermediate.manifest "c:\Program Files (x86)\Microsoft Visual Studio 10.0\VC\Include\Manifest\dpiaware.manifest"
       PostBuildEvent:
         copy "D:\R3\MyProject\OC_Item\Release\OC_Item.dll" ..\..\..\Execute\Release\TestItem
         :VCEnd
         已复制         1 个文件。
       FinalizeBuildStatus:
         正在删除文件“Release\OC_Item.unsuccessfulbuild”。
         正在对“Release\OC_Item.lastbuildstate”执行 Touch 任务。
     1>已完成生成项目“D:\R3\MyProject\OC_Item\OC_Item\OC_Item.vcxproj”(rebuild 个目标)的操作。

生成成功。

已用时间 00:00:04.77
