生成启动时间为 2017/11/30 10:38:07。
     1>项目“E:\R3\MyProject\Shading221\Shading221\Shading221.vcxproj”在节点 2 上(rebuild 个目标)。
     1>_PrepareForClean:
         正在删除文件“Release\Shading221.lastbuildstate”。
       InitializeBuildStatus:
         正在创建“Release\Shading221.unsuccessfulbuild”，因为已指定“AlwaysCreate”。
       ClCompile:
         C:\Program Files (x86)\Microsoft Visual Studio 10.0\VC\bin\CL.exe /c /I..\..\..\Include /Zi /nologo /W3 /WX- /O2 /Oi /Oy- /GL /D WIN32 /D _WINDOWS /D NDEBUG /D _USRDLL /D _WINDLL /D _UNICODE /D UNICODE /D _AFXDLL /Gm- /EHsc /MD /GS /Gy /fp:precise /Zc:wchar_t /Zc:forScope /Yc"StdAfx.h" /Fp"Release\Shading221.pch" /Fo"Release\\" /Fd"Release\vc100.pdb" /Gd /TP /analyze- /errorReport:prompt stdafx.cpp
         stdafx.cpp
         C:\Program Files (x86)\Microsoft Visual Studio 10.0\VC\bin\CL.exe /c /I..\..\..\Include /Zi /nologo /W3 /WX- /O2 /Oi /Oy- /GL /D WIN32 /D _WINDOWS /D NDEBUG /D _USRDLL /D _WINDLL /D _UNICODE /D UNICODE /D _AFXDLL /Gm- /EHsc /MD /GS /Gy /fp:precise /Zc:wchar_t /Zc:forScope /Yu"StdAfx.h" /Fp"Release\Shading221.pch" /Fo"Release\\" /Fd"Release\vc100.pdb" /Gd /TP /analyze- /errorReport:prompt Shading221.cpp Shading221_TestItem.cpp OptionDlg.cpp
         Shading221.cpp
         Shading221_TestItem.cpp
     1>Shading221_TestItem.cpp(415): warning C4244: “=”: 从“double”转换到“float”，可能丢失数据
     1>Shading221_TestItem.cpp(416): warning C4244: “=”: 从“double”转换到“float”，可能丢失数据
     1>Shading221_TestItem.cpp(480): warning C4996: 'freopen': This function or variable may be unsafe. Consider using freopen_s instead. To disable deprecation, use _CRT_SECURE_NO_WARNINGS. See online help for details.
                 C:\Program Files (x86)\Microsoft Visual Studio 10.0\VC\include\stdio.h(249) : 参见“freopen”的声明
     1>Shading221_TestItem.cpp(692): warning C4244: “=”: 从“double”转换到“float”，可能丢失数据
     1>Shading221_TestItem.cpp(713): warning C4244: “=”: 从“double”转换到“float”，可能丢失数据
     1>Shading221_TestItem.cpp(734): warning C4244: “=”: 从“double”转换到“float”，可能丢失数据
     1>Shading221_TestItem.cpp(755): warning C4244: “=”: 从“double”转换到“float”，可能丢失数据
     1>Shading221_TestItem.cpp(785): warning C4244: “初始化”: 从“double”转换到“float”，可能丢失数据
     1>Shading221_TestItem.cpp(835): warning C4996: 'freopen': This function or variable may be unsafe. Consider using freopen_s instead. To disable deprecation, use _CRT_SECURE_NO_WARNINGS. See online help for details.
                 C:\Program Files (x86)\Microsoft Visual Studio 10.0\VC\include\stdio.h(249) : 参见“freopen”的声明
         OptionDlg.cpp
       ResourceCompile:
         C:\Program Files (x86)\Microsoft SDKs\Windows\v7.0A\bin\rc.exe /D NDEBUG /D _UNICODE /D UNICODE /D _AFXDLL /l"0x0804" /IRelease\ /nologo /fo"Release\Shading221.res" Shading221.rc 
       Link:
         C:\Program Files (x86)\Microsoft Visual Studio 10.0\VC\bin\link.exe /ERRORREPORT:PROMPT /OUT:"E:\R3\MyProject\AE\Release\Shading221.dll" /INCREMENTAL:NO /NOLOGO /LIBPATH:..\..\..\Lib\Release TestItemInterface.lib ImageProc.lib /MANIFEST /ManifestFile:"Release\Shading221.dll.intermediate.manifest" /MANIFESTUAC:"level='asInvoker' uiAccess='false'" /DEBUG /PDB:"E:\R3\MyProject\AE\Release\Shading221.pdb" /SUBSYSTEM:WINDOWS /OPT:REF /OPT:ICF /LTCG /TLBID:1 /DYNAMICBASE /NXCOMPAT /IMPLIB:"E:\R3\MyProject\AE\Release\Shading221.lib" /MACHINE:X86 /DLL Release\Shading221.res
         Release\Shading221.obj
         Release\Shading221_TestItem.obj
         Release\OptionDlg.obj
         Release\stdafx.obj
            正在创建库 E:\R3\MyProject\AE\Release\Shading221.lib 和对象 E:\R3\MyProject\AE\Release\Shading221.exp
         正在生成代码
         已完成代码的生成
     1>TestItemInterface.lib(TestItemInterface.obj) : warning LNK4099: 未找到 PDB“vc100.pdb”(使用“TestItemInterface.lib(TestItemInterface.obj)”或在“E:\R3\MyProject\AE\Release\vc100.pdb”中寻找)；正在链接对象，如同没有调试信息一样
     1>TestItemInterface.lib(stdafx.obj) : warning LNK4099: 未找到 PDB“vc100.pdb”(使用“TestItemInterface.lib(stdafx.obj)”或在“E:\R3\MyProject\AE\Release\vc100.pdb”中寻找)；正在链接对象，如同没有调试信息一样
         Shading221.vcxproj -> E:\R3\MyProject\AE\Release\Shading221.dll
       Manifest:
         C:\Program Files (x86)\Microsoft SDKs\Windows\v7.0A\bin\mt.exe /nologo /verbose /outputresource:"E:\R3\MyProject\AE\Release\Shading221.dll;#2" /manifest Release\Shading221.dll.intermediate.manifest "C:\Program Files (x86)\Microsoft Visual Studio 10.0\VC\Include\Manifest\dpiaware.manifest"
       PostBuildEvent:
         copy "E:\R3\MyProject\AE\Release\Shading221.dll" ..\..\..\Execute\Release\TestItem
         :VCEnd
         已复制         1 个文件。
       FinalizeBuildStatus:
         正在删除文件“Release\Shading221.unsuccessfulbuild”。
         正在对“Release\Shading221.lastbuildstate”执行 Touch 任务。
     1>已完成生成项目“E:\R3\MyProject\Shading221\Shading221\Shading221.vcxproj”(rebuild 个目标)的操作。

生成成功。

已用时间 00:00:08.73
