Build started 2016/11/16 14:20:30.
     1>Project "D:\New Journey\人物\DualShare_r3\MyProject\SaveFile_FuseID\SaveFile_FuseID\SaveFile_FuseID.vcxproj" on node 2 (rebuild target(s)).
     1>_PrepareForClean:
         Deleting file "Debug\SaveFile_FuseID.lastbuildstate".
       InitializeBuildStatus:
         Creating "Debug\SaveFile_FuseID.unsuccessfulbuild" because "AlwaysCreate" was specified.
       ClCompile:
         C:\Program Files\Microsoft Visual Studio 10.0\VC\bin\CL.exe /c /I..\..\..\Include /ZI /nologo /W3 /WX- /Od /Oy- /D WIN32 /D _WINDOWS /D NDEBUG /D _USRDLL /D _WINDLL /D _UNICODE /D UNICODE /D _AFXDLL /Gm /EHsc /RTC1 /MDd /GS /fp:precise /Zc:wchar_t /Zc:forScope /Yc"StdAfx.h" /Fp"Debug\SaveFile_FuseID.pch" /Fo"Debug\\" /Fd"Debug\vc100.pdb" /Gd /TP /analyze- /errorReport:prompt stdafx.cpp
         stdafx.cpp
         C:\Program Files\Microsoft Visual Studio 10.0\VC\bin\CL.exe /c /I..\..\..\Include /ZI /nologo /W3 /WX- /Od /Oy- /D WIN32 /D _WINDOWS /D NDEBUG /D _USRDLL /D _WINDLL /D _UNICODE /D UNICODE /D _AFXDLL /Gm /EHsc /RTC1 /MDd /GS /fp:precise /Zc:wchar_t /Zc:forScope /Yu"StdAfx.h" /Fp"Debug\SaveFile_FuseID.pch" /Fo"Debug\\" /Fd"Debug\vc100.pdb" /Gd /TP /analyze- /errorReport:prompt OptionDlg.cpp SaveFile_FuseID.cpp SaveFile_FuseID_TestItem.cpp
         SaveFile_FuseID_TestItem.cpp
     1>d:\new journey\人物\dualshare_r3\myproject\savefile_fuseid\savefile_fuseid\savefile_fuseid_testitem.cpp(97): warning C4018: '<' : signed/unsigned mismatch
         SaveFile_FuseID.cpp
         OptionDlg.cpp
         Generating Code...
       ResourceCompile:
         C:\Program Files\Microsoft SDKs\Windows\v7.0A\bin\rc.exe /D _DEBUG /D _UNICODE /D UNICODE /D _AFXDLL /l"0x0804" /IDebug\ /nologo /fo"Debug\SaveFile_FuseID.res" SaveFile_FuseID.rc 
       ManifestResourceCompile:
         C:\Program Files\Microsoft SDKs\Windows\v7.0A\bin\rc.exe /nologo /fo"Debug\SaveFile_FuseID.dll.embed.manifest.res" Debug\SaveFile_FuseID_manifest.rc 
       Link:
         C:\Program Files\Microsoft Visual Studio 10.0\VC\bin\link.exe /ERRORREPORT:PROMPT /OUT:"D:\New Journey\人物\DualShare_r3\Main\OFccmTest\OFccmTest\Debug\SaveFile_FuseID.dll" /INCREMENTAL /NOLOGO /LIBPATH:..\..\..\Lib\Debug TestItemInterface_d.lib ImageProc_d.lib /MANIFEST /ManifestFile:"Debug\SaveFile_FuseID.dll.intermediate.manifest" /MANIFESTUAC:"level='asInvoker' uiAccess='false'" /DEBUG /PDB:"D:\New Journey\人物\DualShare_r3\Main\OFccmTest\OFccmTest\Debug\SaveFile_FuseID.pdb" /SUBSYSTEM:WINDOWS /TLBID:1 /DYNAMICBASE /NXCOMPAT /IMPLIB:"D:\New Journey\人物\DualShare_r3\Main\OFccmTest\OFccmTest\Debug\SaveFile_FuseID.lib" /MACHINE:X86 /DLL Debug\SaveFile_FuseID.res
         Debug\SaveFile_FuseID.dll.embed.manifest.res
         Debug\OptionDlg.obj
         Debug\SaveFile_FuseID.obj
         Debug\SaveFile_FuseID_TestItem.obj
         Debug\stdafx.obj
            Creating library D:\New Journey\人物\DualShare_r3\Main\OFccmTest\OFccmTest\Debug\SaveFile_FuseID.lib and object D:\New Journey\人物\DualShare_r3\Main\OFccmTest\OFccmTest\Debug\SaveFile_FuseID.exp
       Manifest:
         Deleting file "Debug\SaveFile_FuseID.dll.embed.manifest".
         C:\Program Files\Microsoft SDKs\Windows\v7.0A\bin\mt.exe /nologo /verbose /out:"Debug\SaveFile_FuseID.dll.embed.manifest" /manifest Debug\SaveFile_FuseID.dll.intermediate.manifest "C:\Program Files\Microsoft Visual Studio 10.0\VC\Include\Manifest\dpiaware.manifest"
         C:\Program Files\Microsoft SDKs\Windows\v7.0A\bin\rc.exe /nologo /fo"Debug\SaveFile_FuseID.dll.embed.manifest.res" Debug\SaveFile_FuseID_manifest.rc 
       LinkEmbedManifest:
         C:\Program Files\Microsoft Visual Studio 10.0\VC\bin\link.exe /ERRORREPORT:PROMPT /OUT:"D:\New Journey\人物\DualShare_r3\Main\OFccmTest\OFccmTest\Debug\SaveFile_FuseID.dll" /INCREMENTAL /NOLOGO /LIBPATH:..\..\..\Lib\Debug TestItemInterface_d.lib ImageProc_d.lib /MANIFEST /ManifestFile:"Debug\SaveFile_FuseID.dll.intermediate.manifest" /MANIFESTUAC:"level='asInvoker' uiAccess='false'" /DEBUG /PDB:"D:\New Journey\人物\DualShare_r3\Main\OFccmTest\OFccmTest\Debug\SaveFile_FuseID.pdb" /SUBSYSTEM:WINDOWS /TLBID:1 /DYNAMICBASE /NXCOMPAT /IMPLIB:"D:\New Journey\人物\DualShare_r3\Main\OFccmTest\OFccmTest\Debug\SaveFile_FuseID.lib" /MACHINE:X86 /DLL Debug\SaveFile_FuseID.res
         Debug\SaveFile_FuseID.dll.embed.manifest.res
         Debug\OptionDlg.obj
         Debug\SaveFile_FuseID.obj
         Debug\SaveFile_FuseID_TestItem.obj
         Debug\stdafx.obj
            Creating library D:\New Journey\人物\DualShare_r3\Main\OFccmTest\OFccmTest\Debug\SaveFile_FuseID.lib and object D:\New Journey\人物\DualShare_r3\Main\OFccmTest\OFccmTest\Debug\SaveFile_FuseID.exp
         SaveFile_FuseID.vcxproj -> D:\New Journey\人物\DualShare_r3\Main\OFccmTest\OFccmTest\Debug\SaveFile_FuseID.dll
       PostBuildEvent:
         copy "D:\New Journey\人物\DualShare_r3\Main\OFccmTest\OFccmTest\Debug\SaveFile_FuseID.dll" ..\..\..\Execute\Debug\TestItem
         :VCEnd
         已复制         1 个文件。
       FinalizeBuildStatus:
         Deleting file "Debug\SaveFile_FuseID.unsuccessfulbuild".
         Touching "Debug\SaveFile_FuseID.lastbuildstate".
     1>Done Building Project "D:\New Journey\人物\DualShare_r3\MyProject\SaveFile_FuseID\SaveFile_FuseID\SaveFile_FuseID.vcxproj" (rebuild target(s)).

Build succeeded.

Time Elapsed 00:00:18.71
