E:\R3\MAIN\OFCCMTEST\OFCCMTEST\RELEASE\VCMDRIVERINTERFACE.DLL
E:\R3\Main\OFccmTest\OFccmTest\Release\VcmDriverInterface.exp
E:\R3\Main\OFccmTest\OFccmTest\Release\VcmDriverInterface.lib
E:\R3\MAIN\OFCCMTEST\OFCCMTEST\RELEASE\VCMDRIVERINTERFACE.PDB
E:\R3\Main\VcmDriverInterface\VcmDriverInterface\Release\cl.command.1.tlog
E:\R3\Main\VcmDriverInterface\VcmDriverInterface\Release\CL.read.1.tlog
E:\R3\Main\VcmDriverInterface\VcmDriverInterface\Release\CL.write.1.tlog
E:\R3\MAIN\VCMDRIVERINTERFACE\VCMDRIVERINTERFACE\RELEASE\DRIVER_AK7371.OBJ
E:\R3\MAIN\VCMDRIVERINTERFACE\VCMDRIVERINTERFACE\RELEASE\DRIVER_AK7374.OBJ
E:\R3\MAIN\VCMDRIVERINTERFACE\VCMDRIVERINTERFACE\RELEASE\DRIVER_AXD898123XC.OBJ
E:\R3\MAIN\VCMDRIVERINTERFACE\VCMDRIVERINTERFACE\RELEASE\DRIVER_BU64295296297GWZ.OBJ
E:\R3\MAIN\VCMDRIVERINTERFACE\VCMDRIVERINTERFACE\RELEASE\DRIVER_BU64748GWZ.OBJ
E:\R3\MAIN\VCMDRIVERINTERFACE\VCMDRIVERINTERFACE\RELEASE\DRIVER_DW9714.OBJ
E:\R3\MAIN\VCMDRIVERINTERFACE\VCMDRIVERINTERFACE\RELEASE\DRIVER_DW9719.OBJ
E:\R3\MAIN\VCMDRIVERINTERFACE\VCMDRIVERINTERFACE\RELEASE\DRIVER_DW9763.OBJ
E:\R3\MAIN\VCMDRIVERINTERFACE\VCMDRIVERINTERFACE\RELEASE\DRIVER_DW9767.OBJ
E:\R3\MAIN\VCMDRIVERINTERFACE\VCMDRIVERINTERFACE\RELEASE\DRIVER_DW9800.OBJ
E:\R3\MAIN\VCMDRIVERINTERFACE\VCMDRIVERINTERFACE\RELEASE\DRIVER_DW9804.OBJ
E:\R3\MAIN\VCMDRIVERINTERFACE\VCMDRIVERINTERFACE\RELEASE\DRIVER_DW9807.OBJ
E:\R3\MAIN\VCMDRIVERINTERFACE\VCMDRIVERINTERFACE\RELEASE\DRIVER_HI541.OBJ
E:\R3\MAIN\VCMDRIVERINTERFACE\VCMDRIVERINTERFACE\RELEASE\DRIVER_LC898212.OBJ
E:\R3\MAIN\VCMDRIVERINTERFACE\VCMDRIVERINTERFACE\RELEASE\DRIVER_LC898212XD.OBJ
E:\R3\MAIN\VCMDRIVERINTERFACE\VCMDRIVERINTERFACE\RELEASE\DRIVER_LC898214XC_SHICOH.OBJ
E:\R3\MAIN\VCMDRIVERINTERFACE\VCMDRIVERINTERFACE\RELEASE\DRIVER_LC898219.OBJ
E:\R3\MAIN\VCMDRIVERINTERFACE\VCMDRIVERINTERFACE\RELEASE\DRIVER_MAX14650.OBJ
E:\R3\MAIN\VCMDRIVERINTERFACE\VCMDRIVERINTERFACE\RELEASE\DRIVER_S5K4EC.OBJ
E:\R3\MAIN\VCMDRIVERINTERFACE\VCMDRIVERINTERFACE\RELEASE\DRIVER_WV511A.OBJ
E:\R3\MAIN\VCMDRIVERINTERFACE\VCMDRIVERINTERFACE\RELEASE\DRIVERIC_DW9718.OBJ
E:\R3\MAIN\VCMDRIVERINTERFACE\VCMDRIVERINTERFACE\RELEASE\LC898217_E4_E6.OBJ
E:\R3\MAIN\VCMDRIVERINTERFACE\VCMDRIVERINTERFACE\RELEASE\LC898217_E8_EA.OBJ
E:\R3\Main\VcmDriverInterface\VcmDriverInterface\Release\link.command.1.tlog
E:\R3\Main\VcmDriverInterface\VcmDriverInterface\Release\link.read.1.tlog
E:\R3\Main\VcmDriverInterface\VcmDriverInterface\Release\link.write.1.tlog
E:\R3\Main\VcmDriverInterface\VcmDriverInterface\Release\link-cvtres.read.1.tlog
E:\R3\Main\VcmDriverInterface\VcmDriverInterface\Release\link-cvtres.write.1.tlog
E:\R3\Main\VcmDriverInterface\VcmDriverInterface\Release\mt.command.1.tlog
E:\R3\Main\VcmDriverInterface\VcmDriverInterface\Release\mt.read.1.tlog
E:\R3\Main\VcmDriverInterface\VcmDriverInterface\Release\mt.write.1.tlog
E:\R3\Main\VcmDriverInterface\VcmDriverInterface\Release\rc.command.1.tlog
E:\R3\Main\VcmDriverInterface\VcmDriverInterface\Release\rc.read.1.tlog
E:\R3\Main\VcmDriverInterface\VcmDriverInterface\Release\rc.write.1.tlog
E:\R3\MAIN\VCMDRIVERINTERFACE\VCMDRIVERINTERFACE\RELEASE\STDAFX.OBJ
E:\R3\MAIN\VCMDRIVERINTERFACE\VCMDRIVERINTERFACE\RELEASE\VC100.PDB
E:\R3\MAIN\VCMDRIVERINTERFACE\VCMDRIVERINTERFACE\RELEASE\VCMDRIVERINTERFACE.DLL.INTERMEDIATE.MANIFEST
E:\R3\MAIN\VCMDRIVERINTERFACE\VCMDRIVERINTERFACE\RELEASE\VCMDRIVERINTERFACE.OBJ
E:\R3\MAIN\VCMDRIVERINTERFACE\VCMDRIVERINTERFACE\RELEASE\VCMDRIVERINTERFACE.PCH
E:\R3\MAIN\VCMDRIVERINTERFACE\VCMDRIVERINTERFACE\RELEASE\VCMDRIVERINTERFACE.RES
E:\R3\Main\VcmDriverInterface\VcmDriverInterface\Release\VcmDriverInterface.write.1.tlog
