生成启动时间为 2016/6/15 10:46:15。
     1>项目“E:\CCMSDK_1224\Handle\Handle_Mdp01\Handle_Mdp01\Handle_Mdp01.vcxproj”在节点 2 上(Build 个目标)。
     1>ClCompile:
         D:\Program Files (x86)\Microsoft Visual Studio 14.0\VC\bin\CL.exe /c /ZI /nologo /W3 /WX- /sdl /Od /Oy- /D WIN32 /D _WINDOWS /D _DEBUG /D _UNICODE /D UNICODE /D _AFXDLL /Gm /EHsc /RTC1 /MDd /GS /fp:precise /Zc:wchar_t /Zc:forScope /Zc:inline /Yu"stdafx.h" /Fp"Debug\Handle_Mdp01.pch" /Fo"Debug\\" /Fd"Debug\vc140.pdb" /Gd /TP /analyze- /errorReport:prompt Handle_Mdp01.cpp Handle_Mdp01Dlg.cpp SocketClient.cpp
         Handle_Mdp01Dlg.cpp
         正在生成代码...
         正在编译...
         SocketClient.cpp
         Handle_Mdp01.cpp
         正在生成代码...
       ResourceCompile:
         C:\Program Files (x86)\Windows Kits\8.1\bin\x86\rc.exe /D _DEBUG /D _UNICODE /D UNICODE /D _AFXDLL /l"0x0804" /IDebug\ /nologo /fo"Debug\Handle_Mdp01.res" Handle_Mdp01.rc 
       Link:
         D:\Program Files (x86)\Microsoft Visual Studio 14.0\VC\bin\link.exe /ERRORREPORT:PROMPT /OUT:"E:\CCMSDK_1224\Handle\Handle_Mdp01\Debug\Handle_Mdp01.exe" /INCREMENTAL /NOLOGO /MANIFEST /MANIFESTUAC:"level='asInvoker' uiAccess='false'" /manifest:embed /manifestinput:"D:\Program Files (x86)\Microsoft Visual Studio 14.0\VC\Include\Manifest\dpiaware.manifest" /Debug /PDB:"E:\CCMSDK_1224\Handle\Handle_Mdp01\Debug\Handle_Mdp01.pdb" /SUBSYSTEM:WINDOWS /TLBID:1 /ENTRY:"wWinMainCRTStartup" /DYNAMICBASE /NXCOMPAT /IMPLIB:"E:\CCMSDK_1224\Handle\Handle_Mdp01\Debug\Handle_Mdp01.lib" /MACHINE:X86 Debug\Handle_Mdp01.res
         Debug\ConfigFileRw.obj
         Debug\Handle_Mdp01.obj
         Debug\Handle_Mdp01Dlg.obj
         Debug\SocketClient.obj
         Debug\stdafx.obj
         Handle_Mdp01.vcxproj -> E:\CCMSDK_1224\Handle\Handle_Mdp01\Debug\Handle_Mdp01.exe
     1>已完成生成项目“E:\CCMSDK_1224\Handle\Handle_Mdp01\Handle_Mdp01\Handle_Mdp01.vcxproj”(Build 个目标)的操作。

已成功生成。

已用时间 00:01:09.01
