2015-12-11 17:17:620   Output LSCData----->0=0xFF
2015-12-11 17:17:620   Output LSCData----->1=0x00
2015-12-11 17:17:620   Output LSCData----->2=0x02
2015-12-11 17:17:620   Output LSCData----->3=0x01
2015-12-11 17:17:620   Output LSCData----->4=0x08
2015-12-11 17:17:620   Output LSCData----->5=0x05
2015-12-11 17:17:636   Output LSCData----->6=0xC4
2015-12-11 17:17:636   Output LSCData----->7=0x03
2015-12-11 17:17:636   Output LSCData----->8=0x0C
2015-12-11 17:17:636   Output LSCData----->9=0x00
2015-12-11 17:17:636   Output LSCData----->10=0x0C
2015-12-11 17:17:948   Output LSCData----->11=0x00
2015-12-11 17:17:073   Output LSCData----->12=0x38
2015-12-11 17:17:198   Output LSCData----->13=0x08
2015-12-11 17:17:401   Output LSCData----->14=0x18
2015-12-11 17:17:417   Output LSCData----->15=0x06
2015-12-11 17:17:479   Output LSCData----->16=0x0A
2015-12-11 17:17:667   Output LSCData----->17=0x00
2015-12-11 17:17:683   Output LSCData----->18=0x0A
2015-12-11 17:17:776   Output LSCData----->19=0x00
2015-12-11 17:17:839   Output LSCData----->20=0x00
2015-12-11 17:17:854   Output LSCData----->21=0x00
2015-12-11 17:17:854   Output LSCData----->22=0x00
2015-12-11 17:17:183   Output LSCData----->23=0x00
2015-12-11 17:17:183   Output LSCData----->24=0xC2
2015-12-11 17:17:214   Output LSCData----->25=0x01
2015-12-11 17:17:276   Output LSCData----->26=0x00
2015-12-11 17:17:292   Output LSCData----->27=0x00
2015-12-11 17:17:370   Output LSCData----->28=0x00
2015-12-11 17:17:479   Output LSCData----->29=0x00
2015-12-11 17:17:479   Output LSCData----->30=0x00
2015-12-11 17:17:479   Output LSCData----->31=0x30
2015-12-11 17:17:557   Output LSCData----->32=0x78
2015-12-11 17:17:573   Output LSCData----->33=0x30
2015-12-11 17:17:682   Output LSCData----->34=0x80
2015-12-11 17:17:682   Output LSCData----->35=0x40
2015-12-11 17:17:964   Output LSCData----->36=0x00
2015-12-11 17:17:964   Output LSCData----->37=0x00
2015-12-11 17:17:964   Output LSCData----->38=0x00
2015-12-11 17:17:979   Output LSCData----->39=0x40
2015-12-11 17:17:979   Output LSCData----->40=0x7A
2015-12-11 17:17:026   Output LSCData----->41=0x00
2015-12-11 17:17:026   Output LSCData----->42=0x84
2015-12-11 17:17:042   Output LSCData----->43=0x00
2015-12-11 17:17:120   Output LSCData----->44=0x20
2015-12-11 17:17:167   Output LSCData----->45=0x20
2015-12-11 17:17:214   Output LSCData----->46=0x20
2015-12-11 17:17:261   Output LSCData----->47=0x20
2015-12-11 17:17:448   Output LSCData----->48=0x00
2015-12-11 17:17:448   Output LSCData----->49=0x00
2015-12-11 17:17:464   Output LSCData----->50=0x00
2015-12-11 17:17:464   Output LSCData----->51=0x30
2015-12-11 17:17:464   Output LSCData----->52=0x37
2015-12-11 17:17:464   Output LSCData----->53=0xD0
2015-12-11 17:17:464   Output LSCData----->54=0x4B
2015-12-11 17:17:464   Output LSCData----->55=0xD0
2015-12-11 17:17:464   Output LSCData----->56=0x00
2015-12-11 17:17:479   Output LSCData----->57=0x00
2015-12-11 17:17:479   Output LSCData----->58=0x00
2015-12-11 17:17:479   Output LSCData----->59=0x40
2015-12-11 17:17:651   Output LSCData----->60=0x41
2015-12-11 17:17:682   Output LSCData----->61=0x00
2015-12-11 17:17:714   Output LSCData----->62=0x4D
2015-12-11 17:17:761   Output LSCData----->63=0x00
2015-12-11 17:17:761   Output LSCData----->64=0x20
2015-12-11 17:17:761   Output LSCData----->65=0x20
2015-12-11 17:17:761   Output LSCData----->66=0x20
2015-12-11 17:17:761   Output LSCData----->67=0x20
2015-12-11 17:17:761   Output LSCData----->68=0xEC
2015-12-11 17:17:761   Output LSCData----->69=0x61
2015-12-11 17:17:761   Output LSCData----->70=0xBC
2015-12-11 17:17:761   Output LSCData----->71=0x68
2015-12-11 17:17:761   Output LSCData----->72=0xE6
2015-12-11 17:17:776   Output LSCData----->73=0x5C
2015-12-11 17:17:776   Output LSCData----->74=0x09
2015-12-11 17:17:776   Output LSCData----->75=0x62
2015-12-11 17:17:776   Output LSCData----->76=0x71
2015-12-11 17:17:776   Output LSCData----->77=0x57
2015-12-11 17:17:776   Output LSCData----->78=0x56
2015-12-11 17:17:776   Output LSCData----->79=0x5C
2015-12-11 17:17:776   Output LSCData----->80=0x8D
2015-12-11 17:17:776   Output LSCData----->81=0x53
2015-12-11 17:17:776   Output LSCData----->82=0x6D
2015-12-11 17:17:776   Output LSCData----->83=0x57
2015-12-11 17:17:776   Output LSCData----->84=0xF0
2015-12-11 17:17:776   Output LSCData----->85=0x4C
2015-12-11 17:17:776   Output LSCData----->86=0xAD
2015-12-11 17:17:792   Output LSCData----->87=0x4F
2015-12-11 17:17:792   Output LSCData----->88=0xA0
2015-12-11 17:17:792   Output LSCData----->89=0x49
2015-12-11 17:17:792   Output LSCData----->90=0x11
2015-12-11 17:17:792   Output LSCData----->91=0x4D
2015-12-11 17:17:792   Output LSCData----->92=0x0A
2015-12-11 17:17:792   Output LSCData----->93=0x46
2015-12-11 17:17:792   Output LSCData----->94=0xAD
2015-12-11 17:17:792   Output LSCData----->95=0x48
2015-12-11 17:17:792   Output LSCData----->96=0x12
2015-12-11 17:17:792   Output LSCData----->97=0x43
2015-12-11 17:17:792   Output LSCData----->98=0x54
2015-12-11 17:17:792   Output LSCData----->99=0x46
2015-12-11 17:17:792   Output LSCData----->100=0xAC
2015-12-11 17:17:807   Output LSCData----->101=0x3F
2015-12-11 17:17:807   Output LSCData----->102=0x74
2015-12-11 17:17:807   Output LSCData----->103=0x41
2015-12-11 17:17:807   Output LSCData----->104=0xF8
2015-12-11 17:17:807   Output LSCData----->105=0x3C
2015-12-11 17:17:807   Output LSCData----->106=0xD6
2015-12-11 17:17:807   Output LSCData----->107=0x3F
2015-12-11 17:17:807   Output LSCData----->108=0x77
2015-12-11 17:17:807   Output LSCData----->109=0x3B
2015-12-11 17:17:807   Output LSCData----->110=0x28
2015-12-11 17:17:807   Output LSCData----->111=0x3D
2015-12-11 17:17:807   Output LSCData----->112=0x10
2015-12-11 17:17:807   Output LSCData----->113=0x39
2015-12-11 17:17:807   Output LSCData----->114=0xCA
2015-12-11 17:17:823   Output LSCData----->115=0x3B
2015-12-11 17:17:823   Output LSCData----->116=0x3F
2015-12-11 17:17:823   Output LSCData----->117=0x39
2015-12-11 17:17:823   Output LSCData----->118=0x8E
2015-12-11 17:17:823   Output LSCData----->119=0x3A
2015-12-11 17:17:823   Output LSCData----->120=0xF0
2015-12-11 17:17:823   Output LSCData----->121=0x36
2015-12-11 17:17:823   Output LSCData----->122=0x5A
2015-12-11 17:17:823   Output LSCData----->123=0x39
2015-12-11 17:17:823   Output LSCData----->124=0xCB
2015-12-11 17:17:823   Output LSCData----->125=0x38
2015-12-11 17:17:823   Output LSCData----->126=0x03
2015-12-11 17:17:823   Output LSCData----->127=0x3A
2015-12-11 17:17:823   Output LSCData----->128=0x77
2015-12-11 17:17:839   Output LSCData----->129=0x36
2015-12-11 17:17:839   Output LSCData----->130=0x20
2015-12-11 17:17:839   Output LSCData----->131=0x39
2015-12-11 17:17:839   Output LSCData----->132=0x67
2015-12-11 17:17:839   Output LSCData----->133=0x3A
2015-12-11 17:17:839   Output LSCData----->134=0xA1
2015-12-11 17:17:839   Output LSCData----->135=0x3B
2015-12-11 17:17:839   Output LSCData----->136=0x15
2015-12-11 17:17:839   Output LSCData----->137=0x38
2015-12-11 17:17:839   Output LSCData----->138=0x81
2015-12-11 17:17:839   Output LSCData----->139=0x3A
2015-12-11 17:17:839   Output LSCData----->140=0xDA
2015-12-11 17:17:854   Output LSCData----->141=0x3D
2015-12-11 17:17:854   Output LSCData----->142=0x82
2015-12-11 17:17:854   Output LSCData----->143=0x3F
2015-12-11 17:17:854   Output LSCData----->144=0x49
2015-12-11 17:17:854   Output LSCData----->145=0x3B
2015-12-11 17:17:854   Output LSCData----->146=0xF8
2015-12-11 17:17:854   Output LSCData----->147=0x3D
2015-12-11 17:17:854   Output LSCData----->148=0xA3
2015-12-11 17:17:854   Output LSCData----->149=0x43
2015-12-11 17:17:854   Output LSCData----->150=0x08
2015-12-11 17:17:854   Output LSCData----->151=0x46
2015-12-11 17:17:854   Output LSCData----->152=0xF1
2015-12-11 17:17:854   Output LSCData----->153=0x40
2015-12-11 17:17:854   Output LSCData----->154=0xA2
2015-12-11 17:17:854   Output LSCData----->155=0x43
2015-12-11 17:17:854   Output LSCData----->156=0xE1
2015-12-11 17:17:870   Output LSCData----->157=0x4B
2015-12-11 17:17:870   Output LSCData----->158=0xBA
2015-12-11 17:17:870   Output LSCData----->159=0x4E
2015-12-11 17:17:870   Output LSCData----->160=0xFC
2015-12-11 17:17:870   Output LSCData----->161=0x48
2015-12-11 17:17:870   Output LSCData----->162=0x3E
2015-12-11 17:17:870   Output LSCData----->163=0x4C
2015-12-11 17:17:870   Output LSCData----->164=0x7C
2015-12-11 17:17:870   Output LSCData----->165=0x55
2015-12-11 17:17:870   Output LSCData----->166=0xC0
2015-12-11 17:17:870   Output LSCData----->167=0x59
2015-12-11 17:17:870   Output LSCData----->168=0x93
2015-12-11 17:17:886   Output LSCData----->169=0x52
2015-12-11 17:17:886   Output LSCData----->170=0x63
2015-12-11 17:17:886   Output LSCData----->171=0x55
2015-12-11 17:17:886   Output LSCData----->172=0x95
2015-12-11 17:17:886   Output LSCData----->173=0x62
2015-12-11 17:17:886   Output LSCData----->174=0xD0
2015-12-11 17:17:886   Output LSCData----->175=0x67
2015-12-11 17:17:886   Output LSCData----->176=0xA5
2015-12-11 17:17:886   Output LSCData----->177=0x5F
2015-12-11 17:17:886   Output LSCData----->178=0x18
2015-12-11 17:17:886   Output LSCData----->179=0x63
2015-12-11 17:17:886   Output LSCData----->180=0x1C
2015-12-11 17:17:886   Output LSCData----->181=0x70
2015-12-11 17:17:886   Output LSCData----->182=0x59
2015-12-11 17:17:886   Output LSCData----->183=0x76
2015-12-11 17:17:901   Output LSCData----->184=0x20
2015-12-11 17:17:901   Output LSCData----->185=0x6D
2015-12-11 17:17:901   Output LSCData----->186=0x2F
2015-12-11 17:17:901   Output LSCData----->187=0x70
2015-12-11 17:17:901   Output LSCData----->188=0x7C
2015-12-11 17:17:901   Output LSCData----->189=0x5C
2015-12-11 17:17:901   Output LSCData----->190=0xD8
2015-12-11 17:17:901   Output LSCData----->191=0x61
2015-12-11 17:17:901   Output LSCData----->192=0x38
2015-12-11 17:17:901   Output LSCData----->193=0x58
2015-12-11 17:17:901   Output LSCData----->194=0xBE
2015-12-11 17:17:901   Output LSCData----->195=0x5C
2015-12-11 17:17:901   Output LSCData----->196=0xB8
2015-12-11 17:17:917   Output LSCData----->197=0x50
2015-12-11 17:17:917   Output LSCData----->198=0x48
2015-12-11 17:17:917   Output LSCData----->199=0x54
2015-12-11 17:17:917   Output LSCData----->200=0x68
2015-12-11 17:17:917   Output LSCData----->201=0x4D
2015-12-11 17:17:917   Output LSCData----->202=0xE8
2015-12-11 17:17:917   Output LSCData----->203=0x50
2015-12-11 17:17:917   Output LSCData----->204=0xA9
2015-12-11 17:17:917   Output LSCData----->205=0x47
2015-12-11 17:17:917   Output LSCData----->206=0x61
2015-12-11 17:17:917   Output LSCData----->207=0x4A
2015-12-11 17:17:917   Output LSCData----->208=0xAD
2015-12-11 17:17:932   Output LSCData----->209=0x44
2015-12-11 17:17:932   Output LSCData----->210=0x20
2015-12-11 17:17:932   Output LSCData----->211=0x48
2015-12-11 17:17:932   Output LSCData----->212=0x0C
2015-12-11 17:17:932   Output LSCData----->213=0x40
2015-12-11 17:17:932   Output LSCData----->214=0x5D
2015-12-11 17:17:932   Output LSCData----->215=0x42
2015-12-11 17:17:932   Output LSCData----->216=0x6B
2015-12-11 17:17:932   Output LSCData----->217=0x3D
2015-12-11 17:17:932   Output LSCData----->218=0x6E
2015-12-11 17:17:932   Output LSCData----->219=0x40
2015-12-11 17:17:932   Output LSCData----->220=0x2C
2015-12-11 17:17:932   Output LSCData----->221=0x3A
2015-12-11 17:17:932   Output LSCData----->222=0xC6
2015-12-11 17:17:948   Output LSCData----->223=0x3B
2015-12-11 17:17:948   Output LSCData----->224=0x88
2015-12-11 17:17:948   Output LSCData----->225=0x37
2015-12-11 17:17:948   Output LSCData----->226=0x8C
2015-12-11 17:17:964   Output LSCData----->227=0x3A
2015-12-11 17:17:964   Output LSCData----->228=0x3C
2015-12-11 17:17:964   Output LSCData----->229=0x36
2015-12-11 17:17:964   Output LSCData----->230=0x65
2015-12-11 17:17:964   Output LSCData----->231=0x37
2015-12-11 17:17:964   Output LSCData----->232=0x24
2015-12-11 17:17:964   Output LSCData----->233=0x34
2015-12-11 17:17:964   Output LSCData----->234=0x65
2015-12-11 17:17:964   Output LSCData----->235=0x36
2015-12-11 17:17:964   Output LSCData----->236=0xF7
2015-12-11 17:17:964   Output LSCData----->237=0x33
2015-12-11 17:17:964   Output LSCData----->238=0xD6
2015-12-11 17:17:964   Output LSCData----->239=0x34
2015-12-11 17:17:979   Output LSCData----->240=0xDC
2015-12-11 17:17:979   Output LSCData----->241=0x31
2015-12-11 17:17:979   Output LSCData----->242=0x02
2015-12-11 17:17:979   Output LSCData----->243=0x34
2015-12-11 17:17:979   Output LSCData----->244=0x92
2015-12-11 17:17:979   Output LSCData----->245=0x33
2015-12-11 17:17:979   Output LSCData----->246=0x38
2015-12-11 17:17:979   Output LSCData----->247=0x34
2015-12-11 17:17:979   Output LSCData----->248=0x98
2015-12-11 17:17:979   Output LSCData----->249=0x31
2015-12-11 17:17:979   Output LSCData----->250=0x7D
2015-12-11 17:17:010   Output LSCData----->251=0x33
2015-12-11 17:17:010   Output LSCData----->252=0x1A
2015-12-11 17:17:010   Output LSCData----->253=0x35
2015-12-11 17:17:010   Output LSCData----->254=0x1F
2015-12-11 17:17:010   Output LSCData----->255=0x36
2015-12-11 17:17:010   Output LSCData----->256=0x30
2015-12-11 17:17:010   Output LSCData----->257=0x33
2015-12-11 17:17:010   Output LSCData----->258=0x2A
2015-12-11 17:17:010   Output LSCData----->259=0x35
2015-12-11 17:17:010   Output LSCData----->260=0x85
2015-12-11 17:17:010   Output LSCData----->261=0x38
2015-12-11 17:17:010   Output LSCData----->262=0xA1
2015-12-11 17:17:010   Output LSCData----->263=0x39
2015-12-11 17:17:026   Output LSCData----->264=0x44
2015-12-11 17:17:026   Output LSCData----->265=0x36
2015-12-11 17:17:026   Output LSCData----->266=0x92
2015-12-11 17:17:026   Output LSCData----->267=0x38
2015-12-11 17:17:026   Output LSCData----->268=0xE7
2015-12-11 17:17:026   Output LSCData----->269=0x3D
2015-12-11 17:17:026   Output LSCData----->270=0x89
2015-12-11 17:17:026   Output LSCData----->271=0x3F
2015-12-11 17:17:026   Output LSCData----->272=0x72
2015-12-11 17:17:026   Output LSCData----->273=0x3B
2015-12-11 17:17:026   Output LSCData----->274=0x10
2015-12-11 17:17:026   Output LSCData----->275=0x3E
2015-12-11 17:17:026   Output LSCData----->276=0x2C
2015-12-11 17:17:042   Output LSCData----->277=0x46
2015-12-11 17:17:042   Output LSCData----->278=0x1D
2015-12-11 17:17:042   Output LSCData----->279=0x48
2015-12-11 17:17:042   Output LSCData----->280=0x4C
2015-12-11 17:17:042   Output LSCData----->281=0x43
2015-12-11 17:17:042   Output LSCData----->282=0x36
2015-12-11 17:17:042   Output LSCData----->283=0x46
2015-12-11 17:17:042   Output LSCData----->284=0x56
2015-12-11 17:17:042   Output LSCData----->285=0x50
2015-12-11 17:17:073   Output LSCData----->286=0x5B
2015-12-11 17:17:073   Output LSCData----->287=0x53
2015-12-11 17:17:073   Output LSCData----->288=0xC0
2015-12-11 17:17:089   Output LSCData----->289=0x4D
2015-12-11 17:17:089   Output LSCData----->290=0x84
2015-12-11 17:17:089   Output LSCData----->291=0x50
2015-12-11 17:17:089   Output LSCData----->292=0xB1
2015-12-11 17:17:089   Output LSCData----->293=0x5C
2015-12-11 17:17:089   Output LSCData----->294=0x93
2015-12-11 17:17:089   Output LSCData----->295=0x60
2015-12-11 17:17:089   Output LSCData----->296=0xD8
2015-12-11 17:17:089   Output LSCData----->297=0x59
2015-12-11 17:17:089   Output LSCData----->298=0xBD
2015-12-11 17:17:089   Output LSCData----->299=0x5C
2015-12-11 17:17:104   Output LSCData----->300=0xAC
2015-12-11 17:17:104   Output LSCData----->301=0x6B
2015-12-11 17:17:104   Output LSCData----->302=0x87
2015-12-11 17:17:104   Output LSCData----->303=0x71
2015-12-11 17:17:104   Output LSCData----->304=0x0A
2015-12-11 17:17:104   Output LSCData----->305=0x69
2015-12-11 17:17:104   Output LSCData----->306=0x8B
2015-12-11 17:17:104   Output LSCData----->307=0x6B
2015-12-11 17:17:104   Output LSCData----->308=0xC2
2015-12-11 17:17:104   Output LSCData----->309=0x54
2015-12-11 17:17:104   Output LSCData----->310=0x56
2015-12-11 17:17:104   Output LSCData----->311=0x59
2015-12-11 17:17:104   Output LSCData----->312=0x4B
2015-12-11 17:17:104   Output LSCData----->313=0x51
2015-12-11 17:17:120   Output LSCData----->314=0x33
2015-12-11 17:17:120   Output LSCData----->315=0x55
2015-12-11 17:17:120   Output LSCData----->316=0x1A
2015-12-11 17:17:120   Output LSCData----->317=0x4B
2015-12-11 17:17:120   Output LSCData----->318=0x0E
2015-12-11 17:17:120   Output LSCData----->319=0x4E
2015-12-11 17:17:120   Output LSCData----->320=0xDE
2015-12-11 17:17:120   Output LSCData----->321=0x47
2015-12-11 17:17:120   Output LSCData----->322=0x52
2015-12-11 17:17:120   Output LSCData----->323=0x4B
2015-12-11 17:17:120   Output LSCData----->324=0x07
2015-12-11 17:17:120   Output LSCData----->325=0x42
2015-12-11 17:17:120   Output LSCData----->326=0xEE
2015-12-11 17:17:120   Output LSCData----->327=0x43
2015-12-11 17:17:135   Output LSCData----->328=0xCB
2015-12-11 17:17:135   Output LSCData----->329=0x3E
2015-12-11 17:17:135   Output LSCData----->330=0x27
2015-12-11 17:17:135   Output LSCData----->331=0x42
2015-12-11 17:17:135   Output LSCData----->332=0x11
2015-12-11 17:17:135   Output LSCData----->333=0x3A
2015-12-11 17:17:135   Output LSCData----->334=0x9C
2015-12-11 17:17:135   Output LSCData----->335=0x3B
2015-12-11 17:17:135   Output LSCData----->336=0x6F
2015-12-11 17:17:151   Output LSCData----->337=0x37
2015-12-11 17:17:151   Output LSCData----->338=0x57
2015-12-11 17:17:151   Output LSCData----->339=0x3A
2015-12-11 17:17:151   Output LSCData----->340=0x8B
2015-12-11 17:17:151   Output LSCData----->341=0x34
2015-12-11 17:17:151   Output LSCData----->342=0xB9
2015-12-11 17:17:151   Output LSCData----->343=0x35
2015-12-11 17:17:151   Output LSCData----->344=0xAF
2015-12-11 17:17:151   Output LSCData----->345=0x32
2015-12-11 17:17:167   Output LSCData----->346=0xBE
2015-12-11 17:17:167   Output LSCData----->347=0x34
2015-12-11 17:17:167   Output LSCData----->348=0x85
2015-12-11 17:17:167   Output LSCData----->349=0x30
2015-12-11 17:17:167   Output LSCData----->350=0x55
2015-12-11 17:17:167   Output LSCData----->351=0x31
2015-12-11 17:17:167   Output LSCData----->352=0xC5
2015-12-11 17:17:167   Output LSCData----->353=0x2E
2015-12-11 17:17:167   Output LSCData----->354=0xAA
2015-12-11 17:17:167   Output LSCData----->355=0x30
2015-12-11 17:17:182   Output LSCData----->356=0x13
2015-12-11 17:17:182   Output LSCData----->357=0x2E
2015-12-11 17:17:182   Output LSCData----->358=0xB4
2015-12-11 17:17:182   Output LSCData----->359=0x2E
2015-12-11 17:17:182   Output LSCData----->360=0x95
2015-12-11 17:17:182   Output LSCData----->361=0x2C
2015-12-11 17:17:182   Output LSCData----->362=0x12
2015-12-11 17:17:182   Output LSCData----->363=0x2E
2015-12-11 17:17:198   Output LSCData----->364=0x8A
2015-12-11 17:17:198   Output LSCData----->365=0x2D
2015-12-11 17:17:198   Output LSCData----->366=0xFC
2015-12-11 17:17:198   Output LSCData----->367=0x2D
2015-12-11 17:17:198   Output LSCData----->368=0x34
2015-12-11 17:17:198   Output LSCData----->369=0x2C
2015-12-11 17:17:198   Output LSCData----->370=0x99
2015-12-11 17:17:198   Output LSCData----->371=0x2D
2015-12-11 17:17:198   Output LSCData----->372=0x3D
2015-12-11 17:17:198   Output LSCData----->373=0x2F
2015-12-11 17:17:214   Output LSCData----->374=0xA4
2015-12-11 17:17:214   Output LSCData----->375=0x2F
2015-12-11 17:17:214   Output LSCData----->376=0xC7
2015-12-11 17:17:214   Output LSCData----->377=0x2D
2015-12-11 17:17:214   Output LSCData----->378=0x46
2015-12-11 17:17:214   Output LSCData----->379=0x2F
2015-12-11 17:17:214   Output LSCData----->380=0xFB
2015-12-11 17:17:214   Output LSCData----->381=0x32
2015-12-11 17:17:214   Output LSCData----->382=0xAD
2015-12-11 17:17:229   Output LSCData----->383=0x33
2015-12-11 17:17:229   Output LSCData----->384=0x34
2015-12-11 17:17:229   Output LSCData----->385=0x31
2015-12-11 17:17:229   Output LSCData----->386=0xF7
2015-12-11 17:17:229   Output LSCData----->387=0x32
2015-12-11 17:17:229   Output LSCData----->388=0x67
2015-12-11 17:17:229   Output LSCData----->389=0x38
2015-12-11 17:17:229   Output LSCData----->390=0x66
2015-12-11 17:17:229   Output LSCData----->391=0x39
2015-12-11 17:17:229   Output LSCData----->392=0x4A
2015-12-11 17:17:229   Output LSCData----->393=0x36
2015-12-11 17:17:229   Output LSCData----->394=0x82
2015-12-11 17:17:245   Output LSCData----->395=0x38
2015-12-11 17:17:245   Output LSCData----->396=0xF7
2015-12-11 17:17:245   Output LSCData----->397=0x3F
2015-12-11 17:17:260   Output LSCData----->398=0x9B
2015-12-11 17:17:260   Output LSCData----->399=0x41
2015-12-11 17:17:260   Output LSCData----->400=0x71
2015-12-11 17:17:276   Output LSCData----->401=0x3D
2015-12-11 17:17:276   Output LSCData----->402=0x55
2015-12-11 17:17:276   Output LSCData----->403=0x40
2015-12-11 17:17:276   Output LSCData----->404=0xA9
2015-12-11 17:17:276   Output LSCData----->405=0x4A
2015-12-11 17:17:276   Output LSCData----->406=0xCB
2015-12-11 17:17:276   Output LSCData----->407=0x4C
2015-12-11 17:17:276   Output LSCData----->408=0xAB
2015-12-11 17:17:276   Output LSCData----->409=0x47
2015-12-11 17:17:276   Output LSCData----->410=0x93
2015-12-11 17:17:276   Output LSCData----->411=0x4A
2015-12-11 17:17:276   Output LSCData----->412=0x6D
2015-12-11 17:17:292   Output LSCData----->413=0x57
2015-12-11 17:17:292   Output LSCData----->414=0xDD
2015-12-11 17:17:292   Output LSCData----->415=0x59
2015-12-11 17:17:292   Output LSCData----->416=0xDB
2015-12-11 17:17:292   Output LSCData----->417=0x53
2015-12-11 17:17:292   Output LSCData----->418=0x02
2015-12-11 17:17:292   Output LSCData----->419=0x57
2015-12-11 17:17:292   Output LSCData----->420=0xB1
2015-12-11 17:17:292   Output LSCData----->421=0x63
2015-12-11 17:17:292   Output LSCData----->422=0x62
2015-12-11 17:17:292   Output LSCData----->423=0x68
2015-12-11 17:17:292   Output LSCData----->424=0xBD
2015-12-11 17:17:307   Output LSCData----->425=0x60
2015-12-11 17:17:307   Output LSCData----->426=0xB9
2015-12-11 17:17:307   Output LSCData----->427=0x63
2015-12-11 17:17:307   Output LSCData----->428=0x75
2015-12-11 17:17:307   Output LSCData----->429=0x4F
2015-12-11 17:17:307   Output LSCData----->430=0x4D
2015-12-11 17:17:307   Output LSCData----->431=0x52
2015-12-11 17:17:307   Output LSCData----->432=0xCF
2015-12-11 17:17:307   Output LSCData----->433=0x4B
2015-12-11 17:17:307   Output LSCData----->434=0x8D
2015-12-11 17:17:307   Output LSCData----->435=0x4F
2015-12-11 17:17:307   Output LSCData----->436=0xA0
2015-12-11 17:17:307   Output LSCData----->437=0x46
2015-12-11 17:17:323   Output LSCData----->438=0x19
2015-12-11 17:17:323   Output LSCData----->439=0x49
2015-12-11 17:17:323   Output LSCData----->440=0x36
2015-12-11 17:17:323   Output LSCData----->441=0x43
2015-12-11 17:17:323   Output LSCData----->442=0xA9
2015-12-11 17:17:323   Output LSCData----->443=0x46
2015-12-11 17:17:323   Output LSCData----->444=0xEE
2015-12-11 17:17:323   Output LSCData----->445=0x3C
2015-12-11 17:17:323   Output LSCData----->446=0xBA
2015-12-11 17:17:323   Output LSCData----->447=0x3E
2015-12-11 17:17:323   Output LSCData----->448=0xAD
2015-12-11 17:17:323   Output LSCData----->449=0x39
2015-12-11 17:17:323   Output LSCData----->450=0x38
2015-12-11 17:17:339   Output LSCData----->451=0x3D
2015-12-11 17:17:339   Output LSCData----->452=0x85
2015-12-11 17:17:339   Output LSCData----->453=0x35
2015-12-11 17:17:339   Output LSCData----->454=0x8F
2015-12-11 17:17:339   Output LSCData----->455=0x36
2015-12-11 17:17:339   Output LSCData----->456=0x02
2015-12-11 17:17:339   Output LSCData----->457=0x33
2015-12-11 17:17:339   Output LSCData----->458=0x9B
2015-12-11 17:17:339   Output LSCData----->459=0x35
2015-12-11 17:17:339   Output LSCData----->460=0xD1
2015-12-11 17:17:339   Output LSCData----->461=0x2F
2015-12-11 17:17:339   Output LSCData----->462=0x95
2015-12-11 17:17:339   Output LSCData----->463=0x30
2015-12-11 17:17:354   Output LSCData----->464=0x2D
2015-12-11 17:17:370   Output LSCData----->465=0x2E
2015-12-11 17:17:370   Output LSCData----->466=0xF8
2015-12-11 17:17:385   Output LSCData----->467=0x2F
2015-12-11 17:17:385   Output LSCData----->468=0x70
2015-12-11 17:17:385   Output LSCData----->469=0x2B
2015-12-11 17:17:385   Output LSCData----->470=0x09
2015-12-11 17:17:385   Output LSCData----->471=0x2C
2015-12-11 17:17:385   Output LSCData----->472=0x1F
2015-12-11 17:17:385   Output LSCData----->473=0x2A
2015-12-11 17:17:385   Output LSCData----->474=0x94
2015-12-11 17:17:385   Output LSCData----->475=0x2B
2015-12-11 17:17:385   Output LSCData----->476=0x2A
2015-12-11 17:17:385   Output LSCData----->477=0x29
2015-12-11 17:17:385   Output LSCData----->478=0x56
2015-12-11 17:17:385   Output LSCData----->479=0x29
2015-12-11 17:17:401   Output LSCData----->480=0x34
2015-12-11 17:17:401   Output LSCData----->481=0x28
2015-12-11 17:17:401   Output LSCData----->482=0x35
2015-12-11 17:17:401   Output LSCData----->483=0x29
2015-12-11 17:17:401   Output LSCData----->484=0x8A
2015-12-11 17:17:401   Output LSCData----->485=0x28
2015-12-11 17:17:401   Output LSCData----->486=0xEE
2015-12-11 17:17:401   Output LSCData----->487=0x28
2015-12-11 17:17:401   Output LSCData----->488=0xCA
2015-12-11 17:17:401   Output LSCData----->489=0x27
2015-12-11 17:17:401   Output LSCData----->490=0x9A
2015-12-11 17:17:401   Output LSCData----->491=0x28
2015-12-11 17:17:417   Output LSCData----->492=0xFA
2015-12-11 17:17:417   Output LSCData----->493=0x29
2015-12-11 17:17:417   Output LSCData----->494=0x4E
2015-12-11 17:17:417   Output LSCData----->495=0x2A
2015-12-11 17:17:417   Output LSCData----->496=0x1F
2015-12-11 17:17:417   Output LSCData----->497=0x29
2015-12-11 17:17:417   Output LSCData----->498=0xFF
2015-12-11 17:17:417   Output LSCData----->499=0x29
2015-12-11 17:17:417   Output LSCData----->500=0xCD
2015-12-11 17:17:417   Output LSCData----->501=0x2D
2015-12-11 17:17:417   Output LSCData----->502=0x5E
2015-12-11 17:17:417   Output LSCData----->503=0x2E
2015-12-11 17:17:417   Output LSCData----->504=0xAB
2015-12-11 17:17:417   Output LSCData----->505=0x2C
2015-12-11 17:17:432   Output LSCData----->506=0xD7
2015-12-11 17:17:432   Output LSCData----->507=0x2D
2015-12-11 17:17:432   Output LSCData----->508=0x99
2015-12-11 17:17:432   Output LSCData----->509=0x33
2015-12-11 17:17:432   Output LSCData----->510=0x97
2015-12-11 17:17:432   Output LSCData----->511=0x34
2015-12-11 17:17:432   Output LSCData----->512=0x00
2015-12-11 17:17:432   Output LSCData----->513=0x32
2015-12-11 17:17:432   Output LSCData----->514=0xB9
2015-12-11 17:17:432   Output LSCData----->515=0x33
2015-12-11 17:17:432   Output LSCData----->516=0x9F
2015-12-11 17:17:432   Output LSCData----->517=0x3B
2015-12-11 17:17:432   Output LSCData----->518=0x77
2015-12-11 17:17:432   Output LSCData----->519=0x3C
2015-12-11 17:17:448   Output LSCData----->520=0x32
2015-12-11 17:17:448   Output LSCData----->521=0x39
2015-12-11 17:17:448   Output LSCData----->522=0x41
2015-12-11 17:17:448   Output LSCData----->523=0x3B
2015-12-11 17:17:448   Output LSCData----->524=0x67
2015-12-11 17:17:448   Output LSCData----->525=0x45
2015-12-11 17:17:448   Output LSCData----->526=0x48
2015-12-11 17:17:448   Output LSCData----->527=0x47
2015-12-11 17:17:448   Output LSCData----->528=0xD7
2015-12-11 17:17:448   Output LSCData----->529=0x42
2015-12-11 17:17:448   Output LSCData----->530=0xB1
2015-12-11 17:17:448   Output LSCData----->531=0x45
2015-12-11 17:17:464   Output LSCData----->532=0x72
2015-12-11 17:17:464   Output LSCData----->533=0x52
2015-12-11 17:17:464   Output LSCData----->534=0xA9
2015-12-11 17:17:464   Output LSCData----->535=0x54
2015-12-11 17:17:464   Output LSCData----->536=0xF4
2015-12-11 17:17:464   Output LSCData----->537=0x4E
2015-12-11 17:17:464   Output LSCData----->538=0x3F
2015-12-11 17:17:464   Output LSCData----->539=0x52
2015-12-11 17:17:464   Output LSCData----->540=0x57
2015-12-11 17:17:464   Output LSCData----->541=0x5E
2015-12-11 17:17:464   Output LSCData----->542=0x74
2015-12-11 17:17:464   Output LSCData----->543=0x62
2015-12-11 17:17:464   Output LSCData----->544=0x53
2015-12-11 17:17:479   Output LSCData----->545=0x5B
2015-12-11 17:17:479   Output LSCData----->546=0x1C
2015-12-11 17:17:479   Output LSCData----->547=0x5E
2015-12-11 17:17:479   Output LSCData----->548=0x50
2015-12-11 17:17:479   Output LSCData----->549=0x4B
2015-12-11 17:17:479   Output LSCData----->550=0x9A
2015-12-11 17:17:479   Output LSCData----->551=0x4E
2015-12-11 17:17:479   Output LSCData----->552=0x82
2015-12-11 17:17:479   Output LSCData----->553=0x47
2015-12-11 17:17:479   Output LSCData----->554=0x87
2015-12-11 17:17:479   Output LSCData----->555=0x4B
2015-12-11 17:17:479   Output LSCData----->556=0xB6
2015-12-11 17:17:479   Output LSCData----->557=0x42
2015-12-11 17:17:495   Output LSCData----->558=0x25
2015-12-11 17:17:495   Output LSCData----->559=0x45
2015-12-11 17:17:495   Output LSCData----->560=0x67
2015-12-11 17:17:495   Output LSCData----->561=0x3F
2015-12-11 17:17:495   Output LSCData----->562=0xFF
2015-12-11 17:17:510   Output LSCData----->563=0x42
2015-12-11 17:17:510   Output LSCData----->564=0x6B
2015-12-11 17:17:510   Output LSCData----->565=0x39
2015-12-11 17:17:510   Output LSCData----->566=0x73
2015-12-11 17:17:510   Output LSCData----->567=0x3A
2015-12-11 17:17:510   Output LSCData----->568=0x91
2015-12-11 17:17:510   Output LSCData----->569=0x36
2015-12-11 17:17:510   Output LSCData----->570=0x51
2015-12-11 17:17:510   Output LSCData----->571=0x39
2015-12-11 17:17:510   Output LSCData----->572=0x1C
2015-12-11 17:17:510   Output LSCData----->573=0x32
2015-12-11 17:17:510   Output LSCData----->574=0xDF
2015-12-11 17:17:526   Output LSCData----->575=0x32
2015-12-11 17:17:526   Output LSCData----->576=0xCC
2015-12-11 17:17:526   Output LSCData----->577=0x2F
2015-12-11 17:17:526   Output LSCData----->578=0x25
2015-12-11 17:17:526   Output LSCData----->579=0x32
2015-12-11 17:17:526   Output LSCData----->580=0xF1
2015-12-11 17:17:526   Output LSCData----->581=0x2B
2015-12-11 17:17:526   Output LSCData----->582=0xB1
2015-12-11 17:17:526   Output LSCData----->583=0x2C
2015-12-11 17:17:526   Output LSCData----->584=0x8F
2015-12-11 17:17:542   Output LSCData----->585=0x2A
2015-12-11 17:17:542   Output LSCData----->586=0x19
2015-12-11 17:17:542   Output LSCData----->587=0x2C
2015-12-11 17:17:542   Output LSCData----->588=0xB8
2015-12-11 17:17:542   Output LSCData----->589=0x27
2015-12-11 17:17:542   Output LSCData----->590=0xE9
2015-12-11 17:17:542   Output LSCData----->591=0x27
2015-12-11 17:17:542   Output LSCData----->592=0xCD
2015-12-11 17:17:542   Output LSCData----->593=0x26
2015-12-11 17:17:542   Output LSCData----->594=0xA5
2015-12-11 17:17:542   Output LSCData----->595=0x27
2015-12-11 17:17:542   Output LSCData----->596=0x6C
2015-12-11 17:17:542   Output LSCData----->597=0x25
2015-12-11 17:17:542   Output LSCData----->598=0xA9
2015-12-11 17:17:557   Output LSCData----->599=0x25
2015-12-11 17:17:557   Output LSCData----->600=0xCE
2015-12-11 17:17:557   Output LSCData----->601=0x24
2015-12-11 17:17:557   Output LSCData----->602=0x65
2015-12-11 17:17:557   Output LSCData----->603=0x25
2015-12-11 17:17:557   Output LSCData----->604=0xF0
2015-12-11 17:17:557   Output LSCData----->605=0x24
2015-12-11 17:17:557   Output LSCData----->606=0x23
2015-12-11 17:17:557   Output LSCData----->607=0x25
2015-12-11 17:17:557   Output LSCData----->608=0x9A
2015-12-11 17:17:557   Output LSCData----->609=0x24
2015-12-11 17:17:557   Output LSCData----->610=0xEE
2015-12-11 17:17:557   Output LSCData----->611=0x24
2015-12-11 17:17:573   Output LSCData----->612=0x67
2015-12-11 17:17:573   Output LSCData----->613=0x26
2015-12-11 17:17:573   Output LSCData----->614=0x7D
2015-12-11 17:17:573   Output LSCData----->615=0x26
2015-12-11 17:17:573   Output LSCData----->616=0xCC
2015-12-11 17:17:573   Output LSCData----->617=0x25
2015-12-11 17:17:573   Output LSCData----->618=0x4C
2015-12-11 17:17:573   Output LSCData----->619=0x26
2015-12-11 17:17:573   Output LSCData----->620=0xC9
2015-12-11 17:17:573   Output LSCData----->621=0x29
2015-12-11 17:17:573   Output LSCData----->622=0x14
2015-12-11 17:17:573   Output LSCData----->623=0x2A
2015-12-11 17:17:589   Output LSCData----->624=0x05
2015-12-11 17:17:589   Output LSCData----->625=0x29
2015-12-11 17:17:589   Output LSCData----->626=0xCC
2015-12-11 17:17:589   Output LSCData----->627=0x29
2015-12-11 17:17:589   Output LSCData----->628=0x90
2015-12-11 17:17:604   Output LSCData----->629=0x2F
2015-12-11 17:17:604   Output LSCData----->630=0x15
2015-12-11 17:17:604   Output LSCData----->631=0x30
2015-12-11 17:17:604   Output LSCData----->632=0x68
2015-12-11 17:17:604   Output LSCData----->633=0x2E
2015-12-11 17:17:604   Output LSCData----->634=0x98
2015-12-11 17:17:604   Output LSCData----->635=0x2F
2015-12-11 17:17:604   Output LSCData----->636=0xFB
2015-12-11 17:17:604   Output LSCData----->637=0x37
2015-12-11 17:17:604   Output LSCData----->638=0xBE
2015-12-11 17:17:604   Output LSCData----->639=0x38
2015-12-11 17:17:604   Output LSCData----->640=0xD4
2015-12-11 17:17:604   Output LSCData----->641=0x35
2015-12-11 17:17:620   Output LSCData----->642=0xBB
2015-12-11 17:17:620   Output LSCData----->643=0x37
2015-12-11 17:17:620   Output LSCData----->644=0xEC
2015-12-11 17:17:620   Output LSCData----->645=0x41
2015-12-11 17:17:620   Output LSCData----->646=0x1A
2015-12-11 17:17:620   Output LSCData----->647=0x43
2015-12-11 17:17:620   Output LSCData----->648=0x0D
2015-12-11 17:17:620   Output LSCData----->649=0x3F
2015-12-11 17:17:620   Output LSCData----->650=0x14
2015-12-11 17:17:620   Output LSCData----->651=0x42
2015-12-11 17:17:620   Output LSCData----->652=0xBB
2015-12-11 17:17:620   Output LSCData----->653=0x4E
2015-12-11 17:17:620   Output LSCData----->654=0xF6
2015-12-11 17:17:635   Output LSCData----->655=0x50
2015-12-11 17:17:635   Output LSCData----->656=0x55
2015-12-11 17:17:635   Output LSCData----->657=0x4B
2015-12-11 17:17:635   Output LSCData----->658=0xCB
2015-12-11 17:17:635   Output LSCData----->659=0x4E
2015-12-11 17:17:635   Output LSCData----->660=0x79
2015-12-11 17:17:635   Output LSCData----->661=0x5A
2015-12-11 17:17:635   Output LSCData----->662=0x55
2015-12-11 17:17:635   Output LSCData----->663=0x5D
2015-12-11 17:17:635   Output LSCData----->664=0x51
2015-12-11 17:17:635   Output LSCData----->665=0x57
2015-12-11 17:17:635   Output LSCData----->666=0x6C
2015-12-11 17:17:635   Output LSCData----->667=0x5A
2015-12-11 17:17:635   Output LSCData----->668=0xA0
2015-12-11 17:17:651   Output LSCData----->669=0x48
2015-12-11 17:17:651   Output LSCData----->670=0x39
2015-12-11 17:17:651   Output LSCData----->671=0x4B
2015-12-11 17:17:651   Output LSCData----->672=0xF7
2015-12-11 17:17:651   Output LSCData----->673=0x44
2015-12-11 17:17:667   Output LSCData----->674=0xDA
2015-12-11 17:17:667   Output LSCData----->675=0x48
2015-12-11 17:17:667   Output LSCData----->676=0x51
2015-12-11 17:17:667   Output LSCData----->677=0x40
2015-12-11 17:17:667   Output LSCData----->678=0xEF
2015-12-11 17:17:667   Output LSCData----->679=0x41
2015-12-11 17:17:667   Output LSCData----->680=0x3E
2015-12-11 17:17:667   Output LSCData----->681=0x3D
2015-12-11 17:17:667   Output LSCData----->682=0x3D
2015-12-11 17:17:667   Output LSCData----->683=0x40
2015-12-11 17:17:667   Output LSCData----->684=0xCA
2015-12-11 17:17:667   Output LSCData----->685=0x36
2015-12-11 17:17:667   Output LSCData----->686=0xD4
2015-12-11 17:17:682   Output LSCData----->687=0x37
2015-12-11 17:17:682   Output LSCData----->688=0x23
2015-12-11 17:17:682   Output LSCData----->689=0x34
2015-12-11 17:17:682   Output LSCData----->690=0xFA
2015-12-11 17:17:682   Output LSCData----->691=0x36
2015-12-11 17:17:682   Output LSCData----->692=0x82
2015-12-11 17:17:682   Output LSCData----->693=0x2F
2015-12-11 17:17:682   Output LSCData----->694=0x15
2015-12-11 17:17:682   Output LSCData----->695=0x30
2015-12-11 17:17:682   Output LSCData----->696=0x7A
2015-12-11 17:17:682   Output LSCData----->697=0x2D
2015-12-11 17:17:682   Output LSCData----->698=0x87
2015-12-11 17:17:682   Output LSCData----->699=0x2F
2015-12-11 17:17:698   Output LSCData----->700=0x23
2015-12-11 17:17:698   Output LSCData----->701=0x29
2015-12-11 17:17:698   Output LSCData----->702=0x8F
2015-12-11 17:17:698   Output LSCData----->703=0x29
2015-12-11 17:17:698   Output LSCData----->704=0x04
2015-12-11 17:17:698   Output LSCData----->705=0x28
2015-12-11 17:17:698   Output LSCData----->706=0x2D
2015-12-11 17:17:698   Output LSCData----->707=0x29
2015-12-11 17:17:698   Output LSCData----->708=0x0B
2015-12-11 17:17:698   Output LSCData----->709=0x25
2015-12-11 17:17:698   Output LSCData----->710=0x24
2015-12-11 17:17:698   Output LSCData----->711=0x25
2015-12-11 17:17:714   Output LSCData----->712=0x3B
2015-12-11 17:17:714   Output LSCData----->713=0x24
2015-12-11 17:17:714   Output LSCData----->714=0x12
2015-12-11 17:17:714   Output LSCData----->715=0x25
2015-12-11 17:17:714   Output LSCData----->716=0xBB
2015-12-11 17:17:714   Output LSCData----->717=0x22
2015-12-11 17:17:714   Output LSCData----->718=0xD8
2015-12-11 17:17:714   Output LSCData----->719=0x22
2015-12-11 17:17:714   Output LSCData----->720=0x93
2015-12-11 17:17:714   Output LSCData----->721=0x22
2015-12-11 17:17:714   Output LSCData----->722=0xC3
2015-12-11 17:17:729   Output LSCData----->723=0x22
2015-12-11 17:17:729   Output LSCData----->724=0x56
2015-12-11 17:17:729   Output LSCData----->725=0x22
2015-12-11 17:17:729   Output LSCData----->726=0x4C
2015-12-11 17:17:729   Output LSCData----->727=0x22
2015-12-11 17:17:729   Output LSCData----->728=0x28
2015-12-11 17:17:729   Output LSCData----->729=0x22
2015-12-11 17:17:729   Output LSCData----->730=0x46
2015-12-11 17:17:729   Output LSCData----->731=0x22
2015-12-11 17:17:729   Output LSCData----->732=0xB8
2015-12-11 17:17:729   Output LSCData----->733=0x23
2015-12-11 17:17:729   Output LSCData----->734=0xCD
2015-12-11 17:17:729   Output LSCData----->735=0x23
2015-12-11 17:17:729   Output LSCData----->736=0x89
2015-12-11 17:17:745   Output LSCData----->737=0x23
2015-12-11 17:17:745   Output LSCData----->738=0xAC
2015-12-11 17:17:745   Output LSCData----->739=0x23
2015-12-11 17:17:745   Output LSCData----->740=0x23
2015-12-11 17:17:745   Output LSCData----->741=0x27
2015-12-11 17:17:745   Output LSCData----->742=0x4A
2015-12-11 17:17:745   Output LSCData----->743=0x27
2015-12-11 17:17:745   Output LSCData----->744=0xB0
2015-12-11 17:17:745   Output LSCData----->745=0x26
2015-12-11 17:17:745   Output LSCData----->746=0x18
2015-12-11 17:17:760   Output LSCData----->747=0x27
2015-12-11 17:17:760   Output LSCData----->748=0xD2
2015-12-11 17:17:760   Output LSCData----->749=0x2C
2015-12-11 17:17:760   Output LSCData----->750=0x15
2015-12-11 17:17:760   Output LSCData----->751=0x2D
2015-12-11 17:17:776   Output LSCData----->752=0xD9
2015-12-11 17:17:776   Output LSCData----->753=0x2B
2015-12-11 17:17:776   Output LSCData----->754=0xCA
2015-12-11 17:17:776   Output LSCData----->755=0x2C
2015-12-11 17:17:776   Output LSCData----->756=0x4E
2015-12-11 17:17:776   Output LSCData----->757=0x35
2015-12-11 17:17:776   Output LSCData----->758=0x19
2015-12-11 17:17:792   Output LSCData----->759=0x36
2015-12-11 17:17:792   Output LSCData----->760=0x84
2015-12-11 17:17:792   Output LSCData----->761=0x33
2015-12-11 17:17:792   Output LSCData----->762=0x41
2015-12-11 17:17:792   Output LSCData----->763=0x35
2015-12-11 17:17:792   Output LSCData----->764=0x36
2015-12-11 17:17:792   Output LSCData----->765=0x3F
2015-12-11 17:17:792   Output LSCData----->766=0xAE
2015-12-11 17:17:792   Output LSCData----->767=0x40
2015-12-11 17:17:792   Output LSCData----->768=0x9D
2015-12-11 17:17:792   Output LSCData----->769=0x3C
2015-12-11 17:17:792   Output LSCData----->770=0x7B
2015-12-11 17:17:792   Output LSCData----->771=0x3F
2015-12-11 17:17:807   Output LSCData----->772=0x21
2015-12-11 17:17:807   Output LSCData----->773=0x4C
2015-12-11 17:17:807   Output LSCData----->774=0xFD
2015-12-11 17:17:807   Output LSCData----->775=0x4D
2015-12-11 17:17:807   Output LSCData----->776=0xEC
2015-12-11 17:17:807   Output LSCData----->777=0x48
2015-12-11 17:17:807   Output LSCData----->778=0x5B
2015-12-11 17:17:807   Output LSCData----->779=0x4C
2015-12-11 17:17:807   Output LSCData----->780=0x6C
2015-12-11 17:17:807   Output LSCData----->781=0x58
2015-12-11 17:17:807   Output LSCData----->782=0x4C
2015-12-11 17:17:807   Output LSCData----->783=0x5B
2015-12-11 17:17:823   Output LSCData----->784=0x17
2015-12-11 17:17:823   Output LSCData----->785=0x55
2015-12-11 17:17:823   Output LSCData----->786=0x67
2015-12-11 17:17:823   Output LSCData----->787=0x58
2015-12-11 17:17:823   Output LSCData----->788=0x8F
2015-12-11 17:17:823   Output LSCData----->789=0x46
2015-12-11 17:17:823   Output LSCData----->790=0x65
2015-12-11 17:17:839   Output LSCData----->791=0x49
2015-12-11 17:17:839   Output LSCData----->792=0x1B
2015-12-11 17:17:839   Output LSCData----->793=0x43
2015-12-11 17:17:839   Output LSCData----->794=0xDA
2015-12-11 17:17:839   Output LSCData----->795=0x46
2015-12-11 17:17:839   Output LSCData----->796=0x10
2015-12-11 17:17:839   Output LSCData----->797=0x3E
2015-12-11 17:17:839   Output LSCData----->798=0xB1
2015-12-11 17:17:839   Output LSCData----->799=0x3F
2015-12-11 17:17:839   Output LSCData----->800=0xE4
2015-12-11 17:17:854   Output LSCData----->801=0x3A
2015-12-11 17:17:854   Output LSCData----->802=0x7D
2015-12-11 17:17:854   Output LSCData----->803=0x3E
2015-12-11 17:17:854   Output LSCData----->804=0x4C
2015-12-11 17:17:854   Output LSCData----->805=0x35
2015-12-11 17:17:870   Output LSCData----->806=0x59
2015-12-11 17:17:870   Output LSCData----->807=0x36
2015-12-11 17:17:870   Output LSCData----->808=0x9D
2015-12-11 17:17:870   Output LSCData----->809=0x32
2015-12-11 17:17:870   Output LSCData----->810=0x9D
2015-12-11 17:17:870   Output LSCData----->811=0x35
2015-12-11 17:17:870   Output LSCData----->812=0xC4
2015-12-11 17:17:870   Output LSCData----->813=0x2D
2015-12-11 17:17:870   Output LSCData----->814=0x6C
2015-12-11 17:17:870   Output LSCData----->815=0x2E
2015-12-11 17:17:870   Output LSCData----->816=0xBF
2015-12-11 17:17:870   Output LSCData----->817=0x2B
2015-12-11 17:17:870   Output LSCData----->818=0xD2
2015-12-11 17:17:885   Output LSCData----->819=0x2D
2015-12-11 17:17:885   Output LSCData----->820=0x65
2015-12-11 17:17:885   Output LSCData----->821=0x27
2015-12-11 17:17:885   Output LSCData----->822=0x8E
2015-12-11 17:17:885   Output LSCData----->823=0x27
2015-12-11 17:17:885   Output LSCData----->824=0x32
2015-12-11 17:17:885   Output LSCData----->825=0x26
2015-12-11 17:17:885   Output LSCData----->826=0x63
2015-12-11 17:17:901   Output LSCData----->827=0x27
2015-12-11 17:17:901   Output LSCData----->828=0x5F
2015-12-11 17:17:901   Output LSCData----->829=0x23
2015-12-11 17:17:917   Output LSCData----->830=0x78
2015-12-11 17:17:917   Output LSCData----->831=0x23
2015-12-11 17:17:917   Output LSCData----->832=0xD1
2015-12-11 17:17:917   Output LSCData----->833=0x22
2015-12-11 17:17:917   Output LSCData----->834=0x58
2015-12-11 17:17:917   Output LSCData----->835=0x23
2015-12-11 17:17:917   Output LSCData----->836=0x20
2015-12-11 17:17:917   Output LSCData----->837=0x21
2015-12-11 17:17:917   Output LSCData----->838=0x19
2015-12-11 17:17:917   Output LSCData----->839=0x21
2015-12-11 17:17:932   Output LSCData----->840=0xFE
2015-12-11 17:17:932   Output LSCData----->841=0x20
2015-12-11 17:17:932   Output LSCData----->842=0x1B
2015-12-11 17:17:932   Output LSCData----->843=0x21
2015-12-11 17:17:932   Output LSCData----->844=0xC1
2015-12-11 17:17:932   Output LSCData----->845=0x20
2015-12-11 17:17:932   Output LSCData----->846=0xD8
2015-12-11 17:17:932   Output LSCData----->847=0x20
2015-12-11 17:17:932   Output LSCData----->848=0xC4
2015-12-11 17:17:932   Output LSCData----->849=0x20
2015-12-11 17:17:932   Output LSCData----->850=0xCB
2015-12-11 17:17:932   Output LSCData----->851=0x20
2015-12-11 17:17:948   Output LSCData----->852=0x11
2015-12-11 17:17:948   Output LSCData----->853=0x22
2015-12-11 17:17:948   Output LSCData----->854=0x14
2015-12-11 17:17:948   Output LSCData----->855=0x22
2015-12-11 17:17:948   Output LSCData----->856=0xF8
2015-12-11 17:17:948   Output LSCData----->857=0x21
2015-12-11 17:17:948   Output LSCData----->858=0x07
2015-12-11 17:17:948   Output LSCData----->859=0x22
2015-12-11 17:17:948   Output LSCData----->860=0x88
2015-12-11 17:17:948   Output LSCData----->861=0x25
2015-12-11 17:17:948   Output LSCData----->862=0x79
2015-12-11 17:17:948   Output LSCData----->863=0x25
2015-12-11 17:17:948   Output LSCData----->864=0x05
2015-12-11 17:17:964   Output LSCData----->865=0x25
2015-12-11 17:17:964   Output LSCData----->866=0x71
2015-12-11 17:17:964   Output LSCData----->867=0x25
2015-12-11 17:17:964   Output LSCData----->868=0x33
2015-12-11 17:17:964   Output LSCData----->869=0x2B
2015-12-11 17:17:964   Output LSCData----->870=0x5D
2015-12-11 17:17:964   Output LSCData----->871=0x2B
2015-12-11 17:17:964   Output LSCData----->872=0x10
2015-12-11 17:17:964   Output LSCData----->873=0x2A
2015-12-11 17:17:964   Output LSCData----->874=0x2C
2015-12-11 17:17:964   Output LSCData----->875=0x2B
2015-12-11 17:17:964   Output LSCData----->876=0xAC
2015-12-11 17:17:964   Output LSCData----->877=0x33
2015-12-11 17:17:995   Output LSCData----->878=0x26
2015-12-11 17:17:995   Output LSCData----->879=0x34
2015-12-11 17:17:995   Output LSCData----->880=0xC7
2015-12-11 17:17:995   Output LSCData----->881=0x31
2015-12-11 17:17:995   Output LSCData----->882=0xA0
2015-12-11 17:17:995   Output LSCData----->883=0x33
2015-12-11 17:17:995   Output LSCData----->884=0xB6
2015-12-11 17:17:995   Output LSCData----->885=0x3D
2015-12-11 17:17:010   Output LSCData----->886=0xEB
2015-12-11 17:17:010   Output LSCData----->887=0x3E
2015-12-11 17:17:010   Output LSCData----->888=0x84
2015-12-11 17:17:010   Output LSCData----->889=0x3A
2015-12-11 17:17:010   Output LSCData----->890=0xDD
2015-12-11 17:17:010   Output LSCData----->891=0x3D
2015-12-11 17:17:010   Output LSCData----->892=0xB2
2015-12-11 17:17:010   Output LSCData----->893=0x4A
2015-12-11 17:17:010   Output LSCData----->894=0x78
2015-12-11 17:17:010   Output LSCData----->895=0x4C
2015-12-11 17:17:010   Output LSCData----->896=0xFD
2015-12-11 17:17:010   Output LSCData----->897=0x46
2015-12-11 17:17:026   Output LSCData----->898=0x6C
2015-12-11 17:17:026   Output LSCData----->899=0x4A
2015-12-11 17:17:026   Output LSCData----->900=0x61
2015-12-11 17:17:026   Output LSCData----->901=0x57
2015-12-11 17:17:026   Output LSCData----->902=0x66
2015-12-11 17:17:026   Output LSCData----->903=0x5A
2015-12-11 17:17:026   Output LSCData----->904=0x2B
2015-12-11 17:17:026   Output LSCData----->905=0x54
2015-12-11 17:17:026   Output LSCData----->906=0x9A
2015-12-11 17:17:026   Output LSCData----->907=0x57
2015-12-11 17:17:026   Output LSCData----->908=0x1A
2015-12-11 17:17:026   Output LSCData----->909=0x46
2015-12-11 17:17:026   Output LSCData----->910=0x5B
2015-12-11 17:17:042   Output LSCData----->911=0x48
2015-12-11 17:17:042   Output LSCData----->912=0x6A
2015-12-11 17:17:042   Output LSCData----->913=0x42
2015-12-11 17:17:042   Output LSCData----->914=0x71
2015-12-11 17:17:042   Output LSCData----->915=0x46
2015-12-11 17:17:042   Output LSCData----->916=0x7A
2015-12-11 17:17:057   Output LSCData----->917=0x3D
2015-12-11 17:17:057   Output LSCData----->918=0xBF
2015-12-11 17:17:057   Output LSCData----->919=0x3E
2015-12-11 17:17:057   Output LSCData----->920=0x42
2015-12-11 17:17:057   Output LSCData----->921=0x3A
2015-12-11 17:17:057   Output LSCData----->922=0xAD
2015-12-11 17:17:057   Output LSCData----->923=0x3D
2015-12-11 17:17:057   Output LSCData----->924=0xA2
2015-12-11 17:17:057   Output LSCData----->925=0x34
2015-12-11 17:17:057   Output LSCData----->926=0x56
2015-12-11 17:17:057   Output LSCData----->927=0x35
2015-12-11 17:17:057   Output LSCData----->928=0xAB
2015-12-11 17:17:073   Output LSCData----->929=0x31
2015-12-11 17:17:073   Output LSCData----->930=0xC3
2015-12-11 17:17:073   Output LSCData----->931=0x34
2015-12-11 17:17:073   Output LSCData----->932=0x00
2015-12-11 17:17:073   Output LSCData----->933=0x2D
2015-12-11 17:17:073   Output LSCData----->934=0x65
2015-12-11 17:17:073   Output LSCData----->935=0x2D
2015-12-11 17:17:073   Output LSCData----->936=0x1E
2015-12-11 17:17:073   Output LSCData----->937=0x2B
2015-12-11 17:17:073   Output LSCData----->938=0x1D
2015-12-11 17:17:073   Output LSCData----->939=0x2D
2015-12-11 17:17:073   Output LSCData----->940=0x81
2015-12-11 17:17:073   Output LSCData----->941=0x26
2015-12-11 17:17:089   Output LSCData----->942=0xB3
2015-12-11 17:17:089   Output LSCData----->943=0x26
2015-12-11 17:17:089   Output LSCData----->944=0x74
2015-12-11 17:17:089   Output LSCData----->945=0x25
2015-12-11 17:17:089   Output LSCData----->946=0xBA
2015-12-11 17:17:089   Output LSCData----->947=0x26
2015-12-11 17:17:089   Output LSCData----->948=0x8A
2015-12-11 17:17:089   Output LSCData----->949=0x22
2015-12-11 17:17:089   Output LSCData----->950=0x8A
2015-12-11 17:17:089   Output LSCData----->951=0x22
2015-12-11 17:17:089   Output LSCData----->952=0x19
2015-12-11 17:17:089   Output LSCData----->953=0x22
2015-12-11 17:17:089   Output LSCData----->954=0xA5
2015-12-11 17:17:104   Output LSCData----->955=0x22
2015-12-11 17:17:104   Output LSCData----->956=0x77
2015-12-11 17:17:104   Output LSCData----->957=0x20
2015-12-11 17:17:104   Output LSCData----->958=0x6A
2015-12-11 17:17:104   Output LSCData----->959=0x20
2015-12-11 17:17:104   Output LSCData----->960=0x64
2015-12-11 17:17:104   Output LSCData----->961=0x20
2015-12-11 17:17:104   Output LSCData----->962=0x6C
2015-12-11 17:17:104   Output LSCData----->963=0x20
2015-12-11 17:17:104   Output LSCData----->964=0x20
2015-12-11 17:17:120   Output LSCData----->965=0x20
2015-12-11 17:17:120   Output LSCData----->966=0x2C
2015-12-11 17:17:120   Output LSCData----->967=0x20
2015-12-11 17:17:120   Output LSCData----->968=0x21
2015-12-11 17:17:120   Output LSCData----->969=0x20
2015-12-11 17:17:120   Output LSCData----->970=0x2B
2015-12-11 17:17:120   Output LSCData----->971=0x20
2015-12-11 17:17:120   Output LSCData----->972=0x8E
2015-12-11 17:17:120   Output LSCData----->973=0x21
2015-12-11 17:17:120   Output LSCData----->974=0x7F
2015-12-11 17:17:120   Output LSCData----->975=0x21
2015-12-11 17:17:135   Output LSCData----->976=0x70
2015-12-11 17:17:135   Output LSCData----->977=0x21
2015-12-11 17:17:135   Output LSCData----->978=0x74
2015-12-11 17:17:135   Output LSCData----->979=0x21
2015-12-11 17:17:135   Output LSCData----->980=0xEF
2015-12-11 17:17:135   Output LSCData----->981=0x24
2015-12-11 17:17:135   Output LSCData----->982=0xF6
2015-12-11 17:17:135   Output LSCData----->983=0x24
2015-12-11 17:17:135   Output LSCData----->984=0x8E
2015-12-11 17:17:135   Output LSCData----->985=0x24
2015-12-11 17:17:135   Output LSCData----->986=0xD2
2015-12-11 17:17:135   Output LSCData----->987=0x24
2015-12-11 17:17:135   Output LSCData----->988=0x8A
2015-12-11 17:17:151   Output LSCData----->989=0x2A
2015-12-11 17:17:151   Output LSCData----->990=0xB1
2015-12-11 17:17:151   Output LSCData----->991=0x2A
2015-12-11 17:17:151   Output LSCData----->992=0x9E
2015-12-11 17:17:151   Output LSCData----->993=0x29
2015-12-11 17:17:151   Output LSCData----->994=0x99
2015-12-11 17:17:151   Output LSCData----->995=0x2A
2015-12-11 17:17:151   Output LSCData----->996=0x28
2015-12-11 17:17:151   Output LSCData----->997=0x33
2015-12-11 17:17:151   Output LSCData----->998=0x63
2015-12-11 17:17:151   Output LSCData----->999=0x33
2015-12-11 17:17:151   Output LSCData----->1000=0x10
2015-12-11 17:17:167   Output LSCData----->1001=0x31
2015-12-11 17:17:167   Output LSCData----->1002=0xF9
2015-12-11 17:17:167   Output LSCData----->1003=0x32
2015-12-11 17:17:167   Output LSCData----->1004=0x76
2015-12-11 17:17:182   Output LSCData----->1005=0x3D
2015-12-11 17:17:182   Output LSCData----->1006=0x44
2015-12-11 17:17:182   Output LSCData----->1007=0x3E
2015-12-11 17:17:182   Output LSCData----->1008=0x7D
2015-12-11 17:17:182   Output LSCData----->1009=0x3A
2015-12-11 17:17:182   Output LSCData----->1010=0x72
2015-12-11 17:17:182   Output LSCData----->1011=0x3D
2015-12-11 17:17:182   Output LSCData----->1012=0x2A
2015-12-11 17:17:182   Output LSCData----->1013=0x4A
2015-12-11 17:17:182   Output LSCData----->1014=0x90
2015-12-11 17:17:182   Output LSCData----->1015=0x4B
2015-12-11 17:17:182   Output LSCData----->1016=0xA9
2015-12-11 17:17:182   Output LSCData----->1017=0x46
2015-12-11 17:17:198   Output LSCData----->1018=0x4F
2015-12-11 17:17:198   Output LSCData----->1019=0x4A
2015-12-11 17:17:198   Output LSCData----->1020=0x2E
2015-12-11 17:17:198   Output LSCData----->1021=0x57
2015-12-11 17:17:198   Output LSCData----->1022=0x5F
2015-12-11 17:17:198   Output LSCData----->1023=0x59
2015-12-11 17:17:198   Output LSCData----->1024=0xB2
2015-12-11 17:17:198   Output LSCData----->1025=0x53
2015-12-11 17:17:198   Output LSCData----->1026=0x44
2015-12-11 17:17:198   Output LSCData----->1027=0x57
2015-12-11 17:17:214   Output LSCData----->1028=0x84
2015-12-11 17:17:214   Output LSCData----->1029=0x46
2015-12-11 17:17:214   Output LSCData----->1030=0x62
2015-12-11 17:17:229   Output LSCData----->1031=0x48
2015-12-11 17:17:229   Output LSCData----->1032=0xED
2015-12-11 17:17:229   Output LSCData----->1033=0x42
2015-12-11 17:17:229   Output LSCData----->1034=0xB7
2015-12-11 17:17:229   Output LSCData----->1035=0x46
2015-12-11 17:17:229   Output LSCData----->1036=0x08
2015-12-11 17:17:229   Output LSCData----->1037=0x3E
2015-12-11 17:17:229   Output LSCData----->1038=0x15
2015-12-11 17:17:229   Output LSCData----->1039=0x3F
2015-12-11 17:17:229   Output LSCData----->1040=0x32
2015-12-11 17:17:245   Output LSCData----->1041=0x3A
2015-12-11 17:17:245   Output LSCData----->1042=0x05
2015-12-11 17:17:245   Output LSCData----->1043=0x3E
2015-12-11 17:17:245   Output LSCData----->1044=0xC9
2015-12-11 17:17:245   Output LSCData----->1045=0x34
2015-12-11 17:17:245   Output LSCData----->1046=0xDC
2015-12-11 17:17:245   Output LSCData----->1047=0x35
2015-12-11 17:17:245   Output LSCData----->1048=0x00
2015-12-11 17:17:260   Output LSCData----->1049=0x32
2015-12-11 17:17:260   Output LSCData----->1050=0x27
2015-12-11 17:17:260   Output LSCData----->1051=0x35
2015-12-11 17:17:260   Output LSCData----->1052=0x2F
2015-12-11 17:17:260   Output LSCData----->1053=0x2D
2015-12-11 17:17:260   Output LSCData----->1054=0xB3
2015-12-11 17:17:260   Output LSCData----->1055=0x2D
2015-12-11 17:17:260   Output LSCData----->1056=0x32
2015-12-11 17:17:260   Output LSCData----->1057=0x2B
2015-12-11 17:17:260   Output LSCData----->1058=0x69
2015-12-11 17:17:260   Output LSCData----->1059=0x2D
2015-12-11 17:17:260   Output LSCData----->1060=0xC2
2015-12-11 17:17:260   Output LSCData----->1061=0x26
2015-12-11 17:17:276   Output LSCData----->1062=0xFA
2015-12-11 17:17:276   Output LSCData----->1063=0x26
2015-12-11 17:17:276   Output LSCData----->1064=0xDC
2015-12-11 17:17:276   Output LSCData----->1065=0x25
2015-12-11 17:17:276   Output LSCData----->1066=0xEE
2015-12-11 17:17:276   Output LSCData----->1067=0x26
2015-12-11 17:17:276   Output LSCData----->1068=0xC7
2015-12-11 17:17:276   Output LSCData----->1069=0x22
2015-12-11 17:17:276   Output LSCData----->1070=0xC3
2015-12-11 17:17:276   Output LSCData----->1071=0x22
2015-12-11 17:17:276   Output LSCData----->1072=0x49
2015-12-11 17:17:276   Output LSCData----->1073=0x22
2015-12-11 17:17:276   Output LSCData----->1074=0xE1
2015-12-11 17:17:292   Output LSCData----->1075=0x22
2015-12-11 17:17:292   Output LSCData----->1076=0xB5
2015-12-11 17:17:292   Output LSCData----->1077=0x20
2015-12-11 17:17:292   Output LSCData----->1078=0xB0
2015-12-11 17:17:292   Output LSCData----->1079=0x20
2015-12-11 17:17:292   Output LSCData----->1080=0x75
2015-12-11 17:17:292   Output LSCData----->1081=0x20
2015-12-11 17:17:307   Output LSCData----->1082=0xB7
2015-12-11 17:17:307   Output LSCData----->1083=0x20
2015-12-11 17:17:307   Output LSCData----->1084=0x65
2015-12-11 17:17:307   Output LSCData----->1085=0x20
2015-12-11 17:17:323   Output LSCData----->1086=0x47
2015-12-11 17:17:323   Output LSCData----->1087=0x20
2015-12-11 17:17:323   Output LSCData----->1088=0x56
2015-12-11 17:17:323   Output LSCData----->1089=0x20
2015-12-11 17:17:323   Output LSCData----->1090=0x65
2015-12-11 17:17:323   Output LSCData----->1091=0x20
2015-12-11 17:17:323   Output LSCData----->1092=0xEC
2015-12-11 17:17:323   Output LSCData----->1093=0x21
2015-12-11 17:17:323   Output LSCData----->1094=0xB7
2015-12-11 17:17:323   Output LSCData----->1095=0x21
2015-12-11 17:17:323   Output LSCData----->1096=0xBD
2015-12-11 17:17:323   Output LSCData----->1097=0x21
2015-12-11 17:17:323   Output LSCData----->1098=0xB5
2015-12-11 17:17:339   Output LSCData----->1099=0x21
2015-12-11 17:17:339   Output LSCData----->1100=0x3E
2015-12-11 17:17:339   Output LSCData----->1101=0x25
2015-12-11 17:17:339   Output LSCData----->1102=0x22
2015-12-11 17:17:339   Output LSCData----->1103=0x25
2015-12-11 17:17:339   Output LSCData----->1104=0xEB
2015-12-11 17:17:339   Output LSCData----->1105=0x24
2015-12-11 17:17:339   Output LSCData----->1106=0x41
2015-12-11 17:17:339   Output LSCData----->1107=0x25
2015-12-11 17:17:339   Output LSCData----->1108=0x09
2015-12-11 17:17:339   Output LSCData----->1109=0x2B
2015-12-11 17:17:339   Output LSCData----->1110=0x25
2015-12-11 17:17:354   Output LSCData----->1111=0x2B
2015-12-11 17:17:354   Output LSCData----->1112=0x08
2015-12-11 17:17:354   Output LSCData----->1113=0x2A
2015-12-11 17:17:354   Output LSCData----->1114=0xFE
2015-12-11 17:17:354   Output LSCData----->1115=0x2A
2015-12-11 17:17:354   Output LSCData----->1116=0x85
2015-12-11 17:17:370   Output LSCData----->1117=0x33
2015-12-11 17:17:370   Output LSCData----->1118=0xC0
2015-12-11 17:17:370   Output LSCData----->1119=0x33
2015-12-11 17:17:370   Output LSCData----->1120=0x93
2015-12-11 17:17:370   Output LSCData----->1121=0x31
2015-12-11 17:17:385   Output LSCData----->1122=0x5A
2015-12-11 17:17:385   Output LSCData----->1123=0x33
2015-12-11 17:17:385   Output LSCData----->1124=0xBE
2015-12-11 17:17:385   Output LSCData----->1125=0x3D
2015-12-11 17:17:385   Output LSCData----->1126=0x9A
2015-12-11 17:17:385   Output LSCData----->1127=0x3E
2015-12-11 17:17:385   Output LSCData----->1128=0xA8
2015-12-11 17:17:385   Output LSCData----->1129=0x3A
2015-12-11 17:17:385   Output LSCData----->1130=0xAB
2015-12-11 17:17:385   Output LSCData----->1131=0x3D
2015-12-11 17:17:385   Output LSCData----->1132=0x6C
2015-12-11 17:17:385   Output LSCData----->1133=0x4A
2015-12-11 17:17:385   Output LSCData----->1134=0x66
2015-12-11 17:17:401   Output LSCData----->1135=0x4C
2015-12-11 17:17:401   Output LSCData----->1136=0xC8
2015-12-11 17:17:401   Output LSCData----->1137=0x46
2015-12-11 17:17:401   Output LSCData----->1138=0x67
2015-12-11 17:17:401   Output LSCData----->1139=0x4A
2015-12-11 17:17:401   Output LSCData----->1140=0xBC
2015-12-11 17:17:401   Output LSCData----->1141=0x57
2015-12-11 17:17:401   Output LSCData----->1142=0x34
2015-12-11 17:17:401   Output LSCData----->1143=0x5A
2015-12-11 17:17:401   Output LSCData----->1144=0xE2
2015-12-11 17:17:401   Output LSCData----->1145=0x53
2015-12-11 17:17:401   Output LSCData----->1146=0xA8
2015-12-11 17:17:401   Output LSCData----->1147=0x57
2015-12-11 17:17:401   Output LSCData----->1148=0x70
2015-12-11 17:17:417   Output LSCData----->1149=0x47
2015-12-11 17:17:417   Output LSCData----->1150=0x5F
2015-12-11 17:17:417   Output LSCData----->1151=0x49
2015-12-11 17:17:417   Output LSCData----->1152=0xB8
2015-12-11 17:17:417   Output LSCData----->1153=0x43
2015-12-11 17:17:417   Output LSCData----->1154=0x79
2015-12-11 17:17:417   Output LSCData----->1155=0x47
2015-12-11 17:17:417   Output LSCData----->1156=0xDD
2015-12-11 17:17:417   Output LSCData----->1157=0x3E
2015-12-11 17:17:417   Output LSCData----->1158=0x7D
2015-12-11 17:17:417   Output LSCData----->1159=0x40
2015-12-11 17:17:417   Output LSCData----->1160=0x55
2015-12-11 17:17:432   Output LSCData----->1161=0x3B
2015-12-11 17:17:432   Output LSCData----->1162=0x30
2015-12-11 17:17:432   Output LSCData----->1163=0x3F
2015-12-11 17:17:432   Output LSCData----->1164=0xEB
2015-12-11 17:17:432   Output LSCData----->1165=0x35
2015-12-11 17:17:448   Output LSCData----->1166=0xBD
2015-12-11 17:17:448   Output LSCData----->1167=0x36
2015-12-11 17:17:448   Output LSCData----->1168=0xD8
2015-12-11 17:17:448   Output LSCData----->1169=0x32
2015-12-11 17:17:448   Output LSCData----->1170=0x31
2015-12-11 17:17:448   Output LSCData----->1171=0x36
2015-12-11 17:17:448   Output LSCData----->1172=0x73
2015-12-11 17:17:448   Output LSCData----->1173=0x2E
2015-12-11 17:17:448   Output LSCData----->1174=0xE7
2015-12-11 17:17:464   Output LSCData----->1175=0x2E
2015-12-11 17:17:464   Output LSCData----->1176=0x6E
2015-12-11 17:17:464   Output LSCData----->1177=0x2C
2015-12-11 17:17:464   Output LSCData----->1178=0x97
2015-12-11 17:17:464   Output LSCData----->1179=0x2E
2015-12-11 17:17:464   Output LSCData----->1180=0x08
2015-12-11 17:17:464   Output LSCData----->1181=0x28
2015-12-11 17:17:464   Output LSCData----->1182=0x61
2015-12-11 17:17:464   Output LSCData----->1183=0x28
2015-12-11 17:17:464   Output LSCData----->1184=0xCD
2015-12-11 17:17:479   Output LSCData----->1185=0x26
2015-12-11 17:17:479   Output LSCData----->1186=0x0B
2015-12-11 17:17:479   Output LSCData----->1187=0x28
2015-12-11 17:17:479   Output LSCData----->1188=0xD8
2015-12-11 17:17:479   Output LSCData----->1189=0x23
2015-12-11 17:17:479   Output LSCData----->1190=0x16
2015-12-11 17:17:479   Output LSCData----->1191=0x24
2015-12-11 17:17:479   Output LSCData----->1192=0x3C
2015-12-11 17:17:495   Output LSCData----->1193=0x23
2015-12-11 17:17:495   Output LSCData----->1194=0xF2
2015-12-11 17:17:495   Output LSCData----->1195=0x23
2015-12-11 17:17:495   Output LSCData----->1196=0xD0
2015-12-11 17:17:495   Output LSCData----->1197=0x21
2015-12-11 17:17:495   Output LSCData----->1198=0xC0
2015-12-11 17:17:495   Output LSCData----->1199=0x21
2015-12-11 17:17:510   Output LSCData----->1200=0x6F
2015-12-11 17:17:510   Output LSCData----->1201=0x21
2015-12-11 17:17:510   Output LSCData----->1202=0xBC
2015-12-11 17:17:510   Output LSCData----->1203=0x21
2015-12-11 17:17:510   Output LSCData----->1204=0x8B
2015-12-11 17:17:510   Output LSCData----->1205=0x21
2015-12-11 17:17:510   Output LSCData----->1206=0x50
2015-12-11 17:17:510   Output LSCData----->1207=0x21
2015-12-11 17:17:510   Output LSCData----->1208=0x50
2015-12-11 17:17:510   Output LSCData----->1209=0x21
2015-12-11 17:17:526   Output LSCData----->1210=0x62
2015-12-11 17:17:526   Output LSCData----->1211=0x21
2015-12-11 17:17:526   Output LSCData----->1212=0x0B
2015-12-11 17:17:526   Output LSCData----->1213=0x23
2015-12-11 17:17:526   Output LSCData----->1214=0xFA
2015-12-11 17:17:526   Output LSCData----->1215=0x22
2015-12-11 17:17:526   Output LSCData----->1216=0xD2
2015-12-11 17:17:526   Output LSCData----->1217=0x22
2015-12-11 17:17:526   Output LSCData----->1218=0xEB
2015-12-11 17:17:526   Output LSCData----->1219=0x22
2015-12-11 17:17:526   Output LSCData----->1220=0xAC
2015-12-11 17:17:542   Output LSCData----->1221=0x26
2015-12-11 17:17:542   Output LSCData----->1222=0xCB
2015-12-11 17:17:542   Output LSCData----->1223=0x26
2015-12-11 17:17:542   Output LSCData----->1224=0x35
2015-12-11 17:17:542   Output LSCData----->1225=0x26
2015-12-11 17:17:542   Output LSCData----->1226=0x96
2015-12-11 17:17:557   Output LSCData----->1227=0x26
2015-12-11 17:17:557   Output LSCData----->1228=0xB1
2015-12-11 17:17:557   Output LSCData----->1229=0x2C
2015-12-11 17:17:557   Output LSCData----->1230=0xB4
2015-12-11 17:17:557   Output LSCData----->1231=0x2C
2015-12-11 17:17:557   Output LSCData----->1232=0x7D
2015-12-11 17:17:557   Output LSCData----->1233=0x2B
2015-12-11 17:17:557   Output LSCData----->1234=0x75
2015-12-11 17:17:557   Output LSCData----->1235=0x2C
2015-12-11 17:17:557   Output LSCData----->1236=0x21
2015-12-11 17:17:557   Output LSCData----->1237=0x35
2015-12-11 17:17:557   Output LSCData----->1238=0x8B
2015-12-11 17:17:573   Output LSCData----->1239=0x35
2015-12-11 17:17:573   Output LSCData----->1240=0xF5
2015-12-11 17:17:573   Output LSCData----->1241=0x32
2015-12-11 17:17:573   Output LSCData----->1242=0x23
2015-12-11 17:17:573   Output LSCData----->1243=0x35
2015-12-11 17:17:573   Output LSCData----->1244=0x5C
2015-12-11 17:17:573   Output LSCData----->1245=0x3F
2015-12-11 17:17:573   Output LSCData----->1246=0x3A
2015-12-11 17:17:573   Output LSCData----->1247=0x40
2015-12-11 17:17:573   Output LSCData----->1248=0x3E
2015-12-11 17:17:573   Output LSCData----->1249=0x3C
2015-12-11 17:17:573   Output LSCData----->1250=0x22
2015-12-11 17:17:588   Output LSCData----->1251=0x3F
2015-12-11 17:17:588   Output LSCData----->1252=0x54
2015-12-11 17:17:588   Output LSCData----->1253=0x4C
2015-12-11 17:17:588   Output LSCData----->1254=0x14
2015-12-11 17:17:588   Output LSCData----->1255=0x4E
2015-12-11 17:17:588   Output LSCData----->1256=0x60
2015-12-11 17:17:588   Output LSCData----->1257=0x48
2015-12-11 17:17:604   Output LSCData----->1258=0x5B
2015-12-11 17:17:604   Output LSCData----->1259=0x4C
2015-12-11 17:17:604   Output LSCData----->1260=0x09
2015-12-11 17:17:604   Output LSCData----->1261=0x59
2015-12-11 17:17:604   Output LSCData----->1262=0x44
2015-12-11 17:17:604   Output LSCData----->1263=0x5C
2015-12-11 17:17:604   Output LSCData----->1264=0x4D
2015-12-11 17:17:604   Output LSCData----->1265=0x55
2015-12-11 17:17:604   Output LSCData----->1266=0x2A
2015-12-11 17:17:604   Output LSCData----->1267=0x59
2015-12-11 17:17:604   Output LSCData----->1268=0x76
2015-12-11 17:17:604   Output LSCData----->1269=0x49
2015-12-11 17:17:604   Output LSCData----->1270=0xDC
2015-12-11 17:17:620   Output LSCData----->1271=0x4B
2015-12-11 17:17:620   Output LSCData----->1272=0xC7
2015-12-11 17:17:620   Output LSCData----->1273=0x45
2015-12-11 17:17:620   Output LSCData----->1274=0x86
2015-12-11 17:17:620   Output LSCData----->1275=0x49
2015-12-11 17:17:620   Output LSCData----->1276=0x1A
2015-12-11 17:17:635   Output LSCData----->1277=0x41
2015-12-11 17:17:635   Output LSCData----->1278=0x9F
2015-12-11 17:17:635   Output LSCData----->1279=0x42
2015-12-11 17:17:635   Output LSCData----->1280=0xA2
2015-12-11 17:17:635   Output LSCData----->1281=0x3D
2015-12-11 17:17:635   Output LSCData----->1282=0x39
2015-12-11 17:17:635   Output LSCData----->1283=0x41
2015-12-11 17:17:635   Output LSCData----->1284=0xAB
2015-12-11 17:17:635   Output LSCData----->1285=0x37
2015-12-11 17:17:635   Output LSCData----->1286=0xA8
2015-12-11 17:17:635   Output LSCData----->1287=0x38
2015-12-11 17:17:635   Output LSCData----->1288=0xCB
2015-12-11 17:17:651   Output LSCData----->1289=0x34
2015-12-11 17:17:651   Output LSCData----->1290=0x00
2015-12-11 17:17:651   Output LSCData----->1291=0x38
2015-12-11 17:17:651   Output LSCData----->1292=0x61
2015-12-11 17:17:651   Output LSCData----->1293=0x30
2015-12-11 17:17:651   Output LSCData----->1294=0x3A
2015-12-11 17:17:651   Output LSCData----->1295=0x31
2015-12-11 17:17:667   Output LSCData----->1296=0x56
2015-12-11 17:17:667   Output LSCData----->1297=0x2E
2015-12-11 17:17:667   Output LSCData----->1298=0x98
2015-12-11 17:17:667   Output LSCData----->1299=0x30
2015-12-11 17:17:667   Output LSCData----->1300=0x51
2015-12-11 17:17:667   Output LSCData----->1301=0x2A
2015-12-11 17:17:667   Output LSCData----->1302=0xDD
2015-12-11 17:17:667   Output LSCData----->1303=0x2A
2015-12-11 17:17:667   Output LSCData----->1304=0xFD
2015-12-11 17:17:667   Output LSCData----->1305=0x28
2015-12-11 17:17:667   Output LSCData----->1306=0x7E
2015-12-11 17:17:682   Output LSCData----->1307=0x2A
2015-12-11 17:17:682   Output LSCData----->1308=0x13
2015-12-11 17:17:682   Output LSCData----->1309=0x26
2015-12-11 17:17:682   Output LSCData----->1310=0x42
2015-12-11 17:17:682   Output LSCData----->1311=0x26
2015-12-11 17:17:682   Output LSCData----->1312=0x29
2015-12-11 17:17:682   Output LSCData----->1313=0x25
2015-12-11 17:17:682   Output LSCData----->1314=0x3A
2015-12-11 17:17:682   Output LSCData----->1315=0x26
2015-12-11 17:17:682   Output LSCData----->1316=0xD9
2015-12-11 17:17:682   Output LSCData----->1317=0x23
2015-12-11 17:17:682   Output LSCData----->1318=0xDA
2015-12-11 17:17:698   Output LSCData----->1319=0x23
2015-12-11 17:17:698   Output LSCData----->1320=0x4E
2015-12-11 17:17:698   Output LSCData----->1321=0x23
2015-12-11 17:17:698   Output LSCData----->1322=0x00
2015-12-11 17:17:698   Output LSCData----->1323=0x24
2015-12-11 17:17:698   Output LSCData----->1324=0x84
2015-12-11 17:17:698   Output LSCData----->1325=0x23
2015-12-11 17:17:698   Output LSCData----->1326=0x87
2015-12-11 17:17:698   Output LSCData----->1327=0x23
2015-12-11 17:17:698   Output LSCData----->1328=0x2A
2015-12-11 17:17:713   Output LSCData----->1329=0x23
2015-12-11 17:17:713   Output LSCData----->1330=0xAF
2015-12-11 17:17:713   Output LSCData----->1331=0x23
2015-12-11 17:17:713   Output LSCData----->1332=0x3E
2015-12-11 17:17:713   Output LSCData----->1333=0x25
2015-12-11 17:17:713   Output LSCData----->1334=0x51
2015-12-11 17:17:729   Output LSCData----->1335=0x25
2015-12-11 17:17:729   Output LSCData----->1336=0xD2
2015-12-11 17:17:729   Output LSCData----->1337=0x24
2015-12-11 17:17:729   Output LSCData----->1338=0x33
2015-12-11 17:17:729   Output LSCData----->1339=0x25
2015-12-11 17:17:729   Output LSCData----->1340=0x21
2015-12-11 17:17:729   Output LSCData----->1341=0x29
2015-12-11 17:17:729   Output LSCData----->1342=0x4B
2015-12-11 17:17:729   Output LSCData----->1343=0x29
2015-12-11 17:17:729   Output LSCData----->1344=0x68
2015-12-11 17:17:729   Output LSCData----->1345=0x28
2015-12-11 17:17:745   Output LSCData----->1346=0x1B
2015-12-11 17:17:745   Output LSCData----->1347=0x29
2015-12-11 17:17:745   Output LSCData----->1348=0x5E
2015-12-11 17:17:745   Output LSCData----->1349=0x2F
2015-12-11 17:17:745   Output LSCData----->1350=0xED
2015-12-11 17:17:745   Output LSCData----->1351=0x2F
2015-12-11 17:17:745   Output LSCData----->1352=0xCA
2015-12-11 17:17:745   Output LSCData----->1353=0x2D
2015-12-11 17:17:745   Output LSCData----->1354=0x58
2015-12-11 17:17:745   Output LSCData----->1355=0x2F
2015-12-11 17:17:745   Output LSCData----->1356=0xDB
2015-12-11 17:17:745   Output LSCData----->1357=0x37
2015-12-11 17:17:745   Output LSCData----->1358=0x83
2015-12-11 17:17:760   Output LSCData----->1359=0x38
2015-12-11 17:17:760   Output LSCData----->1360=0x22
2015-12-11 17:17:760   Output LSCData----->1361=0x35
2015-12-11 17:17:760   Output LSCData----->1362=0xDE
2015-12-11 17:17:760   Output LSCData----->1363=0x37
2015-12-11 17:17:760   Output LSCData----->1364=0xB1
2015-12-11 17:17:760   Output LSCData----->1365=0x41
2015-12-11 17:17:760   Output LSCData----->1366=0x44
2015-12-11 17:17:760   Output LSCData----->1367=0x43
2015-12-11 17:17:760   Output LSCData----->1368=0x78
2015-12-11 17:17:776   Output LSCData----->1369=0x3E
2015-12-11 17:17:776   Output LSCData----->1370=0xB6
2015-12-11 17:17:776   Output LSCData----->1371=0x41
2015-12-11 17:17:776   Output LSCData----->1372=0xE6
2015-12-11 17:17:776   Output LSCData----->1373=0x4E
2015-12-11 17:17:776   Output LSCData----->1374=0x3F
2015-12-11 17:17:776   Output LSCData----->1375=0x51
2015-12-11 17:17:776   Output LSCData----->1376=0x0D
2015-12-11 17:17:776   Output LSCData----->1377=0x4B
2015-12-11 17:17:776   Output LSCData----->1378=0xD5
2015-12-11 17:17:776   Output LSCData----->1379=0x4E
2015-12-11 17:17:792   Output LSCData----->1380=0x18
2015-12-11 17:17:792   Output LSCData----->1381=0x5B
2015-12-11 17:17:792   Output LSCData----->1382=0x5D
2015-12-11 17:17:792   Output LSCData----->1383=0x5E
2015-12-11 17:17:792   Output LSCData----->1384=0xDE
2015-12-11 17:17:792   Output LSCData----->1385=0x56
2015-12-11 17:17:792   Output LSCData----->1386=0xFC
2015-12-11 17:17:792   Output LSCData----->1387=0x5A
2015-12-11 17:17:792   Output LSCData----->1388=0xF9
2015-12-11 17:17:792   Output LSCData----->1389=0x4B
2015-12-11 17:17:792   Output LSCData----->1390=0x7A
2015-12-11 17:17:792   Output LSCData----->1391=0x4E
2015-12-11 17:17:792   Output LSCData----->1392=0x8D
2015-12-11 17:17:807   Output LSCData----->1393=0x48
2015-12-11 17:17:807   Output LSCData----->1394=0x5B
2015-12-11 17:17:807   Output LSCData----->1395=0x4C
2015-12-11 17:17:807   Output LSCData----->1396=0x9A
2015-12-11 17:17:807   Output LSCData----->1397=0x43
2015-12-11 17:17:807   Output LSCData----->1398=0x75
2015-12-11 17:17:807   Output LSCData----->1399=0x45
2015-12-11 17:17:807   Output LSCData----->1400=0x49
2015-12-11 17:17:807   Output LSCData----->1401=0x40
2015-12-11 17:17:807   Output LSCData----->1402=0x15
2015-12-11 17:17:807   Output LSCData----->1403=0x44
2015-12-11 17:17:807   Output LSCData----->1404=0x6C
2015-12-11 17:17:823   Output LSCData----->1405=0x3A
2015-12-11 17:17:823   Output LSCData----->1406=0xAB
2015-12-11 17:17:823   Output LSCData----->1407=0x3B
2015-12-11 17:17:823   Output LSCData----->1408=0x5A
2015-12-11 17:17:823   Output LSCData----->1409=0x37
2015-12-11 17:17:838   Output LSCData----->1410=0x0E
2015-12-11 17:17:838   Output LSCData----->1411=0x3B
2015-12-11 17:17:838   Output LSCData----->1412=0x2B
2015-12-11 17:17:838   Output LSCData----->1413=0x33
2015-12-11 17:17:838   Output LSCData----->1414=0x1F
2015-12-11 17:17:838   Output LSCData----->1415=0x34
2015-12-11 17:17:838   Output LSCData----->1416=0x9E
2015-12-11 17:17:838   Output LSCData----->1417=0x30
2015-12-11 17:17:838   Output LSCData----->1418=0x9D
2015-12-11 17:17:838   Output LSCData----->1419=0x33
2015-12-11 17:17:838   Output LSCData----->1420=0x62
2015-12-11 17:17:854   Output LSCData----->1421=0x2D
2015-12-11 17:17:854   Output LSCData----->1422=0x2F
2015-12-11 17:17:854   Output LSCData----->1423=0x2E
2015-12-11 17:17:854   Output LSCData----->1424=0xDC
2015-12-11 17:17:854   Output LSCData----->1425=0x2B
2015-12-11 17:17:854   Output LSCData----->1426=0xBC
2015-12-11 17:17:854   Output LSCData----->1427=0x2D
2015-12-11 17:17:870   Output LSCData----->1428=0x62
2015-12-11 17:17:870   Output LSCData----->1429=0x29
2015-12-11 17:17:870   Output LSCData----->1430=0xC5
2015-12-11 17:17:870   Output LSCData----->1431=0x29
2015-12-11 17:17:870   Output LSCData----->1432=0x0C
2015-12-11 17:17:870   Output LSCData----->1433=0x28
2015-12-11 17:17:870   Output LSCData----->1434=0x7C
2015-12-11 17:17:870   Output LSCData----->1435=0x29
2015-12-11 17:17:870   Output LSCData----->1436=0x1D
2015-12-11 17:17:870   Output LSCData----->1437=0x27
2015-12-11 17:17:870   Output LSCData----->1438=0x39
2015-12-11 17:17:870   Output LSCData----->1439=0x27
2015-12-11 17:17:870   Output LSCData----->1440=0x23
2015-12-11 17:17:885   Output LSCData----->1441=0x26
2015-12-11 17:17:885   Output LSCData----->1442=0x59
2015-12-11 17:17:885   Output LSCData----->1443=0x27
2015-12-11 17:17:885   Output LSCData----->1444=0xD4
2015-12-11 17:17:885   Output LSCData----->1445=0x26
2015-12-11 17:17:885   Output LSCData----->1446=0xD8
2015-12-11 17:17:885   Output LSCData----->1447=0x26
2015-12-11 17:17:885   Output LSCData----->1448=0xF2
2015-12-11 17:17:885   Output LSCData----->1449=0x25
2015-12-11 17:17:885   Output LSCData----->1450=0xE0
2015-12-11 17:17:885   Output LSCData----->1451=0x26
2015-12-11 17:17:885   Output LSCData----->1452=0xA7
2015-12-11 17:17:901   Output LSCData----->1453=0x28
2015-12-11 17:17:901   Output LSCData----->1454=0xB1
2015-12-11 17:17:901   Output LSCData----->1455=0x28
2015-12-11 17:17:901   Output LSCData----->1456=0xCC
2015-12-11 17:17:901   Output LSCData----->1457=0x27
2015-12-11 17:17:901   Output LSCData----->1458=0xBE
2015-12-11 17:17:901   Output LSCData----->1459=0x28
2015-12-11 17:17:901   Output LSCData----->1460=0x87
2015-12-11 17:17:917   Output LSCData----->1461=0x2C
2015-12-11 17:17:917   Output LSCData----->1462=0xDA
2015-12-11 17:17:917   Output LSCData----->1463=0x2C
2015-12-11 17:17:917   Output LSCData----->1464=0x41
2015-12-11 17:17:917   Output LSCData----->1465=0x2B
2015-12-11 17:17:932   Output LSCData----->1466=0x8A
2015-12-11 17:17:932   Output LSCData----->1467=0x2C
2015-12-11 17:17:932   Output LSCData----->1468=0xE9
2015-12-11 17:17:932   Output LSCData----->1469=0x32
2015-12-11 17:17:932   Output LSCData----->1470=0xB8
2015-12-11 17:17:932   Output LSCData----->1471=0x33
2015-12-11 17:17:948   Output LSCData----->1472=0xFC
2015-12-11 17:17:948   Output LSCData----->1473=0x30
2015-12-11 17:17:948   Output LSCData----->1474=0x22
2015-12-11 17:17:948   Output LSCData----->1475=0x33
2015-12-11 17:17:948   Output LSCData----->1476=0x15
2015-12-11 17:17:948   Output LSCData----->1477=0x3B
2015-12-11 17:17:948   Output LSCData----->1478=0x45
2015-12-11 17:17:963   Output LSCData----->1479=0x3C
2015-12-11 17:17:963   Output LSCData----->1480=0x8C
2015-12-11 17:17:963   Output LSCData----->1481=0x38
2015-12-11 17:17:963   Output LSCData----->1482=0x3B
2015-12-11 17:17:963   Output LSCData----->1483=0x3B
2015-12-11 17:17:963   Output LSCData----->1484=0x59
2015-12-11 17:17:963   Output LSCData----->1485=0x45
2015-12-11 17:17:963   Output LSCData----->1486=0x0D
2015-12-11 17:17:963   Output LSCData----->1487=0x47
2015-12-11 17:17:963   Output LSCData----->1488=0xCF
2015-12-11 17:17:963   Output LSCData----->1489=0x41
2015-12-11 17:17:963   Output LSCData----->1490=0x39
2015-12-11 17:17:963   Output LSCData----->1491=0x45
2015-12-11 17:17:979   Output LSCData----->1492=0xB7
2015-12-11 17:17:979   Output LSCData----->1493=0x52
2015-12-11 17:17:026   Output LSCData----->1494=0xF4
2015-12-11 17:17:026   Output LSCData----->1495=0x54
2015-12-11 17:17:026   Output LSCData----->1496=0x8A
2015-12-11 17:17:026   Output LSCData----->1497=0x4E
2015-12-11 17:17:026   Output LSCData----->1498=0xCD
2015-12-11 17:17:026   Output LSCData----->1499=0x52
2015-12-11 17:17:026   Output LSCData----->1500=0x19
2015-12-11 17:17:026   Output LSCData----->1501=0x5F
2015-12-11 17:17:026   Output LSCData----->1502=0x65
2015-12-11 17:17:042   Output LSCData----->1503=0x62
2015-12-11 17:17:042   Output LSCData----->1504=0xEE
2015-12-11 17:17:042   Output LSCData----->1505=0x5A
2015-12-11 17:17:042   Output LSCData----->1506=0xC5
2015-12-11 17:17:042   Output LSCData----->1507=0x5E
2015-12-11 17:17:042   Output LSCData----->1508=0x81
2015-12-11 17:17:042   Output LSCData----->1509=0x50
2015-12-11 17:17:042   Output LSCData----->1510=0x21
2015-12-11 17:17:042   Output LSCData----->1511=0x53
2015-12-11 17:17:042   Output LSCData----->1512=0x20
2015-12-11 17:17:042   Output LSCData----->1513=0x4C
2015-12-11 17:17:042   Output LSCData----->1514=0x9B
2015-12-11 17:17:057   Output LSCData----->1515=0x50
2015-12-11 17:17:057   Output LSCData----->1516=0x11
2015-12-11 17:17:057   Output LSCData----->1517=0x47
2015-12-11 17:17:057   Output LSCData----->1518=0x5B
2015-12-11 17:17:057   Output LSCData----->1519=0x49
2015-12-11 17:17:057   Output LSCData----->1520=0x5F
2015-12-11 17:17:057   Output LSCData----->1521=0x43
2015-12-11 17:17:057   Output LSCData----->1522=0x42
2015-12-11 17:17:057   Output LSCData----->1523=0x47
2015-12-11 17:17:057   Output LSCData----->1524=0x86
2015-12-11 17:17:057   Output LSCData----->1525=0x3E
2015-12-11 17:17:057   Output LSCData----->1526=0xB2
2015-12-11 17:17:073   Output LSCData----->1527=0x3F
2015-12-11 17:17:073   Output LSCData----->1528=0x4D
2015-12-11 17:17:073   Output LSCData----->1529=0x3B
2015-12-11 17:17:073   Output LSCData----->1530=0xBE
2015-12-11 17:17:073   Output LSCData----->1531=0x3E
2015-12-11 17:17:073   Output LSCData----->1532=0xFD
2015-12-11 17:17:073   Output LSCData----->1533=0x36
2015-12-11 17:17:073   Output LSCData----->1534=0x42
2015-12-11 17:17:073   Output LSCData----->1535=0x38
2015-12-11 17:17:073   Output LSCData----->1536=0x62
2015-12-11 17:17:073   Output LSCData----->1537=0x34
2015-12-11 17:17:073   Output LSCData----->1538=0x4D
2015-12-11 17:17:088   Output LSCData----->1539=0x37
2015-12-11 17:17:088   Output LSCData----->1540=0x86
2015-12-11 17:17:088   Output LSCData----->1541=0x31
2015-12-11 17:17:088   Output LSCData----->1542=0x1A
2015-12-11 17:17:088   Output LSCData----->1543=0x32
2015-12-11 17:17:088   Output LSCData----->1544=0x59
2015-12-11 17:17:088   Output LSCData----->1545=0x2F
2015-12-11 17:17:088   Output LSCData----->1546=0xE0
2015-12-11 17:17:088   Output LSCData----->1547=0x31
2015-12-11 17:17:088   Output LSCData----->1548=0xD2
2015-12-11 17:17:088   Output LSCData----->1549=0x2D
2015-12-11 17:17:104   Output LSCData----->1550=0x46
2015-12-11 17:17:104   Output LSCData----->1551=0x2E
2015-12-11 17:17:104   Output LSCData----->1552=0x1A
2015-12-11 17:17:104   Output LSCData----->1553=0x2C
2015-12-11 17:17:104   Output LSCData----->1554=0xF6
2015-12-11 17:17:104   Output LSCData----->1555=0x2D
2015-12-11 17:17:104   Output LSCData----->1556=0x87
2015-12-11 17:17:104   Output LSCData----->1557=0x2B
2015-12-11 17:17:104   Output LSCData----->1558=0xBC
2015-12-11 17:17:104   Output LSCData----->1559=0x2B
2015-12-11 17:17:104   Output LSCData----->1560=0xE7
2015-12-11 17:17:104   Output LSCData----->1561=0x29
2015-12-11 17:17:104   Output LSCData----->1562=0xA0
2015-12-11 17:17:104   Output LSCData----->1563=0x2B
2015-12-11 17:17:120   Output LSCData----->1564=0x51
2015-12-11 17:17:120   Output LSCData----->1565=0x2B
2015-12-11 17:17:120   Output LSCData----->1566=0x38
2015-12-11 17:17:151   Output LSCData----->1567=0x2B
2015-12-11 17:17:151   Output LSCData----->1568=0xD9
2015-12-11 17:17:151   Output LSCData----->1569=0x29
2015-12-11 17:17:151   Output LSCData----->1570=0x41
2015-12-11 17:17:151   Output LSCData----->1571=0x2B
2015-12-11 17:17:151   Output LSCData----->1572=0x20
2015-12-11 17:17:151   Output LSCData----->1573=0x2D
2015-12-11 17:17:151   Output LSCData----->1574=0x61
2015-12-11 17:17:167   Output LSCData----->1575=0x2D
2015-12-11 17:17:167   Output LSCData----->1576=0xAA
2015-12-11 17:17:167   Output LSCData----->1577=0x2B
2015-12-11 17:17:167   Output LSCData----->1578=0x32
2015-12-11 17:17:167   Output LSCData----->1579=0x2D
2015-12-11 17:17:167   Output LSCData----->1580=0x7D
2015-12-11 17:17:167   Output LSCData----->1581=0x31
2015-12-11 17:17:167   Output LSCData----->1582=0x08
2015-12-11 17:17:167   Output LSCData----->1583=0x32
2015-12-11 17:17:167   Output LSCData----->1584=0xBD
2015-12-11 17:17:167   Output LSCData----->1585=0x2F
2015-12-11 17:17:167   Output LSCData----->1586=0xA1
2015-12-11 17:17:182   Output LSCData----->1587=0x31
2015-12-11 17:17:182   Output LSCData----->1588=0x84
2015-12-11 17:17:182   Output LSCData----->1589=0x37
2015-12-11 17:17:182   Output LSCData----->1590=0x23
2015-12-11 17:17:182   Output LSCData----->1591=0x38
2015-12-11 17:17:182   Output LSCData----->1592=0x0E
2015-12-11 17:17:182   Output LSCData----->1593=0x35
2015-12-11 17:17:182   Output LSCData----->1594=0x77
2015-12-11 17:17:182   Output LSCData----->1595=0x37
2015-12-11 17:17:182   Output LSCData----->1596=0x5B
2015-12-11 17:17:182   Output LSCData----->1597=0x3F
2015-12-11 17:17:213   Output LSCData----->1598=0x61
2015-12-11 17:17:213   Output LSCData----->1599=0x40
2015-12-11 17:17:213   Output LSCData----->1600=0x36
2015-12-11 17:17:229   Output LSCData----->1601=0x3C
2015-12-11 17:17:229   Output LSCData----->1602=0x69
2015-12-11 17:17:229   Output LSCData----->1603=0x3F
2015-12-11 17:17:229   Output LSCData----->1604=0xF2
2015-12-11 17:17:229   Output LSCData----->1605=0x49
2015-12-11 17:17:245   Output LSCData----->1606=0xEE
2015-12-11 17:17:245   Output LSCData----->1607=0x4B
2015-12-11 17:17:245   Output LSCData----->1608=0x4A
2015-12-11 17:17:245   Output LSCData----->1609=0x46
2015-12-11 17:17:245   Output LSCData----->1610=0xE4
2015-12-11 17:17:260   Output LSCData----->1611=0x49
2015-12-11 17:17:260   Output LSCData----->1612=0xB4
2015-12-11 17:17:260   Output LSCData----->1613=0x56
2015-12-11 17:17:260   Output LSCData----->1614=0x65
2015-12-11 17:17:260   Output LSCData----->1615=0x59
2015-12-11 17:17:260   Output LSCData----->1616=0xF5
2015-12-11 17:17:260   Output LSCData----->1617=0x52
2015-12-11 17:17:260   Output LSCData----->1618=0xCB
2015-12-11 17:17:276   Output LSCData----->1619=0x56
2015-12-11 17:17:276   Output LSCData----->1620=0xFA
2015-12-11 17:17:276   Output LSCData----->1621=0x63
2015-12-11 17:17:276   Output LSCData----->1622=0x66
2015-12-11 17:17:276   Output LSCData----->1623=0x68
2015-12-11 17:17:276   Output LSCData----->1624=0xB9
2015-12-11 17:17:276   Output LSCData----->1625=0x5F
2015-12-11 17:17:276   Output LSCData----->1626=0x03
2015-12-11 17:17:292   Output LSCData----->1627=0x64
2015-12-11 17:17:292   Output LSCData----->1628=0x20
2015-12-11 17:17:292   Output LSCData----->1629=0x56
2015-12-11 17:17:292   Output LSCData----->1630=0x5F
2015-12-11 17:17:292   Output LSCData----->1631=0x59
2015-12-11 17:17:292   Output LSCData----->1632=0x1A
2015-12-11 17:17:292   Output LSCData----->1633=0x52
2015-12-11 17:17:292   Output LSCData----->1634=0x4B
2015-12-11 17:17:307   Output LSCData----->1635=0x56
2015-12-11 17:17:307   Output LSCData----->1636=0x8D
2015-12-11 17:17:307   Output LSCData----->1637=0x4B
2015-12-11 17:17:307   Output LSCData----->1638=0x72
2015-12-11 17:17:307   Output LSCData----->1639=0x4E
2015-12-11 17:17:307   Output LSCData----->1640=0x6A
2015-12-11 17:17:307   Output LSCData----->1641=0x47
2015-12-11 17:17:307   Output LSCData----->1642=0xEF
2015-12-11 17:17:307   Output LSCData----->1643=0x4B
2015-12-11 17:17:307   Output LSCData----->1644=0xE9
2015-12-11 17:17:307   Output LSCData----->1645=0x42
2015-12-11 17:17:307   Output LSCData----->1646=0xB3
2015-12-11 17:17:323   Output LSCData----->1647=0x44
2015-12-11 17:17:323   Output LSCData----->1648=0x60
2015-12-11 17:17:323   Output LSCData----->1649=0x3F
2015-12-11 17:17:323   Output LSCData----->1650=0x6F
2015-12-11 17:17:323   Output LSCData----->1651=0x43
2015-12-11 17:17:323   Output LSCData----->1652=0xBB
2015-12-11 17:17:323   Output LSCData----->1653=0x3B
2015-12-11 17:17:323   Output LSCData----->1654=0x3F
2015-12-11 17:17:323   Output LSCData----->1655=0x3D
2015-12-11 17:17:323   Output LSCData----->1656=0xB8
2015-12-11 17:17:323   Output LSCData----->1657=0x38
2015-12-11 17:17:323   Output LSCData----->1658=0x06
2015-12-11 17:17:323   Output LSCData----->1659=0x3C
2015-12-11 17:17:338   Output LSCData----->1660=0xF4
2015-12-11 17:17:338   Output LSCData----->1661=0x35
2015-12-11 17:17:338   Output LSCData----->1662=0xCA
2015-12-11 17:17:338   Output LSCData----->1663=0x36
2015-12-11 17:17:338   Output LSCData----->1664=0x83
2015-12-11 17:17:338   Output LSCData----->1665=0x33
2015-12-11 17:17:338   Output LSCData----->1666=0x61
2015-12-11 17:17:338   Output LSCData----->1667=0x36
2015-12-11 17:17:338   Output LSCData----->1668=0x83
2015-12-11 17:17:338   Output LSCData----->1669=0x32
2015-12-11 17:17:338   Output LSCData----->1670=0x23
2015-12-11 17:17:354   Output LSCData----->1671=0x33
2015-12-11 17:17:354   Output LSCData----->1672=0x2E
2015-12-11 17:17:354   Output LSCData----->1673=0x30
2015-12-11 17:17:354   Output LSCData----->1674=0x01
2015-12-11 17:17:354   Output LSCData----->1675=0x33
2015-12-11 17:17:354   Output LSCData----->1676=0xAA
2015-12-11 17:17:370   Output LSCData----->1677=0x30
2015-12-11 17:17:370   Output LSCData----->1678=0x0E
2015-12-11 17:17:370   Output LSCData----->1679=0x31
2015-12-11 17:17:370   Output LSCData----->1680=0xC3
2015-12-11 17:17:370   Output LSCData----->1681=0x2E
2015-12-11 17:17:370   Output LSCData----->1682=0x0B
2015-12-11 17:17:370   Output LSCData----->1683=0x31
2015-12-11 17:17:370   Output LSCData----->1684=0xB6
2015-12-11 17:17:385   Output LSCData----->1685=0x30
2015-12-11 17:17:385   Output LSCData----->1686=0xFE
2015-12-11 17:17:385   Output LSCData----->1687=0x30
2015-12-11 17:17:385   Output LSCData----->1688=0xB6
2015-12-11 17:17:385   Output LSCData----->1689=0x2E
2015-12-11 17:17:385   Output LSCData----->1690=0xE7
2015-12-11 17:17:385   Output LSCData----->1691=0x30
2015-12-11 17:17:385   Output LSCData----->1692=0x92
2015-12-11 17:17:385   Output LSCData----->1693=0x32
2015-12-11 17:17:385   Output LSCData----->1694=0xD7
2015-12-11 17:17:385   Output LSCData----->1695=0x32
2015-12-11 17:17:401   Output LSCData----->1696=0x71
2015-12-11 17:17:401   Output LSCData----->1697=0x30
2015-12-11 17:17:401   Output LSCData----->1698=0xCA
2015-12-11 17:17:401   Output LSCData----->1699=0x32
2015-12-11 17:17:401   Output LSCData----->1700=0x9D
2015-12-11 17:17:417   Output LSCData----->1701=0x36
2015-12-11 17:17:417   Output LSCData----->1702=0x10
2015-12-11 17:17:417   Output LSCData----->1703=0x37
2015-12-11 17:17:417   Output LSCData----->1704=0x02
2015-12-11 17:17:417   Output LSCData----->1705=0x34
2015-12-11 17:17:417   Output LSCData----->1706=0xA9
2015-12-11 17:17:417   Output LSCData----->1707=0x36
2015-12-11 17:17:417   Output LSCData----->1708=0x33
2015-12-11 17:17:417   Output LSCData----->1709=0x3C
2015-12-11 17:17:417   Output LSCData----->1710=0x33
2015-12-11 17:17:432   Output LSCData----->1711=0x3D
2015-12-11 17:17:432   Output LSCData----->1712=0x29
2015-12-11 17:17:432   Output LSCData----->1713=0x39
2015-12-11 17:17:432   Output LSCData----->1714=0x58
2015-12-11 17:17:432   Output LSCData----->1715=0x3C
2015-12-11 17:17:432   Output LSCData----->1716=0xF3
2015-12-11 17:17:432   Output LSCData----->1717=0x44
2015-12-11 17:17:432   Output LSCData----->1718=0x8C
2015-12-11 17:17:448   Output LSCData----->1719=0x46
2015-12-11 17:17:448   Output LSCData----->1720=0x36
2015-12-11 17:17:448   Output LSCData----->1721=0x41
2015-12-11 17:17:448   Output LSCData----->1722=0xD2
2015-12-11 17:17:448   Output LSCData----->1723=0x44
2015-12-11 17:17:448   Output LSCData----->1724=0x97
2015-12-11 17:17:448   Output LSCData----->1725=0x4F
2015-12-11 17:17:448   Output LSCData----->1726=0x25
2015-12-11 17:17:448   Output LSCData----->1727=0x52
2015-12-11 17:17:448   Output LSCData----->1728=0x83
2015-12-11 17:17:448   Output LSCData----->1729=0x4B
2015-12-11 17:17:463   Output LSCData----->1730=0x95
2015-12-11 17:17:463   Output LSCData----->1731=0x4F
2015-12-11 17:17:463   Output LSCData----->1732=0x9F
2015-12-11 17:17:463   Output LSCData----->1733=0x5B
2015-12-11 17:17:463   Output LSCData----->1734=0x15
2015-12-11 17:17:463   Output LSCData----->1735=0x5F
2015-12-11 17:17:463   Output LSCData----->1736=0x3B
2015-12-11 17:17:479   Output LSCData----->1737=0x57
2015-12-11 17:17:479   Output LSCData----->1738=0x8A
2015-12-11 17:17:479   Output LSCData----->1739=0x5B
2015-12-11 17:17:479   Output LSCData----->1740=0x5E
2015-12-11 17:17:479   Output LSCData----->1741=0x6B
2015-12-11 17:17:479   Output LSCData----->1742=0xD4
2015-12-11 17:17:479   Output LSCData----->1743=0x70
2015-12-11 17:17:479   Output LSCData----->1744=0xED
2015-12-11 17:17:479   Output LSCData----->1745=0x66
2015-12-11 17:17:479   Output LSCData----->1746=0x56
2015-12-11 17:17:479   Output LSCData----->1747=0x6B
2015-12-11 17:17:479   Output LSCData----->1748=0xB9
2015-12-11 17:17:495   Output LSCData----->1749=0x5A
2015-12-11 17:17:495   Output LSCData----->1750=0x5C
2015-12-11 17:17:495   Output LSCData----->1751=0x5F
2015-12-11 17:17:495   Output LSCData----->1752=0x7F
2015-12-11 17:17:495   Output LSCData----->1753=0x56
2015-12-11 17:17:495   Output LSCData----->1754=0x22
2015-12-11 17:17:495   Output LSCData----->1755=0x5B
2015-12-11 17:17:495   Output LSCData----->1756=0x18
2015-12-11 17:17:495   Output LSCData----->1757=0x51
2015-12-11 17:17:510   Output LSCData----->1758=0xCB
2015-12-11 17:17:510   Output LSCData----->1759=0x53
2015-12-11 17:17:510   Output LSCData----->1760=0x71
2015-12-11 17:17:510   Output LSCData----->1761=0x4D
2015-12-11 17:17:510   Output LSCData----->1762=0x76
2015-12-11 17:17:510   Output LSCData----->1763=0x51
2015-12-11 17:17:510   Output LSCData----->1764=0x59
2015-12-11 17:17:510   Output LSCData----->1765=0x47
2015-12-11 17:17:510   Output LSCData----->1766=0x66
2015-12-11 17:17:510   Output LSCData----->1767=0x49
2015-12-11 17:17:510   Output LSCData----->1768=0x27
2015-12-11 17:17:510   Output LSCData----->1769=0x44
2015-12-11 17:17:526   Output LSCData----->1770=0x20
2015-12-11 17:17:526   Output LSCData----->1771=0x48
2015-12-11 17:17:526   Output LSCData----->1772=0x08
2015-12-11 17:17:526   Output LSCData----->1773=0x41
2015-12-11 17:17:526   Output LSCData----->1774=0x49
2015-12-11 17:17:526   Output LSCData----->1775=0x42
2015-12-11 17:17:526   Output LSCData----->1776=0x42
2015-12-11 17:17:526   Output LSCData----->1777=0x3E
2015-12-11 17:17:526   Output LSCData----->1778=0x8B
2015-12-11 17:17:542   Output LSCData----->1779=0x41
2015-12-11 17:17:542   Output LSCData----->1780=0x73
2015-12-11 17:17:542   Output LSCData----->1781=0x3B
2015-12-11 17:17:542   Output LSCData----->1782=0x9A
2015-12-11 17:17:542   Output LSCData----->1783=0x3C
2015-12-11 17:17:542   Output LSCData----->1784=0x97
2015-12-11 17:17:542   Output LSCData----->1785=0x38
2015-12-11 17:17:542   Output LSCData----->1786=0x0E
2015-12-11 17:17:542   Output LSCData----->1787=0x3C
2015-12-11 17:17:542   Output LSCData----->1788=0xD1
2015-12-11 17:17:542   Output LSCData----->1789=0x37
2015-12-11 17:17:542   Output LSCData----->1790=0xA4
2015-12-11 17:17:542   Output LSCData----->1791=0x38
2015-12-11 17:17:557   Output LSCData----->1792=0x56
2015-12-11 17:17:557   Output LSCData----->1793=0x35
2015-12-11 17:17:557   Output LSCData----->1794=0x7D
2015-12-11 17:17:557   Output LSCData----->1795=0x38
2015-12-11 17:17:557   Output LSCData----->1796=0x2A
2015-12-11 17:17:557   Output LSCData----->1797=0x36
2015-12-11 17:17:557   Output LSCData----->1798=0xC1
2015-12-11 17:17:557   Output LSCData----->1799=0x36
2015-12-11 17:17:557   Output LSCData----->1800=0xCA
2015-12-11 17:17:573   Output LSCData----->1801=0x33
2015-12-11 17:17:573   Output LSCData----->1802=0x9B
2015-12-11 17:17:573   Output LSCData----->1803=0x36
2015-12-11 17:17:573   Output LSCData----->1804=0x83
2015-12-11 17:17:573   Output LSCData----->1805=0x36
2015-12-11 17:17:588   Output LSCData----->1806=0xE7
2015-12-11 17:17:588   Output LSCData----->1807=0x36
2015-12-11 17:17:588   Output LSCData----->1808=0xE2
2015-12-11 17:17:588   Output LSCData----->1809=0x33
2015-12-11 17:17:588   Output LSCData----->1810=0xB2
2015-12-11 17:17:588   Output LSCData----->1811=0x36
2015-12-11 17:17:588   Output LSCData----->1812=0x3E
2015-12-11 17:17:588   Output LSCData----->1813=0x38
2015-12-11 17:17:588   Output LSCData----->1814=0xB4
2015-12-11 17:17:588   Output LSCData----->1815=0x38
2015-12-11 17:17:588   Output LSCData----->1816=0x85
2015-12-11 17:17:604   Output LSCData----->1817=0x35
2015-12-11 17:17:604   Output LSCData----->1818=0x53
2015-12-11 17:17:604   Output LSCData----->1819=0x38
2015-12-11 17:17:604   Output LSCData----->1820=0x49
2015-12-11 17:17:604   Output LSCData----->1821=0x3C
2015-12-11 17:17:620   Output LSCData----->1822=0xC6
2015-12-11 17:17:620   Output LSCData----->1823=0x3C
2015-12-11 17:17:620   Output LSCData----->1824=0x09
2015-12-11 17:17:620   Output LSCData----->1825=0x39
2015-12-11 17:17:620   Output LSCData----->1826=0x36
2015-12-11 17:17:620   Output LSCData----->1827=0x3C
2015-12-11 17:17:620   Output LSCData----->1828=0x1A
2015-12-11 17:17:620   Output LSCData----->1829=0x42
2015-12-11 17:17:620   Output LSCData----->1830=0x38
2015-12-11 17:17:620   Output LSCData----->1831=0x43
2015-12-11 17:17:620   Output LSCData----->1832=0x0C
2015-12-11 17:17:620   Output LSCData----->1833=0x3F
2015-12-11 17:17:635   Output LSCData----->1834=0x29
2015-12-11 17:17:635   Output LSCData----->1835=0x42
2015-12-11 17:17:635   Output LSCData----->1836=0xA5
2015-12-11 17:17:635   Output LSCData----->1837=0x4A
2015-12-11 17:17:635   Output LSCData----->1838=0x39
2015-12-11 17:17:635   Output LSCData----->1839=0x4C
2015-12-11 17:17:635   Output LSCData----->1840=0x09
2015-12-11 17:17:635   Output LSCData----->1841=0x47
2015-12-11 17:17:635   Output LSCData----->1842=0x9A
2015-12-11 17:17:635   Output LSCData----->1843=0x4A
2015-12-11 17:17:635   Output LSCData----->1844=0x0E
2015-12-11 17:17:635   Output LSCData----->1845=0x54
2015-12-11 17:17:651   Output LSCData----->1846=0x0B
2015-12-11 17:17:651   Output LSCData----->1847=0x57
2015-12-11 17:17:651   Output LSCData----->1848=0xDC
2015-12-11 17:17:651   Output LSCData----->1849=0x50
2015-12-11 17:17:651   Output LSCData----->1850=0x72
2015-12-11 17:17:651   Output LSCData----->1851=0x54
2015-12-11 17:17:651   Output LSCData----->1852=0x4B
2015-12-11 17:17:651   Output LSCData----->1853=0x62
2015-12-11 17:17:651   Output LSCData----->1854=0x51
2015-12-11 17:17:651   Output LSCData----->1855=0x66
2015-12-11 17:17:651   Output LSCData----->1856=0x3F
2015-12-11 17:17:667   Output LSCData----->1857=0x5E
2015-12-11 17:17:667   Output LSCData----->1858=0x7B
2015-12-11 17:17:667   Output LSCData----->1859=0x62
2015-12-11 17:17:667   Output LSCData----->1860=0xF6
2015-12-11 17:17:667   Output LSCData----->1861=0x71
2015-12-11 17:17:667   Output LSCData----->1862=0xD1
2015-12-11 17:17:667   Output LSCData----->1863=0x77
2015-12-11 17:17:667   Output LSCData----->1864=0x7D
2015-12-11 17:17:667   Output LSCData----->1865=0x6C
2015-12-11 17:17:667   Output LSCData----->1866=0x2F
2015-12-11 17:17:667   Output LSCData----->1867=0x72
