生成启动时间为 2018/2/3 14:48:37。
     1>项目“E:\R3\MyProject\OC_Item_Moto\OC_Item_Moto\OC_Item_Moto.vcxproj”在节点 2 上(rebuild 个目标)。
     1>InitializeBuildStatus:
         正在创建“Release\OC_Item_Moto.unsuccessfulbuild”，因为已指定“AlwaysCreate”。
       ClCompile:
         C:\Program Files (x86)\Microsoft Visual Studio 10.0\VC\bin\CL.exe /c /I..\..\..\Include /Zi /nologo /W3 /WX- /O2 /Oi /Oy- /GL /D WIN32 /D _WINDOWS /D NDEBUG /D _USRDLL /D _WINDLL /D _UNICODE /D UNICODE /D _AFXDLL /Gm- /EHsc /MD /GS /Gy /fp:precise /Zc:wchar_t /Zc:forScope /Yc"StdAfx.h" /Fp"Release\OC_Item_Moto.pch" /Fo"Release\\" /Fd"Release\vc100.pdb" /Gd /TP /analyze- /errorReport:prompt stdafx.cpp
         stdafx.cpp
         C:\Program Files (x86)\Microsoft Visual Studio 10.0\VC\bin\CL.exe /c /I..\..\..\Include /Zi /nologo /W3 /WX- /O2 /Oi /Oy- /GL /D WIN32 /D _WINDOWS /D NDEBUG /D _USRDLL /D _WINDLL /D _UNICODE /D UNICODE /D _AFXDLL /Gm- /EHsc /MD /GS /Gy /fp:precise /Zc:wchar_t /Zc:forScope /Yu"StdAfx.h" /Fp"Release\OC_Item_Moto.pch" /Fo"Release\\" /Fd"Release\vc100.pdb" /Gd /TP /analyze- /errorReport:prompt OC_Item_Moto.cpp OC_Item_Moto_TestItem.cpp OptionDlg.cpp
         OC_Item_Moto.cpp
         OC_Item_Moto_TestItem.cpp
     1>OC_Item_Moto_TestItem.cpp(152): warning C4244: “=”: 从“double”转换到“float”，可能丢失数据
     1>OC_Item_Moto_TestItem.cpp(169): warning C4244: “=”: 从“double”转换到“float”，可能丢失数据
     1>OC_Item_Moto_TestItem.cpp(186): warning C4244: “=”: 从“double”转换到“float”，可能丢失数据
     1>OC_Item_Moto_TestItem.cpp(203): warning C4244: “=”: 从“double”转换到“float”，可能丢失数据
     1>OC_Item_Moto_TestItem.cpp(238): warning C4244: “=”: 从“double”转换到“float”，可能丢失数据
     1>OC_Item_Moto_TestItem.cpp(284): warning C4244: “=”: 从“double”转换到“float”，可能丢失数据
     1>OC_Item_Moto_TestItem.cpp(287): warning C4244: “=”: 从“double”转换到“float”，可能丢失数据
     1>OC_Item_Moto_TestItem.cpp(290): warning C4244: “=”: 从“double”转换到“float”，可能丢失数据
     1>OC_Item_Moto_TestItem.cpp(673): warning C4244: “=”: 从“double”转换到“__int64”，可能丢失数据
     1>OC_Item_Moto_TestItem.cpp(674): warning C4244: “=”: 从“double”转换到“__int64”，可能丢失数据
     1>OC_Item_Moto_TestItem.cpp(679): warning C4244: “=”: 从“__int64”转换到“int”，可能丢失数据
     1>OC_Item_Moto_TestItem.cpp(680): warning C4244: “=”: 从“__int64”转换到“int”，可能丢失数据
     1>OC_Item_Moto_TestItem.cpp(694): warning C4244: “初始化”: 从“double”转换到“float”，可能丢失数据
     1>OC_Item_Moto_TestItem.cpp(695): warning C4244: “初始化”: 从“double”转换到“float”，可能丢失数据
         OptionDlg.cpp
     1>OptionDlg.cpp(72): warning C4244: “=”: 从“int”转换到“float”，可能丢失数据
       ResourceCompile:
         C:\Program Files (x86)\Microsoft SDKs\Windows\v7.0A\bin\rc.exe /D NDEBUG /D _UNICODE /D UNICODE /D _AFXDLL /l"0x0804" /IRelease\ /nologo /fo"Release\OC_Item_Moto.res" OC_Item_Moto.rc 
       Link:
         C:\Program Files (x86)\Microsoft Visual Studio 10.0\VC\bin\link.exe /ERRORREPORT:PROMPT /OUT:"E:\R3\MyProject\OC_Item_Moto\Release\OC_Item_Moto.dll" /INCREMENTAL:NO /NOLOGO /LIBPATH:..\..\..\Lib\Release TestItemInterface.lib ImageProc.lib opencv_calib3d249d.lib opencv_contrib249d.lib opencv_core249d.lib opencv_features2d249d.lib opencv_flann249d.lib opencv_gpu249d.lib opencv_highgui249d.lib opencv_imgproc249d.lib opencv_legacy249d.lib opencv_ml249d.lib opencv_nonfree249d.lib opencv_objdetect249d.lib opencv_ocl249d.lib opencv_photo249d.lib opencv_stitching249d.lib opencv_superres249d.lib opencv_ts249d.lib opencv_video249d.lib opencv_videostab249d.lib opencv_calib3d249.lib opencv_contrib249.lib opencv_core249.lib opencv_features2d249.lib opencv_flann249.lib opencv_gpu249.lib opencv_highgui249.lib opencv_imgproc249.lib opencv_legacy249.lib opencv_ml249.lib opencv_nonfree249.lib opencv_objdetect249.lib opencv_ocl249.lib opencv_photo249.lib opencv_stitching249.lib opencv_superres249.lib opencv_ts249.lib opencv_video249.lib opencv_videostab249.lib /MANIFEST /ManifestFile:"Release\OC_Item_Moto.dll.intermediate.manifest" /MANIFESTUAC:"level='asInvoker' uiAccess='false'" /DEBUG /PDB:"E:\R3\MyProject\OC_Item_Moto\Release\OC_Item_Moto.pdb" /SUBSYSTEM:WINDOWS /OPT:REF /OPT:ICF /LTCG /TLBID:1 /DYNAMICBASE /NXCOMPAT /IMPLIB:"E:\R3\MyProject\OC_Item_Moto\Release\OC_Item_Moto.lib" /MACHINE:X86 /DLL Release\OC_Item_Moto.res
         Release\OC_Item_Moto.obj
         Release\OC_Item_Moto_TestItem.obj
         Release\OptionDlg.obj
         Release\stdafx.obj
            正在创建库 E:\R3\MyProject\OC_Item_Moto\Release\OC_Item_Moto.lib 和对象 E:\R3\MyProject\OC_Item_Moto\Release\OC_Item_Moto.exp
         正在生成代码
         已完成代码的生成
     1>TestItemInterface.lib(TestItemInterface.obj) : warning LNK4099: 未找到 PDB“vc100.pdb”(使用“TestItemInterface.lib(TestItemInterface.obj)”或在“E:\R3\MyProject\OC_Item_Moto\Release\vc100.pdb”中寻找)；正在链接对象，如同没有调试信息一样
     1>TestItemInterface.lib(stdafx.obj) : warning LNK4099: 未找到 PDB“vc100.pdb”(使用“TestItemInterface.lib(stdafx.obj)”或在“E:\R3\MyProject\OC_Item_Moto\Release\vc100.pdb”中寻找)；正在链接对象，如同没有调试信息一样
         OC_Item_Moto.vcxproj -> E:\R3\MyProject\OC_Item_Moto\Release\OC_Item_Moto.dll
       Manifest:
         C:\Program Files (x86)\Microsoft SDKs\Windows\v7.0A\bin\mt.exe /nologo /verbose /outputresource:"E:\R3\MyProject\OC_Item_Moto\Release\OC_Item_Moto.dll;#2" /manifest Release\OC_Item_Moto.dll.intermediate.manifest "C:\Program Files (x86)\Microsoft Visual Studio 10.0\VC\Include\Manifest\dpiaware.manifest"
       PostBuildEvent:
         copy "E:\R3\MyProject\OC_Item_Moto\Release\OC_Item_Moto.dll" ..\..\..\Execute\Release\TestItem
         :VCEnd
         已复制         1 个文件。
       FinalizeBuildStatus:
         正在删除文件“Release\OC_Item_Moto.unsuccessfulbuild”。
         正在对“Release\OC_Item_Moto.lastbuildstate”执行 Touch 任务。
     1>已完成生成项目“E:\R3\MyProject\OC_Item_Moto\OC_Item_Moto\OC_Item_Moto.vcxproj”(rebuild 个目标)的操作。

生成成功。

已用时间 00:00:09.51
